[DEBUG] [2020-11-20 07:09:13,769] [6101:140692923815744] - profile.py[line:84]: [computing#41d092c3c4]function_stack: [component_properties.py:225]extract_input_data <-[component_properties.py:238]extract_running_rules <-[model_base.py:87]run
[DEBUG] [2020-11-20 07:09:13,770] [6101:140692923815744] - profile.py[line:87]: [computing#41d092c3c4]start
[DEBUG] [2020-11-20 07:09:13,803] [6101:140692923815744] - profile.py[line:93]: [computing#41d092c3c4]done, elapse: 0.03401017189025879, function: count(self: Table(partition=4)) -> int
[DEBUG] [2020-11-20 07:09:13,810] [6101:140692923815744] - profile.py[line:84]: [computing#4a2ab9dfb5]function_stack: [abnormal_detection.py:27]empty_table_detection <-[data_io.py:120]read_data <-[data_io.py:885]fit <-[model_base.py:98]run
[DEBUG] [2020-11-20 07:09:13,811] [6101:140692923815744] - profile.py[line:87]: [computing#4a2ab9dfb5]start
[DEBUG] [2020-11-20 07:09:13,837] [6101:140692923815744] - profile.py[line:93]: [computing#4a2ab9dfb5]done, elapse: 0.027008533477783203, function: count(self: Table(partition=4)) -> int
[DEBUG] [2020-11-20 07:09:13,842] [6101:140692923815744] - profile.py[line:84]: [computing#19347ff993]function_stack: [data_overview.py:92]get_data_shape <-[data_io.py:131]read_data <-[data_io.py:885]fit <-[model_base.py:98]run
[DEBUG] [2020-11-20 07:09:13,842] [6101:140692923815744] - profile.py[line:87]: [computing#19347ff993]start
[DEBUG] [2020-11-20 07:09:13,953] [6101:140692923815744] - profile.py[line:93]: [computing#19347ff993]done, elapse: 0.11188602447509766, function: first(self: Table(partition=4)) -> tuple
[DEBUG] [2020-11-20 07:09:13,956] [6101:140692923815744] - profile.py[line:84]: [computing#5ce83a9f4d]function_stack: [data_io.py:136]read_data <-[data_io.py:885]fit <-[model_base.py:98]run
[DEBUG] [2020-11-20 07:09:13,956] [6101:140692923815744] - profile.py[line:87]: [computing#5ce83a9f4d]start
[DEBUG] [2020-11-20 07:09:14,996] [6101:140692923815744] - profile.py[line:93]: [computing#5ce83a9f4d]done, elapse: 1.0402336120605469, function: mapValues(self: Table(partition=4), func: function) -> Table(partition=4)
[DEBUG] [2020-11-20 07:09:14,999] [6101:140692923815744] - profile.py[line:84]: [computing#68bd39b935]function_stack: [data_io.py:139]read_data <-[data_io.py:885]fit <-[model_base.py:98]run
[DEBUG] [2020-11-20 07:09:14,999] [6101:140692923815744] - profile.py[line:87]: [computing#68bd39b935]start
[DEBUG] [2020-11-20 07:09:15,127] [6101:140692923815744] - profile.py[line:93]: [computing#68bd39b935]done, elapse: 0.12799358367919922, function: mapValues(self: Table(partition=4), func: function) -> Table(partition=4)
[DEBUG] [2020-11-20 07:09:15,132] [6101:140692923815744] - profile.py[line:84]: [computing#9e38a6d0d2]function_stack: [data_io.py:224]gen_data_instance <-[data_io.py:161]fit <-[data_io.py:146]read_data <-[data_io.py:885]fit <-[model_base.py:98]run
[DEBUG] [2020-11-20 07:09:15,132] [6101:140692923815744] - profile.py[line:87]: [computing#9e38a6d0d2]start
[DEBUG] [2020-11-20 07:09:15,301] [6101:140692923815744] - profile.py[line:93]: [computing#9e38a6d0d2]done, elapse: 0.16956257820129395, function: join(self: Table(partition=4), other: Table(partition=4), func: function) -> Table(partition=4)
[INFO] [2020-11-20 07:09:15,787] [6101:140692923815744] - profile.py[line:249]: 
Computing:
+----------+---------------------------------------------+
| function |  function    n   sum(s)   mean(s)   max(s)  |
|          | ----------- --- -------- --------- -------- |
|          |  mapValues   2   1.168     0.584     1.04   |
|          |    load      1    0.18     0.18      0.18   |
|          |    join      1    0.17     0.17      0.17   |
|          |    first     1   0.112     0.112    0.112   |
|          |    count     2   0.061     0.031    0.034   |
+----------+---------------------------------------------+
|  total   |  n=7, sum=1.6910, mean=0.2416, max=1.0402   |
+----------+---------------------------------------------+

Federation:
+--------+------------------------------------------+
|  get   |                                          |
+--------+------------------------------------------+
| remote |                                          |
+--------+------------------------------------------+
| total  | n=0, sum=0.0000, mean=0.0000, max=0.0000 |
+--------+------------------------------------------+

