[INFO] [2020-11-20 02:32:34,591] [983:140131884844864] - task_executor.py[line:302]: report task 202011200231350021282_dataio_0 0 guest 10000 to driver
[INFO] [2020-11-20 02:32:34,592] [983:140131884844864] - control_client.py[line:42]: request update job 202011200231350021282 task 202011200231350021282_dataio_0 0 on guest 10000
[INFO] [2020-11-20 02:32:39,707] [983:140131884844864] - task_executor.py[line:156]: Run 202011200231350021282 dataio_0 202011200231350021282_dataio_0 guest 10000 task
[INFO] [2020-11-20 02:32:39,708] [983:140131884844864] - task_executor.py[line:157]: Component parameters on party {'DataIOParam': {'input_format': 'dense', 'delimitor': ',', 'data_type': 'float64', 'exclusive_data_type': None, 'tag_with_value': False, 'tag_value_delimitor': ':', 'missing_fill': False, 'default_value': 0, 'missing_fill_method': None, 'missing_impute': None, 'outlier_replace': False, 'outlier_replace_method': None, 'outlier_impute': None, 'outlier_replace_value': 0, 'with_label': True, 'label_name': 'y', 'label_type': 'int', 'output_format': 'dense', 'need_run': True}, 'dsl_version': '2', 'initiator': {'role': 'guest', 'party_id': 10000}, 'role': {'guest': [10000], 'host': [9999], 'arbiter': [9999]}, 'job_parameters': {'job_type': 'train', 'work_mode': 1, 'backend': 0, 'computing_engine': 'EGGROLL', 'federation_engine': 'EGGROLL', 'storage_engine': 'EGGROLL', 'engines_address': {'computing': {'cores_per_node': 20, 'nodes': 1}, 'federation': {'host': 'rollsite', 'port': 9370}, 'storage': {'cores_per_node': 20, 'nodes': 1}}, 'federated_mode': 'MULTIPLE', 'task_parallelism': 2, 'computing_partitions': 8, 'federated_status_collect_type': 'PUSH', 'model_id': 'arbiter-9999#guest-10000#host-9999#model', 'model_version': '202011200231350021282', 'eggroll_run': {'eggroll.session.processors.per.node': 2}, 'spark_run': {'num-executors': 1, 'executor-cores': 2}, 'rabbitmq_run': {}, 'adaptation_parameters': {'task_nodes': 1, 'task_cores_per_node': 2, 'task_memory_per_node': 0}}, 'component_parameters': {'common': {'intersect_0': {'intersect_method': 'raw', 'sync_intersect_ids': True, 'only_output_key': False}, 'hetero_lr_0': {'penalty': 'L2', 'optimizer': 'rmsprop', 'alpha': 0.01, 'max_iter': 3, 'batch_size': 320, 'learning_rate': 0.15, 'init_param': {'init_method': 'random_uniform'}}}, 'role': {'guest': {'0': {'reader_0': {'table': {'name': 'breast_hetero_guest', 'namespace': 'experiment'}}, 'dataio_0': {'with_label': True, 'label_name': 'y', 'label_type': 'int', 'output_format': 'dense'}}}, 'host': {'0': {'reader_0': {'table': {'name': 'breast_hetero_host', 'namespace': 'experiment'}}, 'dataio_0': {'with_label': False, 'output_format': 'dense'}}}}}, 'config': '/data/projects/fate/python/fate_flow/examples/test_hetero_lr_job_conf.json', 'dsl': 'examples/test_hetero_lr_job_dsl.json', 'function': 'submit_job', 'local': {'role': 'guest', 'party_id': 10000}, 'CodePath': 'federatedml/util/data_io.py/DataIO', 'module': 'DataIO', 'output_data_name': ['train']}
[INFO] [2020-11-20 02:32:39,709] [983:140131884844864] - task_executor.py[line:158]: Task input dsl {'data': {'data': ['reader_0.table']}}
[INFO] [2020-11-20 02:32:39,710] [983:140131884844864] - tracker_client.py[line:150]: Request read job 202011200231350021282 task None None on guest 10000 data table info
[INFO] [2020-11-20 02:32:39,784] [983:140131884844864] - task_executor.py[line:260]: load computing table use 8
[INFO] [2020-11-20 02:32:42,183] [983:140131884844864] - data_io.py[line:118]: start to read dense data and change data to instance
[INFO] [2020-11-20 02:32:44,052] [983:140131884844864] - tracker_client.py[line:173]: Request save job 202011200231350021282 task 202011200231350021282_dataio_0 0 on guest 10000 component summary
[INFO] [2020-11-20 02:32:44,760] [983:140131884844864] - profile.py[line:249]: 
Computing:
+----------+---------------------------------------------+
| function |  function    n   sum(s)   mean(s)   max(s)  |
|          | ----------- --- -------- --------- -------- |
|          |    load      1   2.228     2.228    2.228   |
|          |  mapValues   2   1.295     0.648    1.086   |
|          |    join      1    0.29     0.29      0.29   |
|          |    first     1   0.206     0.206    0.206   |
|          |    count     2   0.115     0.057    0.058   |
+----------+---------------------------------------------+
|  total   |  n=7, sum=4.1341, mean=0.5906, max=2.2277   |
+----------+---------------------------------------------+

Federation:
+--------+------------------------------------------+
|  get   |                                          |
+--------+------------------------------------------+
| remote |                                          |
+--------+------------------------------------------+
| total  | n=0, sum=0.0000, mean=0.0000, max=0.0000 |
+--------+------------------------------------------+

[INFO] [2020-11-20 02:32:45,300] [983:140131884844864] - pipelined_model.py[line:73]: Save dataio_0 dataio DataIOMeta buffer
[INFO] [2020-11-20 02:32:45,302] [983:140131884844864] - pipelined_model.py[line:73]: Save dataio_0 dataio DataIOParam buffer
[INFO] [2020-11-20 02:32:45,312] [983:140131884844864] - pipelined_model.py[line:78]: Save dataio_0 dataio successfully
[INFO] [2020-11-20 02:32:45,313] [983:140131884844864] - task_executor.py[line:302]: report task 202011200231350021282_dataio_0 0 guest 10000 to driver
[INFO] [2020-11-20 02:32:45,314] [983:140131884844864] - control_client.py[line:42]: request update job 202011200231350021282 task 202011200231350021282_dataio_0 0 on guest 10000
[INFO] [2020-11-20 02:32:45,438] [983:140131884844864] - task_executor.py[line:207]: task 202011200231350021282_dataio_0 guest 10000 start time: 2020-11-20 02:32:34
[INFO] [2020-11-20 02:32:45,439] [983:140131884844864] - task_executor.py[line:209]: task 202011200231350021282_dataio_0 guest 10000 end time: 2020-11-20 02:32:45
[INFO] [2020-11-20 02:32:45,439] [983:140131884844864] - task_executor.py[line:211]: task 202011200231350021282_dataio_0 guest 10000 takes 11.01s
[INFO] [2020-11-20 02:32:45,440] [983:140131884844864] - task_executor.py[line:214]: Finish 202011200231350021282 dataio_0 202011200231350021282_dataio_0 0 guest 10000 task success
[INFO] [2020-11-20 02:32:45,441] [983:140131884844864] - task_executor.py[line:302]: report task 202011200231350021282_dataio_0 0 guest 10000 to driver
[INFO] [2020-11-20 02:32:45,441] [983:140131884844864] - control_client.py[line:42]: request update job 202011200231350021282 task 202011200231350021282_dataio_0 0 on guest 10000
