[INFO] [2020-11-20 02:32:34,592] [983:140131884844864] - control_client.py[line:42]: request update job 202011200231350021282 task 202011200231350021282_dataio_0 0 on guest 10000
[DEBUG] [2020-11-20 02:32:39,704] [983:140131884844864] - _federation.py[line:35]: [federation.eggroll]init federation: rp_session_id=202011200231350021282_dataio_0_0_guest_10000, rs_session_id=202011200231350021282_dataio_0_0, party=Party(role=guest, party_id=10000), proxy_endpoint=rollsite:9370
[DEBUG] [2020-11-20 02:32:39,707] [983:140131884844864] - _federation.py[line:45]: [federation.eggroll]init federation context done
[INFO] [2020-11-20 02:32:39,710] [983:140131884844864] - tracker_client.py[line:150]: Request read job 202011200231350021282 task None None on guest 10000 data table info
[INFO] [2020-11-20 02:32:39,784] [983:140131884844864] - task_executor.py[line:260]: load computing table use 8
[DEBUG] [2020-11-20 02:32:42,105] [983:140131884844864] - component_properties.py[line:73]: {'DataIOParam': {'input_format': 'dense', 'delimitor': ',', 'data_type': 'float64', 'exclusive_data_type': None, 'tag_with_value': False, 'tag_value_delimitor': ':', 'missing_fill': False, 'default_value': 0, 'missing_fill_method': None, 'missing_impute': None, 'outlier_replace': False, 'outlier_replace_method': None, 'outlier_impute': None, 'outlier_replace_value': 0, 'with_label': True, 'label_name': 'y', 'label_type': 'int', 'output_format': 'dense', 'need_run': True}, 'dsl_version': '2', 'initiator': {'role': 'guest', 'party_id': 10000}, 'role': {'guest': [10000], 'host': [9999], 'arbiter': [9999]}, 'job_parameters': {'job_type': 'train', 'work_mode': 1, 'backend': 0, 'computing_engine': 'EGGROLL', 'federation_engine': 'EGGROLL', 'storage_engine': 'EGGROLL', 'engines_address': {'computing': {'cores_per_node': 20, 'nodes': 1}, 'federation': {'host': 'rollsite', 'port': 9370}, 'storage': {'cores_per_node': 20, 'nodes': 1}}, 'federated_mode': 'MULTIPLE', 'task_parallelism': 2, 'computing_partitions': 8, 'federated_status_collect_type': 'PUSH', 'model_id': 'arbiter-9999#guest-10000#host-9999#model', 'model_version': '202011200231350021282', 'eggroll_run': {'eggroll.session.processors.per.node': 2}, 'spark_run': {'num-executors': 1, 'executor-cores': 2}, 'rabbitmq_run': {}, 'adaptation_parameters': {'task_nodes': 1, 'task_cores_per_node': 2, 'task_memory_per_node': 0}}, 'component_parameters': {'common': {'intersect_0': {'intersect_method': 'raw', 'sync_intersect_ids': True, 'only_output_key': False}, 'hetero_lr_0': {'penalty': 'L2', 'optimizer': 'rmsprop', 'alpha': 0.01, 'max_iter': 3, 'batch_size': 320, 'learning_rate': 0.15, 'init_param': {'init_method': 'random_uniform'}}}, 'role': {'guest': {'0': {'reader_0': {'table': {'name': 'breast_hetero_guest', 'namespace': 'experiment'}}, 'dataio_0': {'with_label': True, 'label_name': 'y', 'label_type': 'int', 'output_format': 'dense'}}}, 'host': {'0': {'reader_0': {'table': {'name': 'breast_hetero_host', 'namespace': 'experiment'}}, 'dataio_0': {'with_label': False, 'output_format': 'dense'}}}}}, 'config': '/data/projects/fate/python/fate_flow/examples/test_hetero_lr_job_conf.json', 'dsl': 'examples/test_hetero_lr_job_dsl.json', 'function': 'submit_job', 'local': {'role': 'guest', 'party_id': 10000}, 'CodePath': 'federatedml/util/data_io.py/DataIO', 'module': 'DataIO', 'output_data_name': ['train']}
[DEBUG] [2020-11-20 02:32:42,107] [983:140131884844864] - component_properties.py[line:80]: need_run: True, need_cv: False
[DEBUG] [2020-11-20 02:32:42,107] [983:140131884844864] - component_properties.py[line:102]: parse_dsl_args data_sets: {'reader_0': {'data': [<fate_arch.computing.eggroll._table.Table object at 0x7f72da180588>]}}
[DEBUG] [2020-11-20 02:32:42,108] [983:140131884844864] - component_properties.py[line:112]: [Data Parser], has_train_data: False
[DEBUG] [2020-11-20 02:32:42,108] [983:140131884844864] - component_properties.py[line:112]: [Data Parser], has_eval_data: False
[DEBUG] [2020-11-20 02:32:42,109] [983:140131884844864] - component_properties.py[line:112]: [Data Parser], has_validate_data: False
[DEBUG] [2020-11-20 02:32:42,109] [983:140131884844864] - component_properties.py[line:112]: [Data Parser], has_test_data: False
[DEBUG] [2020-11-20 02:32:42,109] [983:140131884844864] - component_properties.py[line:118]: [Data Parser], has_normal_data: True
[DEBUG] [2020-11-20 02:32:42,110] [983:140131884844864] - component_properties.py[line:179]: Input data_sets: {'reader_0': {'data': [<fate_arch.computing.eggroll._table.Table object at 0x7f72da180588>]}}
[DEBUG] [2020-11-20 02:32:42,110] [983:140131884844864] - component_properties.py[line:189]: data_dict: {'data': [<fate_arch.computing.eggroll._table.Table object at 0x7f72da180588>]}
[DEBUG] [2020-11-20 02:32:42,111] [983:140131884844864] - component_properties.py[line:192]: data_list: <fate_arch.computing.eggroll._table.Table object at 0x7f72da180588>
[DEBUG] [2020-11-20 02:32:42,181] [983:140131884844864] - component_properties.py[line:231]: train_data: None, validate_data: None, test_data: None, data: {'reader_0.data': <fate_arch.computing.eggroll._table.Table object at 0x7f72da180588>}
[DEBUG] [2020-11-20 02:32:42,182] [983:140131884844864] - model_base.py[line:88]: running_funcs: [<function ModelBase.extract_data at 0x7f72d811f488>, <bound method ModelBase.set_flowid of <federatedml.util.data_io.DataIO object at 0x7f72dae102b0>>, <bound method DataIO.fit of <federatedml.util.data_io.DataIO object at 0x7f72dae102b0>>]
[DEBUG] [2020-11-20 02:32:42,182] [983:140131884844864] - model_base.py[line:340]: In extract_data, data input: {'reader_0.data': <fate_arch.computing.eggroll._table.Table object at 0x7f72da180588>}
[DEBUG] [2020-11-20 02:32:42,183] [983:140131884844864] - model_base.py[line:97]: func: <bound method DataIO.fit of <federatedml.util.data_io.DataIO object at 0x7f72dae102b0>>
[INFO] [2020-11-20 02:32:42,183] [983:140131884844864] - data_io.py[line:118]: start to read dense data and change data to instance
[DEBUG] [2020-11-20 02:32:42,246] [983:140131884844864] - data_io.py[line:75]: header is y,x0,x1,x2,x3,x4,x5,x6,x7,x8,x9
[DEBUG] [2020-11-20 02:32:42,246] [983:140131884844864] - data_io.py[line:76]: sid_name is id
[DEBUG] [2020-11-20 02:32:43,756] [983:140131884844864] - abnormal_detection.py[line:81]: schema is {'header': ['x0', 'x1', 'x2', 'x3', 'x4', 'x5', 'x6', 'x7', 'x8', 'x9'], 'sid_name': 'id', 'label_name': 'y'}
[DEBUG] [2020-11-20 02:32:43,757] [983:140131884844864] - abnormal_detection.py[line:85]: header is ['x0', 'x1', 'x2', 'x3', 'x4', 'x5', 'x6', 'x7', 'x8', 'x9']
[DEBUG] [2020-11-20 02:32:43,757] [983:140131884844864] - abnormal_detection.py[line:95]: sid_name is id
[DEBUG] [2020-11-20 02:32:43,757] [983:140131884844864] - abnormal_detection.py[line:100]: label_name is y
[DEBUG] [2020-11-20 02:32:44,051] [983:140131884844864] - model_base.py[line:109]: saved_result is : [<fate_arch.computing.eggroll._table.Table object at 0x7f72d9931048>], data_output: <fate_arch.computing.eggroll._table.Table object at 0x7f72d9931048>
[INFO] [2020-11-20 02:32:44,052] [983:140131884844864] - tracker_client.py[line:173]: Request save job 202011200231350021282 task 202011200231350021282_dataio_0 0 on guest 10000 component summary
[INFO] [2020-11-20 02:32:45,314] [983:140131884844864] - control_client.py[line:42]: request update job 202011200231350021282 task 202011200231350021282_dataio_0 0 on guest 10000
[INFO] [2020-11-20 02:32:45,441] [983:140131884844864] - control_client.py[line:42]: request update job 202011200231350021282 task 202011200231350021282_dataio_0 0 on guest 10000
