[INFO] [2020-11-20 07:11:48,129] [6950:140412476294976] - task_executor.py[line:302]: report task 202011200707112994524_intersection_0 0 guest 10000 to driver
[INFO] [2020-11-20 07:11:48,131] [6950:140412476294976] - control_client.py[line:42]: request update job 202011200707112994524 task 202011200707112994524_intersection_0 0 on guest 10000
[INFO] [2020-11-20 07:11:53,866] [6950:140412476294976] - task_executor.py[line:156]: Run 202011200707112994524 intersection_0 202011200707112994524_intersection_0 guest 10000 task
[INFO] [2020-11-20 07:11:53,867] [6950:140412476294976] - task_executor.py[line:157]: Component parameters on party {'IntersectParam': {'intersect_method': 'raw', 'random_bit': 128, 'sync_intersect_ids': True, 'join_role': 'guest', 'with_encode': False, 'encode_params': {'salt': '', 'encode_method': 'none', 'base64': False}, 'only_output_key': False, 'intersect_cache_param': {'use_cache': False, 'id_type': 'phone', 'encrypt_type': 'sha256'}, 'repeated_id_process': False, 'repeated_id_owner': 'guest', 'allow_info_share': False, 'info_owner': 'guest'}, 'dsl_version': 2, 'initiator': {'role': 'guest', 'party_id': 10000}, 'role': {'host': [9999], 'guest': [10000]}, 'job_parameters': {'job_type': 'train', 'work_mode': 1, 'backend': 0, 'computing_engine': 'EGGROLL', 'federation_engine': 'EGGROLL', 'storage_engine': 'EGGROLL', 'engines_address': {'computing': {'cores_per_node': 20, 'nodes': 1}, 'federation': {'host': 'rollsite', 'port': 9370}, 'storage': {'cores_per_node': 20, 'nodes': 1}}, 'federated_mode': 'MULTIPLE', 'task_parallelism': 1, 'computing_partitions': 4, 'federated_status_collect_type': 'PUSH', 'model_id': 'guest-10000#host-9999#model', 'model_version': '202011200707112994524', 'eggroll_run': {'eggroll.session.processors.per.node': 4}, 'spark_run': {}, 'rabbitmq_run': {}, 'adaptation_parameters': {'task_nodes': 1, 'task_cores_per_node': 4, 'task_memory_per_node': 0}}, 'component_parameters': {'common': {'hetero_secure_boost_0': {'task_type': 'classification', 'objective_param': {'objective': 'cross_entropy'}, 'num_trees': 3, 'validation_freqs': 1, 'encrypt_param': {'method': 'iterativeAffine'}, 'tree_param': {'max_depth': 3}}, 'evaluation_0': {'eval_type': 'binary'}}, 'role': {'guest': {'0': {'reader_1': {'table': {'name': 'breast_hetero_guest', 'namespace': 'experiment'}}, 'reader_0': {'table': {'name': 'breast_hetero_guest', 'namespace': 'experiment'}}, 'dataio_0': {'with_label': True, 'output_format': 'dense'}, 'dataio_1': {'with_label': True, 'output_format': 'dense'}}}, 'host': {'0': {'reader_1': {'table': {'name': 'breast_hetero_host', 'namespace': 'experiment'}}, 'reader_0': {'table': {'name': 'breast_hetero_host', 'namespace': 'experiment'}}, 'dataio_0': {'with_label': False}, 'dataio_1': {'with_label': False}}}}}, 'config': '/data/projects/fate/python/fate_flow/examples/hetero_secureboost_conf.json', 'dsl': 'examples/hetero_secureboost_dsl.json', 'function': 'submit_job', 'local': {'role': 'guest', 'party_id': 10000}, 'CodePath': 'federatedml/statistic/intersect/intersect_model.py/IntersectGuest', 'module': 'Intersection', 'output_data_name': ['data']}
[INFO] [2020-11-20 07:11:53,867] [6950:140412476294976] - task_executor.py[line:158]: Task input dsl {'data': {'data': ['dataio_0.data']}}
[INFO] [2020-11-20 07:11:53,868] [6950:140412476294976] - tracker_client.py[line:150]: Request read job 202011200707112994524 task None None on guest 10000 data data info
[INFO] [2020-11-20 07:11:53,945] [6950:140412476294976] - task_executor.py[line:260]: load computing table use 4
[INFO] [2020-11-20 07:11:57,094] [6950:140412476294976] - intersect_model.py[line:50]: Using raw intersection, role is guest
[INFO] [2020-11-20 07:11:57,095] [6950:140412476294976] - intersect_guest.py[line:215]: Start raw intersection
[INFO] [2020-11-20 07:11:57,096] [6950:140412476294976] - intersect.py[line:189]: Join id role is guest
[INFO] [2020-11-20 07:12:16,283] [6950:140412476294976] - intersect.py[line:213]: Get ids_list from role-send, ids_list size is 1
[INFO] [2020-11-20 07:12:16,432] [6950:140412476294976] - intersect.py[line:224]: Finish intersect_ids computing
[INFO] [2020-11-20 07:12:16,442] [6950:140412476294976] - intersect.py[line:239]: Remote intersect ids to role-send
[INFO] [2020-11-20 07:12:16,692] [6950:140412476294976] - intersect.py[line:82]: get intersect data_instances!
[INFO] [2020-11-20 07:12:17,020] [6950:140412476294976] - intersect.py[line:261]: save guest_0's id in name:202011200707112994524_intersection_0_0_0, namespace:10000#None#mountain
[INFO] [2020-11-20 07:12:17,021] [6950:140412476294976] - intersect_model.py[line:150]: Finish intersection
[INFO] [2020-11-20 07:12:17,090] [6950:140412476294976] - tracker_client.py[line:70]: Request save job 202011200707112994524 task 202011200707112994524_intersection_0 0 on guest 10000 metric train intersection data
[INFO] [2020-11-20 07:12:17,137] [6950:140412476294976] - tracker_client.py[line:103]: Request save job 202011200707112994524 task 202011200707112994524_intersection_0 0 on guest 10000 metric train intersection meta
[INFO] [2020-11-20 07:12:17,182] [6950:140412476294976] - tracker_client.py[line:173]: Request save job 202011200707112994524 task 202011200707112994524_intersection_0 0 on guest 10000 component summary
[INFO] [2020-11-20 07:12:17,967] [6950:140412476294976] - profile.py[line:249]: 
Computing:
+----------+---------------------------------------------+
| function |  function    n   sum(s)   mean(s)   max(s)  |
|          | ----------- --- -------- --------- -------- |
|          |  mapValues   1   4.071     4.071    4.071   |
|          |    join      2    0.39     0.195    0.246   |
|          |    load      1   0.196     0.196    0.196   |
|          |    save      1   0.129     0.129    0.129   |
|          |    count     4   0.126     0.031    0.034   |
|          |   collect    1   0.004     0.004    0.004   |
+----------+---------------------------------------------+
|  total   |  n=10, sum=4.9160, mean=0.4916, max=4.0707  |
+----------+---------------------------------------------+

Federation:
+--------+-------------------------------------------------------------------------------------------------------------+
|  get   |                                    name                                    | n | sum(s) | mean(s) | max(s)  |
|        | ---------------------------------------------------------------------------+---+--------+---------+-------- |
|        |  federatedml.transfer_variable.transfer_class.raw_intersect_transfer_varia | 1 | 15.111 | 15.111  | 15.111  |
|        |               ble.RawIntersectTransferVariable.send_ids_host               |   |        |         |         |
+--------+-------------------------------------------------------------------------------------------------------------+
| remote |                                    name                                    | n | sum(s) | mean(s) | max(s)  |
|        | ---------------------------------------------------------------------------+---+--------+---------+-------- |
|        |  federatedml.transfer_variable.transfer_class.raw_intersect_transfer_varia | 1 | 0.008  |  0.008  | 0.008   |
|        |            ble.RawIntersectTransferVariable.intersect_ids_guest            |   |        |         |         |
+--------+-------------------------------------------------------------------------------------------------------------+
| total  |                                 n=2, sum=15.1182, mean=7.5591, max=15.1107                                  |
+--------+-------------------------------------------------------------------------------------------------------------+

[INFO] [2020-11-20 07:12:18,008] [6950:140412476294976] - intersect_model.py[line:168]: intersect_ids count:569
[INFO] [2020-11-20 07:12:18,009] [6950:140412476294976] - intersect_model.py[line:169]: intersect_ids header schema:{'header': ['x0', 'x1', 'x2', 'x3', 'x4', 'x5', 'x6', 'x7', 'x8', 'x9'], 'sid_name': 'id', 'label_name': 'y'}
[INFO] [2020-11-20 07:12:18,439] [6950:140412476294976] - task_executor.py[line:302]: report task 202011200707112994524_intersection_0 0 guest 10000 to driver
[INFO] [2020-11-20 07:12:18,441] [6950:140412476294976] - control_client.py[line:42]: request update job 202011200707112994524 task 202011200707112994524_intersection_0 0 on guest 10000
[INFO] [2020-11-20 07:12:18,591] [6950:140412476294976] - task_executor.py[line:207]: task 202011200707112994524_intersection_0 guest 10000 start time: 2020-11-20 07:11:47
[INFO] [2020-11-20 07:12:18,593] [6950:140412476294976] - task_executor.py[line:209]: task 202011200707112994524_intersection_0 guest 10000 end time: 2020-11-20 07:12:18
[INFO] [2020-11-20 07:12:18,594] [6950:140412476294976] - task_executor.py[line:211]: task 202011200707112994524_intersection_0 guest 10000 takes 30.605s
[INFO] [2020-11-20 07:12:18,594] [6950:140412476294976] - task_executor.py[line:214]: Finish 202011200707112994524 intersection_0 202011200707112994524_intersection_0 0 guest 10000 task success
[INFO] [2020-11-20 07:12:18,596] [6950:140412476294976] - task_executor.py[line:302]: report task 202011200707112994524_intersection_0 0 guest 10000 to driver
[INFO] [2020-11-20 07:12:18,598] [6950:140412476294976] - control_client.py[line:42]: request update job 202011200707112994524 task 202011200707112994524_intersection_0 0 on guest 10000
