[DEBUG] [2020-11-20 07:11:57,056] [6950:140412476294976] - profile.py[line:84]: [computing#41d092c3c4]function_stack: [component_properties.py:225]extract_input_data <-[component_properties.py:238]extract_running_rules <-[model_base.py:87]run
[DEBUG] [2020-11-20 07:11:57,058] [6950:140412476294976] - profile.py[line:87]: [computing#41d092c3c4]start
[DEBUG] [2020-11-20 07:11:57,090] [6950:140412476294976] - profile.py[line:93]: [computing#41d092c3c4]done, elapse: 0.03409099578857422, function: count(self: Table(partition=4)) -> int
[DEBUG] [2020-11-20 07:11:57,100] [6950:140412476294976] - profile.py[line:84]: [computing#9ee073bdb2]function_stack: [intersect.py:201]intersect_join_id <-[intersect_guest.py:220]run <-[intersect_model.py:145]fit <-[model_base.py:98]run
[DEBUG] [2020-11-20 07:11:57,100] [6950:140412476294976] - profile.py[line:87]: [computing#9ee073bdb2]start
[DEBUG] [2020-11-20 07:12:01,170] [6950:140412476294976] - profile.py[line:93]: [computing#9ee073bdb2]done, elapse: 4.070706844329834, function: mapValues(self: Table(partition=4), func: function) -> Table(partition=4)
[DEBUG] [2020-11-20 07:12:01,171] [6950:140412476294976] - profile.py[line:237]: [federation.get.federatedml.transfer_variable.transfer_class.raw_intersect_transfer_variable.RawIntersectTransferVariable.send_ids_host.fit]guest<-[Party(role=host, party_id=9999)] start
[DEBUG] [2020-11-20 07:12:16,283] [6950:140412476294976] - profile.py[line:216]: [federation.get.federatedml.transfer_variable.transfer_class.raw_intersect_transfer_variable.RawIntersectTransferVariable.send_ids_host.fit]guest<-[Party(role=host, party_id=9999)] done
[DEBUG] [2020-11-20 07:12:16,286] [6950:140412476294976] - profile.py[line:84]: [computing#6690ff27a9]function_stack: [intersect.py:216]intersect_join_id <-[intersect_guest.py:220]run <-[intersect_model.py:145]fit <-[model_base.py:98]run
[DEBUG] [2020-11-20 07:12:16,287] [6950:140412476294976] - profile.py[line:87]: [computing#6690ff27a9]start
[DEBUG] [2020-11-20 07:12:16,431] [6950:140412476294976] - profile.py[line:93]: [computing#6690ff27a9]done, elapse: 0.14415693283081055, function: join(self: Table(partition=4), other: Table(partition=4), func: function) -> Table(partition=4)
[DEBUG] [2020-11-20 07:12:16,433] [6950:140412476294976] - profile.py[line:232]: [federation.remote.federatedml.transfer_variable.transfer_class.raw_intersect_transfer_variable.RawIntersectTransferVariable.intersect_ids_guest.fit]guest->[Party(role=host, party_id=9999)] start
[DEBUG] [2020-11-20 07:12:16,441] [6950:140412476294976] - profile.py[line:185]: [federation.remote.federatedml.transfer_variable.transfer_class.raw_intersect_transfer_variable.RawIntersectTransferVariable.intersect_ids_guest.fit]guest->[Party(role=host, party_id=9999)] done
[DEBUG] [2020-11-20 07:12:16,445] [6950:140412476294976] - profile.py[line:84]: [computing#bef03bf925]function_stack: [intersect.py:80]_get_value_from_data <-[intersect.py:254]intersect_join_id <-[intersect_guest.py:220]run <-[intersect_model.py:145]fit <-[model_base.py:98]run
[DEBUG] [2020-11-20 07:12:16,445] [6950:140412476294976] - profile.py[line:87]: [computing#bef03bf925]start
[DEBUG] [2020-11-20 07:12:16,691] [6950:140412476294976] - profile.py[line:93]: [computing#bef03bf925]done, elapse: 0.24614167213439941, function: join(self: Table(partition=4), other: Table(partition=4), func: function) -> Table(partition=4)
[DEBUG] [2020-11-20 07:12:16,697] [6950:140412476294976] - profile.py[line:84]: [computing#1c2db2698f]function_stack: [job_tracker.py:139]save_output_data <-[job_tracker.py:332]save_as_table <-[intersect.py:260]intersect_join_id <-[intersect_guest.py:220]run <-[intersect_model.py:145]fit <-[model_base.py:98]run
[DEBUG] [2020-11-20 07:12:16,697] [6950:140412476294976] - profile.py[line:87]: [computing#1c2db2698f]start
[DEBUG] [2020-11-20 07:12:16,826] [6950:140412476294976] - profile.py[line:93]: [computing#1c2db2698f]done, elapse: 0.12935948371887207, function: save(self: Table(partition=4), address: EggRollAddress, partitions: int, schema: dict) -> NoneType
[DEBUG] [2020-11-20 07:12:16,829] [6950:140412476294976] - profile.py[line:84]: [computing#1553218c0e]function_stack: [job_tracker.py:142]save_output_data <-[job_tracker.py:332]save_as_table <-[intersect.py:260]intersect_join_id <-[intersect_guest.py:220]run <-[intersect_model.py:145]fit <-[model_base.py:98]run
[DEBUG] [2020-11-20 07:12:16,830] [6950:140412476294976] - profile.py[line:87]: [computing#1553218c0e]start
[DEBUG] [2020-11-20 07:12:16,832] [6950:140412476294976] - profile.py[line:93]: [computing#1553218c0e]done, elapse: 0.0035402774810791016, function: collect(self: Table(partition=4)) -> generator
[DEBUG] [2020-11-20 07:12:16,953] [6950:140412476294976] - profile.py[line:84]: [computing#5f87c2d62c]function_stack: [job_tracker.py:147]save_output_data <-[job_tracker.py:332]save_as_table <-[intersect.py:260]intersect_join_id <-[intersect_guest.py:220]run <-[intersect_model.py:145]fit <-[model_base.py:98]run
[DEBUG] [2020-11-20 07:12:16,953] [6950:140412476294976] - profile.py[line:87]: [computing#5f87c2d62c]start
[DEBUG] [2020-11-20 07:12:16,981] [6950:140412476294976] - profile.py[line:93]: [computing#5f87c2d62c]done, elapse: 0.028354883193969727, function: count(self: Table(partition=4)) -> int
[DEBUG] [2020-11-20 07:12:17,023] [6950:140412476294976] - profile.py[line:84]: [computing#5655dc08fa]function_stack: [intersect_model.py:153]fit <-[model_base.py:98]run
[DEBUG] [2020-11-20 07:12:17,024] [6950:140412476294976] - profile.py[line:87]: [computing#5655dc08fa]start
[DEBUG] [2020-11-20 07:12:17,056] [6950:140412476294976] - profile.py[line:93]: [computing#5655dc08fa]done, elapse: 0.032225608825683594, function: count(self: Table(partition=4)) -> int
[DEBUG] [2020-11-20 07:12:17,058] [6950:140412476294976] - profile.py[line:84]: [computing#529d4dedac]function_stack: [intersect_model.py:154]fit <-[model_base.py:98]run
[DEBUG] [2020-11-20 07:12:17,058] [6950:140412476294976] - profile.py[line:87]: [computing#529d4dedac]start
[DEBUG] [2020-11-20 07:12:17,089] [6950:140412476294976] - profile.py[line:93]: [computing#529d4dedac]done, elapse: 0.031063318252563477, function: count(self: Table(partition=4)) -> int
[INFO] [2020-11-20 07:12:17,967] [6950:140412476294976] - profile.py[line:249]: 
Computing:
+----------+---------------------------------------------+
| function |  function    n   sum(s)   mean(s)   max(s)  |
|          | ----------- --- -------- --------- -------- |
|          |  mapValues   1   4.071     4.071    4.071   |
|          |    join      2    0.39     0.195    0.246   |
|          |    load      1   0.196     0.196    0.196   |
|          |    save      1   0.129     0.129    0.129   |
|          |    count     4   0.126     0.031    0.034   |
|          |   collect    1   0.004     0.004    0.004   |
+----------+---------------------------------------------+
|  total   |  n=10, sum=4.9160, mean=0.4916, max=4.0707  |
+----------+---------------------------------------------+

Federation:
+--------+-------------------------------------------------------------------------------------------------------------+
|  get   |                                    name                                    | n | sum(s) | mean(s) | max(s)  |
|        | ---------------------------------------------------------------------------+---+--------+---------+-------- |
|        |  federatedml.transfer_variable.transfer_class.raw_intersect_transfer_varia | 1 | 15.111 | 15.111  | 15.111  |
|        |               ble.RawIntersectTransferVariable.send_ids_host               |   |        |         |         |
+--------+-------------------------------------------------------------------------------------------------------------+
| remote |                                    name                                    | n | sum(s) | mean(s) | max(s)  |
|        | ---------------------------------------------------------------------------+---+--------+---------+-------- |
|        |  federatedml.transfer_variable.transfer_class.raw_intersect_transfer_varia | 1 | 0.008  |  0.008  | 0.008   |
|        |            ble.RawIntersectTransferVariable.intersect_ids_guest            |   |        |         |         |
+--------+-------------------------------------------------------------------------------------------------------------+
| total  |                                 n=2, sum=15.1182, mean=7.5591, max=15.1107                                  |
+--------+-------------------------------------------------------------------------------------------------------------+

