[INFO] [2020-11-20 07:11:48,131] [6950:140412476294976] - control_client.py[line:42]: request update job 202011200707112994524 task 202011200707112994524_intersection_0 0 on guest 10000
[DEBUG] [2020-11-20 07:11:53,863] [6950:140412476294976] - _federation.py[line:35]: [federation.eggroll]init federation: rp_session_id=202011200707112994524_intersection_0_0_guest_10000, rs_session_id=202011200707112994524_intersection_0_0, party=Party(role=guest, party_id=10000), proxy_endpoint=rollsite:9370
[DEBUG] [2020-11-20 07:11:53,865] [6950:140412476294976] - _federation.py[line:45]: [federation.eggroll]init federation context done
[INFO] [2020-11-20 07:11:53,868] [6950:140412476294976] - tracker_client.py[line:150]: Request read job 202011200707112994524 task None None on guest 10000 data data info
[INFO] [2020-11-20 07:11:53,945] [6950:140412476294976] - task_executor.py[line:260]: load computing table use 4
[DEBUG] [2020-11-20 07:11:57,034] [6950:140412476294976] - intersect_param.py[line:61]: Finish encode parameter check!
[DEBUG] [2020-11-20 07:11:57,035] [6950:140412476294976] - intersect_param.py[line:184]: Finish intersect parameter check!
[DEBUG] [2020-11-20 07:11:57,036] [6950:140412476294976] - component_properties.py[line:73]: {'IntersectParam': {'intersect_method': 'raw', 'random_bit': 128, 'sync_intersect_ids': True, 'join_role': 'guest', 'with_encode': False, 'encode_params': {'salt': '', 'encode_method': 'none', 'base64': False}, 'only_output_key': False, 'intersect_cache_param': {'use_cache': False, 'id_type': 'phone', 'encrypt_type': 'sha256'}, 'repeated_id_process': False, 'repeated_id_owner': 'guest', 'allow_info_share': False, 'info_owner': 'guest'}, 'dsl_version': 2, 'initiator': {'role': 'guest', 'party_id': 10000}, 'role': {'host': [9999], 'guest': [10000]}, 'job_parameters': {'job_type': 'train', 'work_mode': 1, 'backend': 0, 'computing_engine': 'EGGROLL', 'federation_engine': 'EGGROLL', 'storage_engine': 'EGGROLL', 'engines_address': {'computing': {'cores_per_node': 20, 'nodes': 1}, 'federation': {'host': 'rollsite', 'port': 9370}, 'storage': {'cores_per_node': 20, 'nodes': 1}}, 'federated_mode': 'MULTIPLE', 'task_parallelism': 1, 'computing_partitions': 4, 'federated_status_collect_type': 'PUSH', 'model_id': 'guest-10000#host-9999#model', 'model_version': '202011200707112994524', 'eggroll_run': {'eggroll.session.processors.per.node': 4}, 'spark_run': {}, 'rabbitmq_run': {}, 'adaptation_parameters': {'task_nodes': 1, 'task_cores_per_node': 4, 'task_memory_per_node': 0}}, 'component_parameters': {'common': {'hetero_secure_boost_0': {'task_type': 'classification', 'objective_param': {'objective': 'cross_entropy'}, 'num_trees': 3, 'validation_freqs': 1, 'encrypt_param': {'method': 'iterativeAffine'}, 'tree_param': {'max_depth': 3}}, 'evaluation_0': {'eval_type': 'binary'}}, 'role': {'guest': {'0': {'reader_1': {'table': {'name': 'breast_hetero_guest', 'namespace': 'experiment'}}, 'reader_0': {'table': {'name': 'breast_hetero_guest', 'namespace': 'experiment'}}, 'dataio_0': {'with_label': True, 'output_format': 'dense'}, 'dataio_1': {'with_label': True, 'output_format': 'dense'}}}, 'host': {'0': {'reader_1': {'table': {'name': 'breast_hetero_host', 'namespace': 'experiment'}}, 'reader_0': {'table': {'name': 'breast_hetero_host', 'namespace': 'experiment'}}, 'dataio_0': {'with_label': False}, 'dataio_1': {'with_label': False}}}}}, 'config': '/data/projects/fate/python/fate_flow/examples/hetero_secureboost_conf.json', 'dsl': 'examples/hetero_secureboost_dsl.json', 'function': 'submit_job', 'local': {'role': 'guest', 'party_id': 10000}, 'CodePath': 'federatedml/statistic/intersect/intersect_model.py/IntersectGuest', 'module': 'Intersection', 'output_data_name': ['data']}
[DEBUG] [2020-11-20 07:11:57,037] [6950:140412476294976] - component_properties.py[line:80]: need_run: True, need_cv: False
[DEBUG] [2020-11-20 07:11:57,037] [6950:140412476294976] - component_properties.py[line:102]: parse_dsl_args data_sets: {'dataio_0': {'data': [<fate_arch.computing.eggroll._table.Table object at 0x7fb42ea1cba8>]}}
[DEBUG] [2020-11-20 07:11:57,038] [6950:140412476294976] - component_properties.py[line:112]: [Data Parser], has_train_data: False
[DEBUG] [2020-11-20 07:11:57,038] [6950:140412476294976] - component_properties.py[line:112]: [Data Parser], has_eval_data: False
[DEBUG] [2020-11-20 07:11:57,039] [6950:140412476294976] - component_properties.py[line:112]: [Data Parser], has_validate_data: False
[DEBUG] [2020-11-20 07:11:57,039] [6950:140412476294976] - component_properties.py[line:112]: [Data Parser], has_test_data: False
[DEBUG] [2020-11-20 07:11:57,040] [6950:140412476294976] - component_properties.py[line:118]: [Data Parser], has_normal_data: True
[DEBUG] [2020-11-20 07:11:57,040] [6950:140412476294976] - component_properties.py[line:179]: Input data_sets: {'dataio_0': {'data': [<fate_arch.computing.eggroll._table.Table object at 0x7fb42ea1cba8>]}}
[DEBUG] [2020-11-20 07:11:57,041] [6950:140412476294976] - component_properties.py[line:189]: data_dict: {'data': [<fate_arch.computing.eggroll._table.Table object at 0x7fb42ea1cba8>]}
[DEBUG] [2020-11-20 07:11:57,041] [6950:140412476294976] - component_properties.py[line:192]: data_list: <fate_arch.computing.eggroll._table.Table object at 0x7fb42ea1cba8>
[DEBUG] [2020-11-20 07:11:57,091] [6950:140412476294976] - component_properties.py[line:231]: train_data: None, validate_data: None, test_data: None, data: {'dataio_0.data': <fate_arch.computing.eggroll._table.Table object at 0x7fb42ea1cba8>}
[DEBUG] [2020-11-20 07:11:57,092] [6950:140412476294976] - model_base.py[line:88]: running_funcs: [<function ModelBase.extract_data at 0x7fb42e00f620>, <bound method ModelBase.set_flowid of <federatedml.statistic.intersect.intersect_model.IntersectGuest object at 0x7fb42f6a9470>>, <bound method IntersectModelBase.fit of <federatedml.statistic.intersect.intersect_model.IntersectGuest object at 0x7fb42f6a9470>>]
[DEBUG] [2020-11-20 07:11:57,092] [6950:140412476294976] - model_base.py[line:340]: In extract_data, data input: {'dataio_0.data': <fate_arch.computing.eggroll._table.Table object at 0x7fb42ea1cba8>}
[DEBUG] [2020-11-20 07:11:57,093] [6950:140412476294976] - model_base.py[line:162]: set flowid to transfer_variable, flowid: fit
[DEBUG] [2020-11-20 07:11:57,093] [6950:140412476294976] - model_base.py[line:97]: func: <bound method IntersectModelBase.fit of <federatedml.statistic.intersect.intersect_model.IntersectGuest object at 0x7fb42f6a9470>>
[INFO] [2020-11-20 07:11:57,094] [6950:140412476294976] - intersect_model.py[line:50]: Using raw intersection, role is guest
[INFO] [2020-11-20 07:11:57,095] [6950:140412476294976] - intersect_guest.py[line:215]: Start raw intersection
[INFO] [2020-11-20 07:11:57,096] [6950:140412476294976] - intersect.py[line:189]: Join id role is guest
[DEBUG] [2020-11-20 07:12:16,281] [6950:140412476294976] - _federation.py[line:176]: [federation.eggroll.get.hash.9c2acfde96e52e8ed947.send_ids_host.fit] got RollPair(namespace=202011200707112994524_intersection_0_0, name=__rsk#202011200707112994524_intersection_0_0#hash.9c2acfde96e52e8ed947.send_ids_host#fit#host#9999#guest#10000, partitions=4)
[INFO] [2020-11-20 07:12:16,283] [6950:140412476294976] - intersect.py[line:213]: Get ids_list from role-send, ids_list size is 1
[INFO] [2020-11-20 07:12:16,432] [6950:140412476294976] - intersect.py[line:224]: Finish intersect_ids computing
[DEBUG] [2020-11-20 07:12:16,434] [6950:140412476294976] - _federation.py[line:69]: [federation.eggroll.remote.hash.fb553fba83149a742f66.intersect_ids_guest.fit[('host', '9999')])]remote RollPair(namespace=202011200707112994524_intersection_0_0, name=__rsk#202011200707112994524_intersection_0_0#hash.9c2acfde96e52e8ed947.send_ids_20201120.071216.290274.1, partitions=4)
[INFO] [2020-11-20 07:12:16,442] [6950:140412476294976] - intersect.py[line:239]: Remote intersect ids to role-send
[INFO] [2020-11-20 07:12:16,692] [6950:140412476294976] - intersect.py[line:82]: get intersect data_instances!
[INFO] [2020-11-20 07:12:17,020] [6950:140412476294976] - intersect.py[line:261]: save guest_0's id in name:202011200707112994524_intersection_0_0_0, namespace:10000#None#mountain
[INFO] [2020-11-20 07:12:17,021] [6950:140412476294976] - intersect_model.py[line:150]: Finish intersection
[INFO] [2020-11-20 07:12:17,090] [6950:140412476294976] - tracker_client.py[line:70]: Request save job 202011200707112994524 task 202011200707112994524_intersection_0 0 on guest 10000 metric train intersection data
[INFO] [2020-11-20 07:12:17,137] [6950:140412476294976] - tracker_client.py[line:103]: Request save job 202011200707112994524 task 202011200707112994524_intersection_0 0 on guest 10000 metric train intersection meta
[DEBUG] [2020-11-20 07:12:17,182] [6950:140412476294976] - model_base.py[line:109]: saved_result is : [None], data_output: None
[INFO] [2020-11-20 07:12:17,182] [6950:140412476294976] - tracker_client.py[line:173]: Request save job 202011200707112994524 task 202011200707112994524_intersection_0 0 on guest 10000 component summary
[DEBUG] [2020-11-20 07:12:17,308] [6950:140412166952704] - _federation.py[line:133]: [federation.eggroll.remote.hash.fb553fba83149a742f66.intersect_ids_guest.fit]future to remote to party: ('host', '9999') done
[INFO] [2020-11-20 07:12:18,008] [6950:140412476294976] - intersect_model.py[line:168]: intersect_ids count:569
[INFO] [2020-11-20 07:12:18,009] [6950:140412476294976] - intersect_model.py[line:169]: intersect_ids header schema:{'header': ['x0', 'x1', 'x2', 'x3', 'x4', 'x5', 'x6', 'x7', 'x8', 'x9'], 'sid_name': 'id', 'label_name': 'y'}
[INFO] [2020-11-20 07:12:18,441] [6950:140412476294976] - control_client.py[line:42]: request update job 202011200707112994524 task 202011200707112994524_intersection_0 0 on guest 10000
[INFO] [2020-11-20 07:12:18,598] [6950:140412476294976] - control_client.py[line:42]: request update job 202011200707112994524 task 202011200707112994524_intersection_0 0 on guest 10000
