[INFO] [2020-11-20 02:33:36,315] [1195:140262246930240] - task_executor.py[line:302]: report task 202011200231350021282_intersect_0 0 host 9999 to driver
[INFO] [2020-11-20 02:33:36,318] [1195:140262246930240] - control_client.py[line:42]: request update job 202011200231350021282 task 202011200231350021282_intersect_0 0 on host 9999
[INFO] [2020-11-20 02:33:48,118] [1195:140262246930240] - task_executor.py[line:156]: Run 202011200231350021282 intersect_0 202011200231350021282_intersect_0 host 9999 task
[INFO] [2020-11-20 02:33:48,121] [1195:140262246930240] - task_executor.py[line:157]: Component parameters on party {'IntersectParam': {'intersect_method': 'raw', 'random_bit': 128, 'sync_intersect_ids': True, 'join_role': 'guest', 'with_encode': False, 'encode_params': {'salt': '', 'encode_method': 'none', 'base64': False}, 'only_output_key': False, 'intersect_cache_param': {'use_cache': False, 'id_type': 'phone', 'encrypt_type': 'sha256'}, 'repeated_id_process': False, 'repeated_id_owner': 'guest', 'allow_info_share': False, 'info_owner': 'guest'}, 'dsl_version': '2', 'initiator': {'role': 'guest', 'party_id': 10000}, 'role': {'guest': [10000], 'host': [9999], 'arbiter': [9999]}, 'job_parameters': {'job_type': 'train', 'work_mode': 1, 'backend': 0, 'computing_engine': 'EGGROLL', 'federation_engine': 'EGGROLL', 'storage_engine': 'EGGROLL', 'engines_address': {'computing': {'cores_per_node': 20, 'nodes': 1}, 'federation': {'host': 'rollsite', 'port': 9370}, 'storage': {'cores_per_node': 20, 'nodes': 1}}, 'federated_mode': 'MULTIPLE', 'task_parallelism': 2, 'computing_partitions': 8, 'federated_status_collect_type': 'PUSH', 'model_id': 'arbiter-9999#guest-10000#host-9999#model', 'model_version': '202011200231350021282', 'eggroll_run': {'eggroll.session.processors.per.node': 2}, 'spark_run': {'num-executors': 1, 'executor-cores': 2}, 'rabbitmq_run': {}, 'adaptation_parameters': {'task_nodes': 1, 'task_cores_per_node': 2, 'task_memory_per_node': 0}}, 'component_parameters': {'common': {'intersect_0': {'intersect_method': 'raw', 'sync_intersect_ids': True, 'only_output_key': False}, 'hetero_lr_0': {'penalty': 'L2', 'optimizer': 'rmsprop', 'alpha': 0.01, 'max_iter': 3, 'batch_size': 320, 'learning_rate': 0.15, 'init_param': {'init_method': 'random_uniform'}}}, 'role': {'guest': {'0': {'reader_0': {'table': {'name': 'breast_hetero_guest', 'namespace': 'experiment'}}, 'dataio_0': {'with_label': True, 'label_name': 'y', 'label_type': 'int', 'output_format': 'dense'}}}, 'host': {'0': {'reader_0': {'table': {'name': 'breast_hetero_host', 'namespace': 'experiment'}}, 'dataio_0': {'with_label': False, 'output_format': 'dense'}}}}}, 'config': '/data/projects/fate/python/fate_flow/examples/test_hetero_lr_job_conf.json', 'dsl': 'examples/test_hetero_lr_job_dsl.json', 'function': 'submit_job', 'local': {'role': 'host', 'party_id': 9999}, 'CodePath': 'federatedml/statistic/intersect/intersect_model.py/IntersectHost', 'module': 'Intersection', 'output_data_name': ['train']}
[INFO] [2020-11-20 02:33:48,122] [1195:140262246930240] - task_executor.py[line:158]: Task input dsl {'data': {'data': ['dataio_0.train']}}
[INFO] [2020-11-20 02:33:48,123] [1195:140262246930240] - tracker_client.py[line:150]: Request read job 202011200231350021282 task None None on host 9999 data train info
[INFO] [2020-11-20 02:33:48,259] [1195:140262246930240] - task_executor.py[line:260]: load computing table use 8
[INFO] [2020-11-20 02:33:54,665] [1195:140262246930240] - intersect_model.py[line:50]: Using raw intersection, role is host
[INFO] [2020-11-20 02:33:54,668] [1195:140262246930240] - intersect_host.py[line:220]: Start raw intersection
[INFO] [2020-11-20 02:34:01,892] [1195:140262246930240] - intersect.py[line:134]: Send id role is host
[INFO] [2020-11-20 02:34:01,908] [1195:140262246930240] - intersect.py[line:149]: Remote data_sid to role-join
[INFO] [2020-11-20 02:34:04,921] [1195:140262246930240] - intersect.py[line:160]: Get intersect ids from role-join!
[INFO] [2020-11-20 02:34:04,923] [1195:140262246930240] - intersect.py[line:163]: recv_intersect_ids_list's size is 1
[INFO] [2020-11-20 02:34:05,653] [1195:140262246930240] - intersect.py[line:82]: get intersect data_instances!
[INFO] [2020-11-20 02:34:05,655] [1195:140262246930240] - intersect_model.py[line:150]: Finish intersection
[INFO] [2020-11-20 02:34:05,994] [1195:140262246930240] - tracker_client.py[line:70]: Request save job 202011200231350021282 task 202011200231350021282_intersect_0 0 on host 9999 metric train intersection data
[INFO] [2020-11-20 02:34:06,072] [1195:140262246930240] - tracker_client.py[line:103]: Request save job 202011200231350021282 task 202011200231350021282_intersect_0 0 on host 9999 metric train intersection meta
[INFO] [2020-11-20 02:34:06,185] [1195:140262246930240] - tracker_client.py[line:173]: Request save job 202011200231350021282 task 202011200231350021282_intersect_0 0 on host 9999 component summary
[INFO] [2020-11-20 02:34:06,920] [1195:140262246930240] - profile.py[line:249]: 
Computing:
+----------+---------------------------------------------+
| function |  function    n   sum(s)   mean(s)   max(s)  |
|          | ----------- --- -------- --------- -------- |
|          |  mapValues   1   7.215     7.215    7.215   |
|          |    load      1   1.043     1.043    1.043   |
|          |    join      1   0.726     0.726    0.726   |
|          |    count     3   0.489     0.163    0.225   |
+----------+---------------------------------------------+
|  total   |  n=6, sum=9.4740, mean=1.5790, max=7.2154   |
+----------+---------------------------------------------+

Federation:
+--------+-------------------------------------------------------------------------------------------------------------+
|  get   |                                    name                                    | n | sum(s) | mean(s) | max(s)  |
|        | ---------------------------------------------------------------------------+---+--------+---------+-------- |
|        |  federatedml.transfer_variable.transfer_class.raw_intersect_transfer_varia | 1 | 3.008  |  3.008  | 3.008   |
|        |            ble.RawIntersectTransferVariable.intersect_ids_guest            |   |        |         |         |
+--------+-------------------------------------------------------------------------------------------------------------+
| remote |                                    name                                    | n | sum(s) | mean(s) | max(s)  |
|        | ---------------------------------------------------------------------------+---+--------+---------+-------- |
|        |  federatedml.transfer_variable.transfer_class.raw_intersect_transfer_varia | 1 | 0.012  |  0.012  | 0.012   |
|        |               ble.RawIntersectTransferVariable.send_ids_host               |   |        |         |         |
+--------+-------------------------------------------------------------------------------------------------------------+
| total  |                                  n=2, sum=3.0205, mean=1.5103, max=3.0082                                   |
+--------+-------------------------------------------------------------------------------------------------------------+

[INFO] [2020-11-20 02:34:07,004] [1195:140262246930240] - intersect_model.py[line:168]: intersect_ids count:569
[INFO] [2020-11-20 02:34:07,005] [1195:140262246930240] - intersect_model.py[line:169]: intersect_ids header schema:{'header': ['x0', 'x1', 'x2', 'x3', 'x4', 'x5', 'x6', 'x7', 'x8', 'x9', 'x10', 'x11', 'x12', 'x13', 'x14', 'x15', 'x16', 'x17', 'x18', 'x19'], 'sid_name': 'id', 'label_name': 'y'}
[INFO] [2020-11-20 02:34:08,236] [1195:140262246930240] - task_executor.py[line:302]: report task 202011200231350021282_intersect_0 0 host 9999 to driver
[INFO] [2020-11-20 02:34:08,238] [1195:140262246930240] - control_client.py[line:42]: request update job 202011200231350021282 task 202011200231350021282_intersect_0 0 on host 9999
[INFO] [2020-11-20 02:34:10,249] [1195:140262246930240] - task_executor.py[line:207]: task 202011200231350021282_intersect_0 host 9999 start time: 2020-11-20 02:33:35
[INFO] [2020-11-20 02:34:10,251] [1195:140262246930240] - task_executor.py[line:209]: task 202011200231350021282_intersect_0 host 9999 end time: 2020-11-20 02:34:08
[INFO] [2020-11-20 02:34:10,252] [1195:140262246930240] - task_executor.py[line:211]: task 202011200231350021282_intersect_0 host 9999 takes 32.411s
[INFO] [2020-11-20 02:34:10,253] [1195:140262246930240] - task_executor.py[line:214]: Finish 202011200231350021282 intersect_0 202011200231350021282_intersect_0 0 host 9999 task success
[INFO] [2020-11-20 02:34:10,254] [1195:140262246930240] - task_executor.py[line:302]: report task 202011200231350021282_intersect_0 0 host 9999 to driver
[INFO] [2020-11-20 02:34:10,255] [1195:140262246930240] - control_client.py[line:42]: request update job 202011200231350021282 task 202011200231350021282_intersect_0 0 on host 9999
