[DEBUG] [2020-11-20 02:33:54,499] [1195:140262246930240] - profile.py[line:84]: [computing#41d092c3c4]function_stack: [component_properties.py:225]extract_input_data <-[component_properties.py:238]extract_running_rules <-[model_base.py:87]run
[DEBUG] [2020-11-20 02:33:54,502] [1195:140262246930240] - profile.py[line:87]: [computing#41d092c3c4]start
[DEBUG] [2020-11-20 02:33:54,657] [1195:140262246930240] - profile.py[line:93]: [computing#41d092c3c4]done, elapse: 0.15766477584838867, function: count(self: Table(partition=8)) -> int
[DEBUG] [2020-11-20 02:33:54,675] [1195:140262246930240] - profile.py[line:84]: [computing#4097bba6a9]function_stack: [intersect.py:132]intersect_send_id <-[intersect_host.py:223]run <-[intersect_model.py:145]fit <-[model_base.py:98]run
[DEBUG] [2020-11-20 02:33:54,676] [1195:140262246930240] - profile.py[line:87]: [computing#4097bba6a9]start
[DEBUG] [2020-11-20 02:34:01,890] [1195:140262246930240] - profile.py[line:93]: [computing#4097bba6a9]done, elapse: 7.215373992919922, function: mapValues(self: Table(partition=8), func: function) -> Table(partition=8)
[DEBUG] [2020-11-20 02:34:01,893] [1195:140262246930240] - profile.py[line:232]: [federation.remote.federatedml.transfer_variable.transfer_class.raw_intersect_transfer_variable.RawIntersectTransferVariable.send_ids_host.fit]host->[Party(role=guest, party_id=10000)] start
[DEBUG] [2020-11-20 02:34:01,907] [1195:140262246930240] - profile.py[line:185]: [federation.remote.federatedml.transfer_variable.transfer_class.raw_intersect_transfer_variable.RawIntersectTransferVariable.send_ids_host.fit]host->[Party(role=guest, party_id=10000)] done
[DEBUG] [2020-11-20 02:34:01,909] [1195:140262246930240] - profile.py[line:237]: [federation.get.federatedml.transfer_variable.transfer_class.raw_intersect_transfer_variable.RawIntersectTransferVariable.intersect_ids_guest.fit]host<-[Party(role=guest, party_id=10000)] start
[DEBUG] [2020-11-20 02:34:04,919] [1195:140262246930240] - profile.py[line:216]: [federation.get.federatedml.transfer_variable.transfer_class.raw_intersect_transfer_variable.RawIntersectTransferVariable.intersect_ids_guest.fit]host<-[Party(role=guest, party_id=10000)] done
[DEBUG] [2020-11-20 02:34:04,926] [1195:140262246930240] - profile.py[line:84]: [computing#88c5295fe7]function_stack: [intersect.py:80]_get_value_from_data <-[intersect.py:184]intersect_send_id <-[intersect_host.py:223]run <-[intersect_model.py:145]fit <-[model_base.py:98]run
[DEBUG] [2020-11-20 02:34:04,927] [1195:140262246930240] - profile.py[line:87]: [computing#88c5295fe7]start
[DEBUG] [2020-11-20 02:34:05,652] [1195:140262246930240] - profile.py[line:93]: [computing#88c5295fe7]done, elapse: 0.7263977527618408, function: join(self: Table(partition=8), other: Table(partition=8), func: function) -> Table(partition=8)
[DEBUG] [2020-11-20 02:34:05,657] [1195:140262246930240] - profile.py[line:84]: [computing#5655dc08fa]function_stack: [intersect_model.py:153]fit <-[model_base.py:98]run
[DEBUG] [2020-11-20 02:34:05,658] [1195:140262246930240] - profile.py[line:87]: [computing#5655dc08fa]start
[DEBUG] [2020-11-20 02:34:05,882] [1195:140262246930240] - profile.py[line:93]: [computing#5655dc08fa]done, elapse: 0.22514963150024414, function: count(self: Table(partition=8)) -> int
[DEBUG] [2020-11-20 02:34:05,885] [1195:140262246930240] - profile.py[line:84]: [computing#529d4dedac]function_stack: [intersect_model.py:154]fit <-[model_base.py:98]run
[DEBUG] [2020-11-20 02:34:05,886] [1195:140262246930240] - profile.py[line:87]: [computing#529d4dedac]start
[DEBUG] [2020-11-20 02:34:05,992] [1195:140262246930240] - profile.py[line:93]: [computing#529d4dedac]done, elapse: 0.10653162002563477, function: count(self: Table(partition=8)) -> int
[INFO] [2020-11-20 02:34:06,920] [1195:140262246930240] - profile.py[line:249]: 
Computing:
+----------+---------------------------------------------+
| function |  function    n   sum(s)   mean(s)   max(s)  |
|          | ----------- --- -------- --------- -------- |
|          |  mapValues   1   7.215     7.215    7.215   |
|          |    load      1   1.043     1.043    1.043   |
|          |    join      1   0.726     0.726    0.726   |
|          |    count     3   0.489     0.163    0.225   |
+----------+---------------------------------------------+
|  total   |  n=6, sum=9.4740, mean=1.5790, max=7.2154   |
+----------+---------------------------------------------+

Federation:
+--------+-------------------------------------------------------------------------------------------------------------+
|  get   |                                    name                                    | n | sum(s) | mean(s) | max(s)  |
|        | ---------------------------------------------------------------------------+---+--------+---------+-------- |
|        |  federatedml.transfer_variable.transfer_class.raw_intersect_transfer_varia | 1 | 3.008  |  3.008  | 3.008   |
|        |            ble.RawIntersectTransferVariable.intersect_ids_guest            |   |        |         |         |
+--------+-------------------------------------------------------------------------------------------------------------+
| remote |                                    name                                    | n | sum(s) | mean(s) | max(s)  |
|        | ---------------------------------------------------------------------------+---+--------+---------+-------- |
|        |  federatedml.transfer_variable.transfer_class.raw_intersect_transfer_varia | 1 | 0.012  |  0.012  | 0.012   |
|        |               ble.RawIntersectTransferVariable.send_ids_host               |   |        |         |         |
+--------+-------------------------------------------------------------------------------------------------------------+
| total  |                                  n=2, sum=3.0205, mean=1.5103, max=3.0082                                   |
+--------+-------------------------------------------------------------------------------------------------------------+

