[INFO] [2020-11-20 02:33:36,318] [1195:140262246930240] - control_client.py[line:42]: request update job 202011200231350021282 task 202011200231350021282_intersect_0 0 on host 9999
[DEBUG] [2020-11-20 02:33:48,111] [1195:140262246930240] - _federation.py[line:35]: [federation.eggroll]init federation: rp_session_id=202011200231350021282_intersect_0_0_host_9999, rs_session_id=202011200231350021282_intersect_0_0, party=Party(role=host, party_id=9999), proxy_endpoint=rollsite:9370
[DEBUG] [2020-11-20 02:33:48,117] [1195:140262246930240] - _federation.py[line:45]: [federation.eggroll]init federation context done
[INFO] [2020-11-20 02:33:48,123] [1195:140262246930240] - tracker_client.py[line:150]: Request read job 202011200231350021282 task None None on host 9999 data train info
[INFO] [2020-11-20 02:33:48,259] [1195:140262246930240] - task_executor.py[line:260]: load computing table use 8
[DEBUG] [2020-11-20 02:33:54,457] [1195:140262246930240] - intersect_param.py[line:61]: Finish encode parameter check!
[DEBUG] [2020-11-20 02:33:54,460] [1195:140262246930240] - intersect_param.py[line:184]: Finish intersect parameter check!
[DEBUG] [2020-11-20 02:33:54,461] [1195:140262246930240] - component_properties.py[line:73]: {'IntersectParam': {'intersect_method': 'raw', 'random_bit': 128, 'sync_intersect_ids': True, 'join_role': 'guest', 'with_encode': False, 'encode_params': {'salt': '', 'encode_method': 'none', 'base64': False}, 'only_output_key': False, 'intersect_cache_param': {'use_cache': False, 'id_type': 'phone', 'encrypt_type': 'sha256'}, 'repeated_id_process': False, 'repeated_id_owner': 'guest', 'allow_info_share': False, 'info_owner': 'guest'}, 'dsl_version': '2', 'initiator': {'role': 'guest', 'party_id': 10000}, 'role': {'guest': [10000], 'host': [9999], 'arbiter': [9999]}, 'job_parameters': {'job_type': 'train', 'work_mode': 1, 'backend': 0, 'computing_engine': 'EGGROLL', 'federation_engine': 'EGGROLL', 'storage_engine': 'EGGROLL', 'engines_address': {'computing': {'cores_per_node': 20, 'nodes': 1}, 'federation': {'host': 'rollsite', 'port': 9370}, 'storage': {'cores_per_node': 20, 'nodes': 1}}, 'federated_mode': 'MULTIPLE', 'task_parallelism': 2, 'computing_partitions': 8, 'federated_status_collect_type': 'PUSH', 'model_id': 'arbiter-9999#guest-10000#host-9999#model', 'model_version': '202011200231350021282', 'eggroll_run': {'eggroll.session.processors.per.node': 2}, 'spark_run': {'num-executors': 1, 'executor-cores': 2}, 'rabbitmq_run': {}, 'adaptation_parameters': {'task_nodes': 1, 'task_cores_per_node': 2, 'task_memory_per_node': 0}}, 'component_parameters': {'common': {'intersect_0': {'intersect_method': 'raw', 'sync_intersect_ids': True, 'only_output_key': False}, 'hetero_lr_0': {'penalty': 'L2', 'optimizer': 'rmsprop', 'alpha': 0.01, 'max_iter': 3, 'batch_size': 320, 'learning_rate': 0.15, 'init_param': {'init_method': 'random_uniform'}}}, 'role': {'guest': {'0': {'reader_0': {'table': {'name': 'breast_hetero_guest', 'namespace': 'experiment'}}, 'dataio_0': {'with_label': True, 'label_name': 'y', 'label_type': 'int', 'output_format': 'dense'}}}, 'host': {'0': {'reader_0': {'table': {'name': 'breast_hetero_host', 'namespace': 'experiment'}}, 'dataio_0': {'with_label': False, 'output_format': 'dense'}}}}}, 'config': '/data/projects/fate/python/fate_flow/examples/test_hetero_lr_job_conf.json', 'dsl': 'examples/test_hetero_lr_job_dsl.json', 'function': 'submit_job', 'local': {'role': 'host', 'party_id': 9999}, 'CodePath': 'federatedml/statistic/intersect/intersect_model.py/IntersectHost', 'module': 'Intersection', 'output_data_name': ['train']}
[DEBUG] [2020-11-20 02:33:54,463] [1195:140262246930240] - component_properties.py[line:80]: need_run: True, need_cv: False
[DEBUG] [2020-11-20 02:33:54,464] [1195:140262246930240] - component_properties.py[line:102]: parse_dsl_args data_sets: {'dataio_0': {'data': [<fate_arch.computing.eggroll._table.Table object at 0x7f9149d43d68>]}}
[DEBUG] [2020-11-20 02:33:54,465] [1195:140262246930240] - component_properties.py[line:112]: [Data Parser], has_train_data: False
[DEBUG] [2020-11-20 02:33:54,465] [1195:140262246930240] - component_properties.py[line:112]: [Data Parser], has_eval_data: False
[DEBUG] [2020-11-20 02:33:54,466] [1195:140262246930240] - component_properties.py[line:112]: [Data Parser], has_validate_data: False
[DEBUG] [2020-11-20 02:33:54,466] [1195:140262246930240] - component_properties.py[line:112]: [Data Parser], has_test_data: False
[DEBUG] [2020-11-20 02:33:54,467] [1195:140262246930240] - component_properties.py[line:118]: [Data Parser], has_normal_data: True
[DEBUG] [2020-11-20 02:33:54,467] [1195:140262246930240] - component_properties.py[line:179]: Input data_sets: {'dataio_0': {'data': [<fate_arch.computing.eggroll._table.Table object at 0x7f9149d43d68>]}}
[DEBUG] [2020-11-20 02:33:54,468] [1195:140262246930240] - component_properties.py[line:189]: data_dict: {'data': [<fate_arch.computing.eggroll._table.Table object at 0x7f9149d43d68>]}
[DEBUG] [2020-11-20 02:33:54,469] [1195:140262246930240] - component_properties.py[line:192]: data_list: <fate_arch.computing.eggroll._table.Table object at 0x7f9149d43d68>
[DEBUG] [2020-11-20 02:33:54,658] [1195:140262246930240] - component_properties.py[line:231]: train_data: None, validate_data: None, test_data: None, data: {'dataio_0.data': <fate_arch.computing.eggroll._table.Table object at 0x7f9149d43d68>}
[DEBUG] [2020-11-20 02:33:54,660] [1195:140262246930240] - model_base.py[line:88]: running_funcs: [<function ModelBase.extract_data at 0x7f913efa26a8>, <bound method ModelBase.set_flowid of <federatedml.statistic.intersect.intersect_model.IntersectHost object at 0x7f914ca641d0>>, <bound method IntersectModelBase.fit of <federatedml.statistic.intersect.intersect_model.IntersectHost object at 0x7f914ca641d0>>]
[DEBUG] [2020-11-20 02:33:54,661] [1195:140262246930240] - model_base.py[line:340]: In extract_data, data input: {'dataio_0.data': <fate_arch.computing.eggroll._table.Table object at 0x7f9149d43d68>}
[DEBUG] [2020-11-20 02:33:54,662] [1195:140262246930240] - model_base.py[line:162]: set flowid to transfer_variable, flowid: fit
[DEBUG] [2020-11-20 02:33:54,663] [1195:140262246930240] - model_base.py[line:97]: func: <bound method IntersectModelBase.fit of <federatedml.statistic.intersect.intersect_model.IntersectHost object at 0x7f914ca641d0>>
[INFO] [2020-11-20 02:33:54,665] [1195:140262246930240] - intersect_model.py[line:50]: Using raw intersection, role is host
[INFO] [2020-11-20 02:33:54,668] [1195:140262246930240] - intersect_host.py[line:220]: Start raw intersection
[INFO] [2020-11-20 02:34:01,892] [1195:140262246930240] - intersect.py[line:134]: Send id role is host
[DEBUG] [2020-11-20 02:34:01,895] [1195:140262246930240] - _federation.py[line:69]: [federation.eggroll.remote.hash.9c2acfde96e52e8ed947.send_ids_host.fit[('guest', '10000')])]remote RollPair(namespace=202011200231350021282_intersect_0_0_host_9999, name=b84c720c2ad811ebaf043ea3df35c0a6_20201120.023354.683275.1, partitions=8)
[INFO] [2020-11-20 02:34:01,908] [1195:140262246930240] - intersect.py[line:149]: Remote data_sid to role-join
[DEBUG] [2020-11-20 02:34:03,208] [1195:140260490557184] - _federation.py[line:133]: [federation.eggroll.remote.hash.9c2acfde96e52e8ed947.send_ids_host.fit]future to remote to party: ('guest', '10000') done
[DEBUG] [2020-11-20 02:34:04,917] [1195:140262246930240] - _federation.py[line:176]: [federation.eggroll.get.hash.fb553fba83149a742f66.intersect_ids_guest.fit] got RollPair(namespace=202011200231350021282_intersect_0_0, name=__rsk#202011200231350021282_intersect_0_0#hash.fb553fba83149a742f66.intersect_ids_guest#fit#guest#10000#host#9999, partitions=8)
[INFO] [2020-11-20 02:34:04,921] [1195:140262246930240] - intersect.py[line:160]: Get intersect ids from role-join!
[INFO] [2020-11-20 02:34:04,923] [1195:140262246930240] - intersect.py[line:163]: recv_intersect_ids_list's size is 1
[INFO] [2020-11-20 02:34:05,653] [1195:140262246930240] - intersect.py[line:82]: get intersect data_instances!
[INFO] [2020-11-20 02:34:05,655] [1195:140262246930240] - intersect_model.py[line:150]: Finish intersection
[INFO] [2020-11-20 02:34:05,994] [1195:140262246930240] - tracker_client.py[line:70]: Request save job 202011200231350021282 task 202011200231350021282_intersect_0 0 on host 9999 metric train intersection data
[INFO] [2020-11-20 02:34:06,072] [1195:140262246930240] - tracker_client.py[line:103]: Request save job 202011200231350021282 task 202011200231350021282_intersect_0 0 on host 9999 metric train intersection meta
[DEBUG] [2020-11-20 02:34:06,183] [1195:140262246930240] - model_base.py[line:109]: saved_result is : [None], data_output: None
[INFO] [2020-11-20 02:34:06,185] [1195:140262246930240] - tracker_client.py[line:173]: Request save job 202011200231350021282 task 202011200231350021282_intersect_0 0 on host 9999 component summary
[INFO] [2020-11-20 02:34:07,004] [1195:140262246930240] - intersect_model.py[line:168]: intersect_ids count:569
[INFO] [2020-11-20 02:34:07,005] [1195:140262246930240] - intersect_model.py[line:169]: intersect_ids header schema:{'header': ['x0', 'x1', 'x2', 'x3', 'x4', 'x5', 'x6', 'x7', 'x8', 'x9', 'x10', 'x11', 'x12', 'x13', 'x14', 'x15', 'x16', 'x17', 'x18', 'x19'], 'sid_name': 'id', 'label_name': 'y'}
[INFO] [2020-11-20 02:34:08,238] [1195:140262246930240] - control_client.py[line:42]: request update job 202011200231350021282 task 202011200231350021282_intersect_0 0 on host 9999
[INFO] [2020-11-20 02:34:10,255] [1195:140262246930240] - control_client.py[line:42]: request update job 202011200231350021282 task 202011200231350021282_intersect_0 0 on host 9999
