[INFO] [2020-11-20 02:34:35,748] [1681:139887538198336] - task_executor.py[line:302]: report task 202011200231350021282_hetero_feature_binning_0 0 guest 10000 to driver
[INFO] [2020-11-20 02:34:35,750] [1681:139887538198336] - control_client.py[line:42]: request update job 202011200231350021282 task 202011200231350021282_hetero_feature_binning_0 0 on guest 10000
[INFO] [2020-11-20 02:34:41,643] [1681:139887538198336] - task_executor.py[line:156]: Run 202011200231350021282 hetero_feature_binning_0 202011200231350021282_hetero_feature_binning_0 guest 10000 task
[INFO] [2020-11-20 02:34:41,644] [1681:139887538198336] - task_executor.py[line:157]: Component parameters on party {'FeatureBinningParam': {'method': 'quantile', 'compress_thres': 10000, 'head_size': 10000, 'error': 0.001, 'adjustment_factor': 0.5, 'bin_num': 10, 'bin_indexes': -1, 'bin_names': None, 'category_indexes': None, 'category_names': None, 'local_only': False, 'transform_param': {'transform_cols': -1, 'transform_names': None, 'transform_type': 'bin_num'}, 'optimal_binning_param': {'init_bucket_method': 'quantile', 'metric_method': 'iv', 'max_bin': None, 'mixture': True, 'max_bin_pct': 1.0, 'min_bin_pct': 0.05, 'init_bin_nums': 1000, 'adjustment_factor': None}, 'need_run': True, 'skip_static': False}, 'dsl_version': '2', 'initiator': {'role': 'guest', 'party_id': 10000}, 'role': {'guest': [10000], 'host': [9999], 'arbiter': [9999]}, 'job_parameters': {'job_type': 'train', 'work_mode': 1, 'backend': 0, 'computing_engine': 'EGGROLL', 'federation_engine': 'EGGROLL', 'storage_engine': 'EGGROLL', 'engines_address': {'computing': {'cores_per_node': 20, 'nodes': 1}, 'federation': {'host': 'rollsite', 'port': 9370}, 'storage': {'cores_per_node': 20, 'nodes': 1}}, 'federated_mode': 'MULTIPLE', 'task_parallelism': 2, 'computing_partitions': 8, 'federated_status_collect_type': 'PUSH', 'model_id': 'arbiter-9999#guest-10000#host-9999#model', 'model_version': '202011200231350021282', 'eggroll_run': {'eggroll.session.processors.per.node': 2}, 'spark_run': {'num-executors': 1, 'executor-cores': 2}, 'rabbitmq_run': {}, 'adaptation_parameters': {'task_nodes': 1, 'task_cores_per_node': 2, 'task_memory_per_node': 0}}, 'component_parameters': {'common': {'intersect_0': {'intersect_method': 'raw', 'sync_intersect_ids': True, 'only_output_key': False}, 'hetero_lr_0': {'penalty': 'L2', 'optimizer': 'rmsprop', 'alpha': 0.01, 'max_iter': 3, 'batch_size': 320, 'learning_rate': 0.15, 'init_param': {'init_method': 'random_uniform'}}}, 'role': {'guest': {'0': {'reader_0': {'table': {'name': 'breast_hetero_guest', 'namespace': 'experiment'}}, 'dataio_0': {'with_label': True, 'label_name': 'y', 'label_type': 'int', 'output_format': 'dense'}}}, 'host': {'0': {'reader_0': {'table': {'name': 'breast_hetero_host', 'namespace': 'experiment'}}, 'dataio_0': {'with_label': False, 'output_format': 'dense'}}}}}, 'config': '/data/projects/fate/python/fate_flow/examples/test_hetero_lr_job_conf.json', 'dsl': 'examples/test_hetero_lr_job_dsl.json', 'function': 'submit_job', 'local': {'role': 'guest', 'party_id': 10000}, 'CodePath': 'federatedml/feature/hetero_feature_binning/hetero_binning_guest.py/HeteroFeatureBinningGuest', 'module': 'HeteroFeatureBinning', 'output_data_name': ['train']}
[INFO] [2020-11-20 02:34:41,645] [1681:139887538198336] - task_executor.py[line:158]: Task input dsl {'data': {'data': ['intersect_0.train']}}
[INFO] [2020-11-20 02:34:41,646] [1681:139887538198336] - tracker_client.py[line:150]: Request read job 202011200231350021282 task None None on guest 10000 data train info
[INFO] [2020-11-20 02:34:41,762] [1681:139887538198336] - task_executor.py[line:260]: load computing table use 8
[INFO] [2020-11-20 02:34:44,989] [1681:139887538198336] - hetero_binning_guest.py[line:37]: Start feature binning fit and transform
[INFO] [2020-11-20 02:34:58,441] [1681:139887538198336] - hetero_binning_guest.py[line:73]: Sent encrypted_label_table to host
[INFO] [2020-11-20 02:35:28,042] [1681:139887538198336] - hetero_binning_guest.py[line:82]: Get encrypted_bin_sum from host
[INFO] [2020-11-20 02:35:29,620] [1681:139887538198336] - hetero_binning_guest.py[line:119]: Finish feature binning fit and transform
[INFO] [2020-11-20 02:35:29,628] [1681:139887538198336] - tracker_client.py[line:173]: Request save job 202011200231350021282 task 202011200231350021282_hetero_feature_binning_0 0 on guest 10000 component summary
[INFO] [2020-11-20 02:35:31,030] [1681:139887538198336] - profile.py[line:249]: 
Computing:
+----------+-------------------------------------------------------+
| function |       function         n   sum(s)   mean(s)   max(s)  |
|          | --------------------- --- -------- --------- -------- |
|          |  mapReducePartitions   1   6.277     6.277    6.277   |
|          |       mapValues        5   6.251     1.25     4.138   |
|          |         first          5   0.983     0.197     0.26   |
|          |    applyPartitions     2   0.465     0.233    0.241   |
|          |         load           1   0.288     0.288    0.288   |
|          |         count          5   0.274     0.055    0.061   |
|          |         join           1   0.256     0.256    0.256   |
|          |        reduce          2   0.124     0.062    0.069   |
|          |        collect         1   0.004     0.004    0.004   |
+----------+-------------------------------------------------------+
|  total   |      n=23, sum=14.9202, mean=0.6487, max=6.2769       |
+----------+-------------------------------------------------------+

Federation:
+--------+-------------------------------------------------------------------------------------------------------------+
|  get   |                                    name                                    | n | sum(s) | mean(s) | max(s)  |
|        | ---------------------------------------------------------------------------+---+--------+---------+-------- |
|        |  federatedml.transfer_variable.transfer_class.hetero_feature_binning_trans | 1 | 28.56  |  28.56  | 28.56   |
|        |     fer_variable.HeteroFeatureBinningTransferVariable.encrypted_bin_sum    |   |        |         |         |
+--------+-------------------------------------------------------------------------------------------------------------+
| remote |                                    name                                    | n | sum(s) | mean(s) | max(s)  |
|        | ---------------------------------------------------------------------------+---+--------+---------+-------- |
|        |  federatedml.transfer_variable.transfer_class.hetero_feature_binning_trans | 1 | 0.008  |  0.008  | 0.008   |
|        |      fer_variable.HeteroFeatureBinningTransferVariable.encrypted_label     |   |        |         |         |
+--------+-------------------------------------------------------------------------------------------------------------+
| total  |                                 n=2, sum=28.5677, mean=14.2839, max=28.5596                                 |
+--------+-------------------------------------------------------------------------------------------------------------+

[INFO] [2020-11-20 02:35:31,637] [1681:139887538198336] - pipelined_model.py[line:73]: Save hetero_feature_binning_0 hetero_feature_binning FeatureBinningMeta buffer
[INFO] [2020-11-20 02:35:31,639] [1681:139887538198336] - pipelined_model.py[line:73]: Save hetero_feature_binning_0 hetero_feature_binning FeatureBinningParam buffer
[INFO] [2020-11-20 02:35:31,660] [1681:139887538198336] - pipelined_model.py[line:78]: Save hetero_feature_binning_0 hetero_feature_binning successfully
[INFO] [2020-11-20 02:35:31,662] [1681:139887538198336] - task_executor.py[line:302]: report task 202011200231350021282_hetero_feature_binning_0 0 guest 10000 to driver
[INFO] [2020-11-20 02:35:31,663] [1681:139887538198336] - control_client.py[line:42]: request update job 202011200231350021282 task 202011200231350021282_hetero_feature_binning_0 0 on guest 10000
[INFO] [2020-11-20 02:35:31,825] [1681:139887538198336] - task_executor.py[line:207]: task 202011200231350021282_hetero_feature_binning_0 guest 10000 start time: 2020-11-20 02:34:35
[INFO] [2020-11-20 02:35:31,826] [1681:139887538198336] - task_executor.py[line:209]: task 202011200231350021282_hetero_feature_binning_0 guest 10000 end time: 2020-11-20 02:35:31
[INFO] [2020-11-20 02:35:31,827] [1681:139887538198336] - task_executor.py[line:211]: task 202011200231350021282_hetero_feature_binning_0 guest 10000 takes 56.217s
[INFO] [2020-11-20 02:35:31,828] [1681:139887538198336] - task_executor.py[line:214]: Finish 202011200231350021282 hetero_feature_binning_0 202011200231350021282_hetero_feature_binning_0 0 guest 10000 task success
[INFO] [2020-11-20 02:35:31,829] [1681:139887538198336] - task_executor.py[line:302]: report task 202011200231350021282_hetero_feature_binning_0 0 guest 10000 to driver
[INFO] [2020-11-20 02:35:31,829] [1681:139887538198336] - control_client.py[line:42]: request update job 202011200231350021282 task 202011200231350021282_hetero_feature_binning_0 0 on guest 10000
