[DEBUG] [2020-11-20 07:12:07,885] [20244:139871588984640] - profile.py[line:84]: [computing#41d092c3c4]function_stack: [component_properties.py:225]extract_input_data <-[component_properties.py:238]extract_running_rules <-[model_base.py:87]run
[DEBUG] [2020-11-20 07:12:07,887] [20244:139871588984640] - profile.py[line:87]: [computing#41d092c3c4]start
[DEBUG] [2020-11-20 07:12:08,155] [20244:139871588984640] - profile.py[line:93]: [computing#41d092c3c4]done, elapse: 0.2699716091156006, function: count(self: Table(partition=4)) -> int
[DEBUG] [2020-11-20 07:12:08,169] [20244:139871588984640] - profile.py[line:84]: [computing#4097bba6a9]function_stack: [intersect.py:132]intersect_send_id <-[intersect_host.py:223]run <-[intersect_model.py:145]fit <-[model_base.py:98]run
[DEBUG] [2020-11-20 07:12:08,170] [20244:139871588984640] - profile.py[line:87]: [computing#4097bba6a9]start
[DEBUG] [2020-11-20 07:12:15,448] [20244:139871588984640] - profile.py[line:93]: [computing#4097bba6a9]done, elapse: 7.279144048690796, function: mapValues(self: Table(partition=4), func: function) -> Table(partition=4)
[DEBUG] [2020-11-20 07:12:15,453] [20244:139871588984640] - profile.py[line:232]: [federation.remote.federatedml.transfer_variable.transfer_class.raw_intersect_transfer_variable.RawIntersectTransferVariable.send_ids_host.fit]host->[Party(role=guest, party_id=10000)] start
[DEBUG] [2020-11-20 07:12:15,465] [20244:139871588984640] - profile.py[line:185]: [federation.remote.federatedml.transfer_variable.transfer_class.raw_intersect_transfer_variable.RawIntersectTransferVariable.send_ids_host.fit]host->[Party(role=guest, party_id=10000)] done
[DEBUG] [2020-11-20 07:12:15,467] [20244:139871588984640] - profile.py[line:237]: [federation.get.federatedml.transfer_variable.transfer_class.raw_intersect_transfer_variable.RawIntersectTransferVariable.intersect_ids_guest.fit]host<-[Party(role=guest, party_id=10000)] start
[DEBUG] [2020-11-20 07:12:17,302] [20244:139871588984640] - profile.py[line:216]: [federation.get.federatedml.transfer_variable.transfer_class.raw_intersect_transfer_variable.RawIntersectTransferVariable.intersect_ids_guest.fit]host<-[Party(role=guest, party_id=10000)] done
[DEBUG] [2020-11-20 07:12:17,308] [20244:139871588984640] - profile.py[line:84]: [computing#88c5295fe7]function_stack: [intersect.py:80]_get_value_from_data <-[intersect.py:184]intersect_send_id <-[intersect_host.py:223]run <-[intersect_model.py:145]fit <-[model_base.py:98]run
[DEBUG] [2020-11-20 07:12:17,308] [20244:139871588984640] - profile.py[line:87]: [computing#88c5295fe7]start
[DEBUG] [2020-11-20 07:12:17,552] [20244:139871588984640] - profile.py[line:93]: [computing#88c5295fe7]done, elapse: 0.24406886100769043, function: join(self: Table(partition=4), other: Table(partition=4), func: function) -> Table(partition=4)
[DEBUG] [2020-11-20 07:12:17,558] [20244:139871588984640] - profile.py[line:84]: [computing#5655dc08fa]function_stack: [intersect_model.py:153]fit <-[model_base.py:98]run
[DEBUG] [2020-11-20 07:12:17,559] [20244:139871588984640] - profile.py[line:87]: [computing#5655dc08fa]start
[DEBUG] [2020-11-20 07:12:17,644] [20244:139871588984640] - profile.py[line:93]: [computing#5655dc08fa]done, elapse: 0.08652162551879883, function: count(self: Table(partition=4)) -> int
[DEBUG] [2020-11-20 07:12:17,647] [20244:139871588984640] - profile.py[line:84]: [computing#529d4dedac]function_stack: [intersect_model.py:154]fit <-[model_base.py:98]run
[DEBUG] [2020-11-20 07:12:17,647] [20244:139871588984640] - profile.py[line:87]: [computing#529d4dedac]start
[DEBUG] [2020-11-20 07:12:17,786] [20244:139871588984640] - profile.py[line:93]: [computing#529d4dedac]done, elapse: 0.13930988311767578, function: count(self: Table(partition=4)) -> int
[INFO] [2020-11-20 07:12:18,632] [20244:139871588984640] - profile.py[line:249]: 
Computing:
+----------+---------------------------------------------+
| function |  function    n   sum(s)   mean(s)   max(s)  |
|          | ----------- --- -------- --------- -------- |
|          |  mapValues   1   7.279     7.279    7.279   |
|          |    count     3   0.496     0.165     0.27   |
|          |    load      1   0.474     0.474    0.474   |
|          |    join      1   0.244     0.244    0.244   |
+----------+---------------------------------------------+
|  total   |  n=6, sum=8.4928, mean=1.4155, max=7.2791   |
+----------+---------------------------------------------+

Federation:
+--------+-------------------------------------------------------------------------------------------------------------+
|  get   |                                    name                                    | n | sum(s) | mean(s) | max(s)  |
|        | ---------------------------------------------------------------------------+---+--------+---------+-------- |
|        |  federatedml.transfer_variable.transfer_class.raw_intersect_transfer_varia | 1 | 1.828  |  1.828  | 1.828   |
|        |            ble.RawIntersectTransferVariable.intersect_ids_guest            |   |        |         |         |
+--------+-------------------------------------------------------------------------------------------------------------+
| remote |                                    name                                    | n | sum(s) | mean(s) | max(s)  |
|        | ---------------------------------------------------------------------------+---+--------+---------+-------- |
|        |  federatedml.transfer_variable.transfer_class.raw_intersect_transfer_varia | 1 | 0.011  |  0.011  | 0.011   |
|        |               ble.RawIntersectTransferVariable.send_ids_host               |   |        |         |         |
+--------+-------------------------------------------------------------------------------------------------------------+
| total  |                                  n=2, sum=1.8390, mean=0.9195, max=1.8282                                   |
+--------+-------------------------------------------------------------------------------------------------------------+

