[DEBUG] [2020-11-20 02:37:16,860] [2588:139753512589120] - profile.py[line:84]: [computing#a07e8b9a9c]function_stack: [component_properties.py:221]extract_input_data <-[component_properties.py:238]extract_running_rules <-[model_base.py:87]run
[DEBUG] [2020-11-20 02:37:16,861] [2588:139753512589120] - profile.py[line:87]: [computing#a07e8b9a9c]start
[DEBUG] [2020-11-20 02:37:16,917] [2588:139753512589120] - profile.py[line:93]: [computing#a07e8b9a9c]done, elapse: 0.057326316833496094, function: count(self: Table(partition=8)) -> int
[DEBUG] [2020-11-20 02:37:16,970] [2588:139753512589120] - profile.py[line:84]: [computing#ff873ff69b]function_stack: [abnormal_detection.py:27]empty_table_detection <-[linear_model_base.py:134]_abnormal_detection <-[hetero_lr_guest.py:66]fit <-[model_base.py:101]run
[DEBUG] [2020-11-20 02:37:16,971] [2588:139753512589120] - profile.py[line:87]: [computing#ff873ff69b]start
[DEBUG] [2020-11-20 02:37:17,021] [2588:139753512589120] - profile.py[line:93]: [computing#ff873ff69b]done, elapse: 0.05101656913757324, function: count(self: Table(partition=8)) -> int
[DEBUG] [2020-11-20 02:37:17,024] [2588:139753512589120] - profile.py[line:84]: [computing#b14e065dc2]function_stack: [data_overview.py:27]get_features_shape <-[data_overview.py:105]is_empty_feature <-[abnormal_detection.py:33]empty_feature_detection <-[linear_model_base.py:135]_abnormal_detection <-[hetero_lr_guest.py:66]fit <-[model_base.py:101]run
[DEBUG] [2020-11-20 02:37:17,025] [2588:139753512589120] - profile.py[line:87]: [computing#b14e065dc2]start
[DEBUG] [2020-11-20 02:37:17,204] [2588:139753512589120] - profile.py[line:93]: [computing#b14e065dc2]done, elapse: 0.18028593063354492, function: first(self: Table(partition=8)) -> tuple
[DEBUG] [2020-11-20 02:37:17,209] [2588:139753512589120] - profile.py[line:84]: [computing#5c5ea99dbe]function_stack: [linear_model_base.py:221]check_abnormal_values <-[hetero_lr_guest.py:67]fit <-[model_base.py:101]run
[DEBUG] [2020-11-20 02:37:17,209] [2588:139753512589120] - profile.py[line:87]: [computing#5c5ea99dbe]start
[DEBUG] [2020-11-20 02:37:25,081] [2588:139753512589120] - profile.py[line:93]: [computing#5c5ea99dbe]done, elapse: 7.872003078460693, function: applyPartitions(self: Table(partition=8), func: function) -> Table(partition=8)
[DEBUG] [2020-11-20 02:37:25,083] [2588:139753512589120] - profile.py[line:84]: [computing#42b01fb9fc]function_stack: [linear_model_base.py:222]check_abnormal_values <-[hetero_lr_guest.py:67]fit <-[model_base.py:101]run
[DEBUG] [2020-11-20 02:37:25,084] [2588:139753512589120] - profile.py[line:87]: [computing#42b01fb9fc]start
[DEBUG] [2020-11-20 02:37:25,135] [2588:139753512589120] - profile.py[line:93]: [computing#42b01fb9fc]done, elapse: 0.05246782302856445, function: reduce(self: Table(partition=8), func: function) -> bool
[DEBUG] [2020-11-20 02:37:25,140] [2588:139753512589120] - profile.py[line:84]: [computing#d1985e8961]function_stack: [classify_label_checker.py:54]validate_label <-[one_vs_rest.py:65]get_data_classes <-[hetero_lr_guest.py:71]fit <-[model_base.py:101]run
[DEBUG] [2020-11-20 02:37:25,141] [2588:139753512589120] - profile.py[line:87]: [computing#d1985e8961]start
[DEBUG] [2020-11-20 02:37:25,346] [2588:139753512589120] - profile.py[line:93]: [computing#d1985e8961]done, elapse: 0.20575952529907227, function: applyPartitions(self: Table(partition=8), func: function) -> Table(partition=8)
[DEBUG] [2020-11-20 02:37:25,349] [2588:139753512589120] - profile.py[line:87]: [computing#d1985e8961]start
[DEBUG] [2020-11-20 02:37:25,415] [2588:139753512589120] - profile.py[line:93]: [computing#d1985e8961]done, elapse: 0.06609463691711426, function: reduce(self: Table(partition=8), func: function) -> set
[DEBUG] [2020-11-20 02:37:25,416] [2588:139753512589120] - profile.py[line:232]: [federation.remote.federatedml.transfer_variable.transfer_class.one_vs_rest_transfer_variable.OneVsRestTransferVariable.aggregate_classes.fit]guest->[Party(role=host, party_id=9999)] start
[DEBUG] [2020-11-20 02:37:25,425] [2588:139753512589120] - profile.py[line:185]: [federation.remote.federatedml.transfer_variable.transfer_class.one_vs_rest_transfer_variable.OneVsRestTransferVariable.aggregate_classes.fit]guest->[Party(role=host, party_id=9999)] done
[DEBUG] [2020-11-20 02:37:25,431] [2588:139753512589120] - profile.py[line:232]: [federation.remote.federatedml.transfer_variable.transfer_class.one_vs_rest_transfer_variable.OneVsRestTransferVariable.aggregate_classes.fit]guest->[Party(role=arbiter, party_id=9999)] start
[DEBUG] [2020-11-20 02:37:25,454] [2588:139753512589120] - profile.py[line:185]: [federation.remote.federatedml.transfer_variable.transfer_class.one_vs_rest_transfer_variable.OneVsRestTransferVariable.aggregate_classes.fit]guest->[Party(role=arbiter, party_id=9999)] done
[DEBUG] [2020-11-20 02:37:25,511] [2588:139753512589120] - profile.py[line:84]: [computing#7145c56c3e]function_stack: [hetero_lr_guest.py:87]fit_binary <-[hetero_lr_guest.py:79]fit <-[model_base.py:101]run
[DEBUG] [2020-11-20 02:37:25,518] [2588:139753512589120] - profile.py[line:87]: [computing#7145c56c3e]start
[DEBUG] [2020-11-20 02:37:25,961] [2588:139753512589120] - profile.py[line:93]: [computing#7145c56c3e]done, elapse: 0.45012712478637695, function: mapValues(self: Table(partition=8), func: function) -> Table(partition=8)
[DEBUG] [2020-11-20 02:37:25,963] [2588:139753512589120] - profile.py[line:84]: [computing#ceb18f339a]function_stack: [hetero_lr_guest.py:88]fit_binary <-[hetero_lr_guest.py:79]fit <-[model_base.py:101]run
[DEBUG] [2020-11-20 02:37:25,963] [2588:139753512589120] - profile.py[line:87]: [computing#ceb18f339a]start
[DEBUG] [2020-11-20 02:37:26,020] [2588:139753512589120] - profile.py[line:93]: [computing#ceb18f339a]done, elapse: 0.05718541145324707, function: count(self: Table(partition=8)) -> int
[DEBUG] [2020-11-20 02:37:26,021] [2588:139753512589120] - profile.py[line:237]: [federation.get.federatedml.transfer_variable.transfer_class.hetero_lr_transfer_variable.HeteroLRTransferVariable.paillier_pubkey.fit]guest<-[Party(role=arbiter, party_id=9999)] start
[DEBUG] [2020-11-20 02:37:30,895] [2588:139753512589120] - profile.py[line:216]: [federation.get.federatedml.transfer_variable.transfer_class.hetero_lr_transfer_variable.HeteroLRTransferVariable.paillier_pubkey.fit]guest<-[Party(role=arbiter, party_id=9999)] done
[DEBUG] [2020-11-20 02:37:30,900] [2588:139753512589120] - profile.py[line:84]: [computing#61e8c957e8]function_stack: [indices.py:24]collect_index <-[mini_batch.py:61]__mini_batch_data_seperator <-[mini_batch.py:36]__init__ <-[batch_generator.py:36]initialize_batch_generator <-[hetero_lr_guest.py:92]fit_binary <-[hetero_lr_guest.py:79]fit <-[model_base.py:101]run
[DEBUG] [2020-11-20 02:37:30,901] [2588:139753512589120] - profile.py[line:87]: [computing#61e8c957e8]start
[DEBUG] [2020-11-20 02:37:31,093] [2588:139753512589120] - profile.py[line:93]: [computing#61e8c957e8]done, elapse: 0.1927042007446289, function: mapValues(self: Table(partition=8), func: function) -> Table(partition=8)
[DEBUG] [2020-11-20 02:37:31,096] [2588:139753512589120] - profile.py[line:84]: [computing#0b9c0a356f]function_stack: [indices.py:25]collect_index <-[mini_batch.py:61]__mini_batch_data_seperator <-[mini_batch.py:36]__init__ <-[batch_generator.py:36]initialize_batch_generator <-[hetero_lr_guest.py:92]fit_binary <-[hetero_lr_guest.py:79]fit <-[model_base.py:101]run
[DEBUG] [2020-11-20 02:37:31,097] [2588:139753512589120] - profile.py[line:87]: [computing#0b9c0a356f]start
[DEBUG] [2020-11-20 02:37:31,151] [2588:139753512589120] - profile.py[line:93]: [computing#0b9c0a356f]done, elapse: 0.054567575454711914, function: count(self: Table(partition=8)) -> int
[DEBUG] [2020-11-20 02:37:31,153] [2588:139753512589120] - profile.py[line:84]: [computing#5306ef6069]function_stack: [indices.py:26]collect_index <-[mini_batch.py:61]__mini_batch_data_seperator <-[mini_batch.py:36]__init__ <-[batch_generator.py:36]initialize_batch_generator <-[hetero_lr_guest.py:92]fit_binary <-[hetero_lr_guest.py:79]fit <-[model_base.py:101]run
[DEBUG] [2020-11-20 02:37:31,154] [2588:139753512589120] - profile.py[line:87]: [computing#5306ef6069]start
[DEBUG] [2020-11-20 02:37:31,157] [2588:139753512589120] - profile.py[line:93]: [computing#5306ef6069]done, elapse: 0.003739595413208008, function: collect(self: Table(partition=8)) -> generator
[DEBUG] [2020-11-20 02:37:31,544] [2588:139753512589120] - profile.py[line:84]: [computing#6d22c04f4a]function_stack: [_session.py:277]parallelize <-[mini_batch.py:91]__mini_batch_data_seperator <-[mini_batch.py:36]__init__ <-[batch_generator.py:36]initialize_batch_generator <-[hetero_lr_guest.py:92]fit_binary <-[hetero_lr_guest.py:79]fit <-[model_base.py:101]run
[DEBUG] [2020-11-20 02:37:31,544] [2588:139753512589120] - profile.py[line:87]: [computing#6d22c04f4a]start
[DEBUG] [2020-11-20 02:37:34,149] [2588:139753512589120] - profile.py[line:93]: [computing#6d22c04f4a]done, elapse: 2.6057519912719727, function: parallelize(self: CSession, data: list, partition: int, include_key: bool) -> Table(partition=8)
[DEBUG] [2020-11-20 02:37:34,152] [2588:139753512589120] - profile.py[line:84]: [computing#958b14d77f]function_stack: [mini_batch.py:92]__mini_batch_data_seperator <-[mini_batch.py:36]__init__ <-[batch_generator.py:36]initialize_batch_generator <-[hetero_lr_guest.py:92]fit_binary <-[hetero_lr_guest.py:79]fit <-[model_base.py:101]run
[DEBUG] [2020-11-20 02:37:34,153] [2588:139753512589120] - profile.py[line:87]: [computing#958b14d77f]start
[DEBUG] [2020-11-20 02:37:34,415] [2588:139753512589120] - profile.py[line:93]: [computing#958b14d77f]done, elapse: 0.2626323699951172, function: join(self: Table(partition=8), other: Table(partition=8), func: function) -> Table(partition=8)
[DEBUG] [2020-11-20 02:37:34,418] [2588:139753512589120] - profile.py[line:87]: [computing#6d22c04f4a]start
[DEBUG] [2020-11-20 02:37:36,328] [2588:139753512589120] - profile.py[line:93]: [computing#6d22c04f4a]done, elapse: 1.9098758697509766, function: parallelize(self: CSession, data: list, partition: int, include_key: bool) -> Table(partition=8)
[DEBUG] [2020-11-20 02:37:36,331] [2588:139753512589120] - profile.py[line:87]: [computing#958b14d77f]start
[DEBUG] [2020-11-20 02:37:37,067] [2588:139753512589120] - profile.py[line:93]: [computing#958b14d77f]done, elapse: 0.7352735996246338, function: join(self: Table(partition=8), other: Table(partition=8), func: function) -> Table(partition=8)
[DEBUG] [2020-11-20 02:37:37,068] [2588:139753512589120] - profile.py[line:232]: [federation.remote.federatedml.transfer_variable.transfer_class.hetero_lr_transfer_variable.HeteroLRTransferVariable.batch_info.fit]guest->[Party(role=host, party_id=9999)] start
[DEBUG] [2020-11-20 02:37:37,083] [2588:139753512589120] - profile.py[line:185]: [federation.remote.federatedml.transfer_variable.transfer_class.hetero_lr_transfer_variable.HeteroLRTransferVariable.batch_info.fit]guest->[Party(role=host, party_id=9999)] done
[DEBUG] [2020-11-20 02:37:37,084] [2588:139753512589120] - profile.py[line:232]: [federation.remote.federatedml.transfer_variable.transfer_class.hetero_lr_transfer_variable.HeteroLRTransferVariable.batch_info.fit]guest->[Party(role=arbiter, party_id=9999)] start
[DEBUG] [2020-11-20 02:37:37,113] [2588:139753512589120] - profile.py[line:185]: [federation.remote.federatedml.transfer_variable.transfer_class.hetero_lr_transfer_variable.HeteroLRTransferVariable.batch_info.fit]guest->[Party(role=arbiter, party_id=9999)] done
[DEBUG] [2020-11-20 02:37:37,115] [2588:139753512589120] - profile.py[line:232]: [federation.remote.federatedml.transfer_variable.transfer_class.hetero_lr_transfer_variable.HeteroLRTransferVariable.batch_data_index.fit.0]guest->[Party(role=host, party_id=9999)] start
[DEBUG] [2020-11-20 02:37:37,123] [2588:139753512589120] - profile.py[line:185]: [federation.remote.federatedml.transfer_variable.transfer_class.hetero_lr_transfer_variable.HeteroLRTransferVariable.batch_data_index.fit.0]guest->[Party(role=host, party_id=9999)] done
[DEBUG] [2020-11-20 02:37:37,123] [2588:139753512589120] - profile.py[line:232]: [federation.remote.federatedml.transfer_variable.transfer_class.hetero_lr_transfer_variable.HeteroLRTransferVariable.batch_data_index.fit.1]guest->[Party(role=host, party_id=9999)] start
[DEBUG] [2020-11-20 02:37:37,183] [2588:139753512589120] - profile.py[line:185]: [federation.remote.federatedml.transfer_variable.transfer_class.hetero_lr_transfer_variable.HeteroLRTransferVariable.batch_data_index.fit.1]guest->[Party(role=host, party_id=9999)] done
[DEBUG] [2020-11-20 02:37:37,268] [2588:139753512589120] - profile.py[line:84]: [computing#25ea2854a0]function_stack: [data_overview.py:27]get_features_shape <-[linear_model_base.py:83]get_features_shape <-[hetero_lr_guest.py:102]fit_binary <-[hetero_lr_guest.py:79]fit <-[model_base.py:101]run
[DEBUG] [2020-11-20 02:37:37,269] [2588:139753512589120] - profile.py[line:87]: [computing#25ea2854a0]start
[DEBUG] [2020-11-20 02:37:37,983] [2588:139753512589120] - profile.py[line:93]: [computing#25ea2854a0]done, elapse: 0.714522123336792, function: first(self: Table(partition=8)) -> tuple
[DEBUG] [2020-11-20 02:37:37,996] [2588:139753512589120] - profile.py[line:84]: [computing#2693eaa3b2]function_stack: [hetero_lr_guest.py:114]fit_binary <-[hetero_lr_guest.py:79]fit <-[model_base.py:101]run
[DEBUG] [2020-11-20 02:37:37,996] [2588:139753512589120] - profile.py[line:87]: [computing#2693eaa3b2]start
[DEBUG] [2020-11-20 02:37:38,273] [2588:139753512589120] - profile.py[line:93]: [computing#2693eaa3b2]done, elapse: 0.27726006507873535, function: count(self: Table(partition=8)) -> int
[DEBUG] [2020-11-20 02:37:38,276] [2588:139753512589120] - profile.py[line:84]: [computing#61fcac98ed]function_stack: [hetero_lr_guest.py:118]fit_binary <-[hetero_lr_guest.py:79]fit <-[model_base.py:101]run
[DEBUG] [2020-11-20 02:37:38,276] [2588:139753512589120] - profile.py[line:87]: [computing#61fcac98ed]start
[DEBUG] [2020-11-20 02:37:38,339] [2588:139753512589120] - profile.py[line:93]: [computing#61fcac98ed]done, elapse: 0.0634160041809082, function: count(self: Table(partition=8)) -> int
[DEBUG] [2020-11-20 02:37:38,345] [2588:139753512589120] - profile.py[line:84]: [computing#38a836f9be]function_stack: [hetero_lr_gradient_and_loss.py:46]compute_and_aggregate_forwards <-[hetero_linear_model_gradient.py:169]compute_gradient_procedure <-[hetero_lr_guest.py:126]fit_binary <-[hetero_lr_guest.py:79]fit <-[model_base.py:101]run
[DEBUG] [2020-11-20 02:37:38,345] [2588:139753512589120] - profile.py[line:87]: [computing#38a836f9be]start
[DEBUG] [2020-11-20 02:37:39,649] [2588:139753512589120] - profile.py[line:93]: [computing#38a836f9be]done, elapse: 1.3041067123413086, function: mapValues(self: Table(partition=8), func: function) -> Table(partition=8)
[DEBUG] [2020-11-20 02:37:39,652] [2588:139753512589120] - profile.py[line:84]: [computing#68533ae151]function_stack: [encrypt_mode.py:94]encrypt <-[hetero_lr_gradient_and_loss.py:49]compute_and_aggregate_forwards <-[hetero_linear_model_gradient.py:169]compute_gradient_procedure <-[hetero_lr_guest.py:126]fit_binary <-[hetero_lr_guest.py:79]fit <-[model_base.py:101]run
[DEBUG] [2020-11-20 02:37:39,653] [2588:139753512589120] - profile.py[line:87]: [computing#68533ae151]start
[DEBUG] [2020-11-20 02:37:40,697] [2588:139753512589120] - profile.py[line:93]: [computing#68533ae151]done, elapse: 1.044764757156372, function: mapValues(self: Table(partition=8), func: method) -> Table(partition=8)
[DEBUG] [2020-11-20 02:37:40,698] [2588:139753512589120] - profile.py[line:237]: [federation.get.federatedml.transfer_variable.transfer_class.hetero_lr_transfer_variable.HeteroLRTransferVariable.host_forward_dict.fit.0.0]guest<-[Party(role=host, party_id=9999)] start
[DEBUG] [2020-11-20 02:37:53,449] [2588:139753512589120] - profile.py[line:216]: [federation.get.federatedml.transfer_variable.transfer_class.hetero_lr_transfer_variable.HeteroLRTransferVariable.host_forward_dict.fit.0.0]guest<-[Party(role=host, party_id=9999)] done
[DEBUG] [2020-11-20 02:37:53,452] [2588:139753512589120] - profile.py[line:84]: [computing#dd0084ab2d]function_stack: [hetero_lr_gradient_and_loss.py:54]compute_and_aggregate_forwards <-[hetero_linear_model_gradient.py:169]compute_gradient_procedure <-[hetero_lr_guest.py:126]fit_binary <-[hetero_lr_guest.py:79]fit <-[model_base.py:101]run
[DEBUG] [2020-11-20 02:37:53,453] [2588:139753512589120] - profile.py[line:87]: [computing#dd0084ab2d]start
[DEBUG] [2020-11-20 02:37:54,443] [2588:139753512589120] - profile.py[line:93]: [computing#dd0084ab2d]done, elapse: 0.9914147853851318, function: join(self: Table(partition=8), other: Table(partition=8), func: function) -> Table(partition=8)
[DEBUG] [2020-11-20 02:37:54,447] [2588:139753512589120] - profile.py[line:84]: [computing#daf4731448]function_stack: [hetero_lr_gradient_and_loss.py:55]compute_and_aggregate_forwards <-[hetero_linear_model_gradient.py:169]compute_gradient_procedure <-[hetero_lr_guest.py:126]fit_binary <-[hetero_lr_guest.py:79]fit <-[model_base.py:101]run
[DEBUG] [2020-11-20 02:37:54,448] [2588:139753512589120] - profile.py[line:87]: [computing#daf4731448]start
[DEBUG] [2020-11-20 02:37:56,026] [2588:139753512589120] - profile.py[line:93]: [computing#daf4731448]done, elapse: 1.5792555809020996, function: join(self: Table(partition=8), other: Table(partition=8), func: function) -> Table(partition=8)
[DEBUG] [2020-11-20 02:37:56,027] [2588:139753512589120] - profile.py[line:232]: [federation.remote.federatedml.transfer_variable.transfer_class.hetero_lr_transfer_variable.HeteroLRTransferVariable.fore_gradient.fit.0.0]guest->[Party(role=host, party_id=9999)] start
[DEBUG] [2020-11-20 02:37:56,035] [2588:139753512589120] - profile.py[line:185]: [federation.remote.federatedml.transfer_variable.transfer_class.hetero_lr_transfer_variable.HeteroLRTransferVariable.fore_gradient.fit.0.0]guest->[Party(role=host, party_id=9999)] done
[DEBUG] [2020-11-20 02:37:56,043] [2588:139753512589120] - profile.py[line:84]: [computing#28a71ed10d]function_stack: [hetero_linear_model_gradient.py:110]compute_gradient <-[hetero_linear_model_gradient.py:175]compute_gradient_procedure <-[hetero_lr_guest.py:126]fit_binary <-[hetero_lr_guest.py:79]fit <-[model_base.py:101]run
[DEBUG] [2020-11-20 02:37:56,044] [2588:139753512589120] - profile.py[line:87]: [computing#28a71ed10d]start
[DEBUG] [2020-11-20 02:37:56,554] [2588:139753512589120] - profile.py[line:93]: [computing#28a71ed10d]done, elapse: 0.5108511447906494, function: join(self: Table(partition=8), other: Table(partition=8), func: function) -> Table(partition=8)
[DEBUG] [2020-11-20 02:37:56,557] [2588:139753512589120] - profile.py[line:84]: [computing#10a8570d3f]function_stack: [data_overview.py:112]is_sparse_data <-[hetero_linear_model_gradient.py:111]compute_gradient <-[hetero_linear_model_gradient.py:175]compute_gradient_procedure <-[hetero_lr_guest.py:126]fit_binary <-[hetero_lr_guest.py:79]fit <-[model_base.py:101]run
[DEBUG] [2020-11-20 02:37:56,558] [2588:139753512589120] - profile.py[line:87]: [computing#10a8570d3f]start
[DEBUG] [2020-11-20 02:37:56,766] [2588:139753512589120] - profile.py[line:93]: [computing#10a8570d3f]done, elapse: 0.20911121368408203, function: first(self: Table(partition=8)) -> tuple
[DEBUG] [2020-11-20 02:37:56,769] [2588:139753512589120] - profile.py[line:84]: [computing#e1a0e8d7a9]function_stack: [hetero_linear_model_gradient.py:115]compute_gradient <-[hetero_linear_model_gradient.py:175]compute_gradient_procedure <-[hetero_lr_guest.py:126]fit_binary <-[hetero_lr_guest.py:79]fit <-[model_base.py:101]run
[DEBUG] [2020-11-20 02:37:56,769] [2588:139753512589120] - profile.py[line:87]: [computing#e1a0e8d7a9]start
[DEBUG] [2020-11-20 02:37:57,915] [2588:139753512589120] - profile.py[line:93]: [computing#e1a0e8d7a9]done, elapse: 1.1459970474243164, function: applyPartitions(self: Table(partition=8), func: partial) -> Table(partition=8)
[DEBUG] [2020-11-20 02:37:57,918] [2588:139753512589120] - profile.py[line:84]: [computing#2077a42ec1]function_stack: [hetero_linear_model_gradient.py:116]compute_gradient <-[hetero_linear_model_gradient.py:175]compute_gradient_procedure <-[hetero_lr_guest.py:126]fit_binary <-[hetero_lr_guest.py:79]fit <-[model_base.py:101]run
[DEBUG] [2020-11-20 02:37:57,918] [2588:139753512589120] - profile.py[line:87]: [computing#2077a42ec1]start
[DEBUG] [2020-11-20 02:37:57,994] [2588:139753512589120] - profile.py[line:93]: [computing#2077a42ec1]done, elapse: 0.07670402526855469, function: reduce(self: Table(partition=8), func: function) -> ndarray
[DEBUG] [2020-11-20 02:37:57,998] [2588:139753512589120] - profile.py[line:84]: [computing#52f3057047]function_stack: [hetero_linear_model_gradient.py:118]compute_gradient <-[hetero_linear_model_gradient.py:175]compute_gradient_procedure <-[hetero_lr_guest.py:126]fit_binary <-[hetero_lr_guest.py:79]fit <-[model_base.py:101]run
[DEBUG] [2020-11-20 02:37:57,998] [2588:139753512589120] - profile.py[line:87]: [computing#52f3057047]start
[DEBUG] [2020-11-20 02:37:58,061] [2588:139753512589120] - profile.py[line:93]: [computing#52f3057047]done, elapse: 0.06375265121459961, function: count(self: Table(partition=8)) -> int
[DEBUG] [2020-11-20 02:37:58,070] [2588:139753512589120] - profile.py[line:232]: [federation.remote.federatedml.transfer_variable.transfer_class.hetero_lr_transfer_variable.HeteroLRTransferVariable.guest_gradient.fit.0.0]guest->[Party(role=arbiter, party_id=9999)] start
[DEBUG] [2020-11-20 02:37:58,076] [2588:139753512589120] - profile.py[line:185]: [federation.remote.federatedml.transfer_variable.transfer_class.hetero_lr_transfer_variable.HeteroLRTransferVariable.guest_gradient.fit.0.0]guest->[Party(role=arbiter, party_id=9999)] done
[DEBUG] [2020-11-20 02:37:58,077] [2588:139753512589120] - profile.py[line:237]: [federation.get.federatedml.transfer_variable.transfer_class.hetero_lr_transfer_variable.HeteroLRTransferVariable.guest_optim_gradient.fit.0.0]guest<-[Party(role=arbiter, party_id=9999)] start
[DEBUG] [2020-11-20 02:38:04,103] [2588:139753512589120] - profile.py[line:216]: [federation.get.federatedml.transfer_variable.transfer_class.hetero_lr_transfer_variable.HeteroLRTransferVariable.guest_optim_gradient.fit.0.0]guest<-[Party(role=arbiter, party_id=9999)] done
[DEBUG] [2020-11-20 02:38:04,105] [2588:139753512589120] - profile.py[line:84]: [computing#1cd6904fc7]function_stack: [hetero_lr_gradient_and_loss.py:69]compute_loss <-[hetero_lr_guest.py:133]fit_binary <-[hetero_lr_guest.py:79]fit <-[model_base.py:101]run
[DEBUG] [2020-11-20 02:38:04,106] [2588:139753512589120] - profile.py[line:87]: [computing#1cd6904fc7]start
[DEBUG] [2020-11-20 02:38:04,160] [2588:139753512589120] - profile.py[line:93]: [computing#1cd6904fc7]done, elapse: 0.05426335334777832, function: count(self: Table(partition=8)) -> int
[DEBUG] [2020-11-20 02:38:04,162] [2588:139753512589120] - profile.py[line:84]: [computing#b4d6f8dc67]function_stack: [hetero_lr_gradient_and_loss.py:70]compute_loss <-[hetero_lr_guest.py:133]fit_binary <-[hetero_lr_guest.py:79]fit <-[model_base.py:101]run
[DEBUG] [2020-11-20 02:38:04,163] [2588:139753512589120] - profile.py[line:87]: [computing#b4d6f8dc67]start
[DEBUG] [2020-11-20 02:38:04,736] [2588:139753512589120] - profile.py[line:93]: [computing#b4d6f8dc67]done, elapse: 0.574202299118042, function: join(self: Table(partition=8), other: Table(partition=8), func: function) -> Table(partition=8)
[DEBUG] [2020-11-20 02:38:04,739] [2588:139753512589120] - profile.py[line:87]: [computing#b4d6f8dc67]start
[DEBUG] [2020-11-20 02:38:04,823] [2588:139753512589120] - profile.py[line:93]: [computing#b4d6f8dc67]done, elapse: 0.08419132232666016, function: reduce(self: Table(partition=8), func: function) -> PaillierEncryptedNumber
[DEBUG] [2020-11-20 02:38:04,826] [2588:139753512589120] - profile.py[line:84]: [computing#4da9b50303]function_stack: [hetero_lr_gradient_and_loss.py:71]compute_loss <-[hetero_lr_guest.py:133]fit_binary <-[hetero_lr_guest.py:79]fit <-[model_base.py:101]run
[DEBUG] [2020-11-20 02:38:04,827] [2588:139753512589120] - profile.py[line:87]: [computing#4da9b50303]start
[DEBUG] [2020-11-20 02:38:05,801] [2588:139753512589120] - profile.py[line:93]: [computing#4da9b50303]done, elapse: 0.9749789237976074, function: mapValues(self: Table(partition=8), func: function) -> Table(partition=8)
[DEBUG] [2020-11-20 02:38:05,804] [2588:139753512589120] - profile.py[line:87]: [computing#4da9b50303]start
[DEBUG] [2020-11-20 02:38:05,875] [2588:139753512589120] - profile.py[line:93]: [computing#4da9b50303]done, elapse: 0.07133364677429199, function: reduce(self: Table(partition=8), func: function) -> float64
[DEBUG] [2020-11-20 02:38:05,877] [2588:139753512589120] - profile.py[line:237]: [federation.get.federatedml.transfer_variable.transfer_class.hetero_lr_transfer_variable.HeteroLRTransferVariable.loss_intermediate.fit.0.0]guest<-[Party(role=host, party_id=9999)] start
[DEBUG] [2020-11-20 02:38:06,421] [2588:139753512589120] - profile.py[line:216]: [federation.get.federatedml.transfer_variable.transfer_class.hetero_lr_transfer_variable.HeteroLRTransferVariable.loss_intermediate.fit.0.0]guest<-[Party(role=host, party_id=9999)] done
[DEBUG] [2020-11-20 02:38:06,422] [2588:139753512589120] - profile.py[line:237]: [federation.get.federatedml.transfer_variable.transfer_class.hetero_lr_transfer_variable.HeteroLRTransferVariable.host_loss_regular.fit.0.0]guest<-[Party(role=host, party_id=9999)] start
[DEBUG] [2020-11-20 02:38:06,826] [2588:139753512589120] - profile.py[line:216]: [federation.get.federatedml.transfer_variable.transfer_class.hetero_lr_transfer_variable.HeteroLRTransferVariable.host_loss_regular.fit.0.0]guest<-[Party(role=host, party_id=9999)] done
[DEBUG] [2020-11-20 02:38:06,828] [2588:139753512589120] - profile.py[line:84]: [computing#7bdb30bc77]function_stack: [hetero_lr_gradient_and_loss.py:87]compute_loss <-[hetero_lr_guest.py:133]fit_binary <-[hetero_lr_guest.py:79]fit <-[model_base.py:101]run
[DEBUG] [2020-11-20 02:38:06,829] [2588:139753512589120] - profile.py[line:87]: [computing#7bdb30bc77]start
[DEBUG] [2020-11-20 02:38:07,150] [2588:139753512589120] - profile.py[line:93]: [computing#7bdb30bc77]done, elapse: 0.32158660888671875, function: join(self: Table(partition=8), other: Table(partition=8), func: function) -> Table(partition=8)
[DEBUG] [2020-11-20 02:38:07,152] [2588:139753512589120] - profile.py[line:87]: [computing#7bdb30bc77]start
[DEBUG] [2020-11-20 02:38:07,230] [2588:139753512589120] - profile.py[line:93]: [computing#7bdb30bc77]done, elapse: 0.07711172103881836, function: reduce(self: Table(partition=8), func: function) -> PaillierEncryptedNumber
[DEBUG] [2020-11-20 02:38:07,236] [2588:139753512589120] - profile.py[line:232]: [federation.remote.federatedml.transfer_variable.transfer_class.hetero_lr_transfer_variable.HeteroLRTransferVariable.loss.fit.0.0]guest->[Party(role=arbiter, party_id=9999)] start
[DEBUG] [2020-11-20 02:38:07,245] [2588:139753512589120] - profile.py[line:185]: [federation.remote.federatedml.transfer_variable.transfer_class.hetero_lr_transfer_variable.HeteroLRTransferVariable.loss.fit.0.0]guest->[Party(role=arbiter, party_id=9999)] done
[DEBUG] [2020-11-20 02:38:07,253] [2588:139753512589120] - profile.py[line:87]: [computing#2693eaa3b2]start
[DEBUG] [2020-11-20 02:38:07,309] [2588:139753512589120] - profile.py[line:93]: [computing#2693eaa3b2]done, elapse: 0.056115150451660156, function: count(self: Table(partition=8)) -> int
[DEBUG] [2020-11-20 02:38:07,312] [2588:139753512589120] - profile.py[line:87]: [computing#61fcac98ed]start
[DEBUG] [2020-11-20 02:38:07,365] [2588:139753512589120] - profile.py[line:93]: [computing#61fcac98ed]done, elapse: 0.053488731384277344, function: count(self: Table(partition=8)) -> int
[DEBUG] [2020-11-20 02:38:07,369] [2588:139753512589120] - profile.py[line:87]: [computing#38a836f9be]start
[DEBUG] [2020-11-20 02:38:07,627] [2588:139753512589120] - profile.py[line:93]: [computing#38a836f9be]done, elapse: 0.2581448554992676, function: mapValues(self: Table(partition=8), func: function) -> Table(partition=8)
[DEBUG] [2020-11-20 02:38:07,630] [2588:139753512589120] - profile.py[line:87]: [computing#68533ae151]start
[DEBUG] [2020-11-20 02:38:08,677] [2588:139753512589120] - profile.py[line:93]: [computing#68533ae151]done, elapse: 1.0474698543548584, function: mapValues(self: Table(partition=8), func: method) -> Table(partition=8)
[DEBUG] [2020-11-20 02:38:08,679] [2588:139753512589120] - profile.py[line:237]: [federation.get.federatedml.transfer_variable.transfer_class.hetero_lr_transfer_variable.HeteroLRTransferVariable.host_forward_dict.fit.0.1]guest<-[Party(role=host, party_id=9999)] start
[DEBUG] [2020-11-20 02:38:09,097] [2588:139753512589120] - profile.py[line:216]: [federation.get.federatedml.transfer_variable.transfer_class.hetero_lr_transfer_variable.HeteroLRTransferVariable.host_forward_dict.fit.0.1]guest<-[Party(role=host, party_id=9999)] done
[DEBUG] [2020-11-20 02:38:09,100] [2588:139753512589120] - profile.py[line:87]: [computing#dd0084ab2d]start
[DEBUG] [2020-11-20 02:38:09,656] [2588:139753512589120] - profile.py[line:93]: [computing#dd0084ab2d]done, elapse: 0.5556282997131348, function: join(self: Table(partition=8), other: Table(partition=8), func: function) -> Table(partition=8)
[DEBUG] [2020-11-20 02:38:09,659] [2588:139753512589120] - profile.py[line:87]: [computing#daf4731448]start
[DEBUG] [2020-11-20 02:38:10,746] [2588:139753512589120] - profile.py[line:93]: [computing#daf4731448]done, elapse: 1.0876460075378418, function: join(self: Table(partition=8), other: Table(partition=8), func: function) -> Table(partition=8)
[DEBUG] [2020-11-20 02:38:10,747] [2588:139753512589120] - profile.py[line:232]: [federation.remote.federatedml.transfer_variable.transfer_class.hetero_lr_transfer_variable.HeteroLRTransferVariable.fore_gradient.fit.0.1]guest->[Party(role=host, party_id=9999)] start
[DEBUG] [2020-11-20 02:38:10,759] [2588:139753512589120] - profile.py[line:185]: [federation.remote.federatedml.transfer_variable.transfer_class.hetero_lr_transfer_variable.HeteroLRTransferVariable.fore_gradient.fit.0.1]guest->[Party(role=host, party_id=9999)] done
[DEBUG] [2020-11-20 02:38:10,786] [2588:139753512589120] - profile.py[line:87]: [computing#28a71ed10d]start
[DEBUG] [2020-11-20 02:38:12,395] [2588:139753512589120] - profile.py[line:93]: [computing#28a71ed10d]done, elapse: 1.6091938018798828, function: join(self: Table(partition=8), other: Table(partition=8), func: function) -> Table(partition=8)
[DEBUG] [2020-11-20 02:38:12,398] [2588:139753512589120] - profile.py[line:87]: [computing#10a8570d3f]start
[DEBUG] [2020-11-20 02:38:12,644] [2588:139753512589120] - profile.py[line:93]: [computing#10a8570d3f]done, elapse: 0.2461552619934082, function: first(self: Table(partition=8)) -> tuple
[DEBUG] [2020-11-20 02:38:12,647] [2588:139753512589120] - profile.py[line:87]: [computing#e1a0e8d7a9]start
[DEBUG] [2020-11-20 02:38:13,293] [2588:139753512589120] - profile.py[line:93]: [computing#e1a0e8d7a9]done, elapse: 0.6464016437530518, function: applyPartitions(self: Table(partition=8), func: partial) -> Table(partition=8)
[DEBUG] [2020-11-20 02:38:13,296] [2588:139753512589120] - profile.py[line:87]: [computing#2077a42ec1]start
[DEBUG] [2020-11-20 02:38:13,364] [2588:139753512589120] - profile.py[line:93]: [computing#2077a42ec1]done, elapse: 0.06774663925170898, function: reduce(self: Table(partition=8), func: function) -> ndarray
[DEBUG] [2020-11-20 02:38:13,367] [2588:139753512589120] - profile.py[line:87]: [computing#52f3057047]start
[DEBUG] [2020-11-20 02:38:13,424] [2588:139753512589120] - profile.py[line:93]: [computing#52f3057047]done, elapse: 0.05734443664550781, function: count(self: Table(partition=8)) -> int
[DEBUG] [2020-11-20 02:38:13,433] [2588:139753512589120] - profile.py[line:232]: [federation.remote.federatedml.transfer_variable.transfer_class.hetero_lr_transfer_variable.HeteroLRTransferVariable.guest_gradient.fit.0.1]guest->[Party(role=arbiter, party_id=9999)] start
[DEBUG] [2020-11-20 02:38:13,438] [2588:139753512589120] - profile.py[line:185]: [federation.remote.federatedml.transfer_variable.transfer_class.hetero_lr_transfer_variable.HeteroLRTransferVariable.guest_gradient.fit.0.1]guest->[Party(role=arbiter, party_id=9999)] done
[DEBUG] [2020-11-20 02:38:13,439] [2588:139753512589120] - profile.py[line:237]: [federation.get.federatedml.transfer_variable.transfer_class.hetero_lr_transfer_variable.HeteroLRTransferVariable.guest_optim_gradient.fit.0.1]guest<-[Party(role=arbiter, party_id=9999)] start
[DEBUG] [2020-11-20 02:38:17,931] [2588:139753512589120] - profile.py[line:216]: [federation.get.federatedml.transfer_variable.transfer_class.hetero_lr_transfer_variable.HeteroLRTransferVariable.guest_optim_gradient.fit.0.1]guest<-[Party(role=arbiter, party_id=9999)] done
[DEBUG] [2020-11-20 02:38:17,934] [2588:139753512589120] - profile.py[line:87]: [computing#1cd6904fc7]start
[DEBUG] [2020-11-20 02:38:17,989] [2588:139753512589120] - profile.py[line:93]: [computing#1cd6904fc7]done, elapse: 0.05556225776672363, function: count(self: Table(partition=8)) -> int
[DEBUG] [2020-11-20 02:38:17,992] [2588:139753512589120] - profile.py[line:87]: [computing#b4d6f8dc67]start
[DEBUG] [2020-11-20 02:38:18,655] [2588:139753512589120] - profile.py[line:93]: [computing#b4d6f8dc67]done, elapse: 0.663477897644043, function: join(self: Table(partition=8), other: Table(partition=8), func: function) -> Table(partition=8)
[DEBUG] [2020-11-20 02:38:18,658] [2588:139753512589120] - profile.py[line:87]: [computing#b4d6f8dc67]start
[DEBUG] [2020-11-20 02:38:18,751] [2588:139753512589120] - profile.py[line:93]: [computing#b4d6f8dc67]done, elapse: 0.09306144714355469, function: reduce(self: Table(partition=8), func: function) -> PaillierEncryptedNumber
[DEBUG] [2020-11-20 02:38:18,753] [2588:139753512589120] - profile.py[line:87]: [computing#4da9b50303]start
[DEBUG] [2020-11-20 02:38:19,182] [2588:139753512589120] - profile.py[line:93]: [computing#4da9b50303]done, elapse: 0.428485631942749, function: mapValues(self: Table(partition=8), func: function) -> Table(partition=8)
[DEBUG] [2020-11-20 02:38:19,184] [2588:139753512589120] - profile.py[line:87]: [computing#4da9b50303]start
[DEBUG] [2020-11-20 02:38:19,251] [2588:139753512589120] - profile.py[line:93]: [computing#4da9b50303]done, elapse: 0.06645441055297852, function: reduce(self: Table(partition=8), func: function) -> float64
[DEBUG] [2020-11-20 02:38:19,252] [2588:139753512589120] - profile.py[line:237]: [federation.get.federatedml.transfer_variable.transfer_class.hetero_lr_transfer_variable.HeteroLRTransferVariable.loss_intermediate.fit.0.1]guest<-[Party(role=host, party_id=9999)] start
[DEBUG] [2020-11-20 02:38:19,643] [2588:139753512589120] - profile.py[line:216]: [federation.get.federatedml.transfer_variable.transfer_class.hetero_lr_transfer_variable.HeteroLRTransferVariable.loss_intermediate.fit.0.1]guest<-[Party(role=host, party_id=9999)] done
[DEBUG] [2020-11-20 02:38:19,644] [2588:139753512589120] - profile.py[line:237]: [federation.get.federatedml.transfer_variable.transfer_class.hetero_lr_transfer_variable.HeteroLRTransferVariable.host_loss_regular.fit.0.1]guest<-[Party(role=host, party_id=9999)] start
[DEBUG] [2020-11-20 02:38:20,038] [2588:139753512589120] - profile.py[line:216]: [federation.get.federatedml.transfer_variable.transfer_class.hetero_lr_transfer_variable.HeteroLRTransferVariable.host_loss_regular.fit.0.1]guest<-[Party(role=host, party_id=9999)] done
[DEBUG] [2020-11-20 02:38:20,040] [2588:139753512589120] - profile.py[line:87]: [computing#7bdb30bc77]start
[DEBUG] [2020-11-20 02:38:21,499] [2588:139753512589120] - profile.py[line:93]: [computing#7bdb30bc77]done, elapse: 1.4585058689117432, function: join(self: Table(partition=8), other: Table(partition=8), func: function) -> Table(partition=8)
[DEBUG] [2020-11-20 02:38:21,501] [2588:139753512589120] - profile.py[line:87]: [computing#7bdb30bc77]start
[DEBUG] [2020-11-20 02:38:21,571] [2588:139753512589120] - profile.py[line:93]: [computing#7bdb30bc77]done, elapse: 0.07030510902404785, function: reduce(self: Table(partition=8), func: function) -> PaillierEncryptedNumber
[DEBUG] [2020-11-20 02:38:21,577] [2588:139753512589120] - profile.py[line:232]: [federation.remote.federatedml.transfer_variable.transfer_class.hetero_lr_transfer_variable.HeteroLRTransferVariable.loss.fit.0.1]guest->[Party(role=arbiter, party_id=9999)] start
[DEBUG] [2020-11-20 02:38:21,582] [2588:139753512589120] - profile.py[line:185]: [federation.remote.federatedml.transfer_variable.transfer_class.hetero_lr_transfer_variable.HeteroLRTransferVariable.loss.fit.0.1]guest->[Party(role=arbiter, party_id=9999)] done
[DEBUG] [2020-11-20 02:38:21,583] [2588:139753512589120] - profile.py[line:237]: [federation.get.federatedml.transfer_variable.transfer_class.hetero_lr_transfer_variable.HeteroLRTransferVariable.converge_flag.fit.0]guest<-[Party(role=arbiter, party_id=9999)] start
[DEBUG] [2020-11-20 02:38:23,179] [2588:139753512589120] - profile.py[line:216]: [federation.get.federatedml.transfer_variable.transfer_class.hetero_lr_transfer_variable.HeteroLRTransferVariable.converge_flag.fit.0]guest<-[Party(role=arbiter, party_id=9999)] done
[DEBUG] [2020-11-20 02:38:23,186] [2588:139753512589120] - profile.py[line:87]: [computing#2693eaa3b2]start
[DEBUG] [2020-11-20 02:38:23,241] [2588:139753512589120] - profile.py[line:93]: [computing#2693eaa3b2]done, elapse: 0.05477595329284668, function: count(self: Table(partition=8)) -> int
[DEBUG] [2020-11-20 02:38:23,244] [2588:139753512589120] - profile.py[line:87]: [computing#61fcac98ed]start
[DEBUG] [2020-11-20 02:38:23,303] [2588:139753512589120] - profile.py[line:93]: [computing#61fcac98ed]done, elapse: 0.05880236625671387, function: count(self: Table(partition=8)) -> int
[DEBUG] [2020-11-20 02:38:23,306] [2588:139753512589120] - profile.py[line:87]: [computing#38a836f9be]start
[DEBUG] [2020-11-20 02:38:23,626] [2588:139753512589120] - profile.py[line:93]: [computing#38a836f9be]done, elapse: 0.31986117362976074, function: mapValues(self: Table(partition=8), func: function) -> Table(partition=8)
[DEBUG] [2020-11-20 02:38:23,668] [2588:139753512589120] - profile.py[line:87]: [computing#68533ae151]start
[DEBUG] [2020-11-20 02:38:24,737] [2588:139753512589120] - profile.py[line:93]: [computing#68533ae151]done, elapse: 1.0690364837646484, function: mapValues(self: Table(partition=8), func: method) -> Table(partition=8)
[DEBUG] [2020-11-20 02:38:24,739] [2588:139753512589120] - profile.py[line:237]: [federation.get.federatedml.transfer_variable.transfer_class.hetero_lr_transfer_variable.HeteroLRTransferVariable.host_forward_dict.fit.1.0]guest<-[Party(role=host, party_id=9999)] start
[DEBUG] [2020-11-20 02:38:27,979] [2588:139753512589120] - profile.py[line:216]: [federation.get.federatedml.transfer_variable.transfer_class.hetero_lr_transfer_variable.HeteroLRTransferVariable.host_forward_dict.fit.1.0]guest<-[Party(role=host, party_id=9999)] done
[DEBUG] [2020-11-20 02:38:28,174] [2588:139753512589120] - profile.py[line:87]: [computing#dd0084ab2d]start
[DEBUG] [2020-11-20 02:38:28,441] [2588:139753512589120] - profile.py[line:93]: [computing#dd0084ab2d]done, elapse: 0.2672455310821533, function: join(self: Table(partition=8), other: Table(partition=8), func: function) -> Table(partition=8)
[DEBUG] [2020-11-20 02:38:28,444] [2588:139753512589120] - profile.py[line:87]: [computing#daf4731448]start
[DEBUG] [2020-11-20 02:38:28,893] [2588:139753512589120] - profile.py[line:93]: [computing#daf4731448]done, elapse: 0.4495055675506592, function: join(self: Table(partition=8), other: Table(partition=8), func: function) -> Table(partition=8)
[DEBUG] [2020-11-20 02:38:28,894] [2588:139753512589120] - profile.py[line:232]: [federation.remote.federatedml.transfer_variable.transfer_class.hetero_lr_transfer_variable.HeteroLRTransferVariable.fore_gradient.fit.1.0]guest->[Party(role=host, party_id=9999)] start
[DEBUG] [2020-11-20 02:38:28,906] [2588:139753512589120] - profile.py[line:185]: [federation.remote.federatedml.transfer_variable.transfer_class.hetero_lr_transfer_variable.HeteroLRTransferVariable.fore_gradient.fit.1.0]guest->[Party(role=host, party_id=9999)] done
[DEBUG] [2020-11-20 02:38:29,144] [2588:139753512589120] - profile.py[line:87]: [computing#28a71ed10d]start
[DEBUG] [2020-11-20 02:38:29,459] [2588:139753512589120] - profile.py[line:93]: [computing#28a71ed10d]done, elapse: 0.3150310516357422, function: join(self: Table(partition=8), other: Table(partition=8), func: function) -> Table(partition=8)
[DEBUG] [2020-11-20 02:38:29,462] [2588:139753512589120] - profile.py[line:87]: [computing#10a8570d3f]start
[DEBUG] [2020-11-20 02:38:29,648] [2588:139753512589120] - profile.py[line:93]: [computing#10a8570d3f]done, elapse: 0.18626928329467773, function: first(self: Table(partition=8)) -> tuple
[DEBUG] [2020-11-20 02:38:29,651] [2588:139753512589120] - profile.py[line:87]: [computing#e1a0e8d7a9]start
[DEBUG] [2020-11-20 02:38:30,387] [2588:139753512589120] - profile.py[line:93]: [computing#e1a0e8d7a9]done, elapse: 0.7362306118011475, function: applyPartitions(self: Table(partition=8), func: partial) -> Table(partition=8)
[DEBUG] [2020-11-20 02:38:30,390] [2588:139753512589120] - profile.py[line:87]: [computing#2077a42ec1]start
[DEBUG] [2020-11-20 02:38:30,468] [2588:139753512589120] - profile.py[line:93]: [computing#2077a42ec1]done, elapse: 0.07835936546325684, function: reduce(self: Table(partition=8), func: function) -> ndarray
[DEBUG] [2020-11-20 02:38:30,471] [2588:139753512589120] - profile.py[line:87]: [computing#52f3057047]start
[DEBUG] [2020-11-20 02:38:30,530] [2588:139753512589120] - profile.py[line:93]: [computing#52f3057047]done, elapse: 0.05855894088745117, function: count(self: Table(partition=8)) -> int
[DEBUG] [2020-11-20 02:38:30,538] [2588:139753512589120] - profile.py[line:232]: [federation.remote.federatedml.transfer_variable.transfer_class.hetero_lr_transfer_variable.HeteroLRTransferVariable.guest_gradient.fit.1.0]guest->[Party(role=arbiter, party_id=9999)] start
[DEBUG] [2020-11-20 02:38:30,543] [2588:139753512589120] - profile.py[line:185]: [federation.remote.federatedml.transfer_variable.transfer_class.hetero_lr_transfer_variable.HeteroLRTransferVariable.guest_gradient.fit.1.0]guest->[Party(role=arbiter, party_id=9999)] done
[DEBUG] [2020-11-20 02:38:30,544] [2588:139753512589120] - profile.py[line:237]: [federation.get.federatedml.transfer_variable.transfer_class.hetero_lr_transfer_variable.HeteroLRTransferVariable.guest_optim_gradient.fit.1.0]guest<-[Party(role=arbiter, party_id=9999)] start
[DEBUG] [2020-11-20 02:38:37,543] [2588:139753512589120] - profile.py[line:216]: [federation.get.federatedml.transfer_variable.transfer_class.hetero_lr_transfer_variable.HeteroLRTransferVariable.guest_optim_gradient.fit.1.0]guest<-[Party(role=arbiter, party_id=9999)] done
[DEBUG] [2020-11-20 02:38:37,546] [2588:139753512589120] - profile.py[line:87]: [computing#1cd6904fc7]start
[DEBUG] [2020-11-20 02:38:37,602] [2588:139753512589120] - profile.py[line:93]: [computing#1cd6904fc7]done, elapse: 0.055967092514038086, function: count(self: Table(partition=8)) -> int
[DEBUG] [2020-11-20 02:38:37,605] [2588:139753512589120] - profile.py[line:87]: [computing#b4d6f8dc67]start
[DEBUG] [2020-11-20 02:38:38,263] [2588:139753512589120] - profile.py[line:93]: [computing#b4d6f8dc67]done, elapse: 0.6584212779998779, function: join(self: Table(partition=8), other: Table(partition=8), func: function) -> Table(partition=8)
[DEBUG] [2020-11-20 02:38:38,266] [2588:139753512589120] - profile.py[line:87]: [computing#b4d6f8dc67]start
[DEBUG] [2020-11-20 02:38:38,360] [2588:139753512589120] - profile.py[line:93]: [computing#b4d6f8dc67]done, elapse: 0.09452652931213379, function: reduce(self: Table(partition=8), func: function) -> PaillierEncryptedNumber
[DEBUG] [2020-11-20 02:38:38,363] [2588:139753512589120] - profile.py[line:87]: [computing#4da9b50303]start
[DEBUG] [2020-11-20 02:38:38,711] [2588:139753512589120] - profile.py[line:93]: [computing#4da9b50303]done, elapse: 0.3480489253997803, function: mapValues(self: Table(partition=8), func: function) -> Table(partition=8)
[DEBUG] [2020-11-20 02:38:38,713] [2588:139753512589120] - profile.py[line:87]: [computing#4da9b50303]start
[DEBUG] [2020-11-20 02:38:38,793] [2588:139753512589120] - profile.py[line:93]: [computing#4da9b50303]done, elapse: 0.07947444915771484, function: reduce(self: Table(partition=8), func: function) -> float64
[DEBUG] [2020-11-20 02:38:38,794] [2588:139753512589120] - profile.py[line:237]: [federation.get.federatedml.transfer_variable.transfer_class.hetero_lr_transfer_variable.HeteroLRTransferVariable.loss_intermediate.fit.1.0]guest<-[Party(role=host, party_id=9999)] start
[DEBUG] [2020-11-20 02:38:40,179] [2588:139753512589120] - profile.py[line:216]: [federation.get.federatedml.transfer_variable.transfer_class.hetero_lr_transfer_variable.HeteroLRTransferVariable.loss_intermediate.fit.1.0]guest<-[Party(role=host, party_id=9999)] done
[DEBUG] [2020-11-20 02:38:40,180] [2588:139753512589120] - profile.py[line:237]: [federation.get.federatedml.transfer_variable.transfer_class.hetero_lr_transfer_variable.HeteroLRTransferVariable.host_loss_regular.fit.1.0]guest<-[Party(role=host, party_id=9999)] start
[DEBUG] [2020-11-20 02:38:40,551] [2588:139753512589120] - profile.py[line:216]: [federation.get.federatedml.transfer_variable.transfer_class.hetero_lr_transfer_variable.HeteroLRTransferVariable.host_loss_regular.fit.1.0]guest<-[Party(role=host, party_id=9999)] done
[DEBUG] [2020-11-20 02:38:40,554] [2588:139753512589120] - profile.py[line:87]: [computing#7bdb30bc77]start
[DEBUG] [2020-11-20 02:38:40,901] [2588:139753512589120] - profile.py[line:93]: [computing#7bdb30bc77]done, elapse: 0.34700727462768555, function: join(self: Table(partition=8), other: Table(partition=8), func: function) -> Table(partition=8)
[DEBUG] [2020-11-20 02:38:40,903] [2588:139753512589120] - profile.py[line:87]: [computing#7bdb30bc77]start
[DEBUG] [2020-11-20 02:38:41,053] [2588:139753512589120] - profile.py[line:93]: [computing#7bdb30bc77]done, elapse: 0.14944076538085938, function: reduce(self: Table(partition=8), func: function) -> PaillierEncryptedNumber
[DEBUG] [2020-11-20 02:38:41,059] [2588:139753512589120] - profile.py[line:232]: [federation.remote.federatedml.transfer_variable.transfer_class.hetero_lr_transfer_variable.HeteroLRTransferVariable.loss.fit.1.0]guest->[Party(role=arbiter, party_id=9999)] start
[DEBUG] [2020-11-20 02:38:41,075] [2588:139753512589120] - profile.py[line:185]: [federation.remote.federatedml.transfer_variable.transfer_class.hetero_lr_transfer_variable.HeteroLRTransferVariable.loss.fit.1.0]guest->[Party(role=arbiter, party_id=9999)] done
[DEBUG] [2020-11-20 02:38:41,081] [2588:139753512589120] - profile.py[line:87]: [computing#2693eaa3b2]start
[DEBUG] [2020-11-20 02:38:41,146] [2588:139753512589120] - profile.py[line:93]: [computing#2693eaa3b2]done, elapse: 0.06489944458007812, function: count(self: Table(partition=8)) -> int
[DEBUG] [2020-11-20 02:38:41,148] [2588:139753512589120] - profile.py[line:87]: [computing#61fcac98ed]start
[DEBUG] [2020-11-20 02:38:41,202] [2588:139753512589120] - profile.py[line:93]: [computing#61fcac98ed]done, elapse: 0.0534663200378418, function: count(self: Table(partition=8)) -> int
[DEBUG] [2020-11-20 02:38:41,205] [2588:139753512589120] - profile.py[line:87]: [computing#38a836f9be]start
[DEBUG] [2020-11-20 02:38:41,449] [2588:139753512589120] - profile.py[line:93]: [computing#38a836f9be]done, elapse: 0.2438523769378662, function: mapValues(self: Table(partition=8), func: function) -> Table(partition=8)
[DEBUG] [2020-11-20 02:38:41,452] [2588:139753512589120] - profile.py[line:87]: [computing#68533ae151]start
[DEBUG] [2020-11-20 02:38:42,188] [2588:139753512589120] - profile.py[line:93]: [computing#68533ae151]done, elapse: 0.7362651824951172, function: mapValues(self: Table(partition=8), func: method) -> Table(partition=8)
[DEBUG] [2020-11-20 02:38:42,190] [2588:139753512589120] - profile.py[line:237]: [federation.get.federatedml.transfer_variable.transfer_class.hetero_lr_transfer_variable.HeteroLRTransferVariable.host_forward_dict.fit.1.1]guest<-[Party(role=host, party_id=9999)] start
[DEBUG] [2020-11-20 02:38:44,604] [2588:139753512589120] - profile.py[line:216]: [federation.get.federatedml.transfer_variable.transfer_class.hetero_lr_transfer_variable.HeteroLRTransferVariable.host_forward_dict.fit.1.1]guest<-[Party(role=host, party_id=9999)] done
[DEBUG] [2020-11-20 02:38:44,824] [2588:139753512589120] - profile.py[line:87]: [computing#dd0084ab2d]start
[DEBUG] [2020-11-20 02:38:45,147] [2588:139753512589120] - profile.py[line:93]: [computing#dd0084ab2d]done, elapse: 0.3231675624847412, function: join(self: Table(partition=8), other: Table(partition=8), func: function) -> Table(partition=8)
[DEBUG] [2020-11-20 02:38:45,150] [2588:139753512589120] - profile.py[line:87]: [computing#daf4731448]start
[DEBUG] [2020-11-20 02:38:45,665] [2588:139753512589120] - profile.py[line:93]: [computing#daf4731448]done, elapse: 0.5147984027862549, function: join(self: Table(partition=8), other: Table(partition=8), func: function) -> Table(partition=8)
[DEBUG] [2020-11-20 02:38:45,666] [2588:139753512589120] - profile.py[line:232]: [federation.remote.federatedml.transfer_variable.transfer_class.hetero_lr_transfer_variable.HeteroLRTransferVariable.fore_gradient.fit.1.1]guest->[Party(role=host, party_id=9999)] start
[DEBUG] [2020-11-20 02:38:45,679] [2588:139753512589120] - profile.py[line:185]: [federation.remote.federatedml.transfer_variable.transfer_class.hetero_lr_transfer_variable.HeteroLRTransferVariable.fore_gradient.fit.1.1]guest->[Party(role=host, party_id=9999)] done
[DEBUG] [2020-11-20 02:38:45,980] [2588:139753512589120] - profile.py[line:87]: [computing#28a71ed10d]start
[DEBUG] [2020-11-20 02:38:46,317] [2588:139753512589120] - profile.py[line:93]: [computing#28a71ed10d]done, elapse: 0.3368382453918457, function: join(self: Table(partition=8), other: Table(partition=8), func: function) -> Table(partition=8)
[DEBUG] [2020-11-20 02:38:46,320] [2588:139753512589120] - profile.py[line:87]: [computing#10a8570d3f]start
[DEBUG] [2020-11-20 02:38:46,507] [2588:139753512589120] - profile.py[line:93]: [computing#10a8570d3f]done, elapse: 0.1871345043182373, function: first(self: Table(partition=8)) -> tuple
[DEBUG] [2020-11-20 02:38:46,510] [2588:139753512589120] - profile.py[line:87]: [computing#e1a0e8d7a9]start
[DEBUG] [2020-11-20 02:38:47,528] [2588:139753512589120] - profile.py[line:93]: [computing#e1a0e8d7a9]done, elapse: 1.0180811882019043, function: applyPartitions(self: Table(partition=8), func: partial) -> Table(partition=8)
[DEBUG] [2020-11-20 02:38:47,531] [2588:139753512589120] - profile.py[line:87]: [computing#2077a42ec1]start
[DEBUG] [2020-11-20 02:38:47,606] [2588:139753512589120] - profile.py[line:93]: [computing#2077a42ec1]done, elapse: 0.07544231414794922, function: reduce(self: Table(partition=8), func: function) -> ndarray
[DEBUG] [2020-11-20 02:38:47,609] [2588:139753512589120] - profile.py[line:87]: [computing#52f3057047]start
[DEBUG] [2020-11-20 02:38:47,662] [2588:139753512589120] - profile.py[line:93]: [computing#52f3057047]done, elapse: 0.05302286148071289, function: count(self: Table(partition=8)) -> int
[DEBUG] [2020-11-20 02:38:47,670] [2588:139753512589120] - profile.py[line:232]: [federation.remote.federatedml.transfer_variable.transfer_class.hetero_lr_transfer_variable.HeteroLRTransferVariable.guest_gradient.fit.1.1]guest->[Party(role=arbiter, party_id=9999)] start
[DEBUG] [2020-11-20 02:38:47,675] [2588:139753512589120] - profile.py[line:185]: [federation.remote.federatedml.transfer_variable.transfer_class.hetero_lr_transfer_variable.HeteroLRTransferVariable.guest_gradient.fit.1.1]guest->[Party(role=arbiter, party_id=9999)] done
[DEBUG] [2020-11-20 02:38:47,676] [2588:139753512589120] - profile.py[line:237]: [federation.get.federatedml.transfer_variable.transfer_class.hetero_lr_transfer_variable.HeteroLRTransferVariable.guest_optim_gradient.fit.1.1]guest<-[Party(role=arbiter, party_id=9999)] start
[DEBUG] [2020-11-20 02:38:53,944] [2588:139753512589120] - profile.py[line:216]: [federation.get.federatedml.transfer_variable.transfer_class.hetero_lr_transfer_variable.HeteroLRTransferVariable.guest_optim_gradient.fit.1.1]guest<-[Party(role=arbiter, party_id=9999)] done
[DEBUG] [2020-11-20 02:38:53,947] [2588:139753512589120] - profile.py[line:87]: [computing#1cd6904fc7]start
[DEBUG] [2020-11-20 02:38:54,002] [2588:139753512589120] - profile.py[line:93]: [computing#1cd6904fc7]done, elapse: 0.055399179458618164, function: count(self: Table(partition=8)) -> int
[DEBUG] [2020-11-20 02:38:54,005] [2588:139753512589120] - profile.py[line:87]: [computing#b4d6f8dc67]start
[DEBUG] [2020-11-20 02:38:54,630] [2588:139753512589120] - profile.py[line:93]: [computing#b4d6f8dc67]done, elapse: 0.6251168251037598, function: join(self: Table(partition=8), other: Table(partition=8), func: function) -> Table(partition=8)
[DEBUG] [2020-11-20 02:38:54,632] [2588:139753512589120] - profile.py[line:87]: [computing#b4d6f8dc67]start
[DEBUG] [2020-11-20 02:38:54,718] [2588:139753512589120] - profile.py[line:93]: [computing#b4d6f8dc67]done, elapse: 0.08608841896057129, function: reduce(self: Table(partition=8), func: function) -> PaillierEncryptedNumber
[DEBUG] [2020-11-20 02:38:54,721] [2588:139753512589120] - profile.py[line:87]: [computing#4da9b50303]start
[DEBUG] [2020-11-20 02:38:56,759] [2588:139753512589120] - profile.py[line:93]: [computing#4da9b50303]done, elapse: 2.037853956222534, function: mapValues(self: Table(partition=8), func: function) -> Table(partition=8)
[DEBUG] [2020-11-20 02:38:56,761] [2588:139753512589120] - profile.py[line:87]: [computing#4da9b50303]start
[DEBUG] [2020-11-20 02:38:56,834] [2588:139753512589120] - profile.py[line:93]: [computing#4da9b50303]done, elapse: 0.07243919372558594, function: reduce(self: Table(partition=8), func: function) -> float64
[DEBUG] [2020-11-20 02:38:56,835] [2588:139753512589120] - profile.py[line:237]: [federation.get.federatedml.transfer_variable.transfer_class.hetero_lr_transfer_variable.HeteroLRTransferVariable.loss_intermediate.fit.1.1]guest<-[Party(role=host, party_id=9999)] start
[DEBUG] [2020-11-20 02:38:57,224] [2588:139753512589120] - profile.py[line:216]: [federation.get.federatedml.transfer_variable.transfer_class.hetero_lr_transfer_variable.HeteroLRTransferVariable.loss_intermediate.fit.1.1]guest<-[Party(role=host, party_id=9999)] done
[DEBUG] [2020-11-20 02:38:57,224] [2588:139753512589120] - profile.py[line:237]: [federation.get.federatedml.transfer_variable.transfer_class.hetero_lr_transfer_variable.HeteroLRTransferVariable.host_loss_regular.fit.1.1]guest<-[Party(role=host, party_id=9999)] start
[DEBUG] [2020-11-20 02:38:57,612] [2588:139753512589120] - profile.py[line:216]: [federation.get.federatedml.transfer_variable.transfer_class.hetero_lr_transfer_variable.HeteroLRTransferVariable.host_loss_regular.fit.1.1]guest<-[Party(role=host, party_id=9999)] done
[DEBUG] [2020-11-20 02:38:57,614] [2588:139753512589120] - profile.py[line:87]: [computing#7bdb30bc77]start
[DEBUG] [2020-11-20 02:38:58,101] [2588:139753512589120] - profile.py[line:93]: [computing#7bdb30bc77]done, elapse: 0.48630380630493164, function: join(self: Table(partition=8), other: Table(partition=8), func: function) -> Table(partition=8)
[DEBUG] [2020-11-20 02:38:58,111] [2588:139753512589120] - profile.py[line:87]: [computing#7bdb30bc77]start
[DEBUG] [2020-11-20 02:38:58,183] [2588:139753512589120] - profile.py[line:93]: [computing#7bdb30bc77]done, elapse: 0.07221245765686035, function: reduce(self: Table(partition=8), func: function) -> PaillierEncryptedNumber
[DEBUG] [2020-11-20 02:38:58,189] [2588:139753512589120] - profile.py[line:232]: [federation.remote.federatedml.transfer_variable.transfer_class.hetero_lr_transfer_variable.HeteroLRTransferVariable.loss.fit.1.1]guest->[Party(role=arbiter, party_id=9999)] start
[DEBUG] [2020-11-20 02:38:58,194] [2588:139753512589120] - profile.py[line:185]: [federation.remote.federatedml.transfer_variable.transfer_class.hetero_lr_transfer_variable.HeteroLRTransferVariable.loss.fit.1.1]guest->[Party(role=arbiter, party_id=9999)] done
[DEBUG] [2020-11-20 02:38:58,196] [2588:139753512589120] - profile.py[line:237]: [federation.get.federatedml.transfer_variable.transfer_class.hetero_lr_transfer_variable.HeteroLRTransferVariable.converge_flag.fit.1]guest<-[Party(role=arbiter, party_id=9999)] start
[DEBUG] [2020-11-20 02:39:00,277] [2588:139753512589120] - profile.py[line:216]: [federation.get.federatedml.transfer_variable.transfer_class.hetero_lr_transfer_variable.HeteroLRTransferVariable.converge_flag.fit.1]guest<-[Party(role=arbiter, party_id=9999)] done
[DEBUG] [2020-11-20 02:39:00,284] [2588:139753512589120] - profile.py[line:87]: [computing#2693eaa3b2]start
[DEBUG] [2020-11-20 02:39:00,347] [2588:139753512589120] - profile.py[line:93]: [computing#2693eaa3b2]done, elapse: 0.06307554244995117, function: count(self: Table(partition=8)) -> int
[DEBUG] [2020-11-20 02:39:00,350] [2588:139753512589120] - profile.py[line:87]: [computing#61fcac98ed]start
[DEBUG] [2020-11-20 02:39:00,409] [2588:139753512589120] - profile.py[line:93]: [computing#61fcac98ed]done, elapse: 0.05889582633972168, function: count(self: Table(partition=8)) -> int
[DEBUG] [2020-11-20 02:39:00,412] [2588:139753512589120] - profile.py[line:87]: [computing#38a836f9be]start
[DEBUG] [2020-11-20 02:39:00,652] [2588:139753512589120] - profile.py[line:93]: [computing#38a836f9be]done, elapse: 0.23982501029968262, function: mapValues(self: Table(partition=8), func: function) -> Table(partition=8)
[DEBUG] [2020-11-20 02:39:00,655] [2588:139753512589120] - profile.py[line:87]: [computing#68533ae151]start
[DEBUG] [2020-11-20 02:39:01,521] [2588:139753512589120] - profile.py[line:93]: [computing#68533ae151]done, elapse: 0.8657066822052002, function: mapValues(self: Table(partition=8), func: method) -> Table(partition=8)
[DEBUG] [2020-11-20 02:39:01,522] [2588:139753512589120] - profile.py[line:237]: [federation.get.federatedml.transfer_variable.transfer_class.hetero_lr_transfer_variable.HeteroLRTransferVariable.host_forward_dict.fit.2.0]guest<-[Party(role=host, party_id=9999)] start
[DEBUG] [2020-11-20 02:39:05,034] [2588:139753512589120] - profile.py[line:216]: [federation.get.federatedml.transfer_variable.transfer_class.hetero_lr_transfer_variable.HeteroLRTransferVariable.host_forward_dict.fit.2.0]guest<-[Party(role=host, party_id=9999)] done
[DEBUG] [2020-11-20 02:39:05,232] [2588:139753512589120] - profile.py[line:87]: [computing#dd0084ab2d]start
[DEBUG] [2020-11-20 02:39:05,716] [2588:139753512589120] - profile.py[line:93]: [computing#dd0084ab2d]done, elapse: 0.48387813568115234, function: join(self: Table(partition=8), other: Table(partition=8), func: function) -> Table(partition=8)
[DEBUG] [2020-11-20 02:39:05,719] [2588:139753512589120] - profile.py[line:87]: [computing#daf4731448]start
[DEBUG] [2020-11-20 02:39:06,488] [2588:139753512589120] - profile.py[line:93]: [computing#daf4731448]done, elapse: 0.7693033218383789, function: join(self: Table(partition=8), other: Table(partition=8), func: function) -> Table(partition=8)
[DEBUG] [2020-11-20 02:39:06,489] [2588:139753512589120] - profile.py[line:232]: [federation.remote.federatedml.transfer_variable.transfer_class.hetero_lr_transfer_variable.HeteroLRTransferVariable.fore_gradient.fit.2.0]guest->[Party(role=host, party_id=9999)] start
[DEBUG] [2020-11-20 02:39:06,501] [2588:139753512589120] - profile.py[line:185]: [federation.remote.federatedml.transfer_variable.transfer_class.hetero_lr_transfer_variable.HeteroLRTransferVariable.fore_gradient.fit.2.0]guest->[Party(role=host, party_id=9999)] done
[DEBUG] [2020-11-20 02:39:06,817] [2588:139753512589120] - profile.py[line:87]: [computing#28a71ed10d]start
[DEBUG] [2020-11-20 02:39:07,505] [2588:139753512589120] - profile.py[line:93]: [computing#28a71ed10d]done, elapse: 0.6872999668121338, function: join(self: Table(partition=8), other: Table(partition=8), func: function) -> Table(partition=8)
[DEBUG] [2020-11-20 02:39:07,507] [2588:139753512589120] - profile.py[line:87]: [computing#10a8570d3f]start
[DEBUG] [2020-11-20 02:39:07,695] [2588:139753512589120] - profile.py[line:93]: [computing#10a8570d3f]done, elapse: 0.1877577304840088, function: first(self: Table(partition=8)) -> tuple
[DEBUG] [2020-11-20 02:39:07,698] [2588:139753512589120] - profile.py[line:87]: [computing#e1a0e8d7a9]start
[DEBUG] [2020-11-20 02:39:08,432] [2588:139753512589120] - profile.py[line:93]: [computing#e1a0e8d7a9]done, elapse: 0.7348122596740723, function: applyPartitions(self: Table(partition=8), func: partial) -> Table(partition=8)
[DEBUG] [2020-11-20 02:39:08,435] [2588:139753512589120] - profile.py[line:87]: [computing#2077a42ec1]start
[DEBUG] [2020-11-20 02:39:08,509] [2588:139753512589120] - profile.py[line:93]: [computing#2077a42ec1]done, elapse: 0.07357025146484375, function: reduce(self: Table(partition=8), func: function) -> ndarray
[DEBUG] [2020-11-20 02:39:08,511] [2588:139753512589120] - profile.py[line:87]: [computing#52f3057047]start
[DEBUG] [2020-11-20 02:39:08,568] [2588:139753512589120] - profile.py[line:93]: [computing#52f3057047]done, elapse: 0.05678200721740723, function: count(self: Table(partition=8)) -> int
[DEBUG] [2020-11-20 02:39:08,577] [2588:139753512589120] - profile.py[line:232]: [federation.remote.federatedml.transfer_variable.transfer_class.hetero_lr_transfer_variable.HeteroLRTransferVariable.guest_gradient.fit.2.0]guest->[Party(role=arbiter, party_id=9999)] start
[DEBUG] [2020-11-20 02:39:08,582] [2588:139753512589120] - profile.py[line:185]: [federation.remote.federatedml.transfer_variable.transfer_class.hetero_lr_transfer_variable.HeteroLRTransferVariable.guest_gradient.fit.2.0]guest->[Party(role=arbiter, party_id=9999)] done
[DEBUG] [2020-11-20 02:39:08,583] [2588:139753512589120] - profile.py[line:237]: [federation.get.federatedml.transfer_variable.transfer_class.hetero_lr_transfer_variable.HeteroLRTransferVariable.guest_optim_gradient.fit.2.0]guest<-[Party(role=arbiter, party_id=9999)] start
[DEBUG] [2020-11-20 02:39:15,234] [2588:139753512589120] - profile.py[line:216]: [federation.get.federatedml.transfer_variable.transfer_class.hetero_lr_transfer_variable.HeteroLRTransferVariable.guest_optim_gradient.fit.2.0]guest<-[Party(role=arbiter, party_id=9999)] done
[DEBUG] [2020-11-20 02:39:15,237] [2588:139753512589120] - profile.py[line:87]: [computing#1cd6904fc7]start
[DEBUG] [2020-11-20 02:39:15,299] [2588:139753512589120] - profile.py[line:93]: [computing#1cd6904fc7]done, elapse: 0.06256794929504395, function: count(self: Table(partition=8)) -> int
[DEBUG] [2020-11-20 02:39:15,302] [2588:139753512589120] - profile.py[line:87]: [computing#b4d6f8dc67]start
[DEBUG] [2020-11-20 02:39:15,722] [2588:139753512589120] - profile.py[line:93]: [computing#b4d6f8dc67]done, elapse: 0.41976237297058105, function: join(self: Table(partition=8), other: Table(partition=8), func: function) -> Table(partition=8)
[DEBUG] [2020-11-20 02:39:15,724] [2588:139753512589120] - profile.py[line:87]: [computing#b4d6f8dc67]start
[DEBUG] [2020-11-20 02:39:15,807] [2588:139753512589120] - profile.py[line:93]: [computing#b4d6f8dc67]done, elapse: 0.08246469497680664, function: reduce(self: Table(partition=8), func: function) -> PaillierEncryptedNumber
[DEBUG] [2020-11-20 02:39:15,809] [2588:139753512589120] - profile.py[line:87]: [computing#4da9b50303]start
[DEBUG] [2020-11-20 02:39:16,114] [2588:139753512589120] - profile.py[line:93]: [computing#4da9b50303]done, elapse: 0.30492138862609863, function: mapValues(self: Table(partition=8), func: function) -> Table(partition=8)
[DEBUG] [2020-11-20 02:39:16,117] [2588:139753512589120] - profile.py[line:87]: [computing#4da9b50303]start
[DEBUG] [2020-11-20 02:39:16,214] [2588:139753512589120] - profile.py[line:93]: [computing#4da9b50303]done, elapse: 0.09766149520874023, function: reduce(self: Table(partition=8), func: function) -> float64
[DEBUG] [2020-11-20 02:39:16,216] [2588:139753512589120] - profile.py[line:237]: [federation.get.federatedml.transfer_variable.transfer_class.hetero_lr_transfer_variable.HeteroLRTransferVariable.loss_intermediate.fit.2.0]guest<-[Party(role=host, party_id=9999)] start
[DEBUG] [2020-11-20 02:39:16,592] [2588:139753512589120] - profile.py[line:216]: [federation.get.federatedml.transfer_variable.transfer_class.hetero_lr_transfer_variable.HeteroLRTransferVariable.loss_intermediate.fit.2.0]guest<-[Party(role=host, party_id=9999)] done
[DEBUG] [2020-11-20 02:39:16,592] [2588:139753512589120] - profile.py[line:237]: [federation.get.federatedml.transfer_variable.transfer_class.hetero_lr_transfer_variable.HeteroLRTransferVariable.host_loss_regular.fit.2.0]guest<-[Party(role=host, party_id=9999)] start
[DEBUG] [2020-11-20 02:39:16,960] [2588:139753512589120] - profile.py[line:216]: [federation.get.federatedml.transfer_variable.transfer_class.hetero_lr_transfer_variable.HeteroLRTransferVariable.host_loss_regular.fit.2.0]guest<-[Party(role=host, party_id=9999)] done
[DEBUG] [2020-11-20 02:39:16,962] [2588:139753512589120] - profile.py[line:87]: [computing#7bdb30bc77]start
[DEBUG] [2020-11-20 02:39:18,871] [2588:139753512589120] - profile.py[line:93]: [computing#7bdb30bc77]done, elapse: 1.909001350402832, function: join(self: Table(partition=8), other: Table(partition=8), func: function) -> Table(partition=8)
[DEBUG] [2020-11-20 02:39:18,874] [2588:139753512589120] - profile.py[line:87]: [computing#7bdb30bc77]start
[DEBUG] [2020-11-20 02:39:19,016] [2588:139753512589120] - profile.py[line:93]: [computing#7bdb30bc77]done, elapse: 0.141981840133667, function: reduce(self: Table(partition=8), func: function) -> PaillierEncryptedNumber
[DEBUG] [2020-11-20 02:39:19,022] [2588:139753512589120] - profile.py[line:232]: [federation.remote.federatedml.transfer_variable.transfer_class.hetero_lr_transfer_variable.HeteroLRTransferVariable.loss.fit.2.0]guest->[Party(role=arbiter, party_id=9999)] start
[DEBUG] [2020-11-20 02:39:19,026] [2588:139753512589120] - profile.py[line:185]: [federation.remote.federatedml.transfer_variable.transfer_class.hetero_lr_transfer_variable.HeteroLRTransferVariable.loss.fit.2.0]guest->[Party(role=arbiter, party_id=9999)] done
[DEBUG] [2020-11-20 02:39:19,029] [2588:139753512589120] - profile.py[line:87]: [computing#2693eaa3b2]start
[DEBUG] [2020-11-20 02:39:19,158] [2588:139753512589120] - profile.py[line:93]: [computing#2693eaa3b2]done, elapse: 0.12864255905151367, function: count(self: Table(partition=8)) -> int
[DEBUG] [2020-11-20 02:39:19,193] [2588:139753512589120] - profile.py[line:87]: [computing#61fcac98ed]start
[DEBUG] [2020-11-20 02:39:19,270] [2588:139753512589120] - profile.py[line:93]: [computing#61fcac98ed]done, elapse: 0.07720184326171875, function: count(self: Table(partition=8)) -> int
[DEBUG] [2020-11-20 02:39:19,274] [2588:139753512589120] - profile.py[line:87]: [computing#38a836f9be]start
[DEBUG] [2020-11-20 02:39:19,601] [2588:139753512589120] - profile.py[line:93]: [computing#38a836f9be]done, elapse: 0.32678985595703125, function: mapValues(self: Table(partition=8), func: function) -> Table(partition=8)
[DEBUG] [2020-11-20 02:39:19,610] [2588:139753512589120] - profile.py[line:87]: [computing#68533ae151]start
[DEBUG] [2020-11-20 02:39:20,350] [2588:139753512589120] - profile.py[line:93]: [computing#68533ae151]done, elapse: 0.7403182983398438, function: mapValues(self: Table(partition=8), func: method) -> Table(partition=8)
[DEBUG] [2020-11-20 02:39:20,351] [2588:139753512589120] - profile.py[line:237]: [federation.get.federatedml.transfer_variable.transfer_class.hetero_lr_transfer_variable.HeteroLRTransferVariable.host_forward_dict.fit.2.1]guest<-[Party(role=host, party_id=9999)] start
[DEBUG] [2020-11-20 02:39:20,547] [2588:139753512589120] - profile.py[line:216]: [federation.get.federatedml.transfer_variable.transfer_class.hetero_lr_transfer_variable.HeteroLRTransferVariable.host_forward_dict.fit.2.1]guest<-[Party(role=host, party_id=9999)] done
[DEBUG] [2020-11-20 02:39:20,749] [2588:139753512589120] - profile.py[line:87]: [computing#dd0084ab2d]start
[DEBUG] [2020-11-20 02:39:21,020] [2588:139753512589120] - profile.py[line:93]: [computing#dd0084ab2d]done, elapse: 0.27166748046875, function: join(self: Table(partition=8), other: Table(partition=8), func: function) -> Table(partition=8)
[DEBUG] [2020-11-20 02:39:21,023] [2588:139753512589120] - profile.py[line:87]: [computing#daf4731448]start
[DEBUG] [2020-11-20 02:39:21,528] [2588:139753512589120] - profile.py[line:93]: [computing#daf4731448]done, elapse: 0.5049123764038086, function: join(self: Table(partition=8), other: Table(partition=8), func: function) -> Table(partition=8)
[DEBUG] [2020-11-20 02:39:21,529] [2588:139753512589120] - profile.py[line:232]: [federation.remote.federatedml.transfer_variable.transfer_class.hetero_lr_transfer_variable.HeteroLRTransferVariable.fore_gradient.fit.2.1]guest->[Party(role=host, party_id=9999)] start
[DEBUG] [2020-11-20 02:39:21,541] [2588:139753512589120] - profile.py[line:185]: [federation.remote.federatedml.transfer_variable.transfer_class.hetero_lr_transfer_variable.HeteroLRTransferVariable.fore_gradient.fit.2.1]guest->[Party(role=host, party_id=9999)] done
[DEBUG] [2020-11-20 02:39:21,791] [2588:139753512589120] - profile.py[line:87]: [computing#28a71ed10d]start
[DEBUG] [2020-11-20 02:39:22,367] [2588:139753512589120] - profile.py[line:93]: [computing#28a71ed10d]done, elapse: 0.5758922100067139, function: join(self: Table(partition=8), other: Table(partition=8), func: function) -> Table(partition=8)
[DEBUG] [2020-11-20 02:39:22,370] [2588:139753512589120] - profile.py[line:87]: [computing#10a8570d3f]start
[DEBUG] [2020-11-20 02:39:22,573] [2588:139753512589120] - profile.py[line:93]: [computing#10a8570d3f]done, elapse: 0.20264101028442383, function: first(self: Table(partition=8)) -> tuple
[DEBUG] [2020-11-20 02:39:22,575] [2588:139753512589120] - profile.py[line:87]: [computing#e1a0e8d7a9]start
[DEBUG] [2020-11-20 02:39:23,803] [2588:139753512589120] - profile.py[line:93]: [computing#e1a0e8d7a9]done, elapse: 1.2280051708221436, function: applyPartitions(self: Table(partition=8), func: partial) -> Table(partition=8)
[DEBUG] [2020-11-20 02:39:23,806] [2588:139753512589120] - profile.py[line:87]: [computing#2077a42ec1]start
[DEBUG] [2020-11-20 02:39:23,880] [2588:139753512589120] - profile.py[line:93]: [computing#2077a42ec1]done, elapse: 0.07427310943603516, function: reduce(self: Table(partition=8), func: function) -> ndarray
[DEBUG] [2020-11-20 02:39:23,883] [2588:139753512589120] - profile.py[line:87]: [computing#52f3057047]start
[DEBUG] [2020-11-20 02:39:23,940] [2588:139753512589120] - profile.py[line:93]: [computing#52f3057047]done, elapse: 0.05771970748901367, function: count(self: Table(partition=8)) -> int
[DEBUG] [2020-11-20 02:39:23,949] [2588:139753512589120] - profile.py[line:232]: [federation.remote.federatedml.transfer_variable.transfer_class.hetero_lr_transfer_variable.HeteroLRTransferVariable.guest_gradient.fit.2.1]guest->[Party(role=arbiter, party_id=9999)] start
[DEBUG] [2020-11-20 02:39:23,955] [2588:139753512589120] - profile.py[line:185]: [federation.remote.federatedml.transfer_variable.transfer_class.hetero_lr_transfer_variable.HeteroLRTransferVariable.guest_gradient.fit.2.1]guest->[Party(role=arbiter, party_id=9999)] done
[DEBUG] [2020-11-20 02:39:23,956] [2588:139753512589120] - profile.py[line:237]: [federation.get.federatedml.transfer_variable.transfer_class.hetero_lr_transfer_variable.HeteroLRTransferVariable.guest_optim_gradient.fit.2.1]guest<-[Party(role=arbiter, party_id=9999)] start
[DEBUG] [2020-11-20 02:39:29,804] [2588:139753512589120] - profile.py[line:216]: [federation.get.federatedml.transfer_variable.transfer_class.hetero_lr_transfer_variable.HeteroLRTransferVariable.guest_optim_gradient.fit.2.1]guest<-[Party(role=arbiter, party_id=9999)] done
[DEBUG] [2020-11-20 02:39:29,806] [2588:139753512589120] - profile.py[line:87]: [computing#1cd6904fc7]start
[DEBUG] [2020-11-20 02:39:29,858] [2588:139753512589120] - profile.py[line:93]: [computing#1cd6904fc7]done, elapse: 0.05138564109802246, function: count(self: Table(partition=8)) -> int
[DEBUG] [2020-11-20 02:39:29,860] [2588:139753512589120] - profile.py[line:87]: [computing#b4d6f8dc67]start
[DEBUG] [2020-11-20 02:39:30,221] [2588:139753512589120] - profile.py[line:93]: [computing#b4d6f8dc67]done, elapse: 0.3603556156158447, function: join(self: Table(partition=8), other: Table(partition=8), func: function) -> Table(partition=8)
[DEBUG] [2020-11-20 02:39:30,231] [2588:139753512589120] - profile.py[line:87]: [computing#b4d6f8dc67]start
[DEBUG] [2020-11-20 02:39:30,309] [2588:139753512589120] - profile.py[line:93]: [computing#b4d6f8dc67]done, elapse: 0.07775735855102539, function: reduce(self: Table(partition=8), func: function) -> PaillierEncryptedNumber
[DEBUG] [2020-11-20 02:39:30,311] [2588:139753512589120] - profile.py[line:87]: [computing#4da9b50303]start
[DEBUG] [2020-11-20 02:39:30,618] [2588:139753512589120] - profile.py[line:93]: [computing#4da9b50303]done, elapse: 0.30681610107421875, function: mapValues(self: Table(partition=8), func: function) -> Table(partition=8)
[DEBUG] [2020-11-20 02:39:30,621] [2588:139753512589120] - profile.py[line:87]: [computing#4da9b50303]start
[DEBUG] [2020-11-20 02:39:30,679] [2588:139753512589120] - profile.py[line:93]: [computing#4da9b50303]done, elapse: 0.058573246002197266, function: reduce(self: Table(partition=8), func: function) -> float64
[DEBUG] [2020-11-20 02:39:30,680] [2588:139753512589120] - profile.py[line:237]: [federation.get.federatedml.transfer_variable.transfer_class.hetero_lr_transfer_variable.HeteroLRTransferVariable.loss_intermediate.fit.2.1]guest<-[Party(role=host, party_id=9999)] start
[DEBUG] [2020-11-20 02:39:31,537] [2588:139753512589120] - profile.py[line:216]: [federation.get.federatedml.transfer_variable.transfer_class.hetero_lr_transfer_variable.HeteroLRTransferVariable.loss_intermediate.fit.2.1]guest<-[Party(role=host, party_id=9999)] done
[DEBUG] [2020-11-20 02:39:31,538] [2588:139753512589120] - profile.py[line:237]: [federation.get.federatedml.transfer_variable.transfer_class.hetero_lr_transfer_variable.HeteroLRTransferVariable.host_loss_regular.fit.2.1]guest<-[Party(role=host, party_id=9999)] start
[DEBUG] [2020-11-20 02:39:31,960] [2588:139753512589120] - profile.py[line:216]: [federation.get.federatedml.transfer_variable.transfer_class.hetero_lr_transfer_variable.HeteroLRTransferVariable.host_loss_regular.fit.2.1]guest<-[Party(role=host, party_id=9999)] done
[DEBUG] [2020-11-20 02:39:31,962] [2588:139753512589120] - profile.py[line:87]: [computing#7bdb30bc77]start
[DEBUG] [2020-11-20 02:39:32,300] [2588:139753512589120] - profile.py[line:93]: [computing#7bdb30bc77]done, elapse: 0.33803248405456543, function: join(self: Table(partition=8), other: Table(partition=8), func: function) -> Table(partition=8)
[DEBUG] [2020-11-20 02:39:32,305] [2588:139753512589120] - profile.py[line:87]: [computing#7bdb30bc77]start
[DEBUG] [2020-11-20 02:39:32,444] [2588:139753512589120] - profile.py[line:93]: [computing#7bdb30bc77]done, elapse: 0.13965988159179688, function: reduce(self: Table(partition=8), func: function) -> PaillierEncryptedNumber
[DEBUG] [2020-11-20 02:39:32,461] [2588:139753512589120] - profile.py[line:232]: [federation.remote.federatedml.transfer_variable.transfer_class.hetero_lr_transfer_variable.HeteroLRTransferVariable.loss.fit.2.1]guest->[Party(role=arbiter, party_id=9999)] start
[DEBUG] [2020-11-20 02:39:32,493] [2588:139753512589120] - profile.py[line:185]: [federation.remote.federatedml.transfer_variable.transfer_class.hetero_lr_transfer_variable.HeteroLRTransferVariable.loss.fit.2.1]guest->[Party(role=arbiter, party_id=9999)] done
[DEBUG] [2020-11-20 02:39:32,494] [2588:139753512589120] - profile.py[line:237]: [federation.get.federatedml.transfer_variable.transfer_class.hetero_lr_transfer_variable.HeteroLRTransferVariable.converge_flag.fit.2]guest<-[Party(role=arbiter, party_id=9999)] start
[DEBUG] [2020-11-20 02:39:34,448] [2588:139753512589120] - profile.py[line:216]: [federation.get.federatedml.transfer_variable.transfer_class.hetero_lr_transfer_variable.HeteroLRTransferVariable.converge_flag.fit.2]guest<-[Party(role=arbiter, party_id=9999)] done
[DEBUG] [2020-11-20 02:39:34,456] [2588:139753512589120] - profile.py[line:84]: [computing#ee81c7eeaf]function_stack: [io_check.py:28]_func <-[model_base.py:101]run
[DEBUG] [2020-11-20 02:39:34,456] [2588:139753512589120] - profile.py[line:87]: [computing#ee81c7eeaf]start
[DEBUG] [2020-11-20 02:39:34,509] [2588:139753512589120] - profile.py[line:93]: [computing#ee81c7eeaf]done, elapse: 0.05362892150878906, function: count(self: Table(partition=8)) -> int
[DEBUG] [2020-11-20 02:39:34,513] [2588:139753512589120] - profile.py[line:84]: [computing#87be555df9]function_stack: [abnormal_detection.py:27]empty_table_detection <-[linear_model_base.py:134]_abnormal_detection <-[hetero_lr_guest.py:172]predict <-[io_check.py:31]_func <-[model_base.py:101]run
[DEBUG] [2020-11-20 02:39:34,514] [2588:139753512589120] - profile.py[line:87]: [computing#87be555df9]start
[DEBUG] [2020-11-20 02:39:34,567] [2588:139753512589120] - profile.py[line:93]: [computing#87be555df9]done, elapse: 0.05437731742858887, function: count(self: Table(partition=8)) -> int
[DEBUG] [2020-11-20 02:39:34,571] [2588:139753512589120] - profile.py[line:84]: [computing#2d2f4a174c]function_stack: [data_overview.py:27]get_features_shape <-[data_overview.py:105]is_empty_feature <-[abnormal_detection.py:33]empty_feature_detection <-[linear_model_base.py:135]_abnormal_detection <-[hetero_lr_guest.py:172]predict <-[io_check.py:31]_func <-[model_base.py:101]run
[DEBUG] [2020-11-20 02:39:34,571] [2588:139753512589120] - profile.py[line:87]: [computing#2d2f4a174c]start
[DEBUG] [2020-11-20 02:39:34,763] [2588:139753512589120] - profile.py[line:93]: [computing#2d2f4a174c]done, elapse: 0.1924276351928711, function: first(self: Table(partition=8)) -> tuple
[DEBUG] [2020-11-20 02:39:34,768] [2588:139753512589120] - profile.py[line:84]: [computing#6c9468e815]function_stack: [base_logistic_regression.py:50]compute_wx <-[hetero_lr_guest.py:179]predict <-[io_check.py:31]_func <-[model_base.py:101]run
[DEBUG] [2020-11-20 02:39:34,769] [2588:139753512589120] - profile.py[line:87]: [computing#6c9468e815]start
[DEBUG] [2020-11-20 02:39:35,450] [2588:139753512589120] - profile.py[line:93]: [computing#6c9468e815]done, elapse: 0.682077169418335, function: mapValues(self: Table(partition=8), func: function) -> Table(partition=8)
[DEBUG] [2020-11-20 02:39:35,451] [2588:139753512589120] - profile.py[line:237]: [federation.get.federatedml.transfer_variable.transfer_class.hetero_lr_transfer_variable.HeteroLRTransferVariable.host_prob.validate]guest<-[Party(role=host, party_id=9999)] start
[DEBUG] [2020-11-20 02:39:36,762] [2588:139753512589120] - profile.py[line:216]: [federation.get.federatedml.transfer_variable.transfer_class.hetero_lr_transfer_variable.HeteroLRTransferVariable.host_prob.validate]guest<-[Party(role=host, party_id=9999)] done
[DEBUG] [2020-11-20 02:39:36,765] [2588:139753512589120] - profile.py[line:84]: [computing#799c28c911]function_stack: [hetero_lr_guest.py:186]predict <-[io_check.py:31]_func <-[model_base.py:101]run
[DEBUG] [2020-11-20 02:39:36,766] [2588:139753512589120] - profile.py[line:87]: [computing#799c28c911]start
[DEBUG] [2020-11-20 02:39:37,195] [2588:139753512589120] - profile.py[line:93]: [computing#799c28c911]done, elapse: 0.42992663383483887, function: join(self: Table(partition=8), other: Table(partition=8), func: function) -> Table(partition=8)
[DEBUG] [2020-11-20 02:39:37,197] [2588:139753512589120] - profile.py[line:84]: [computing#16cb2093d4]function_stack: [hetero_lr_guest.py:187]predict <-[io_check.py:31]_func <-[model_base.py:101]run
[DEBUG] [2020-11-20 02:39:37,198] [2588:139753512589120] - profile.py[line:87]: [computing#16cb2093d4]start
[DEBUG] [2020-11-20 02:39:38,330] [2588:139753512589120] - profile.py[line:93]: [computing#16cb2093d4]done, elapse: 1.1322870254516602, function: mapValues(self: Table(partition=8), func: function) -> Table(partition=8)
[DEBUG] [2020-11-20 02:39:38,332] [2588:139753512589120] - profile.py[line:84]: [computing#a44643d72a]function_stack: [model_base.py:216]predict_score_to_output <-[hetero_lr_guest.py:196]predict <-[io_check.py:31]_func <-[model_base.py:101]run
[DEBUG] [2020-11-20 02:39:38,333] [2588:139753512589120] - profile.py[line:87]: [computing#a44643d72a]start
[DEBUG] [2020-11-20 02:39:39,108] [2588:139753512589120] - profile.py[line:93]: [computing#a44643d72a]done, elapse: 0.775853157043457, function: mapValues(self: Table(partition=8), func: function) -> Table(partition=8)
[DEBUG] [2020-11-20 02:39:39,111] [2588:139753512589120] - profile.py[line:84]: [computing#64886a5617]function_stack: [model_base.py:217]predict_score_to_output <-[hetero_lr_guest.py:196]predict <-[io_check.py:31]_func <-[model_base.py:101]run
[DEBUG] [2020-11-20 02:39:39,111] [2588:139753512589120] - profile.py[line:87]: [computing#64886a5617]start
[DEBUG] [2020-11-20 02:39:40,224] [2588:139753512589120] - profile.py[line:93]: [computing#64886a5617]done, elapse: 1.1130130290985107, function: mapValues(self: Table(partition=8), func: function) -> Table(partition=8)
[DEBUG] [2020-11-20 02:39:40,226] [2588:139753512589120] - profile.py[line:84]: [computing#6bfcd3826c]function_stack: [model_base.py:218]predict_score_to_output <-[hetero_lr_guest.py:196]predict <-[io_check.py:31]_func <-[model_base.py:101]run
[DEBUG] [2020-11-20 02:39:40,227] [2588:139753512589120] - profile.py[line:87]: [computing#6bfcd3826c]start
[DEBUG] [2020-11-20 02:39:41,625] [2588:139753512589120] - profile.py[line:93]: [computing#6bfcd3826c]done, elapse: 1.3991293907165527, function: join(self: Table(partition=8), other: Table(partition=8), func: function) -> Table(partition=8)
[DEBUG] [2020-11-20 02:39:41,628] [2588:139753512589120] - profile.py[line:84]: [computing#4fa93b6b86]function_stack: [model_base.py:220]predict_score_to_output <-[hetero_lr_guest.py:196]predict <-[io_check.py:31]_func <-[model_base.py:101]run
[DEBUG] [2020-11-20 02:39:41,629] [2588:139753512589120] - profile.py[line:87]: [computing#4fa93b6b86]start
[DEBUG] [2020-11-20 02:39:42,331] [2588:139753512589120] - profile.py[line:93]: [computing#4fa93b6b86]done, elapse: 0.7026007175445557, function: join(self: Table(partition=8), other: Table(partition=8), func: function) -> Table(partition=8)
[DEBUG] [2020-11-20 02:39:42,333] [2588:139753512589120] - profile.py[line:84]: [computing#57aae4ba1c]function_stack: [io_check.py:34]_func <-[model_base.py:101]run
[DEBUG] [2020-11-20 02:39:42,333] [2588:139753512589120] - profile.py[line:87]: [computing#57aae4ba1c]start
[DEBUG] [2020-11-20 02:39:42,391] [2588:139753512589120] - profile.py[line:93]: [computing#57aae4ba1c]done, elapse: 0.058565378189086914, function: count(self: Table(partition=8)) -> int
[DEBUG] [2020-11-20 02:39:42,395] [2588:139753512589120] - profile.py[line:84]: [computing#6b13afccb8]function_stack: [component_properties.py:319]union_data <-[model_base.py:98]run
[DEBUG] [2020-11-20 02:39:42,395] [2588:139753512589120] - profile.py[line:87]: [computing#6b13afccb8]start
[DEBUG] [2020-11-20 02:39:42,639] [2588:139753512589120] - profile.py[line:93]: [computing#6b13afccb8]done, elapse: 0.2440319061279297, function: mapValues(self: Table(partition=8), func: function) -> Table(partition=8)
[INFO] [2020-11-20 02:39:45,518] [2588:139753512589120] - profile.py[line:249]: 
Computing:
+----------+----------------------------------------------------+
| function |     function       n    sum(s)   mean(s)   max(s)  |
|          | ----------------- ---- -------- --------- -------- |
|          |       join         47   24.694    0.525    1.909   |
|          |     mapValues      31   17.633    0.569    2.038   |
|          |  applyPartitions   9    13.653    1.517    7.872   |
|          |    parallelize     2    4.516     2.258    2.606   |
|          |       first        9    2.306     0.256    0.715   |
|          |       count        31   2.079     0.067    0.277   |
|          |      reduce        7    0.499     0.071    0.078   |
|          |       load         1    0.292     0.292    0.292   |
|          |      collect       1    0.004     0.004    0.004   |
+----------+----------------------------------------------------+
|  total   |    n=138, sum=65.6755, mean=0.4759, max=7.8720     |
+----------+----------------------------------------------------+

Federation:
+--------+-------------------------------------------------------------------------------------------------------------+
|  get   |                                    name                                    | n | sum(s) | mean(s) | max(s)  |
|        | ---------------------------------------------------------------------------+---+--------+---------+-------- |
|        |  federatedml.transfer_variable.transfer_class.hetero_lr_transfer_variable. | 6 | 36.279 |  6.047  | 6.999   |
|        |                HeteroLRTransferVariable.guest_optim_gradient               |   |        |         |         |
|        | ---------------------------------------------------------------------------+---+--------+---------+-------- |
|        |  federatedml.transfer_variable.transfer_class.hetero_lr_transfer_variable. | 6 | 22.526 |  3.754  | 12.748  |
|        |                 HeteroLRTransferVariable.host_forward_dict                 |   |        |         |         |
|        | ---------------------------------------------------------------------------+---+--------+---------+-------- |
|        |  federatedml.transfer_variable.transfer_class.hetero_lr_transfer_variable. | 3 | 5.627  |  1.876  | 2.079   |
|        |                   HeteroLRTransferVariable.converge_flag                   |   |        |         |         |
|        | ---------------------------------------------------------------------------+---+--------+---------+-------- |
|        |  federatedml.transfer_variable.transfer_class.hetero_lr_transfer_variable. | 1 | 4.873  |  4.873  | 4.873   |
|        |                  HeteroLRTransferVariable.paillier_pubkey                  |   |        |         |         |
|        | ---------------------------------------------------------------------------+---+--------+---------+-------- |
|        |  federatedml.transfer_variable.transfer_class.hetero_lr_transfer_variable. | 6 | 3.938  |  0.656  | 1.384   |
|        |                 HeteroLRTransferVariable.loss_intermediate                 |   |        |         |         |
|        | ---------------------------------------------------------------------------+---+--------+---------+-------- |
|        |  federatedml.transfer_variable.transfer_class.hetero_lr_transfer_variable. | 6 | 2.343  |  0.39   | 0.422   |
|        |                 HeteroLRTransferVariable.host_loss_regular                 |   |        |         |         |
|        | ---------------------------------------------------------------------------+---+--------+---------+-------- |
|        |  federatedml.transfer_variable.transfer_class.hetero_lr_transfer_variable. | 1 |  1.31  |  1.31   |  1.31   |
|        |                     HeteroLRTransferVariable.host_prob                     |   |        |         |         |
+--------+-------------------------------------------------------------------------------------------------------------+
| remote |                                    name                                    | n | sum(s) | mean(s) | max(s)  |
|        | ---------------------------------------------------------------------------+---+--------+---------+-------- |
|        |  federatedml.transfer_variable.transfer_class.hetero_lr_transfer_variable. | 2 | 0.066  |  0.033  | 0.059   |
|        |                  HeteroLRTransferVariable.batch_data_index                 |   |        |         |         |
|        | ---------------------------------------------------------------------------+---+--------+---------+-------- |
|        |  federatedml.transfer_variable.transfer_class.hetero_lr_transfer_variable. | 6 | 0.064  |  0.011  | 0.013   |
|        |                   HeteroLRTransferVariable.fore_gradient                   |   |        |         |         |
|        | ---------------------------------------------------------------------------+---+--------+---------+-------- |
|        |  federatedml.transfer_variable.transfer_class.hetero_lr_transfer_variable. | 6 | 0.055  |  0.009  | 0.029   |
|        |                        HeteroLRTransferVariable.loss                       |   |        |         |         |
|        | ---------------------------------------------------------------------------+---+--------+---------+-------- |
|        |  federatedml.transfer_variable.transfer_class.hetero_lr_transfer_variable. | 2 | 0.044  |  0.022  | 0.028   |
|        |                     HeteroLRTransferVariable.batch_info                    |   |        |         |         |
|        | ---------------------------------------------------------------------------+---+--------+---------+-------- |
|        |  federatedml.transfer_variable.transfer_class.one_vs_rest_transfer_variabl | 2 | 0.031  |  0.015  | 0.022   |
|        |                e.OneVsRestTransferVariable.aggregate_classes               |   |        |         |         |
|        | ---------------------------------------------------------------------------+---+--------+---------+-------- |
|        |  federatedml.transfer_variable.transfer_class.hetero_lr_transfer_variable. | 6 | 0.026  |  0.004  | 0.005   |
|        |                   HeteroLRTransferVariable.guest_gradient                  |   |        |         |         |
+--------+-------------------------------------------------------------------------------------------------------------+
| total  |                                 n=53, sum=77.1816, mean=1.4563, max=12.7480                                 |
+--------+-------------------------------------------------------------------------------------------------------------+

