[INFO] [2020-11-20 02:37:01,569] [2588:139753512589120] - control_client.py[line:42]: request update job 202011200231350021282 task 202011200231350021282_hetero_lr_0 0 on guest 10000
[DEBUG] [2020-11-20 02:37:07,057] [2588:139753512589120] - _federation.py[line:35]: [federation.eggroll]init federation: rp_session_id=202011200231350021282_hetero_lr_0_0_guest_10000, rs_session_id=202011200231350021282_hetero_lr_0_0, party=Party(role=guest, party_id=10000), proxy_endpoint=rollsite:9370
[DEBUG] [2020-11-20 02:37:07,060] [2588:139753512589120] - _federation.py[line:45]: [federation.eggroll]init federation context done
[INFO] [2020-11-20 02:37:07,065] [2588:139753512589120] - tracker_client.py[line:150]: Request read job 202011200231350021282 task None None on guest 10000 data train info
[INFO] [2020-11-20 02:37:07,166] [2588:139753512589120] - task_executor.py[line:260]: load computing table use 8
[DEBUG] [2020-11-20 02:37:16,816] [2588:139753512589120] - encrypt_param.py[line:71]: Finish encrypt parameter check!
[DEBUG] [2020-11-20 02:37:16,817] [2588:139753512589120] - predict_param.py[line:44]: Finish predict parameter check!
[DEBUG] [2020-11-20 02:37:16,818] [2588:139753512589120] - component_properties.py[line:73]: {'HeteroLogisticParam': {'penalty': 'L2', 'tol': 0.0001, 'alpha': 0.01, 'optimizer': 'rmsprop', 'batch_size': 320, 'learning_rate': 0.15, 'init_param': {'init_method': 'random_uniform', 'init_const': 1, 'fit_intercept': True, 'random_seed': None}, 'max_iter': 3, 'early_stop': 'diff', 'encrypt_param': {'method': 'Paillier', 'key_length': 1024}, 'predict_param': {'threshold': 0.5}, 'cv_param': {'n_splits': 5, 'mode': 'hetero', 'role': 'guest', 'shuffle': True, 'random_seed': 1, 'need_cv': False}, 'decay': 1, 'decay_sqrt': True, 'multi_class': 'ovr', 'validation_freqs': None, 'stepwise_param': {'score_name': 'AIC', 'mode': 'hetero', 'role': 'guest', 'direction': 'both', 'max_step': 10, 'nvmin': 2, 'nvmax': None, 'need_stepwise': False}, 'early_stopping_rounds': None, 'metrics': ['auc', 'ks'], 'use_first_metric_only': False, 'encrypted_mode_calculator_param': {'mode': 'strict', 're_encrypted_rate': 1}, 'sqn_param': {'update_interval_L': 3, 'memory_M': 5, 'sample_size': 5000, 'random_seed': None}}, 'dsl_version': '2', 'initiator': {'role': 'guest', 'party_id': 10000}, 'role': {'guest': [10000], 'host': [9999], 'arbiter': [9999]}, 'job_parameters': {'job_type': 'train', 'work_mode': 1, 'backend': 0, 'computing_engine': 'EGGROLL', 'federation_engine': 'EGGROLL', 'storage_engine': 'EGGROLL', 'engines_address': {'computing': {'cores_per_node': 20, 'nodes': 1}, 'federation': {'host': 'rollsite', 'port': 9370}, 'storage': {'cores_per_node': 20, 'nodes': 1}}, 'federated_mode': 'MULTIPLE', 'task_parallelism': 2, 'computing_partitions': 8, 'federated_status_collect_type': 'PUSH', 'model_id': 'arbiter-9999#guest-10000#host-9999#model', 'model_version': '202011200231350021282', 'eggroll_run': {'eggroll.session.processors.per.node': 2}, 'spark_run': {'num-executors': 1, 'executor-cores': 2}, 'rabbitmq_run': {}, 'adaptation_parameters': {'task_nodes': 1, 'task_cores_per_node': 2, 'task_memory_per_node': 0}}, 'component_parameters': {'common': {'intersect_0': {'intersect_method': 'raw', 'sync_intersect_ids': True, 'only_output_key': False}, 'hetero_lr_0': {'penalty': 'L2', 'optimizer': 'rmsprop', 'alpha': 0.01, 'max_iter': 3, 'batch_size': 320, 'learning_rate': 0.15, 'init_param': {'init_method': 'random_uniform'}}}, 'role': {'guest': {'0': {'reader_0': {'table': {'name': 'breast_hetero_guest', 'namespace': 'experiment'}}, 'dataio_0': {'with_label': True, 'label_name': 'y', 'label_type': 'int', 'output_format': 'dense'}}}, 'host': {'0': {'reader_0': {'table': {'name': 'breast_hetero_host', 'namespace': 'experiment'}}, 'dataio_0': {'with_label': False, 'output_format': 'dense'}}}}}, 'config': '/data/projects/fate/python/fate_flow/examples/test_hetero_lr_job_conf.json', 'dsl': 'examples/test_hetero_lr_job_dsl.json', 'function': 'submit_job', 'local': {'role': 'guest', 'party_id': 10000}, 'CodePath': 'federatedml/linear_model/logistic_regression/hetero_logistic_regression/hetero_lr_guest.py/HeteroLRGuest', 'module': 'HeteroLR', 'output_data_name': ['train']}
[DEBUG] [2020-11-20 02:37:16,819] [2588:139753512589120] - component_properties.py[line:80]: need_run: True, need_cv: False
[DEBUG] [2020-11-20 02:37:16,820] [2588:139753512589120] - optimizer.py[line:316]: in optimizer_factory, optimizer_type: rmsprop, learning_rate: 0.15, alpha: 0.01, penalty: L2,decay: 1, decay_sqrt: True
[INFO] [2020-11-20 02:37:16,820] [2588:139753512589120] - one_vs_rest.py[line:289]: Create one_vs_rest object, role: guest, mode: hetero
[DEBUG] [2020-11-20 02:37:16,853] [2588:139753512589120] - component_properties.py[line:102]: parse_dsl_args data_sets: {'hetero_feature_selection_0': {'train_data': [<fate_arch.computing.eggroll._table.Table object at 0x7f1ac04f3780>]}}
[DEBUG] [2020-11-20 02:37:16,854] [2588:139753512589120] - component_properties.py[line:112]: [Data Parser], has_train_data: True
[DEBUG] [2020-11-20 02:37:16,854] [2588:139753512589120] - component_properties.py[line:112]: [Data Parser], has_eval_data: False
[DEBUG] [2020-11-20 02:37:16,855] [2588:139753512589120] - component_properties.py[line:112]: [Data Parser], has_validate_data: False
[DEBUG] [2020-11-20 02:37:16,855] [2588:139753512589120] - component_properties.py[line:112]: [Data Parser], has_test_data: False
[DEBUG] [2020-11-20 02:37:16,856] [2588:139753512589120] - component_properties.py[line:118]: [Data Parser], has_normal_data: False
[DEBUG] [2020-11-20 02:37:16,856] [2588:139753512589120] - component_properties.py[line:179]: Input data_sets: {'hetero_feature_selection_0': {'train_data': [<fate_arch.computing.eggroll._table.Table object at 0x7f1ac04f3780>]}}
[DEBUG] [2020-11-20 02:37:16,918] [2588:139753512589120] - component_properties.py[line:231]: train_data: <fate_arch.computing.eggroll._table.Table object at 0x7f1ac04f3780>, validate_data: None, test_data: None, data: {}
[DEBUG] [2020-11-20 02:37:16,918] [2588:139753512589120] - model_base.py[line:88]: running_funcs: [<bound method ModelBase.set_flowid of <federatedml.linear_model.logistic_regression.hetero_logistic_regression.hetero_lr_guest.HeteroLRGuest object at 0x7f1ac21ec240>>, <bound method HeteroLRGuest.fit of <federatedml.linear_model.logistic_regression.hetero_logistic_regression.hetero_lr_guest.HeteroLRGuest object at 0x7f1ac21ec240>>, <bound method ModelBase.set_flowid of <federatedml.linear_model.logistic_regression.hetero_logistic_regression.hetero_lr_guest.HeteroLRGuest object at 0x7f1ac21ec240>>, <bound method assert_io_num_rows_equal.<locals>._func of <federatedml.linear_model.logistic_regression.hetero_logistic_regression.hetero_lr_guest.HeteroLRGuest object at 0x7f1ac21ec240>>, <function ComponentProperties.union_data at 0x7f1a1ebae8c8>, <function ModelBase.set_predict_data_schema at 0x7f1a1ebb8a60>]
[DEBUG] [2020-11-20 02:37:16,919] [2588:139753512589120] - model_base.py[line:162]: set flowid to transfer_variable, flowid: fit
[INFO] [2020-11-20 02:37:16,920] [2588:139753512589120] - hetero_lr_guest.py[line:65]: Enter hetero_lr_guest fit
[DEBUG] [2020-11-20 02:37:17,205] [2588:139753512589120] - abnormal_detection.py[line:81]: schema is {'header': ['x0', 'x1', 'x2', 'x3', 'x4', 'x5', 'x6', 'x7', 'x8', 'x9'], 'sid_name': 'id', 'label_name': 'y'}
[DEBUG] [2020-11-20 02:37:17,206] [2588:139753512589120] - abnormal_detection.py[line:85]: header is ['x0', 'x1', 'x2', 'x3', 'x4', 'x5', 'x6', 'x7', 'x8', 'x9']
[DEBUG] [2020-11-20 02:37:17,206] [2588:139753512589120] - abnormal_detection.py[line:95]: sid_name is id
[DEBUG] [2020-11-20 02:37:17,207] [2588:139753512589120] - abnormal_detection.py[line:100]: label_name is y
[INFO] [2020-11-20 02:37:25,136] [2588:139753512589120] - linear_model_base.py[line:226]: Check for abnormal value passed
[DEBUG] [2020-11-20 02:37:25,417] [2588:139753512589120] - _federation.py[line:86]: [federation.eggroll.remote.hash.3d96675b1eea17c6e404.aggregate_classes.fit[('host', '9999')])]remote object with type: <class 'int'>
[DEBUG] [2020-11-20 02:37:25,432] [2588:139753512589120] - _federation.py[line:86]: [federation.eggroll.remote.hash.3d96675b1eea17c6e404.aggregate_classes.fit[('arbiter', '9999')])]remote object with type: <class 'int'>
[INFO] [2020-11-20 02:37:25,455] [2588:139753512589120] - hetero_lr_guest.py[line:83]: Enter hetero_lr_guest fit
[DEBUG] [2020-11-20 02:37:25,457] [2588:139753512589120] - validation_strategy.py[line:85]: end to init validation_strategy, freqs is None
[DEBUG] [2020-11-20 02:37:25,929] [2588:139749978109696] - _federation.py[line:133]: [federation.eggroll.remote.hash.3d96675b1eea17c6e404.aggregate_classes.fit]future to remote to party: ('host', '9999') done
[DEBUG] [2020-11-20 02:37:26,021] [2588:139753512589120] - hetero_lr_guest.py[line:88]: MODEL_STEP After load data, data count: 569
[DEBUG] [2020-11-20 02:37:26,178] [2588:139750012204800] - _federation.py[line:133]: [federation.eggroll.remote.hash.3d96675b1eea17c6e404.aggregate_classes.fit]future to remote to party: ('arbiter', '9999') done
[DEBUG] [2020-11-20 02:37:30,893] [2588:139753512589120] - _federation.py[line:196]: [federation.eggroll.get.hash.abc35afa62e3dcd13123.paillier_pubkey.fit] got object with type: <class 'federatedml.secureprotol.fate_paillier.PaillierPublicKey'>
[INFO] [2020-11-20 02:37:30,896] [2588:139753512589120] - hetero_lr_guest.py[line:91]: Generate mini-batch from input data
[DEBUG] [2020-11-20 02:37:37,068] [2588:139753512589120] - _federation.py[line:86]: [federation.eggroll.remote.hash.0070dd77bf0bfd66eff9.batch_info.fit[('host', '9999')])]remote object with type: <class 'dict'>
[DEBUG] [2020-11-20 02:37:37,085] [2588:139753512589120] - _federation.py[line:86]: [federation.eggroll.remote.hash.0070dd77bf0bfd66eff9.batch_info.fit[('arbiter', '9999')])]remote object with type: <class 'dict'>
[DEBUG] [2020-11-20 02:37:37,114] [2588:139753512589120] - mini_batch.py[line:52]: Currently, len of all_batch_data: 2
[DEBUG] [2020-11-20 02:37:37,115] [2588:139753512589120] - _federation.py[line:69]: [federation.eggroll.remote.hash.43903e08f367aa82b031.batch_data_index.fit.0[('host', '9999')])]remote RollPair(namespace=202011200231350021282_hetero_lr_0_0_guest_10000, name=56ae330e-2ad9-11eb-abeb-4e9ecd9d57e8, partitions=8)
[DEBUG] [2020-11-20 02:37:37,124] [2588:139753512589120] - _federation.py[line:69]: [federation.eggroll.remote.hash.43903e08f367aa82b031.batch_data_index.fit.1[('host', '9999')])]remote RollPair(namespace=202011200231350021282_hetero_lr_0_0_guest_10000, name=5864b178-2ad9-11eb-abeb-4e9ecd9d57e8, partitions=8)
[INFO] [2020-11-20 02:37:37,189] [2588:139753512589120] - hetero_lr_guest.py[line:100]: Start initialize model.
[INFO] [2020-11-20 02:37:37,190] [2588:139753512589120] - hetero_lr_guest.py[line:101]: fit_intercept:True
[DEBUG] [2020-11-20 02:37:37,952] [2588:139749969454848] - _federation.py[line:133]: [federation.eggroll.remote.hash.0070dd77bf0bfd66eff9.batch_info.fit]future to remote to party: ('arbiter', '9999') done
[INFO] [2020-11-20 02:37:37,992] [2588:139753512589120] - hetero_lr_guest.py[line:107]: iter:0
[DEBUG] [2020-11-20 02:37:37,993] [2588:139753512589120] - mini_batch.py[line:52]: Currently, len of all_batch_data: 2
[DEBUG] [2020-11-20 02:37:38,274] [2588:139753512589120] - hetero_lr_guest.py[line:114]: MODEL_STEP In Batch 0, batch data count: 320
[DEBUG] [2020-11-20 02:37:38,340] [2588:139753512589120] - hetero_lr_guest.py[line:118]: iter: 0, before compute gradient, data count: 320
[DEBUG] [2020-11-20 02:37:40,863] [2588:139750003287808] - _federation.py[line:133]: [federation.eggroll.remote.hash.0070dd77bf0bfd66eff9.batch_info.fit]future to remote to party: ('host', '9999') done
[DEBUG] [2020-11-20 02:37:43,001] [2588:139750012204800] - _federation.py[line:133]: [federation.eggroll.remote.hash.43903e08f367aa82b031.batch_data_index.fit.1]future to remote to party: ('host', '9999') done
[DEBUG] [2020-11-20 02:37:43,339] [2588:139749927806720] - _federation.py[line:133]: [federation.eggroll.remote.hash.43903e08f367aa82b031.batch_data_index.fit.0]future to remote to party: ('host', '9999') done
[DEBUG] [2020-11-20 02:37:53,448] [2588:139753512589120] - _federation.py[line:176]: [federation.eggroll.get.hash.00a30a2a72565a288a67.host_forward_dict.fit.0.0] got RollPair(namespace=202011200231350021282_hetero_lr_0_0, name=__rsk#202011200231350021282_hetero_lr_0_0#hash.00a30a2a72565a288a67.host_forward_dict#fit.0.0#host#9999#guest#10000, partitions=8)
[DEBUG] [2020-11-20 02:37:56,028] [2588:139753512589120] - _federation.py[line:69]: [federation.eggroll.remote.hash.9a10870c31f51169ce5c.fore_gradient.fit.0.0[('host', '9999')])]remote RollPair(namespace=202011200231350021282_hetero_lr_0_0_guest_10000, name=56ae330e-2ad9-11eb-abeb-4e9ecd9d57e_20201120.023754.451072.1, partitions=8)
[DEBUG] [2020-11-20 02:37:58,071] [2588:139753512589120] - _federation.py[line:86]: [federation.eggroll.remote.hash.b3ae681e69012f6a4a9f.guest_gradient.fit.0.0[('arbiter', '9999')])]remote object with type: <class 'numpy.ndarray'>
[DEBUG] [2020-11-20 02:37:58,906] [2588:139750012204800] - _federation.py[line:133]: [federation.eggroll.remote.hash.b3ae681e69012f6a4a9f.guest_gradient.fit.0.0]future to remote to party: ('arbiter', '9999') done
[DEBUG] [2020-11-20 02:37:58,980] [2588:139749927806720] - _federation.py[line:133]: [federation.eggroll.remote.hash.9a10870c31f51169ce5c.fore_gradient.fit.0.0]future to remote to party: ('host', '9999') done
[DEBUG] [2020-11-20 02:38:04,101] [2588:139753512589120] - _federation.py[line:196]: [federation.eggroll.get.hash.2df54bc222e591e1ba88.guest_optim_gradient.fit.0.0] got object with type: <class 'numpy.ndarray'>
[DEBUG] [2020-11-20 02:38:06,420] [2588:139753512589120] - _federation.py[line:196]: [federation.eggroll.get.hash.d42ecffd1ff807680fee.loss_intermediate.fit.0.0] got object with type: <class 'federatedml.secureprotol.fate_paillier.PaillierEncryptedNumber'>
[DEBUG] [2020-11-20 02:38:06,825] [2588:139753512589120] - _federation.py[line:196]: [federation.eggroll.get.hash.043dea479730978df565.host_loss_regular.fit.0.0] got object with type: <class 'federatedml.secureprotol.fate_paillier.PaillierEncryptedNumber'>
[DEBUG] [2020-11-20 02:38:07,235] [2588:139753512589120] - hetero_lr_gradient_and_loss.py[line:94]: In compute_loss, loss list are: [<federatedml.secureprotol.fate_paillier.PaillierEncryptedNumber object at 0x7f1adf7e2eb8>]
[DEBUG] [2020-11-20 02:38:07,237] [2588:139753512589120] - _federation.py[line:86]: [federation.eggroll.remote.hash.6bdba664eb46ccb05563.loss.fit.0.0[('arbiter', '9999')])]remote object with type: <class 'list'>
[DEBUG] [2020-11-20 02:38:07,310] [2588:139753512589120] - hetero_lr_guest.py[line:114]: MODEL_STEP In Batch 1, batch data count: 249
[DEBUG] [2020-11-20 02:38:07,366] [2588:139753512589120] - hetero_lr_guest.py[line:118]: iter: 0, before compute gradient, data count: 249
[DEBUG] [2020-11-20 02:38:07,737] [2588:139750012204800] - _federation.py[line:133]: [federation.eggroll.remote.hash.6bdba664eb46ccb05563.loss.fit.0.0]future to remote to party: ('arbiter', '9999') done
[DEBUG] [2020-11-20 02:38:09,096] [2588:139753512589120] - _federation.py[line:176]: [federation.eggroll.get.hash.00a30a2a72565a288a67.host_forward_dict.fit.0.1] got RollPair(namespace=202011200231350021282_hetero_lr_0_0, name=__rsk#202011200231350021282_hetero_lr_0_0#hash.00a30a2a72565a288a67.host_forward_dict#fit.0.1#host#9999#guest#10000, partitions=8)
[DEBUG] [2020-11-20 02:38:10,748] [2588:139753512589120] - _federation.py[line:69]: [federation.eggroll.remote.hash.9a10870c31f51169ce5c.fore_gradient.fit.0.1[('host', '9999')])]remote RollPair(namespace=202011200231350021282_hetero_lr_0_0_guest_10000, name=5864b178-2ad9-11eb-abeb-4e9ecd9d57e_20201120.023809.661552.1, partitions=8)
[DEBUG] [2020-11-20 02:38:13,168] [2588:139749936199424] - _federation.py[line:133]: [federation.eggroll.remote.hash.9a10870c31f51169ce5c.fore_gradient.fit.0.1]future to remote to party: ('host', '9999') done
[DEBUG] [2020-11-20 02:38:13,434] [2588:139753512589120] - _federation.py[line:86]: [federation.eggroll.remote.hash.b3ae681e69012f6a4a9f.guest_gradient.fit.0.1[('arbiter', '9999')])]remote object with type: <class 'numpy.ndarray'>
[DEBUG] [2020-11-20 02:38:13,846] [2588:139750003287808] - _federation.py[line:133]: [federation.eggroll.remote.hash.b3ae681e69012f6a4a9f.guest_gradient.fit.0.1]future to remote to party: ('arbiter', '9999') done
[DEBUG] [2020-11-20 02:38:17,930] [2588:139753512589120] - _federation.py[line:196]: [federation.eggroll.get.hash.2df54bc222e591e1ba88.guest_optim_gradient.fit.0.1] got object with type: <class 'numpy.ndarray'>
[DEBUG] [2020-11-20 02:38:19,643] [2588:139753512589120] - _federation.py[line:196]: [federation.eggroll.get.hash.d42ecffd1ff807680fee.loss_intermediate.fit.0.1] got object with type: <class 'federatedml.secureprotol.fate_paillier.PaillierEncryptedNumber'>
[DEBUG] [2020-11-20 02:38:20,036] [2588:139753512589120] - _federation.py[line:196]: [federation.eggroll.get.hash.043dea479730978df565.host_loss_regular.fit.0.1] got object with type: <class 'federatedml.secureprotol.fate_paillier.PaillierEncryptedNumber'>
[DEBUG] [2020-11-20 02:38:21,576] [2588:139753512589120] - hetero_lr_gradient_and_loss.py[line:94]: In compute_loss, loss list are: [<federatedml.secureprotol.fate_paillier.PaillierEncryptedNumber object at 0x7f1a14c68940>]
[DEBUG] [2020-11-20 02:38:21,578] [2588:139753512589120] - _federation.py[line:86]: [federation.eggroll.remote.hash.6bdba664eb46ccb05563.loss.fit.0.1[('arbiter', '9999')])]remote object with type: <class 'list'>
[DEBUG] [2020-11-20 02:38:22,017] [2588:139750003287808] - _federation.py[line:133]: [federation.eggroll.remote.hash.6bdba664eb46ccb05563.loss.fit.0.1]future to remote to party: ('arbiter', '9999') done
[DEBUG] [2020-11-20 02:38:23,178] [2588:139753512589120] - _federation.py[line:196]: [federation.eggroll.get.hash.0059169e5a2aef195221.converge_flag.fit.0] got object with type: <class 'bool'>
[INFO] [2020-11-20 02:38:23,180] [2588:139753512589120] - hetero_lr_guest.py[line:140]: iter: 0,  is_converged: False
[DEBUG] [2020-11-20 02:38:23,181] [2588:139753512589120] - hetero_lr_guest.py[line:143]: LR guest running validation
[DEBUG] [2020-11-20 02:38:23,181] [2588:139753512589120] - validation_strategy.py[line:99]: validation_freqs is None
[DEBUG] [2020-11-20 02:38:23,182] [2588:139753512589120] - validation_strategy.py[line:278]: begin to check validate status, need_run_validation is False
[DEBUG] [2020-11-20 02:38:23,182] [2588:139753512589120] - validation_strategy.py[line:99]: validation_freqs is None
[INFO] [2020-11-20 02:38:23,183] [2588:139753512589120] - hetero_lr_guest.py[line:107]: iter:1
[DEBUG] [2020-11-20 02:38:23,184] [2588:139753512589120] - mini_batch.py[line:52]: Currently, len of all_batch_data: 2
[DEBUG] [2020-11-20 02:38:23,242] [2588:139753512589120] - hetero_lr_guest.py[line:114]: MODEL_STEP In Batch 0, batch data count: 320
[DEBUG] [2020-11-20 02:38:23,304] [2588:139753512589120] - hetero_lr_guest.py[line:118]: iter: 1, before compute gradient, data count: 320
[DEBUG] [2020-11-20 02:38:27,978] [2588:139753512589120] - _federation.py[line:176]: [federation.eggroll.get.hash.00a30a2a72565a288a67.host_forward_dict.fit.1.0] got RollPair(namespace=202011200231350021282_hetero_lr_0_0, name=__rsk#202011200231350021282_hetero_lr_0_0#hash.00a30a2a72565a288a67.host_forward_dict#fit.1.0#host#9999#guest#10000, partitions=8)
[DEBUG] [2020-11-20 02:38:27,980] [2588:139753512589120] - _cleaner.py[line:62]: [CLEAN]deleting <RollPair(_store=<ErStore(store_locator=<ErStoreLocator(id=0, store_type=LMDB, namespace=202011200231350021282_hetero_lr_0_0, name=__rsk#202011200231350021282_hetero_lr_0_0#hash.00a30a2a72565a288a67.host_forward_dict#fit.0.0#host#9999#guest#10000, path=, total_partitions=8, partitioner=BYTESTRING_HASH, serdes=PICKLE) at 0x7f1a144a5ba8>, partitions=[***, len=8], options=[{'eggroll.session.id': '202011200231350021282_hetero_lr_0_0_guest_10000', 'eggroll.session.deploy.mode': 'cluster', 'eggroll.session.processors.per.node': '2'}]) at 0x7f1a1286d908>) at 0x7f1a144a5ac8>, destroy, {}
[DEBUG] [2020-11-20 02:38:28,895] [2588:139753512589120] - _federation.py[line:69]: [federation.eggroll.remote.hash.9a10870c31f51169ce5c.fore_gradient.fit.1.0[('host', '9999')])]remote RollPair(namespace=202011200231350021282_hetero_lr_0_0_guest_10000, name=56ae330e-2ad9-11eb-abeb-4e9ecd9d57e_20201120.023828.446605.1, partitions=8)
[DEBUG] [2020-11-20 02:38:28,907] [2588:139753512589120] - _cleaner.py[line:62]: [CLEAN]deleting <RollPair(_store=<ErStore(store_locator=<ErStoreLocator(id=0, store_type=IN_MEMORY, namespace=202011200231350021282_hetero_lr_0_0_guest_10000, name=56ae330e-2ad9-11eb-abeb-4e9ecd9d57e_20201120.023754.451072.1, path=, total_partitions=8, partitioner=BYTESTRING_HASH, serdes=PICKLE) at 0x7f19cfc299e8>, partitions=[***, len=8], options=[{'eggroll.session.processors.per.node': '2', 'include_key': 'True', 'include_key ': 'True', 'eggroll.session.id': '202011200231350021282_hetero_lr_0_0_guest_10000', 'total_partitions': '8', 'eggroll.session.deploy.mode': 'cluster', 'store_type': 'IN_MEMORY', 'create_if_missing': 'True'}]) at 0x7f19cfc29c88>) at 0x7f1a12878518>, destroy, {}
[DEBUG] [2020-11-20 02:38:30,539] [2588:139753512589120] - _federation.py[line:86]: [federation.eggroll.remote.hash.b3ae681e69012f6a4a9f.guest_gradient.fit.1.0[('arbiter', '9999')])]remote object with type: <class 'numpy.ndarray'>
[DEBUG] [2020-11-20 02:38:31,560] [2588:139749847201536] - _federation.py[line:133]: [federation.eggroll.remote.hash.9a10870c31f51169ce5c.fore_gradient.fit.1.0]future to remote to party: ('host', '9999') done
[DEBUG] [2020-11-20 02:38:31,573] [2588:139749986240256] - _federation.py[line:133]: [federation.eggroll.remote.hash.b3ae681e69012f6a4a9f.guest_gradient.fit.1.0]future to remote to party: ('arbiter', '9999') done
[DEBUG] [2020-11-20 02:38:37,542] [2588:139753512589120] - _federation.py[line:196]: [federation.eggroll.get.hash.2df54bc222e591e1ba88.guest_optim_gradient.fit.1.0] got object with type: <class 'numpy.ndarray'>
[DEBUG] [2020-11-20 02:38:40,178] [2588:139753512589120] - _federation.py[line:196]: [federation.eggroll.get.hash.d42ecffd1ff807680fee.loss_intermediate.fit.1.0] got object with type: <class 'federatedml.secureprotol.fate_paillier.PaillierEncryptedNumber'>
[DEBUG] [2020-11-20 02:38:40,550] [2588:139753512589120] - _federation.py[line:196]: [federation.eggroll.get.hash.043dea479730978df565.host_loss_regular.fit.1.0] got object with type: <class 'federatedml.secureprotol.fate_paillier.PaillierEncryptedNumber'>
[DEBUG] [2020-11-20 02:38:41,058] [2588:139753512589120] - hetero_lr_gradient_and_loss.py[line:94]: In compute_loss, loss list are: [<federatedml.secureprotol.fate_paillier.PaillierEncryptedNumber object at 0x7f1a14cd9be0>]
[DEBUG] [2020-11-20 02:38:41,071] [2588:139753512589120] - _federation.py[line:86]: [federation.eggroll.remote.hash.6bdba664eb46ccb05563.loss.fit.1.0[('arbiter', '9999')])]remote object with type: <class 'list'>
[DEBUG] [2020-11-20 02:38:41,146] [2588:139753512589120] - hetero_lr_guest.py[line:114]: MODEL_STEP In Batch 1, batch data count: 249
[DEBUG] [2020-11-20 02:38:41,203] [2588:139753512589120] - hetero_lr_guest.py[line:118]: iter: 1, before compute gradient, data count: 249
[DEBUG] [2020-11-20 02:38:41,587] [2588:139749944592128] - _federation.py[line:133]: [federation.eggroll.remote.hash.6bdba664eb46ccb05563.loss.fit.1.0]future to remote to party: ('arbiter', '9999') done
[DEBUG] [2020-11-20 02:38:44,603] [2588:139753512589120] - _federation.py[line:176]: [federation.eggroll.get.hash.00a30a2a72565a288a67.host_forward_dict.fit.1.1] got RollPair(namespace=202011200231350021282_hetero_lr_0_0, name=__rsk#202011200231350021282_hetero_lr_0_0#hash.00a30a2a72565a288a67.host_forward_dict#fit.1.1#host#9999#guest#10000, partitions=8)
[DEBUG] [2020-11-20 02:38:44,605] [2588:139753512589120] - _cleaner.py[line:62]: [CLEAN]deleting <RollPair(_store=<ErStore(store_locator=<ErStoreLocator(id=0, store_type=LMDB, namespace=202011200231350021282_hetero_lr_0_0, name=__rsk#202011200231350021282_hetero_lr_0_0#hash.00a30a2a72565a288a67.host_forward_dict#fit.0.1#host#9999#guest#10000, path=, total_partitions=8, partitioner=BYTESTRING_HASH, serdes=PICKLE) at 0x7f19cfbfd9b0>, partitions=[***, len=8], options=[{'eggroll.session.id': '202011200231350021282_hetero_lr_0_0_guest_10000', 'eggroll.session.deploy.mode': 'cluster', 'eggroll.session.processors.per.node': '2'}]) at 0x7f19cfbd3fd0>) at 0x7f19cfbfdc18>, destroy, {}
[DEBUG] [2020-11-20 02:38:45,666] [2588:139753512589120] - _federation.py[line:69]: [federation.eggroll.remote.hash.9a10870c31f51169ce5c.fore_gradient.fit.1.1[('host', '9999')])]remote RollPair(namespace=202011200231350021282_hetero_lr_0_0_guest_10000, name=5864b178-2ad9-11eb-abeb-4e9ecd9d57e_20201120.023845.153268.1, partitions=8)
[DEBUG] [2020-11-20 02:38:45,680] [2588:139753512589120] - _cleaner.py[line:62]: [CLEAN]deleting <RollPair(_store=<ErStore(store_locator=<ErStoreLocator(id=0, store_type=IN_MEMORY, namespace=202011200231350021282_hetero_lr_0_0_guest_10000, name=5864b178-2ad9-11eb-abeb-4e9ecd9d57e_20201120.023809.661552.1, path=, total_partitions=8, partitioner=BYTESTRING_HASH, serdes=PICKLE) at 0x7f1a14cb3198>, partitions=[***, len=8], options=[{'eggroll.session.deploy.mode': 'cluster', 'total_partitions': '8', 'store_type': 'IN_MEMORY', 'create_if_missing': 'True', 'eggroll.session.processors.per.node': '2', 'include_key': 'True', 'include_key ': 'True', 'eggroll.session.id': '202011200231350021282_hetero_lr_0_0_guest_10000'}]) at 0x7f1a14cb3358>) at 0x7f19cfbd6cc0>, destroy, {}
[DEBUG] [2020-11-20 02:38:47,671] [2588:139753512589120] - _federation.py[line:86]: [federation.eggroll.remote.hash.b3ae681e69012f6a4a9f.guest_gradient.fit.1.1[('arbiter', '9999')])]remote object with type: <class 'numpy.ndarray'>
[DEBUG] [2020-11-20 02:38:47,822] [2588:139749944592128] - _federation.py[line:133]: [federation.eggroll.remote.hash.9a10870c31f51169ce5c.fore_gradient.fit.1.1]future to remote to party: ('host', '9999') done
[DEBUG] [2020-11-20 02:38:48,169] [2588:139749986240256] - _federation.py[line:133]: [federation.eggroll.remote.hash.b3ae681e69012f6a4a9f.guest_gradient.fit.1.1]future to remote to party: ('arbiter', '9999') done
[DEBUG] [2020-11-20 02:38:53,943] [2588:139753512589120] - _federation.py[line:196]: [federation.eggroll.get.hash.2df54bc222e591e1ba88.guest_optim_gradient.fit.1.1] got object with type: <class 'numpy.ndarray'>
[DEBUG] [2020-11-20 02:38:57,223] [2588:139753512589120] - _federation.py[line:196]: [federation.eggroll.get.hash.d42ecffd1ff807680fee.loss_intermediate.fit.1.1] got object with type: <class 'federatedml.secureprotol.fate_paillier.PaillierEncryptedNumber'>
[DEBUG] [2020-11-20 02:38:57,611] [2588:139753512589120] - _federation.py[line:196]: [federation.eggroll.get.hash.043dea479730978df565.host_loss_regular.fit.1.1] got object with type: <class 'federatedml.secureprotol.fate_paillier.PaillierEncryptedNumber'>
[DEBUG] [2020-11-20 02:38:58,188] [2588:139753512589120] - hetero_lr_gradient_and_loss.py[line:94]: In compute_loss, loss list are: [<federatedml.secureprotol.fate_paillier.PaillierEncryptedNumber object at 0x7f19cfbf1780>]
[DEBUG] [2020-11-20 02:38:58,189] [2588:139753512589120] - _federation.py[line:86]: [federation.eggroll.remote.hash.6bdba664eb46ccb05563.loss.fit.1.1[('arbiter', '9999')])]remote object with type: <class 'list'>
[DEBUG] [2020-11-20 02:38:58,538] [2588:139749847201536] - _federation.py[line:133]: [federation.eggroll.remote.hash.6bdba664eb46ccb05563.loss.fit.1.1]future to remote to party: ('arbiter', '9999') done
[DEBUG] [2020-11-20 02:39:00,276] [2588:139753512589120] - _federation.py[line:196]: [federation.eggroll.get.hash.0059169e5a2aef195221.converge_flag.fit.1] got object with type: <class 'bool'>
[INFO] [2020-11-20 02:39:00,278] [2588:139753512589120] - hetero_lr_guest.py[line:140]: iter: 1,  is_converged: False
[DEBUG] [2020-11-20 02:39:00,279] [2588:139753512589120] - hetero_lr_guest.py[line:143]: LR guest running validation
[DEBUG] [2020-11-20 02:39:00,280] [2588:139753512589120] - validation_strategy.py[line:99]: validation_freqs is None
[DEBUG] [2020-11-20 02:39:00,280] [2588:139753512589120] - validation_strategy.py[line:278]: begin to check validate status, need_run_validation is False
[DEBUG] [2020-11-20 02:39:00,281] [2588:139753512589120] - validation_strategy.py[line:99]: validation_freqs is None
[INFO] [2020-11-20 02:39:00,281] [2588:139753512589120] - hetero_lr_guest.py[line:107]: iter:2
[DEBUG] [2020-11-20 02:39:00,282] [2588:139753512589120] - mini_batch.py[line:52]: Currently, len of all_batch_data: 2
[DEBUG] [2020-11-20 02:39:00,348] [2588:139753512589120] - hetero_lr_guest.py[line:114]: MODEL_STEP In Batch 0, batch data count: 320
[DEBUG] [2020-11-20 02:39:00,410] [2588:139753512589120] - hetero_lr_guest.py[line:118]: iter: 2, before compute gradient, data count: 320
[DEBUG] [2020-11-20 02:39:05,033] [2588:139753512589120] - _federation.py[line:176]: [federation.eggroll.get.hash.00a30a2a72565a288a67.host_forward_dict.fit.2.0] got RollPair(namespace=202011200231350021282_hetero_lr_0_0, name=__rsk#202011200231350021282_hetero_lr_0_0#hash.00a30a2a72565a288a67.host_forward_dict#fit.2.0#host#9999#guest#10000, partitions=8)
[DEBUG] [2020-11-20 02:39:05,034] [2588:139753512589120] - _cleaner.py[line:62]: [CLEAN]deleting <RollPair(_store=<ErStore(store_locator=<ErStoreLocator(id=0, store_type=LMDB, namespace=202011200231350021282_hetero_lr_0_0, name=__rsk#202011200231350021282_hetero_lr_0_0#hash.00a30a2a72565a288a67.host_forward_dict#fit.1.0#host#9999#guest#10000, path=, total_partitions=8, partitioner=BYTESTRING_HASH, serdes=PICKLE) at 0x7f19cfc2d2b0>, partitions=[***, len=8], options=[{'eggroll.session.id': '202011200231350021282_hetero_lr_0_0_guest_10000', 'eggroll.session.deploy.mode': 'cluster', 'eggroll.session.processors.per.node': '2'}]) at 0x7f19cfbd2588>) at 0x7f1a14c68438>, destroy, {}
[DEBUG] [2020-11-20 02:39:06,490] [2588:139753512589120] - _federation.py[line:69]: [federation.eggroll.remote.hash.9a10870c31f51169ce5c.fore_gradient.fit.2.0[('host', '9999')])]remote RollPair(namespace=202011200231350021282_hetero_lr_0_0_guest_10000, name=56ae330e-2ad9-11eb-abeb-4e9ecd9d57e_20201120.023905.722008.1, partitions=8)
[DEBUG] [2020-11-20 02:39:06,502] [2588:139753512589120] - _cleaner.py[line:62]: [CLEAN]deleting <RollPair(_store=<ErStore(store_locator=<ErStoreLocator(id=0, store_type=IN_MEMORY, namespace=202011200231350021282_hetero_lr_0_0_guest_10000, name=56ae330e-2ad9-11eb-abeb-4e9ecd9d57e_20201120.023828.446605.1, path=, total_partitions=8, partitioner=BYTESTRING_HASH, serdes=PICKLE) at 0x7f1a14cb17b8>, partitions=[***, len=8], options=[{'eggroll.session.processors.per.node': '2', 'include_key ': 'True', 'include_key': 'True', 'eggroll.session.id': '202011200231350021282_hetero_lr_0_0_guest_10000', 'eggroll.session.deploy.mode': 'cluster', 'total_partitions': '8', 'store_type': 'IN_MEMORY', 'create_if_missing': 'True'}]) at 0x7f1a14cb1588>) at 0x7f1a14cb62e8>, destroy, {}
[DEBUG] [2020-11-20 02:39:08,578] [2588:139753512589120] - _federation.py[line:86]: [federation.eggroll.remote.hash.b3ae681e69012f6a4a9f.guest_gradient.fit.2.0[('arbiter', '9999')])]remote object with type: <class 'numpy.ndarray'>
[DEBUG] [2020-11-20 02:39:09,018] [2588:139749847201536] - _federation.py[line:133]: [federation.eggroll.remote.hash.9a10870c31f51169ce5c.fore_gradient.fit.2.0]future to remote to party: ('host', '9999') done
[DEBUG] [2020-11-20 02:39:09,104] [2588:139749969454848] - _federation.py[line:133]: [federation.eggroll.remote.hash.b3ae681e69012f6a4a9f.guest_gradient.fit.2.0]future to remote to party: ('arbiter', '9999') done
[DEBUG] [2020-11-20 02:39:15,233] [2588:139753512589120] - _federation.py[line:196]: [federation.eggroll.get.hash.2df54bc222e591e1ba88.guest_optim_gradient.fit.2.0] got object with type: <class 'numpy.ndarray'>
[DEBUG] [2020-11-20 02:39:16,591] [2588:139753512589120] - _federation.py[line:196]: [federation.eggroll.get.hash.d42ecffd1ff807680fee.loss_intermediate.fit.2.0] got object with type: <class 'federatedml.secureprotol.fate_paillier.PaillierEncryptedNumber'>
[DEBUG] [2020-11-20 02:39:16,959] [2588:139753512589120] - _federation.py[line:196]: [federation.eggroll.get.hash.043dea479730978df565.host_loss_regular.fit.2.0] got object with type: <class 'federatedml.secureprotol.fate_paillier.PaillierEncryptedNumber'>
[DEBUG] [2020-11-20 02:39:19,021] [2588:139753512589120] - hetero_lr_gradient_and_loss.py[line:94]: In compute_loss, loss list are: [<federatedml.secureprotol.fate_paillier.PaillierEncryptedNumber object at 0x7f1a15d45748>]
[DEBUG] [2020-11-20 02:39:19,023] [2588:139753512589120] - _federation.py[line:86]: [federation.eggroll.remote.hash.6bdba664eb46ccb05563.loss.fit.2.0[('arbiter', '9999')])]remote object with type: <class 'list'>
[DEBUG] [2020-11-20 02:39:19,159] [2588:139753512589120] - hetero_lr_guest.py[line:114]: MODEL_STEP In Batch 1, batch data count: 249
[DEBUG] [2020-11-20 02:39:19,272] [2588:139753512589120] - hetero_lr_guest.py[line:118]: iter: 2, before compute gradient, data count: 249
[DEBUG] [2020-11-20 02:39:19,632] [2588:139749944592128] - _federation.py[line:133]: [federation.eggroll.remote.hash.6bdba664eb46ccb05563.loss.fit.2.0]future to remote to party: ('arbiter', '9999') done
[DEBUG] [2020-11-20 02:39:20,546] [2588:139753512589120] - _federation.py[line:176]: [federation.eggroll.get.hash.00a30a2a72565a288a67.host_forward_dict.fit.2.1] got RollPair(namespace=202011200231350021282_hetero_lr_0_0, name=__rsk#202011200231350021282_hetero_lr_0_0#hash.00a30a2a72565a288a67.host_forward_dict#fit.2.1#host#9999#guest#10000, partitions=8)
[DEBUG] [2020-11-20 02:39:20,548] [2588:139753512589120] - _cleaner.py[line:62]: [CLEAN]deleting <RollPair(_store=<ErStore(store_locator=<ErStoreLocator(id=0, store_type=LMDB, namespace=202011200231350021282_hetero_lr_0_0, name=__rsk#202011200231350021282_hetero_lr_0_0#hash.00a30a2a72565a288a67.host_forward_dict#fit.1.1#host#9999#guest#10000, path=, total_partitions=8, partitioner=BYTESTRING_HASH, serdes=PICKLE) at 0x7f1a14cd9a90>, partitions=[***, len=8], options=[{'eggroll.session.id': '202011200231350021282_hetero_lr_0_0_guest_10000', 'eggroll.session.deploy.mode': 'cluster', 'eggroll.session.processors.per.node': '2'}]) at 0x7f1a14cd9780>) at 0x7f1a14cd9240>, destroy, {}
[DEBUG] [2020-11-20 02:39:21,530] [2588:139753512589120] - _federation.py[line:69]: [federation.eggroll.remote.hash.9a10870c31f51169ce5c.fore_gradient.fit.2.1[('host', '9999')])]remote RollPair(namespace=202011200231350021282_hetero_lr_0_0_guest_10000, name=5864b178-2ad9-11eb-abeb-4e9ecd9d57e_20201120.023921.026376.1, partitions=8)
[DEBUG] [2020-11-20 02:39:21,542] [2588:139753512589120] - _cleaner.py[line:62]: [CLEAN]deleting <RollPair(_store=<ErStore(store_locator=<ErStoreLocator(id=0, store_type=IN_MEMORY, namespace=202011200231350021282_hetero_lr_0_0_guest_10000, name=5864b178-2ad9-11eb-abeb-4e9ecd9d57e_20201120.023845.153268.1, path=, total_partitions=8, partitioner=BYTESTRING_HASH, serdes=PICKLE) at 0x7f1a14c6d2b0>, partitions=[***, len=8], options=[{'total_partitions': '8', 'eggroll.session.deploy.mode': 'cluster', 'store_type': 'IN_MEMORY', 'create_if_missing': 'True', 'eggroll.session.processors.per.node': '2', 'include_key': 'True', 'include_key ': 'True', 'eggroll.session.id': '202011200231350021282_hetero_lr_0_0_guest_10000'}]) at 0x7f1a14c6d320>) at 0x7f1a14c77d68>, destroy, {}
[DEBUG] [2020-11-20 02:39:23,595] [2588:139749977847552] - _federation.py[line:133]: [federation.eggroll.remote.hash.9a10870c31f51169ce5c.fore_gradient.fit.2.1]future to remote to party: ('host', '9999') done
[DEBUG] [2020-11-20 02:39:23,951] [2588:139753512589120] - _federation.py[line:86]: [federation.eggroll.remote.hash.b3ae681e69012f6a4a9f.guest_gradient.fit.2.1[('arbiter', '9999')])]remote object with type: <class 'numpy.ndarray'>
[DEBUG] [2020-11-20 02:39:24,363] [2588:139749986240256] - _federation.py[line:133]: [federation.eggroll.remote.hash.b3ae681e69012f6a4a9f.guest_gradient.fit.2.1]future to remote to party: ('arbiter', '9999') done
[DEBUG] [2020-11-20 02:39:29,802] [2588:139753512589120] - _federation.py[line:196]: [federation.eggroll.get.hash.2df54bc222e591e1ba88.guest_optim_gradient.fit.2.1] got object with type: <class 'numpy.ndarray'>
[DEBUG] [2020-11-20 02:39:31,536] [2588:139753512589120] - _federation.py[line:196]: [federation.eggroll.get.hash.d42ecffd1ff807680fee.loss_intermediate.fit.2.1] got object with type: <class 'federatedml.secureprotol.fate_paillier.PaillierEncryptedNumber'>
[DEBUG] [2020-11-20 02:39:31,959] [2588:139753512589120] - _federation.py[line:196]: [federation.eggroll.get.hash.043dea479730978df565.host_loss_regular.fit.2.1] got object with type: <class 'federatedml.secureprotol.fate_paillier.PaillierEncryptedNumber'>
[DEBUG] [2020-11-20 02:39:32,449] [2588:139753512589120] - hetero_lr_gradient_and_loss.py[line:94]: In compute_loss, loss list are: [<federatedml.secureprotol.fate_paillier.PaillierEncryptedNumber object at 0x7f1a15d45828>]
[DEBUG] [2020-11-20 02:39:32,464] [2588:139753512589120] - _federation.py[line:86]: [federation.eggroll.remote.hash.6bdba664eb46ccb05563.loss.fit.2.1[('arbiter', '9999')])]remote object with type: <class 'list'>
[DEBUG] [2020-11-20 02:39:33,046] [2588:139749847201536] - _federation.py[line:133]: [federation.eggroll.remote.hash.6bdba664eb46ccb05563.loss.fit.2.1]future to remote to party: ('arbiter', '9999') done
[DEBUG] [2020-11-20 02:39:34,447] [2588:139753512589120] - _federation.py[line:196]: [federation.eggroll.get.hash.0059169e5a2aef195221.converge_flag.fit.2] got object with type: <class 'bool'>
[INFO] [2020-11-20 02:39:34,448] [2588:139753512589120] - hetero_lr_guest.py[line:140]: iter: 2,  is_converged: False
[DEBUG] [2020-11-20 02:39:34,449] [2588:139753512589120] - hetero_lr_guest.py[line:143]: LR guest running validation
[DEBUG] [2020-11-20 02:39:34,449] [2588:139753512589120] - validation_strategy.py[line:99]: validation_freqs is None
[DEBUG] [2020-11-20 02:39:34,450] [2588:139753512589120] - validation_strategy.py[line:278]: begin to check validate status, need_run_validation is False
[DEBUG] [2020-11-20 02:39:34,450] [2588:139753512589120] - validation_strategy.py[line:99]: validation_freqs is None
[DEBUG] [2020-11-20 02:39:34,452] [2588:139753512589120] - hetero_lr_guest.py[line:80]: Final summary: {'coef': {'x0': -0.42289273774499087, 'x1': 0.4798005558249397, 'x2': 0.27010985500181656, 'x3': -0.3435213719912189, 'x4': 0.07573704307354466, 'x5': -0.18167280868548025, 'x6': 0.33342526069677075, 'x7': -0.1869881632510354, 'x8': 0.32323341507934245, 'x9': 0.36281905249565055}, 'intercept': 0.3364575961780838, 'is_converged': False, 'one_vs_rest': False, 'best_iteration': -1}
[DEBUG] [2020-11-20 02:39:34,452] [2588:139753512589120] - model_base.py[line:162]: set flowid to transfer_variable, flowid: validate
[INFO] [2020-11-20 02:39:34,510] [2588:139753512589120] - hetero_lr_guest.py[line:171]: Start predict is a one_vs_rest task: False
[DEBUG] [2020-11-20 02:39:34,764] [2588:139753512589120] - abnormal_detection.py[line:81]: schema is {'header': ['x0', 'x1', 'x2', 'x3', 'x4', 'x5', 'x6', 'x7', 'x8', 'x9'], 'sid_name': 'id', 'label_name': 'y'}
[DEBUG] [2020-11-20 02:39:34,764] [2588:139753512589120] - abnormal_detection.py[line:85]: header is ['x0', 'x1', 'x2', 'x3', 'x4', 'x5', 'x6', 'x7', 'x8', 'x9']
[DEBUG] [2020-11-20 02:39:34,765] [2588:139753512589120] - abnormal_detection.py[line:95]: sid_name is id
[DEBUG] [2020-11-20 02:39:34,765] [2588:139753512589120] - abnormal_detection.py[line:100]: label_name is y
[DEBUG] [2020-11-20 02:39:36,761] [2588:139753512589120] - _federation.py[line:176]: [federation.eggroll.get.hash.5db2b1314b4f4256ac56.host_prob.validate] got RollPair(namespace=202011200231350021282_hetero_lr_0_0, name=__rsk#202011200231350021282_hetero_lr_0_0#hash.5db2b1314b4f4256ac56.host_prob#validate#host#9999#guest#10000, partitions=8)
[INFO] [2020-11-20 02:39:36,762] [2588:139753512589120] - hetero_lr_guest.py[line:182]: Get probability from Host
[DEBUG] [2020-11-20 02:39:42,392] [2588:139753512589120] - io_check.py[line:35]: num row of input: 569 -> num row of output: 569
[DEBUG] [2020-11-20 02:39:42,393] [2588:139753512589120] - model_base.py[line:97]: func: <function ComponentProperties.union_data at 0x7f1a1ebae8c8>
[DEBUG] [2020-11-20 02:39:42,640] [2588:139753512589120] - model_base.py[line:97]: func: <function ModelBase.set_predict_data_schema at 0x7f1a1ebb8a60>
[DEBUG] [2020-11-20 02:39:42,640] [2588:139753512589120] - model_base.py[line:109]: saved_result is : [<fate_arch.computing.eggroll._table.Table object at 0x7f1a14cd9358>], data_output: <fate_arch.computing.eggroll._table.Table object at 0x7f1a14cd9358>
[INFO] [2020-11-20 02:39:42,641] [2588:139753512589120] - tracker_client.py[line:173]: Request save job 202011200231350021282 task 202011200231350021282_hetero_lr_0 0 on guest 10000 component summary
[DEBUG] [2020-11-20 02:39:47,310] [2588:139753512589120] - base_logistic_regression.py[line:74]: In get_param, header: ['x0', 'x1', 'x2', 'x3', 'x4', 'x5', 'x6', 'x7', 'x8', 'x9']
[INFO] [2020-11-20 02:39:47,354] [2588:139753512589120] - control_client.py[line:42]: request update job 202011200231350021282 task 202011200231350021282_hetero_lr_0 0 on guest 10000
[INFO] [2020-11-20 02:39:47,492] [2588:139753512589120] - control_client.py[line:42]: request update job 202011200231350021282 task 202011200231350021282_hetero_lr_0 0 on guest 10000
