[INFO] [2020-11-20 02:31:57,849] [827:139969226749760] - profile.py[line:249]: 
Computing:
+----------+------------------------------------------+
| function |                                          |
+----------+------------------------------------------+
|  total   | n=0, sum=0.0000, mean=0.0000, max=0.0000 |
+----------+------------------------------------------+

Federation:
+--------+------------------------------------------+
|  get   |                                          |
+--------+------------------------------------------+
| remote |                                          |
+--------+------------------------------------------+
| total  | n=0, sum=0.0000, mean=0.0000, max=0.0000 |
+--------+------------------------------------------+

[DEBUG] [2020-11-20 02:31:57,852] [827:139969226749760] - profile.py[line:250]: 
Detailed Computing:
+-------+------------------------------------------+
| stack |                                          |
+-------+------------------------------------------+
| total | n=0, sum=0.0000, mean=0.0000, max=0.0000 |
+-------+------------------------------------------+

