[DEBUG] [2020-11-20 02:33:45,092] [1300:139933096580928] - profile.py[line:84]: [computing#41d092c3c4]function_stack: [component_properties.py:225]extract_input_data <-[component_properties.py:238]extract_running_rules <-[model_base.py:87]run
[DEBUG] [2020-11-20 02:33:45,094] [1300:139933096580928] - profile.py[line:87]: [computing#41d092c3c4]start
[DEBUG] [2020-11-20 02:33:45,148] [1300:139933096580928] - profile.py[line:93]: [computing#41d092c3c4]done, elapse: 0.055693864822387695, function: count(self: Table(partition=8)) -> int
[DEBUG] [2020-11-20 02:33:45,158] [1300:139933096580928] - profile.py[line:84]: [computing#9ee073bdb2]function_stack: [intersect.py:201]intersect_join_id <-[intersect_guest.py:220]run <-[intersect_model.py:145]fit <-[model_base.py:98]run
[DEBUG] [2020-11-20 02:33:45,159] [1300:139933096580928] - profile.py[line:87]: [computing#9ee073bdb2]start
[DEBUG] [2020-11-20 02:33:50,786] [1300:139933096580928] - profile.py[line:93]: [computing#9ee073bdb2]done, elapse: 5.627956390380859, function: mapValues(self: Table(partition=8), func: function) -> Table(partition=8)
[DEBUG] [2020-11-20 02:33:50,787] [1300:139933096580928] - profile.py[line:237]: [federation.get.federatedml.transfer_variable.transfer_class.raw_intersect_transfer_variable.RawIntersectTransferVariable.send_ids_host.fit]guest<-[Party(role=host, party_id=9999)] start
[DEBUG] [2020-11-20 02:34:03,202] [1300:139933096580928] - profile.py[line:216]: [federation.get.federatedml.transfer_variable.transfer_class.raw_intersect_transfer_variable.RawIntersectTransferVariable.send_ids_host.fit]guest<-[Party(role=host, party_id=9999)] done
[DEBUG] [2020-11-20 02:34:03,206] [1300:139933096580928] - profile.py[line:84]: [computing#6690ff27a9]function_stack: [intersect.py:216]intersect_join_id <-[intersect_guest.py:220]run <-[intersect_model.py:145]fit <-[model_base.py:98]run
[DEBUG] [2020-11-20 02:34:03,206] [1300:139933096580928] - profile.py[line:87]: [computing#6690ff27a9]start
[DEBUG] [2020-11-20 02:34:03,452] [1300:139933096580928] - profile.py[line:93]: [computing#6690ff27a9]done, elapse: 0.24608850479125977, function: join(self: Table(partition=8), other: Table(partition=8), func: function) -> Table(partition=8)
[DEBUG] [2020-11-20 02:34:03,454] [1300:139933096580928] - profile.py[line:232]: [federation.remote.federatedml.transfer_variable.transfer_class.raw_intersect_transfer_variable.RawIntersectTransferVariable.intersect_ids_guest.fit]guest->[Party(role=host, party_id=9999)] start
[DEBUG] [2020-11-20 02:34:03,462] [1300:139933096580928] - profile.py[line:185]: [federation.remote.federatedml.transfer_variable.transfer_class.raw_intersect_transfer_variable.RawIntersectTransferVariable.intersect_ids_guest.fit]guest->[Party(role=host, party_id=9999)] done
[DEBUG] [2020-11-20 02:34:03,476] [1300:139933096580928] - profile.py[line:84]: [computing#bef03bf925]function_stack: [intersect.py:80]_get_value_from_data <-[intersect.py:254]intersect_join_id <-[intersect_guest.py:220]run <-[intersect_model.py:145]fit <-[model_base.py:98]run
[DEBUG] [2020-11-20 02:34:03,477] [1300:139933096580928] - profile.py[line:87]: [computing#bef03bf925]start
[DEBUG] [2020-11-20 02:34:03,754] [1300:139933096580928] - profile.py[line:93]: [computing#bef03bf925]done, elapse: 0.27782106399536133, function: join(self: Table(partition=8), other: Table(partition=8), func: function) -> Table(partition=8)
[DEBUG] [2020-11-20 02:34:03,759] [1300:139933096580928] - profile.py[line:84]: [computing#1c2db2698f]function_stack: [job_tracker.py:139]save_output_data <-[job_tracker.py:332]save_as_table <-[intersect.py:260]intersect_join_id <-[intersect_guest.py:220]run <-[intersect_model.py:145]fit <-[model_base.py:98]run
[DEBUG] [2020-11-20 02:34:03,760] [1300:139933096580928] - profile.py[line:87]: [computing#1c2db2698f]start
[DEBUG] [2020-11-20 02:34:03,970] [1300:139933096580928] - profile.py[line:93]: [computing#1c2db2698f]done, elapse: 0.21028733253479004, function: save(self: Table(partition=8), address: EggRollAddress, partitions: int, schema: dict) -> NoneType
[DEBUG] [2020-11-20 02:34:03,972] [1300:139933096580928] - profile.py[line:84]: [computing#1553218c0e]function_stack: [job_tracker.py:142]save_output_data <-[job_tracker.py:332]save_as_table <-[intersect.py:260]intersect_join_id <-[intersect_guest.py:220]run <-[intersect_model.py:145]fit <-[model_base.py:98]run
[DEBUG] [2020-11-20 02:34:03,973] [1300:139933096580928] - profile.py[line:87]: [computing#1553218c0e]start
[DEBUG] [2020-11-20 02:34:03,976] [1300:139933096580928] - profile.py[line:93]: [computing#1553218c0e]done, elapse: 0.003669261932373047, function: collect(self: Table(partition=8)) -> generator
[DEBUG] [2020-11-20 02:34:04,200] [1300:139933096580928] - profile.py[line:84]: [computing#5f87c2d62c]function_stack: [job_tracker.py:147]save_output_data <-[job_tracker.py:332]save_as_table <-[intersect.py:260]intersect_join_id <-[intersect_guest.py:220]run <-[intersect_model.py:145]fit <-[model_base.py:98]run
[DEBUG] [2020-11-20 02:34:04,201] [1300:139933096580928] - profile.py[line:87]: [computing#5f87c2d62c]start
[DEBUG] [2020-11-20 02:34:04,252] [1300:139933096580928] - profile.py[line:93]: [computing#5f87c2d62c]done, elapse: 0.05269885063171387, function: count(self: Table(partition=8)) -> int
[DEBUG] [2020-11-20 02:34:04,292] [1300:139933096580928] - profile.py[line:84]: [computing#5655dc08fa]function_stack: [intersect_model.py:153]fit <-[model_base.py:98]run
[DEBUG] [2020-11-20 02:34:04,293] [1300:139933096580928] - profile.py[line:87]: [computing#5655dc08fa]start
[DEBUG] [2020-11-20 02:34:04,345] [1300:139933096580928] - profile.py[line:93]: [computing#5655dc08fa]done, elapse: 0.05277442932128906, function: count(self: Table(partition=8)) -> int
[DEBUG] [2020-11-20 02:34:04,347] [1300:139933096580928] - profile.py[line:84]: [computing#529d4dedac]function_stack: [intersect_model.py:154]fit <-[model_base.py:98]run
[DEBUG] [2020-11-20 02:34:04,348] [1300:139933096580928] - profile.py[line:87]: [computing#529d4dedac]start
[DEBUG] [2020-11-20 02:34:04,409] [1300:139933096580928] - profile.py[line:93]: [computing#529d4dedac]done, elapse: 0.062252044677734375, function: count(self: Table(partition=8)) -> int
[INFO] [2020-11-20 02:34:05,246] [1300:139933096580928] - profile.py[line:249]: 
Computing:
+----------+---------------------------------------------+
| function |  function    n   sum(s)   mean(s)   max(s)  |
|          | ----------- --- -------- --------- -------- |
|          |  mapValues   1   5.628     5.628    5.628   |
|          |    join      2   0.524     0.262    0.278   |
|          |    load      1   0.326     0.326    0.326   |
|          |    count     4   0.223     0.056    0.062   |
|          |    save      1    0.21     0.21      0.21   |
|          |   collect    1   0.004     0.004    0.004   |
+----------+---------------------------------------------+
|  total   |  n=10, sum=6.9153, mean=0.6915, max=5.6280  |
+----------+---------------------------------------------+

Federation:
+--------+-------------------------------------------------------------------------------------------------------------+
|  get   |                                    name                                    | n | sum(s) | mean(s) | max(s)  |
|        | ---------------------------------------------------------------------------+---+--------+---------+-------- |
|        |  federatedml.transfer_variable.transfer_class.raw_intersect_transfer_varia | 1 | 12.414 | 12.414  | 12.414  |
|        |               ble.RawIntersectTransferVariable.send_ids_host               |   |        |         |         |
+--------+-------------------------------------------------------------------------------------------------------------+
| remote |                                    name                                    | n | sum(s) | mean(s) | max(s)  |
|        | ---------------------------------------------------------------------------+---+--------+---------+-------- |
|        |  federatedml.transfer_variable.transfer_class.raw_intersect_transfer_varia | 1 | 0.008  |  0.008  | 0.008   |
|        |            ble.RawIntersectTransferVariable.intersect_ids_guest            |   |        |         |         |
+--------+-------------------------------------------------------------------------------------------------------------+
| total  |                                 n=2, sum=12.4221, mean=6.2110, max=12.4144                                  |
+--------+-------------------------------------------------------------------------------------------------------------+

