[INFO] [2020-11-20 02:33:33,013] [1300:139933096580928] - control_client.py[line:42]: request update job 202011200231350021282 task 202011200231350021282_intersect_0 0 on guest 10000
[DEBUG] [2020-11-20 02:33:38,753] [1300:139933096580928] - _federation.py[line:35]: [federation.eggroll]init federation: rp_session_id=202011200231350021282_intersect_0_0_guest_10000, rs_session_id=202011200231350021282_intersect_0_0, party=Party(role=guest, party_id=10000), proxy_endpoint=rollsite:9370
[DEBUG] [2020-11-20 02:33:38,755] [1300:139933096580928] - _federation.py[line:45]: [federation.eggroll]init federation context done
[INFO] [2020-11-20 02:33:38,758] [1300:139933096580928] - tracker_client.py[line:150]: Request read job 202011200231350021282 task None None on guest 10000 data train info
[INFO] [2020-11-20 02:33:38,847] [1300:139933096580928] - task_executor.py[line:260]: load computing table use 8
[DEBUG] [2020-11-20 02:33:45,067] [1300:139933096580928] - intersect_param.py[line:61]: Finish encode parameter check!
[DEBUG] [2020-11-20 02:33:45,068] [1300:139933096580928] - intersect_param.py[line:184]: Finish intersect parameter check!
[DEBUG] [2020-11-20 02:33:45,068] [1300:139933096580928] - component_properties.py[line:73]: {'IntersectParam': {'intersect_method': 'raw', 'random_bit': 128, 'sync_intersect_ids': True, 'join_role': 'guest', 'with_encode': False, 'encode_params': {'salt': '', 'encode_method': 'none', 'base64': False}, 'only_output_key': False, 'intersect_cache_param': {'use_cache': False, 'id_type': 'phone', 'encrypt_type': 'sha256'}, 'repeated_id_process': False, 'repeated_id_owner': 'guest', 'allow_info_share': False, 'info_owner': 'guest'}, 'dsl_version': '2', 'initiator': {'role': 'guest', 'party_id': 10000}, 'role': {'guest': [10000], 'host': [9999], 'arbiter': [9999]}, 'job_parameters': {'job_type': 'train', 'work_mode': 1, 'backend': 0, 'computing_engine': 'EGGROLL', 'federation_engine': 'EGGROLL', 'storage_engine': 'EGGROLL', 'engines_address': {'computing': {'cores_per_node': 20, 'nodes': 1}, 'federation': {'host': 'rollsite', 'port': 9370}, 'storage': {'cores_per_node': 20, 'nodes': 1}}, 'federated_mode': 'MULTIPLE', 'task_parallelism': 2, 'computing_partitions': 8, 'federated_status_collect_type': 'PUSH', 'model_id': 'arbiter-9999#guest-10000#host-9999#model', 'model_version': '202011200231350021282', 'eggroll_run': {'eggroll.session.processors.per.node': 2}, 'spark_run': {'num-executors': 1, 'executor-cores': 2}, 'rabbitmq_run': {}, 'adaptation_parameters': {'task_nodes': 1, 'task_cores_per_node': 2, 'task_memory_per_node': 0}}, 'component_parameters': {'common': {'intersect_0': {'intersect_method': 'raw', 'sync_intersect_ids': True, 'only_output_key': False}, 'hetero_lr_0': {'penalty': 'L2', 'optimizer': 'rmsprop', 'alpha': 0.01, 'max_iter': 3, 'batch_size': 320, 'learning_rate': 0.15, 'init_param': {'init_method': 'random_uniform'}}}, 'role': {'guest': {'0': {'reader_0': {'table': {'name': 'breast_hetero_guest', 'namespace': 'experiment'}}, 'dataio_0': {'with_label': True, 'label_name': 'y', 'label_type': 'int', 'output_format': 'dense'}}}, 'host': {'0': {'reader_0': {'table': {'name': 'breast_hetero_host', 'namespace': 'experiment'}}, 'dataio_0': {'with_label': False, 'output_format': 'dense'}}}}}, 'config': '/data/projects/fate/python/fate_flow/examples/test_hetero_lr_job_conf.json', 'dsl': 'examples/test_hetero_lr_job_dsl.json', 'function': 'submit_job', 'local': {'role': 'guest', 'party_id': 10000}, 'CodePath': 'federatedml/statistic/intersect/intersect_model.py/IntersectGuest', 'module': 'Intersection', 'output_data_name': ['train']}
[DEBUG] [2020-11-20 02:33:45,069] [1300:139933096580928] - component_properties.py[line:80]: need_run: True, need_cv: False
[DEBUG] [2020-11-20 02:33:45,070] [1300:139933096580928] - component_properties.py[line:102]: parse_dsl_args data_sets: {'dataio_0': {'data': [<fate_arch.computing.eggroll._table.Table object at 0x7f44905c9f60>]}}
[DEBUG] [2020-11-20 02:33:45,070] [1300:139933096580928] - component_properties.py[line:112]: [Data Parser], has_train_data: False
[DEBUG] [2020-11-20 02:33:45,071] [1300:139933096580928] - component_properties.py[line:112]: [Data Parser], has_eval_data: False
[DEBUG] [2020-11-20 02:33:45,072] [1300:139933096580928] - component_properties.py[line:112]: [Data Parser], has_validate_data: False
[DEBUG] [2020-11-20 02:33:45,072] [1300:139933096580928] - component_properties.py[line:112]: [Data Parser], has_test_data: False
[DEBUG] [2020-11-20 02:33:45,073] [1300:139933096580928] - component_properties.py[line:118]: [Data Parser], has_normal_data: True
[DEBUG] [2020-11-20 02:33:45,073] [1300:139933096580928] - component_properties.py[line:179]: Input data_sets: {'dataio_0': {'data': [<fate_arch.computing.eggroll._table.Table object at 0x7f44905c9f60>]}}
[DEBUG] [2020-11-20 02:33:45,074] [1300:139933096580928] - component_properties.py[line:189]: data_dict: {'data': [<fate_arch.computing.eggroll._table.Table object at 0x7f44905c9f60>]}
[DEBUG] [2020-11-20 02:33:45,074] [1300:139933096580928] - component_properties.py[line:192]: data_list: <fate_arch.computing.eggroll._table.Table object at 0x7f44905c9f60>
[DEBUG] [2020-11-20 02:33:45,149] [1300:139933096580928] - component_properties.py[line:231]: train_data: None, validate_data: None, test_data: None, data: {'dataio_0.data': <fate_arch.computing.eggroll._table.Table object at 0x7f44905c9f60>}
[DEBUG] [2020-11-20 02:33:45,150] [1300:139933096580928] - model_base.py[line:88]: running_funcs: [<function ModelBase.extract_data at 0x7f447382e400>, <bound method ModelBase.set_flowid of <federatedml.statistic.intersect.intersect_model.IntersectGuest object at 0x7f44922d0240>>, <bound method IntersectModelBase.fit of <federatedml.statistic.intersect.intersect_model.IntersectGuest object at 0x7f44922d0240>>]
[DEBUG] [2020-11-20 02:33:45,150] [1300:139933096580928] - model_base.py[line:340]: In extract_data, data input: {'dataio_0.data': <fate_arch.computing.eggroll._table.Table object at 0x7f44905c9f60>}
[DEBUG] [2020-11-20 02:33:45,151] [1300:139933096580928] - model_base.py[line:162]: set flowid to transfer_variable, flowid: fit
[DEBUG] [2020-11-20 02:33:45,152] [1300:139933096580928] - model_base.py[line:97]: func: <bound method IntersectModelBase.fit of <federatedml.statistic.intersect.intersect_model.IntersectGuest object at 0x7f44922d0240>>
[INFO] [2020-11-20 02:33:45,152] [1300:139933096580928] - intersect_model.py[line:50]: Using raw intersection, role is guest
[INFO] [2020-11-20 02:33:45,153] [1300:139933096580928] - intersect_guest.py[line:215]: Start raw intersection
[INFO] [2020-11-20 02:33:45,154] [1300:139933096580928] - intersect.py[line:189]: Join id role is guest
[DEBUG] [2020-11-20 02:34:03,201] [1300:139933096580928] - _federation.py[line:176]: [federation.eggroll.get.hash.9c2acfde96e52e8ed947.send_ids_host.fit] got RollPair(namespace=202011200231350021282_intersect_0_0, name=__rsk#202011200231350021282_intersect_0_0#hash.9c2acfde96e52e8ed947.send_ids_host#fit#host#9999#guest#10000, partitions=8)
[INFO] [2020-11-20 02:34:03,203] [1300:139933096580928] - intersect.py[line:213]: Get ids_list from role-send, ids_list size is 1
[INFO] [2020-11-20 02:34:03,453] [1300:139933096580928] - intersect.py[line:224]: Finish intersect_ids computing
[DEBUG] [2020-11-20 02:34:03,454] [1300:139933096580928] - _federation.py[line:69]: [federation.eggroll.remote.hash.fb553fba83149a742f66.intersect_ids_guest.fit[('host', '9999')])]remote RollPair(namespace=202011200231350021282_intersect_0_0, name=__rsk#202011200231350021282_intersect_0_0#hash.9c2acfde96e52e8ed947.send_ids_20201120.023403.209150.1, partitions=8)
[INFO] [2020-11-20 02:34:03,463] [1300:139933096580928] - intersect.py[line:239]: Remote intersect ids to role-send
[INFO] [2020-11-20 02:34:03,755] [1300:139933096580928] - intersect.py[line:82]: get intersect data_instances!
[INFO] [2020-11-20 02:34:04,289] [1300:139933096580928] - intersect.py[line:261]: save guest_0's id in name:202011200231350021282_intersect_0_0_0, namespace:10000#None#mountain
[INFO] [2020-11-20 02:34:04,290] [1300:139933096580928] - intersect_model.py[line:150]: Finish intersection
[INFO] [2020-11-20 02:34:04,411] [1300:139933096580928] - tracker_client.py[line:70]: Request save job 202011200231350021282 task 202011200231350021282_intersect_0 0 on guest 10000 metric train intersection data
[INFO] [2020-11-20 02:34:04,467] [1300:139933096580928] - tracker_client.py[line:103]: Request save job 202011200231350021282 task 202011200231350021282_intersect_0 0 on guest 10000 metric train intersection meta
[DEBUG] [2020-11-20 02:34:04,514] [1300:139933096580928] - model_base.py[line:109]: saved_result is : [None], data_output: None
[INFO] [2020-11-20 02:34:04,515] [1300:139933096580928] - tracker_client.py[line:173]: Request save job 202011200231350021282 task 202011200231350021282_intersect_0 0 on guest 10000 component summary
[DEBUG] [2020-11-20 02:34:05,306] [1300:139930196371200] - _federation.py[line:133]: [federation.eggroll.remote.hash.fb553fba83149a742f66.intersect_ids_guest.fit]future to remote to party: ('host', '9999') done
[INFO] [2020-11-20 02:34:05,313] [1300:139933096580928] - intersect_model.py[line:168]: intersect_ids count:569
[INFO] [2020-11-20 02:34:05,314] [1300:139933096580928] - intersect_model.py[line:169]: intersect_ids header schema:{'header': ['x0', 'x1', 'x2', 'x3', 'x4', 'x5', 'x6', 'x7', 'x8', 'x9'], 'sid_name': 'id', 'label_name': 'y'}
[INFO] [2020-11-20 02:34:05,996] [1300:139933096580928] - control_client.py[line:42]: request update job 202011200231350021282 task 202011200231350021282_intersect_0 0 on guest 10000
[INFO] [2020-11-20 02:34:06,252] [1300:139933096580928] - control_client.py[line:42]: request update job 202011200231350021282 task 202011200231350021282_intersect_0 0 on guest 10000
