[INFO] [2020-11-20 02:32:38,208] [1045:140161495037760] - control_client.py[line:42]: request update job 202011200231350021282 task 202011200231350021282_dataio_0 0 on host 9999
[DEBUG] [2020-11-20 02:32:49,199] [1045:140161495037760] - _federation.py[line:35]: [federation.eggroll]init federation: rp_session_id=202011200231350021282_dataio_0_0_host_9999, rs_session_id=202011200231350021282_dataio_0_0, party=Party(role=host, party_id=9999), proxy_endpoint=rollsite:9370
[DEBUG] [2020-11-20 02:32:49,202] [1045:140161495037760] - _federation.py[line:45]: [federation.eggroll]init federation context done
[INFO] [2020-11-20 02:32:49,209] [1045:140161495037760] - tracker_client.py[line:150]: Request read job 202011200231350021282 task None None on host 9999 data table info
[INFO] [2020-11-20 02:32:49,339] [1045:140161495037760] - task_executor.py[line:260]: load computing table use 8
[DEBUG] [2020-11-20 02:33:01,842] [1045:140161495037760] - component_properties.py[line:73]: {'DataIOParam': {'input_format': 'dense', 'delimitor': ',', 'data_type': 'float64', 'exclusive_data_type': None, 'tag_with_value': False, 'tag_value_delimitor': ':', 'missing_fill': False, 'default_value': 0, 'missing_fill_method': None, 'missing_impute': None, 'outlier_replace': False, 'outlier_replace_method': None, 'outlier_impute': None, 'outlier_replace_value': 0, 'with_label': False, 'label_name': 'y', 'label_type': 'int', 'output_format': 'dense', 'need_run': True}, 'dsl_version': '2', 'initiator': {'role': 'guest', 'party_id': 10000}, 'role': {'guest': [10000], 'host': [9999], 'arbiter': [9999]}, 'job_parameters': {'job_type': 'train', 'work_mode': 1, 'backend': 0, 'computing_engine': 'EGGROLL', 'federation_engine': 'EGGROLL', 'storage_engine': 'EGGROLL', 'engines_address': {'computing': {'cores_per_node': 20, 'nodes': 1}, 'federation': {'host': 'rollsite', 'port': 9370}, 'storage': {'cores_per_node': 20, 'nodes': 1}}, 'federated_mode': 'MULTIPLE', 'task_parallelism': 2, 'computing_partitions': 8, 'federated_status_collect_type': 'PUSH', 'model_id': 'arbiter-9999#guest-10000#host-9999#model', 'model_version': '202011200231350021282', 'eggroll_run': {'eggroll.session.processors.per.node': 2}, 'spark_run': {'num-executors': 1, 'executor-cores': 2}, 'rabbitmq_run': {}, 'adaptation_parameters': {'task_nodes': 1, 'task_cores_per_node': 2, 'task_memory_per_node': 0}}, 'component_parameters': {'common': {'intersect_0': {'intersect_method': 'raw', 'sync_intersect_ids': True, 'only_output_key': False}, 'hetero_lr_0': {'penalty': 'L2', 'optimizer': 'rmsprop', 'alpha': 0.01, 'max_iter': 3, 'batch_size': 320, 'learning_rate': 0.15, 'init_param': {'init_method': 'random_uniform'}}}, 'role': {'guest': {'0': {'reader_0': {'table': {'name': 'breast_hetero_guest', 'namespace': 'experiment'}}, 'dataio_0': {'with_label': True, 'label_name': 'y', 'label_type': 'int', 'output_format': 'dense'}}}, 'host': {'0': {'reader_0': {'table': {'name': 'breast_hetero_host', 'namespace': 'experiment'}}, 'dataio_0': {'with_label': False, 'output_format': 'dense'}}}}}, 'config': '/data/projects/fate/python/fate_flow/examples/test_hetero_lr_job_conf.json', 'dsl': 'examples/test_hetero_lr_job_dsl.json', 'function': 'submit_job', 'local': {'role': 'host', 'party_id': 9999}, 'CodePath': 'federatedml/util/data_io.py/DataIO', 'module': 'DataIO', 'output_data_name': ['train']}
[DEBUG] [2020-11-20 02:33:01,843] [1045:140161495037760] - component_properties.py[line:80]: need_run: True, need_cv: False
[DEBUG] [2020-11-20 02:33:01,844] [1045:140161495037760] - component_properties.py[line:102]: parse_dsl_args data_sets: {'reader_0': {'data': [<fate_arch.computing.eggroll._table.Table object at 0x7f79d0896860>]}}
[DEBUG] [2020-11-20 02:33:01,846] [1045:140161495037760] - component_properties.py[line:112]: [Data Parser], has_train_data: False
[DEBUG] [2020-11-20 02:33:01,847] [1045:140161495037760] - component_properties.py[line:112]: [Data Parser], has_eval_data: False
[DEBUG] [2020-11-20 02:33:01,848] [1045:140161495037760] - component_properties.py[line:112]: [Data Parser], has_validate_data: False
[DEBUG] [2020-11-20 02:33:01,848] [1045:140161495037760] - component_properties.py[line:112]: [Data Parser], has_test_data: False
[DEBUG] [2020-11-20 02:33:01,849] [1045:140161495037760] - component_properties.py[line:118]: [Data Parser], has_normal_data: True
[DEBUG] [2020-11-20 02:33:01,850] [1045:140161495037760] - component_properties.py[line:179]: Input data_sets: {'reader_0': {'data': [<fate_arch.computing.eggroll._table.Table object at 0x7f79d0896860>]}}
[DEBUG] [2020-11-20 02:33:01,851] [1045:140161495037760] - component_properties.py[line:189]: data_dict: {'data': [<fate_arch.computing.eggroll._table.Table object at 0x7f79d0896860>]}
[DEBUG] [2020-11-20 02:33:01,852] [1045:140161495037760] - component_properties.py[line:192]: data_list: <fate_arch.computing.eggroll._table.Table object at 0x7f79d0896860>
[DEBUG] [2020-11-20 02:33:01,975] [1045:140161495037760] - component_properties.py[line:231]: train_data: None, validate_data: None, test_data: None, data: {'reader_0.data': <fate_arch.computing.eggroll._table.Table object at 0x7f79d0896860>}
[DEBUG] [2020-11-20 02:33:01,977] [1045:140161495037760] - model_base.py[line:88]: running_funcs: [<function ModelBase.extract_data at 0x7f79d08ef950>, <bound method ModelBase.set_flowid of <federatedml.util.data_io.DataIO object at 0x7f79d1590278>>, <bound method DataIO.fit of <federatedml.util.data_io.DataIO object at 0x7f79d1590278>>]
[DEBUG] [2020-11-20 02:33:01,978] [1045:140161495037760] - model_base.py[line:340]: In extract_data, data input: {'reader_0.data': <fate_arch.computing.eggroll._table.Table object at 0x7f79d0896860>}
[DEBUG] [2020-11-20 02:33:01,978] [1045:140161495037760] - model_base.py[line:97]: func: <bound method DataIO.fit of <federatedml.util.data_io.DataIO object at 0x7f79d1590278>>
[INFO] [2020-11-20 02:33:01,979] [1045:140161495037760] - data_io.py[line:118]: start to read dense data and change data to instance
[DEBUG] [2020-11-20 02:33:02,129] [1045:140161495037760] - data_io.py[line:75]: header is x0,x1,x2,x3,x4,x5,x6,x7,x8,x9,x10,x11,x12,x13,x14,x15,x16,x17,x18,x19
[DEBUG] [2020-11-20 02:33:02,130] [1045:140161495037760] - data_io.py[line:76]: sid_name is id
[DEBUG] [2020-11-20 02:33:04,122] [1045:140161495037760] - abnormal_detection.py[line:81]: schema is {'header': ['x0', 'x1', 'x2', 'x3', 'x4', 'x5', 'x6', 'x7', 'x8', 'x9', 'x10', 'x11', 'x12', 'x13', 'x14', 'x15', 'x16', 'x17', 'x18', 'x19'], 'sid_name': 'id', 'label_name': 'y'}
[DEBUG] [2020-11-20 02:33:04,124] [1045:140161495037760] - abnormal_detection.py[line:85]: header is ['x0', 'x1', 'x2', 'x3', 'x4', 'x5', 'x6', 'x7', 'x8', 'x9', 'x10', 'x11', 'x12', 'x13', 'x14', 'x15', 'x16', 'x17', 'x18', 'x19']
[DEBUG] [2020-11-20 02:33:04,124] [1045:140161495037760] - abnormal_detection.py[line:95]: sid_name is id
[DEBUG] [2020-11-20 02:33:04,125] [1045:140161495037760] - abnormal_detection.py[line:100]: label_name is y
[DEBUG] [2020-11-20 02:33:04,632] [1045:140161495037760] - model_base.py[line:109]: saved_result is : [<fate_arch.computing.eggroll._table.Table object at 0x7f79d0871c18>], data_output: <fate_arch.computing.eggroll._table.Table object at 0x7f79d0871c18>
[INFO] [2020-11-20 02:33:04,632] [1045:140161495037760] - tracker_client.py[line:173]: Request save job 202011200231350021282 task 202011200231350021282_dataio_0 0 on host 9999 component summary
[INFO] [2020-11-20 02:33:07,369] [1045:140161495037760] - control_client.py[line:42]: request update job 202011200231350021282 task 202011200231350021282_dataio_0 0 on host 9999
[INFO] [2020-11-20 02:33:08,799] [1045:140161495037760] - control_client.py[line:42]: request update job 202011200231350021282 task 202011200231350021282_dataio_0 0 on host 9999
