[INFO] [2020-11-20 02:31:46,894] [827:139969226749760] - task_executor.py[line:302]: report task 202011200231350021282_reader_0 0 guest 10000 to driver
[INFO] [2020-11-20 02:31:46,896] [827:139969226749760] - control_client.py[line:42]: request update job 202011200231350021282 task 202011200231350021282_reader_0 0 on guest 10000
[INFO] [2020-11-20 02:31:52,650] [827:139969226749760] - task_executor.py[line:156]: Run 202011200231350021282 reader_0 202011200231350021282_reader_0 guest 10000 task
[INFO] [2020-11-20 02:31:52,651] [827:139969226749760] - task_executor.py[line:157]: Component parameters on party {'ReaderParam': {'table': {'name': 'breast_hetero_guest', 'namespace': 'experiment'}}, 'dsl_version': '2', 'initiator': {'role': 'guest', 'party_id': 10000}, 'role': {'guest': [10000], 'host': [9999], 'arbiter': [9999]}, 'job_parameters': {'job_type': 'train', 'work_mode': 1, 'backend': 0, 'computing_engine': 'EGGROLL', 'federation_engine': 'EGGROLL', 'storage_engine': 'EGGROLL', 'engines_address': {'computing': {'cores_per_node': 20, 'nodes': 1}, 'federation': {'host': 'rollsite', 'port': 9370}, 'storage': {'cores_per_node': 20, 'nodes': 1}}, 'federated_mode': 'MULTIPLE', 'task_parallelism': 2, 'computing_partitions': 8, 'federated_status_collect_type': 'PUSH', 'model_id': 'arbiter-9999#guest-10000#host-9999#model', 'model_version': '202011200231350021282', 'eggroll_run': {'eggroll.session.processors.per.node': 2}, 'spark_run': {'num-executors': 1, 'executor-cores': 2}, 'rabbitmq_run': {}, 'adaptation_parameters': {'task_nodes': 1, 'task_cores_per_node': 2, 'task_memory_per_node': 0}}, 'component_parameters': {'common': {'intersect_0': {'intersect_method': 'raw', 'sync_intersect_ids': True, 'only_output_key': False}, 'hetero_lr_0': {'penalty': 'L2', 'optimizer': 'rmsprop', 'alpha': 0.01, 'max_iter': 3, 'batch_size': 320, 'learning_rate': 0.15, 'init_param': {'init_method': 'random_uniform'}}}, 'role': {'guest': {'0': {'reader_0': {'table': {'name': 'breast_hetero_guest', 'namespace': 'experiment'}}, 'dataio_0': {'with_label': True, 'label_name': 'y', 'label_type': 'int', 'output_format': 'dense'}}}, 'host': {'0': {'reader_0': {'table': {'name': 'breast_hetero_host', 'namespace': 'experiment'}}, 'dataio_0': {'with_label': False, 'output_format': 'dense'}}}}}, 'config': '/data/projects/fate/python/fate_flow/examples/test_hetero_lr_job_conf.json', 'dsl': 'examples/test_hetero_lr_job_dsl.json', 'function': 'submit_job', 'local': {'role': 'guest', 'party_id': 10000}, 'CodePath': 'fate_flow/components/reader.py/Reader', 'module': 'Reader', 'output_data_name': ['table']}
[INFO] [2020-11-20 02:31:52,652] [827:139969226749760] - task_executor.py[line:158]: Task input dsl {}
[INFO] [2020-11-20 02:31:56,757] [827:139969226749760] - reader.py[line:84]: the EGGROLL engine input table does not require conversion to support computing engine EGGROLL
[INFO] [2020-11-20 02:31:57,632] [827:139969226749760] - tracker_client.py[line:127]: Request save job 202011200231350021282 task 202011200231350021282_reader_0 0 on guest 10000 data table info
[INFO] [2020-11-20 02:31:57,724] [827:139969226749760] - tracker_client.py[line:103]: Request save job 202011200231350021282 task 202011200231350021282_reader_0 0 on guest 10000 metric reader_namespace reader_name meta
[INFO] [2020-11-20 02:31:57,849] [827:139969226749760] - profile.py[line:249]: 
Computing:
+----------+------------------------------------------+
| function |                                          |
+----------+------------------------------------------+
|  total   | n=0, sum=0.0000, mean=0.0000, max=0.0000 |
+----------+------------------------------------------+

Federation:
+--------+------------------------------------------+
|  get   |                                          |
+--------+------------------------------------------+
| remote |                                          |
+--------+------------------------------------------+
| total  | n=0, sum=0.0000, mean=0.0000, max=0.0000 |
+--------+------------------------------------------+

[INFO] [2020-11-20 02:31:57,853] [827:139969226749760] - task_executor.py[line:302]: report task 202011200231350021282_reader_0 0 guest 10000 to driver
[INFO] [2020-11-20 02:31:57,854] [827:139969226749760] - control_client.py[line:42]: request update job 202011200231350021282 task 202011200231350021282_reader_0 0 on guest 10000
[INFO] [2020-11-20 02:31:58,042] [827:139969226749760] - task_executor.py[line:207]: task 202011200231350021282_reader_0 guest 10000 start time: 2020-11-20 02:31:46
[INFO] [2020-11-20 02:31:58,043] [827:139969226749760] - task_executor.py[line:209]: task 202011200231350021282_reader_0 guest 10000 end time: 2020-11-20 02:31:57
[INFO] [2020-11-20 02:31:58,044] [827:139969226749760] - task_executor.py[line:211]: task 202011200231350021282_reader_0 guest 10000 takes 11.256s
[INFO] [2020-11-20 02:31:58,045] [827:139969226749760] - task_executor.py[line:214]: Finish 202011200231350021282 reader_0 202011200231350021282_reader_0 0 guest 10000 task success
[INFO] [2020-11-20 02:31:58,046] [827:139969226749760] - task_executor.py[line:302]: report task 202011200231350021282_reader_0 0 guest 10000 to driver
[INFO] [2020-11-20 02:31:58,047] [827:139969226749760] - control_client.py[line:42]: request update job 202011200231350021282 task 202011200231350021282_reader_0 0 on guest 10000
[INFO] [2020-11-20 02:32:34,591] [983:140131884844864] - task_executor.py[line:302]: report task 202011200231350021282_dataio_0 0 guest 10000 to driver
[INFO] [2020-11-20 02:32:34,592] [983:140131884844864] - control_client.py[line:42]: request update job 202011200231350021282 task 202011200231350021282_dataio_0 0 on guest 10000
[INFO] [2020-11-20 02:32:39,707] [983:140131884844864] - task_executor.py[line:156]: Run 202011200231350021282 dataio_0 202011200231350021282_dataio_0 guest 10000 task
[INFO] [2020-11-20 02:32:39,708] [983:140131884844864] - task_executor.py[line:157]: Component parameters on party {'DataIOParam': {'input_format': 'dense', 'delimitor': ',', 'data_type': 'float64', 'exclusive_data_type': None, 'tag_with_value': False, 'tag_value_delimitor': ':', 'missing_fill': False, 'default_value': 0, 'missing_fill_method': None, 'missing_impute': None, 'outlier_replace': False, 'outlier_replace_method': None, 'outlier_impute': None, 'outlier_replace_value': 0, 'with_label': True, 'label_name': 'y', 'label_type': 'int', 'output_format': 'dense', 'need_run': True}, 'dsl_version': '2', 'initiator': {'role': 'guest', 'party_id': 10000}, 'role': {'guest': [10000], 'host': [9999], 'arbiter': [9999]}, 'job_parameters': {'job_type': 'train', 'work_mode': 1, 'backend': 0, 'computing_engine': 'EGGROLL', 'federation_engine': 'EGGROLL', 'storage_engine': 'EGGROLL', 'engines_address': {'computing': {'cores_per_node': 20, 'nodes': 1}, 'federation': {'host': 'rollsite', 'port': 9370}, 'storage': {'cores_per_node': 20, 'nodes': 1}}, 'federated_mode': 'MULTIPLE', 'task_parallelism': 2, 'computing_partitions': 8, 'federated_status_collect_type': 'PUSH', 'model_id': 'arbiter-9999#guest-10000#host-9999#model', 'model_version': '202011200231350021282', 'eggroll_run': {'eggroll.session.processors.per.node': 2}, 'spark_run': {'num-executors': 1, 'executor-cores': 2}, 'rabbitmq_run': {}, 'adaptation_parameters': {'task_nodes': 1, 'task_cores_per_node': 2, 'task_memory_per_node': 0}}, 'component_parameters': {'common': {'intersect_0': {'intersect_method': 'raw', 'sync_intersect_ids': True, 'only_output_key': False}, 'hetero_lr_0': {'penalty': 'L2', 'optimizer': 'rmsprop', 'alpha': 0.01, 'max_iter': 3, 'batch_size': 320, 'learning_rate': 0.15, 'init_param': {'init_method': 'random_uniform'}}}, 'role': {'guest': {'0': {'reader_0': {'table': {'name': 'breast_hetero_guest', 'namespace': 'experiment'}}, 'dataio_0': {'with_label': True, 'label_name': 'y', 'label_type': 'int', 'output_format': 'dense'}}}, 'host': {'0': {'reader_0': {'table': {'name': 'breast_hetero_host', 'namespace': 'experiment'}}, 'dataio_0': {'with_label': False, 'output_format': 'dense'}}}}}, 'config': '/data/projects/fate/python/fate_flow/examples/test_hetero_lr_job_conf.json', 'dsl': 'examples/test_hetero_lr_job_dsl.json', 'function': 'submit_job', 'local': {'role': 'guest', 'party_id': 10000}, 'CodePath': 'federatedml/util/data_io.py/DataIO', 'module': 'DataIO', 'output_data_name': ['train']}
[INFO] [2020-11-20 02:32:39,709] [983:140131884844864] - task_executor.py[line:158]: Task input dsl {'data': {'data': ['reader_0.table']}}
[INFO] [2020-11-20 02:32:39,710] [983:140131884844864] - tracker_client.py[line:150]: Request read job 202011200231350021282 task None None on guest 10000 data table info
[INFO] [2020-11-20 02:32:39,784] [983:140131884844864] - task_executor.py[line:260]: load computing table use 8
[INFO] [2020-11-20 02:32:42,183] [983:140131884844864] - data_io.py[line:118]: start to read dense data and change data to instance
[INFO] [2020-11-20 02:32:44,052] [983:140131884844864] - tracker_client.py[line:173]: Request save job 202011200231350021282 task 202011200231350021282_dataio_0 0 on guest 10000 component summary
[INFO] [2020-11-20 02:32:44,760] [983:140131884844864] - profile.py[line:249]: 
Computing:
+----------+---------------------------------------------+
| function |  function    n   sum(s)   mean(s)   max(s)  |
|          | ----------- --- -------- --------- -------- |
|          |    load      1   2.228     2.228    2.228   |
|          |  mapValues   2   1.295     0.648    1.086   |
|          |    join      1    0.29     0.29      0.29   |
|          |    first     1   0.206     0.206    0.206   |
|          |    count     2   0.115     0.057    0.058   |
+----------+---------------------------------------------+
|  total   |  n=7, sum=4.1341, mean=0.5906, max=2.2277   |
+----------+---------------------------------------------+

Federation:
+--------+------------------------------------------+
|  get   |                                          |
+--------+------------------------------------------+
| remote |                                          |
+--------+------------------------------------------+
| total  | n=0, sum=0.0000, mean=0.0000, max=0.0000 |
+--------+------------------------------------------+

[INFO] [2020-11-20 02:32:45,300] [983:140131884844864] - pipelined_model.py[line:73]: Save dataio_0 dataio DataIOMeta buffer
[INFO] [2020-11-20 02:32:45,302] [983:140131884844864] - pipelined_model.py[line:73]: Save dataio_0 dataio DataIOParam buffer
[INFO] [2020-11-20 02:32:45,312] [983:140131884844864] - pipelined_model.py[line:78]: Save dataio_0 dataio successfully
[INFO] [2020-11-20 02:32:45,313] [983:140131884844864] - task_executor.py[line:302]: report task 202011200231350021282_dataio_0 0 guest 10000 to driver
[INFO] [2020-11-20 02:32:45,314] [983:140131884844864] - control_client.py[line:42]: request update job 202011200231350021282 task 202011200231350021282_dataio_0 0 on guest 10000
[INFO] [2020-11-20 02:32:45,438] [983:140131884844864] - task_executor.py[line:207]: task 202011200231350021282_dataio_0 guest 10000 start time: 2020-11-20 02:32:34
[INFO] [2020-11-20 02:32:45,439] [983:140131884844864] - task_executor.py[line:209]: task 202011200231350021282_dataio_0 guest 10000 end time: 2020-11-20 02:32:45
[INFO] [2020-11-20 02:32:45,439] [983:140131884844864] - task_executor.py[line:211]: task 202011200231350021282_dataio_0 guest 10000 takes 11.01s
[INFO] [2020-11-20 02:32:45,440] [983:140131884844864] - task_executor.py[line:214]: Finish 202011200231350021282 dataio_0 202011200231350021282_dataio_0 0 guest 10000 task success
[INFO] [2020-11-20 02:32:45,441] [983:140131884844864] - task_executor.py[line:302]: report task 202011200231350021282_dataio_0 0 guest 10000 to driver
[INFO] [2020-11-20 02:32:45,441] [983:140131884844864] - control_client.py[line:42]: request update job 202011200231350021282 task 202011200231350021282_dataio_0 0 on guest 10000
[INFO] [2020-11-20 02:33:33,012] [1300:139933096580928] - task_executor.py[line:302]: report task 202011200231350021282_intersect_0 0 guest 10000 to driver
[INFO] [2020-11-20 02:33:33,013] [1300:139933096580928] - control_client.py[line:42]: request update job 202011200231350021282 task 202011200231350021282_intersect_0 0 on guest 10000
[INFO] [2020-11-20 02:33:38,756] [1300:139933096580928] - task_executor.py[line:156]: Run 202011200231350021282 intersect_0 202011200231350021282_intersect_0 guest 10000 task
[INFO] [2020-11-20 02:33:38,757] [1300:139933096580928] - task_executor.py[line:157]: Component parameters on party {'IntersectParam': {'intersect_method': 'raw', 'random_bit': 128, 'sync_intersect_ids': True, 'join_role': 'guest', 'with_encode': False, 'encode_params': {'salt': '', 'encode_method': 'none', 'base64': False}, 'only_output_key': False, 'intersect_cache_param': {'use_cache': False, 'id_type': 'phone', 'encrypt_type': 'sha256'}, 'repeated_id_process': False, 'repeated_id_owner': 'guest', 'allow_info_share': False, 'info_owner': 'guest'}, 'dsl_version': '2', 'initiator': {'role': 'guest', 'party_id': 10000}, 'role': {'guest': [10000], 'host': [9999], 'arbiter': [9999]}, 'job_parameters': {'job_type': 'train', 'work_mode': 1, 'backend': 0, 'computing_engine': 'EGGROLL', 'federation_engine': 'EGGROLL', 'storage_engine': 'EGGROLL', 'engines_address': {'computing': {'cores_per_node': 20, 'nodes': 1}, 'federation': {'host': 'rollsite', 'port': 9370}, 'storage': {'cores_per_node': 20, 'nodes': 1}}, 'federated_mode': 'MULTIPLE', 'task_parallelism': 2, 'computing_partitions': 8, 'federated_status_collect_type': 'PUSH', 'model_id': 'arbiter-9999#guest-10000#host-9999#model', 'model_version': '202011200231350021282', 'eggroll_run': {'eggroll.session.processors.per.node': 2}, 'spark_run': {'num-executors': 1, 'executor-cores': 2}, 'rabbitmq_run': {}, 'adaptation_parameters': {'task_nodes': 1, 'task_cores_per_node': 2, 'task_memory_per_node': 0}}, 'component_parameters': {'common': {'intersect_0': {'intersect_method': 'raw', 'sync_intersect_ids': True, 'only_output_key': False}, 'hetero_lr_0': {'penalty': 'L2', 'optimizer': 'rmsprop', 'alpha': 0.01, 'max_iter': 3, 'batch_size': 320, 'learning_rate': 0.15, 'init_param': {'init_method': 'random_uniform'}}}, 'role': {'guest': {'0': {'reader_0': {'table': {'name': 'breast_hetero_guest', 'namespace': 'experiment'}}, 'dataio_0': {'with_label': True, 'label_name': 'y', 'label_type': 'int', 'output_format': 'dense'}}}, 'host': {'0': {'reader_0': {'table': {'name': 'breast_hetero_host', 'namespace': 'experiment'}}, 'dataio_0': {'with_label': False, 'output_format': 'dense'}}}}}, 'config': '/data/projects/fate/python/fate_flow/examples/test_hetero_lr_job_conf.json', 'dsl': 'examples/test_hetero_lr_job_dsl.json', 'function': 'submit_job', 'local': {'role': 'guest', 'party_id': 10000}, 'CodePath': 'federatedml/statistic/intersect/intersect_model.py/IntersectGuest', 'module': 'Intersection', 'output_data_name': ['train']}
[INFO] [2020-11-20 02:33:38,758] [1300:139933096580928] - task_executor.py[line:158]: Task input dsl {'data': {'data': ['dataio_0.train']}}
[INFO] [2020-11-20 02:33:38,758] [1300:139933096580928] - tracker_client.py[line:150]: Request read job 202011200231350021282 task None None on guest 10000 data train info
[INFO] [2020-11-20 02:33:38,847] [1300:139933096580928] - task_executor.py[line:260]: load computing table use 8
[INFO] [2020-11-20 02:33:45,152] [1300:139933096580928] - intersect_model.py[line:50]: Using raw intersection, role is guest
[INFO] [2020-11-20 02:33:45,153] [1300:139933096580928] - intersect_guest.py[line:215]: Start raw intersection
[INFO] [2020-11-20 02:33:45,154] [1300:139933096580928] - intersect.py[line:189]: Join id role is guest
[INFO] [2020-11-20 02:34:03,203] [1300:139933096580928] - intersect.py[line:213]: Get ids_list from role-send, ids_list size is 1
[INFO] [2020-11-20 02:34:03,453] [1300:139933096580928] - intersect.py[line:224]: Finish intersect_ids computing
[INFO] [2020-11-20 02:34:03,463] [1300:139933096580928] - intersect.py[line:239]: Remote intersect ids to role-send
[INFO] [2020-11-20 02:34:03,755] [1300:139933096580928] - intersect.py[line:82]: get intersect data_instances!
[INFO] [2020-11-20 02:34:04,289] [1300:139933096580928] - intersect.py[line:261]: save guest_0's id in name:202011200231350021282_intersect_0_0_0, namespace:10000#None#mountain
[INFO] [2020-11-20 02:34:04,290] [1300:139933096580928] - intersect_model.py[line:150]: Finish intersection
[INFO] [2020-11-20 02:34:04,411] [1300:139933096580928] - tracker_client.py[line:70]: Request save job 202011200231350021282 task 202011200231350021282_intersect_0 0 on guest 10000 metric train intersection data
[INFO] [2020-11-20 02:34:04,467] [1300:139933096580928] - tracker_client.py[line:103]: Request save job 202011200231350021282 task 202011200231350021282_intersect_0 0 on guest 10000 metric train intersection meta
[INFO] [2020-11-20 02:34:04,515] [1300:139933096580928] - tracker_client.py[line:173]: Request save job 202011200231350021282 task 202011200231350021282_intersect_0 0 on guest 10000 component summary
[INFO] [2020-11-20 02:34:05,246] [1300:139933096580928] - profile.py[line:249]: 
Computing:
+----------+---------------------------------------------+
| function |  function    n   sum(s)   mean(s)   max(s)  |
|          | ----------- --- -------- --------- -------- |
|          |  mapValues   1   5.628     5.628    5.628   |
|          |    join      2   0.524     0.262    0.278   |
|          |    load      1   0.326     0.326    0.326   |
|          |    count     4   0.223     0.056    0.062   |
|          |    save      1    0.21     0.21      0.21   |
|          |   collect    1   0.004     0.004    0.004   |
+----------+---------------------------------------------+
|  total   |  n=10, sum=6.9153, mean=0.6915, max=5.6280  |
+----------+---------------------------------------------+

Federation:
+--------+-------------------------------------------------------------------------------------------------------------+
|  get   |                                    name                                    | n | sum(s) | mean(s) | max(s)  |
|        | ---------------------------------------------------------------------------+---+--------+---------+-------- |
|        |  federatedml.transfer_variable.transfer_class.raw_intersect_transfer_varia | 1 | 12.414 | 12.414  | 12.414  |
|        |               ble.RawIntersectTransferVariable.send_ids_host               |   |        |         |         |
+--------+-------------------------------------------------------------------------------------------------------------+
| remote |                                    name                                    | n | sum(s) | mean(s) | max(s)  |
|        | ---------------------------------------------------------------------------+---+--------+---------+-------- |
|        |  federatedml.transfer_variable.transfer_class.raw_intersect_transfer_varia | 1 | 0.008  |  0.008  | 0.008   |
|        |            ble.RawIntersectTransferVariable.intersect_ids_guest            |   |        |         |         |
+--------+-------------------------------------------------------------------------------------------------------------+
| total  |                                 n=2, sum=12.4221, mean=6.2110, max=12.4144                                  |
+--------+-------------------------------------------------------------------------------------------------------------+

[INFO] [2020-11-20 02:34:05,313] [1300:139933096580928] - intersect_model.py[line:168]: intersect_ids count:569
[INFO] [2020-11-20 02:34:05,314] [1300:139933096580928] - intersect_model.py[line:169]: intersect_ids header schema:{'header': ['x0', 'x1', 'x2', 'x3', 'x4', 'x5', 'x6', 'x7', 'x8', 'x9'], 'sid_name': 'id', 'label_name': 'y'}
[INFO] [2020-11-20 02:34:05,995] [1300:139933096580928] - task_executor.py[line:302]: report task 202011200231350021282_intersect_0 0 guest 10000 to driver
[INFO] [2020-11-20 02:34:05,996] [1300:139933096580928] - control_client.py[line:42]: request update job 202011200231350021282 task 202011200231350021282_intersect_0 0 on guest 10000
[INFO] [2020-11-20 02:34:06,249] [1300:139933096580928] - task_executor.py[line:207]: task 202011200231350021282_intersect_0 guest 10000 start time: 2020-11-20 02:33:32
[INFO] [2020-11-20 02:34:06,249] [1300:139933096580928] - task_executor.py[line:209]: task 202011200231350021282_intersect_0 guest 10000 end time: 2020-11-20 02:34:05
[INFO] [2020-11-20 02:34:06,250] [1300:139933096580928] - task_executor.py[line:211]: task 202011200231350021282_intersect_0 guest 10000 takes 33.298s
[INFO] [2020-11-20 02:34:06,251] [1300:139933096580928] - task_executor.py[line:214]: Finish 202011200231350021282 intersect_0 202011200231350021282_intersect_0 0 guest 10000 task success
[INFO] [2020-11-20 02:34:06,252] [1300:139933096580928] - task_executor.py[line:302]: report task 202011200231350021282_intersect_0 0 guest 10000 to driver
[INFO] [2020-11-20 02:34:06,252] [1300:139933096580928] - control_client.py[line:42]: request update job 202011200231350021282 task 202011200231350021282_intersect_0 0 on guest 10000
[INFO] [2020-11-20 02:34:35,748] [1681:139887538198336] - task_executor.py[line:302]: report task 202011200231350021282_hetero_feature_binning_0 0 guest 10000 to driver
[INFO] [2020-11-20 02:34:35,750] [1681:139887538198336] - control_client.py[line:42]: request update job 202011200231350021282 task 202011200231350021282_hetero_feature_binning_0 0 on guest 10000
[INFO] [2020-11-20 02:34:41,643] [1681:139887538198336] - task_executor.py[line:156]: Run 202011200231350021282 hetero_feature_binning_0 202011200231350021282_hetero_feature_binning_0 guest 10000 task
[INFO] [2020-11-20 02:34:41,644] [1681:139887538198336] - task_executor.py[line:157]: Component parameters on party {'FeatureBinningParam': {'method': 'quantile', 'compress_thres': 10000, 'head_size': 10000, 'error': 0.001, 'adjustment_factor': 0.5, 'bin_num': 10, 'bin_indexes': -1, 'bin_names': None, 'category_indexes': None, 'category_names': None, 'local_only': False, 'transform_param': {'transform_cols': -1, 'transform_names': None, 'transform_type': 'bin_num'}, 'optimal_binning_param': {'init_bucket_method': 'quantile', 'metric_method': 'iv', 'max_bin': None, 'mixture': True, 'max_bin_pct': 1.0, 'min_bin_pct': 0.05, 'init_bin_nums': 1000, 'adjustment_factor': None}, 'need_run': True, 'skip_static': False}, 'dsl_version': '2', 'initiator': {'role': 'guest', 'party_id': 10000}, 'role': {'guest': [10000], 'host': [9999], 'arbiter': [9999]}, 'job_parameters': {'job_type': 'train', 'work_mode': 1, 'backend': 0, 'computing_engine': 'EGGROLL', 'federation_engine': 'EGGROLL', 'storage_engine': 'EGGROLL', 'engines_address': {'computing': {'cores_per_node': 20, 'nodes': 1}, 'federation': {'host': 'rollsite', 'port': 9370}, 'storage': {'cores_per_node': 20, 'nodes': 1}}, 'federated_mode': 'MULTIPLE', 'task_parallelism': 2, 'computing_partitions': 8, 'federated_status_collect_type': 'PUSH', 'model_id': 'arbiter-9999#guest-10000#host-9999#model', 'model_version': '202011200231350021282', 'eggroll_run': {'eggroll.session.processors.per.node': 2}, 'spark_run': {'num-executors': 1, 'executor-cores': 2}, 'rabbitmq_run': {}, 'adaptation_parameters': {'task_nodes': 1, 'task_cores_per_node': 2, 'task_memory_per_node': 0}}, 'component_parameters': {'common': {'intersect_0': {'intersect_method': 'raw', 'sync_intersect_ids': True, 'only_output_key': False}, 'hetero_lr_0': {'penalty': 'L2', 'optimizer': 'rmsprop', 'alpha': 0.01, 'max_iter': 3, 'batch_size': 320, 'learning_rate': 0.15, 'init_param': {'init_method': 'random_uniform'}}}, 'role': {'guest': {'0': {'reader_0': {'table': {'name': 'breast_hetero_guest', 'namespace': 'experiment'}}, 'dataio_0': {'with_label': True, 'label_name': 'y', 'label_type': 'int', 'output_format': 'dense'}}}, 'host': {'0': {'reader_0': {'table': {'name': 'breast_hetero_host', 'namespace': 'experiment'}}, 'dataio_0': {'with_label': False, 'output_format': 'dense'}}}}}, 'config': '/data/projects/fate/python/fate_flow/examples/test_hetero_lr_job_conf.json', 'dsl': 'examples/test_hetero_lr_job_dsl.json', 'function': 'submit_job', 'local': {'role': 'guest', 'party_id': 10000}, 'CodePath': 'federatedml/feature/hetero_feature_binning/hetero_binning_guest.py/HeteroFeatureBinningGuest', 'module': 'HeteroFeatureBinning', 'output_data_name': ['train']}
[INFO] [2020-11-20 02:34:41,645] [1681:139887538198336] - task_executor.py[line:158]: Task input dsl {'data': {'data': ['intersect_0.train']}}
[INFO] [2020-11-20 02:34:41,646] [1681:139887538198336] - tracker_client.py[line:150]: Request read job 202011200231350021282 task None None on guest 10000 data train info
[INFO] [2020-11-20 02:34:41,762] [1681:139887538198336] - task_executor.py[line:260]: load computing table use 8
[INFO] [2020-11-20 02:34:44,989] [1681:139887538198336] - hetero_binning_guest.py[line:37]: Start feature binning fit and transform
[INFO] [2020-11-20 02:34:58,441] [1681:139887538198336] - hetero_binning_guest.py[line:73]: Sent encrypted_label_table to host
[INFO] [2020-11-20 02:35:28,042] [1681:139887538198336] - hetero_binning_guest.py[line:82]: Get encrypted_bin_sum from host
[INFO] [2020-11-20 02:35:29,620] [1681:139887538198336] - hetero_binning_guest.py[line:119]: Finish feature binning fit and transform
[INFO] [2020-11-20 02:35:29,628] [1681:139887538198336] - tracker_client.py[line:173]: Request save job 202011200231350021282 task 202011200231350021282_hetero_feature_binning_0 0 on guest 10000 component summary
[INFO] [2020-11-20 02:35:31,030] [1681:139887538198336] - profile.py[line:249]: 
Computing:
+----------+-------------------------------------------------------+
| function |       function         n   sum(s)   mean(s)   max(s)  |
|          | --------------------- --- -------- --------- -------- |
|          |  mapReducePartitions   1   6.277     6.277    6.277   |
|          |       mapValues        5   6.251     1.25     4.138   |
|          |         first          5   0.983     0.197     0.26   |
|          |    applyPartitions     2   0.465     0.233    0.241   |
|          |         load           1   0.288     0.288    0.288   |
|          |         count          5   0.274     0.055    0.061   |
|          |         join           1   0.256     0.256    0.256   |
|          |        reduce          2   0.124     0.062    0.069   |
|          |        collect         1   0.004     0.004    0.004   |
+----------+-------------------------------------------------------+
|  total   |      n=23, sum=14.9202, mean=0.6487, max=6.2769       |
+----------+-------------------------------------------------------+

Federation:
+--------+-------------------------------------------------------------------------------------------------------------+
|  get   |                                    name                                    | n | sum(s) | mean(s) | max(s)  |
|        | ---------------------------------------------------------------------------+---+--------+---------+-------- |
|        |  federatedml.transfer_variable.transfer_class.hetero_feature_binning_trans | 1 | 28.56  |  28.56  | 28.56   |
|        |     fer_variable.HeteroFeatureBinningTransferVariable.encrypted_bin_sum    |   |        |         |         |
+--------+-------------------------------------------------------------------------------------------------------------+
| remote |                                    name                                    | n | sum(s) | mean(s) | max(s)  |
|        | ---------------------------------------------------------------------------+---+--------+---------+-------- |
|        |  federatedml.transfer_variable.transfer_class.hetero_feature_binning_trans | 1 | 0.008  |  0.008  | 0.008   |
|        |      fer_variable.HeteroFeatureBinningTransferVariable.encrypted_label     |   |        |         |         |
+--------+-------------------------------------------------------------------------------------------------------------+
| total  |                                 n=2, sum=28.5677, mean=14.2839, max=28.5596                                 |
+--------+-------------------------------------------------------------------------------------------------------------+

[INFO] [2020-11-20 02:35:31,637] [1681:139887538198336] - pipelined_model.py[line:73]: Save hetero_feature_binning_0 hetero_feature_binning FeatureBinningMeta buffer
[INFO] [2020-11-20 02:35:31,639] [1681:139887538198336] - pipelined_model.py[line:73]: Save hetero_feature_binning_0 hetero_feature_binning FeatureBinningParam buffer
[INFO] [2020-11-20 02:35:31,660] [1681:139887538198336] - pipelined_model.py[line:78]: Save hetero_feature_binning_0 hetero_feature_binning successfully
[INFO] [2020-11-20 02:35:31,662] [1681:139887538198336] - task_executor.py[line:302]: report task 202011200231350021282_hetero_feature_binning_0 0 guest 10000 to driver
[INFO] [2020-11-20 02:35:31,663] [1681:139887538198336] - control_client.py[line:42]: request update job 202011200231350021282 task 202011200231350021282_hetero_feature_binning_0 0 on guest 10000
[INFO] [2020-11-20 02:35:31,825] [1681:139887538198336] - task_executor.py[line:207]: task 202011200231350021282_hetero_feature_binning_0 guest 10000 start time: 2020-11-20 02:34:35
[INFO] [2020-11-20 02:35:31,826] [1681:139887538198336] - task_executor.py[line:209]: task 202011200231350021282_hetero_feature_binning_0 guest 10000 end time: 2020-11-20 02:35:31
[INFO] [2020-11-20 02:35:31,827] [1681:139887538198336] - task_executor.py[line:211]: task 202011200231350021282_hetero_feature_binning_0 guest 10000 takes 56.217s
[INFO] [2020-11-20 02:35:31,828] [1681:139887538198336] - task_executor.py[line:214]: Finish 202011200231350021282 hetero_feature_binning_0 202011200231350021282_hetero_feature_binning_0 0 guest 10000 task success
[INFO] [2020-11-20 02:35:31,829] [1681:139887538198336] - task_executor.py[line:302]: report task 202011200231350021282_hetero_feature_binning_0 0 guest 10000 to driver
[INFO] [2020-11-20 02:35:31,829] [1681:139887538198336] - control_client.py[line:42]: request update job 202011200231350021282 task 202011200231350021282_hetero_feature_binning_0 0 on guest 10000
[INFO] [2020-11-20 02:35:59,760] [2248:140191339607872] - task_executor.py[line:302]: report task 202011200231350021282_hetero_feature_selection_0 0 guest 10000 to driver
[INFO] [2020-11-20 02:35:59,763] [2248:140191339607872] - control_client.py[line:42]: request update job 202011200231350021282 task 202011200231350021282_hetero_feature_selection_0 0 on guest 10000
[INFO] [2020-11-20 02:36:05,612] [2248:140191339607872] - task_executor.py[line:156]: Run 202011200231350021282 hetero_feature_selection_0 202011200231350021282_hetero_feature_selection_0 guest 10000 task
[INFO] [2020-11-20 02:36:05,613] [2248:140191339607872] - task_executor.py[line:157]: Component parameters on party {'FeatureSelectionParam': {'select_col_indexes': -1, 'select_names': [], 'filter_methods': ['manually'], 'unique_param': {'eps': 1e-05}, 'iv_value_param': {'value_threshold': 0.0, 'host_thresholds': None, 'local_only': False}, 'iv_percentile_param': {'percentile_threshold': 1.0, 'local_only': False}, 'iv_top_k_param': {'k': 10, 'local_only': False}, 'variance_coe_param': {'value_threshold': 1.0}, 'outlier_param': {'percentile': 1.0, 'upper_threshold': 1.0}, 'percentage_value_param': {'upper_pct': 1.0}, 'manually_param': {'filter_out_indexes': None, 'filter_out_names': None, 'left_col_indexes': None, 'left_col_names': None}, 'iv_param': {'metrics': 'iv', 'filter_type': 'threshold', 'take_high': True, 'threshold': 1, 'host_thresholds': None, 'select_federated': True}, 'statistic_param': {'metrics': 'mean', 'filter_type': 'threshold', 'take_high': True, 'threshold': 1, 'host_thresholds': None, 'select_federated': True}, 'psi_param': {'metrics': 'psi', 'filter_type': 'threshold', 'take_high': False, 'threshold': 1, 'host_thresholds': None, 'select_federated': True}, 'sbt_param': {'metrics': 'feature_importance', 'filter_type': 'threshold', 'take_high': True, 'threshold': 1, 'host_thresholds': None, 'select_federated': True}, 'need_run': True}, 'dsl_version': '2', 'initiator': {'role': 'guest', 'party_id': 10000}, 'role': {'guest': [10000], 'host': [9999], 'arbiter': [9999]}, 'job_parameters': {'job_type': 'train', 'work_mode': 1, 'backend': 0, 'computing_engine': 'EGGROLL', 'federation_engine': 'EGGROLL', 'storage_engine': 'EGGROLL', 'engines_address': {'computing': {'cores_per_node': 20, 'nodes': 1}, 'federation': {'host': 'rollsite', 'port': 9370}, 'storage': {'cores_per_node': 20, 'nodes': 1}}, 'federated_mode': 'MULTIPLE', 'task_parallelism': 2, 'computing_partitions': 8, 'federated_status_collect_type': 'PUSH', 'model_id': 'arbiter-9999#guest-10000#host-9999#model', 'model_version': '202011200231350021282', 'eggroll_run': {'eggroll.session.processors.per.node': 2}, 'spark_run': {'num-executors': 1, 'executor-cores': 2}, 'rabbitmq_run': {}, 'adaptation_parameters': {'task_nodes': 1, 'task_cores_per_node': 2, 'task_memory_per_node': 0}}, 'component_parameters': {'common': {'intersect_0': {'intersect_method': 'raw', 'sync_intersect_ids': True, 'only_output_key': False}, 'hetero_lr_0': {'penalty': 'L2', 'optimizer': 'rmsprop', 'alpha': 0.01, 'max_iter': 3, 'batch_size': 320, 'learning_rate': 0.15, 'init_param': {'init_method': 'random_uniform'}}}, 'role': {'guest': {'0': {'reader_0': {'table': {'name': 'breast_hetero_guest', 'namespace': 'experiment'}}, 'dataio_0': {'with_label': True, 'label_name': 'y', 'label_type': 'int', 'output_format': 'dense'}}}, 'host': {'0': {'reader_0': {'table': {'name': 'breast_hetero_host', 'namespace': 'experiment'}}, 'dataio_0': {'with_label': False, 'output_format': 'dense'}}}}}, 'config': '/data/projects/fate/python/fate_flow/examples/test_hetero_lr_job_conf.json', 'dsl': 'examples/test_hetero_lr_job_dsl.json', 'function': 'submit_job', 'local': {'role': 'guest', 'party_id': 10000}, 'CodePath': 'federatedml/feature/hetero_feature_selection/feature_selection_guest.py/HeteroFeatureSelectionGuest', 'module': 'HeteroFeatureSelection', 'output_data_name': ['train']}
[INFO] [2020-11-20 02:36:05,614] [2248:140191339607872] - task_executor.py[line:158]: Task input dsl {'data': {'data': ['hetero_feature_binning_0.train']}, 'isometric_model': ['hetero_feature_binning_0.hetero_feature_binning']}
[INFO] [2020-11-20 02:36:05,615] [2248:140191339607872] - tracker_client.py[line:150]: Request read job 202011200231350021282 task None None on guest 10000 data train info
[INFO] [2020-11-20 02:36:05,737] [2248:140191339607872] - task_executor.py[line:260]: load computing table use 8
[INFO] [2020-11-20 02:36:06,062] [2248:140191339607872] - pipelined_model.py[line:185]: parse FeatureBinningMeta proto object normal
[INFO] [2020-11-20 02:36:06,069] [2248:140191339607872] - pipelined_model.py[line:185]: parse FeatureBinningParam proto object normal
[INFO] [2020-11-20 02:36:09,850] [2248:140191339607872] - base_feature_selection.py[line:301]: Start Hetero Selection Fit and transform.
[INFO] [2020-11-20 02:36:15,202] [2248:140191339607872] - base_feature_selection.py[line:339]: Finish Hetero Selection Fit and transform.
[INFO] [2020-11-20 02:36:15,203] [2248:140191339607872] - tracker_client.py[line:173]: Request save job 202011200231350021282 task 202011200231350021282_hetero_feature_selection_0 0 on guest 10000 component summary
[INFO] [2020-11-20 02:36:15,668] [2248:140191339607872] - profile.py[line:249]: 
Computing:
+----------+---------------------------------------------+
| function |  function    n   sum(s)   mean(s)   max(s)  |
|          | ----------- --- -------- --------- -------- |
|          |  mapValues   1   4.744     4.744    4.744   |
|          |    first     3   0.525     0.175     0.18   |
|          |    load      1   0.284     0.284    0.284   |
|          |    count     2   0.123     0.061    0.069   |
+----------+---------------------------------------------+
|  total   |  n=7, sum=5.6752, mean=0.8107, max=4.7436   |
+----------+---------------------------------------------+

Federation:
+--------+------------------------------------------+
|  get   |                                          |
+--------+------------------------------------------+
| remote |                                          |
+--------+------------------------------------------+
| total  | n=0, sum=0.0000, mean=0.0000, max=0.0000 |
+--------+------------------------------------------+

[INFO] [2020-11-20 02:36:16,288] [2248:140191339607872] - pipelined_model.py[line:73]: Save hetero_feature_selection_0 selected FeatureSelectionMeta buffer
[INFO] [2020-11-20 02:36:16,290] [2248:140191339607872] - pipelined_model.py[line:73]: Save hetero_feature_selection_0 selected FeatureSelectionParam buffer
[INFO] [2020-11-20 02:36:16,319] [2248:140191339607872] - pipelined_model.py[line:78]: Save hetero_feature_selection_0 selected successfully
[INFO] [2020-11-20 02:36:16,321] [2248:140191339607872] - task_executor.py[line:302]: report task 202011200231350021282_hetero_feature_selection_0 0 guest 10000 to driver
[INFO] [2020-11-20 02:36:16,322] [2248:140191339607872] - control_client.py[line:42]: request update job 202011200231350021282 task 202011200231350021282_hetero_feature_selection_0 0 on guest 10000
[INFO] [2020-11-20 02:36:16,445] [2248:140191339607872] - task_executor.py[line:207]: task 202011200231350021282_hetero_feature_selection_0 guest 10000 start time: 2020-11-20 02:35:59
[INFO] [2020-11-20 02:36:16,446] [2248:140191339607872] - task_executor.py[line:209]: task 202011200231350021282_hetero_feature_selection_0 guest 10000 end time: 2020-11-20 02:36:16
[INFO] [2020-11-20 02:36:16,446] [2248:140191339607872] - task_executor.py[line:211]: task 202011200231350021282_hetero_feature_selection_0 guest 10000 takes 16.883s
[INFO] [2020-11-20 02:36:16,447] [2248:140191339607872] - task_executor.py[line:214]: Finish 202011200231350021282 hetero_feature_selection_0 202011200231350021282_hetero_feature_selection_0 0 guest 10000 task success
[INFO] [2020-11-20 02:36:16,448] [2248:140191339607872] - task_executor.py[line:302]: report task 202011200231350021282_hetero_feature_selection_0 0 guest 10000 to driver
[INFO] [2020-11-20 02:36:16,449] [2248:140191339607872] - control_client.py[line:42]: request update job 202011200231350021282 task 202011200231350021282_hetero_feature_selection_0 0 on guest 10000
[INFO] [2020-11-20 02:37:01,567] [2588:139753512589120] - task_executor.py[line:302]: report task 202011200231350021282_hetero_lr_0 0 guest 10000 to driver
[INFO] [2020-11-20 02:37:01,569] [2588:139753512589120] - control_client.py[line:42]: request update job 202011200231350021282 task 202011200231350021282_hetero_lr_0 0 on guest 10000
[INFO] [2020-11-20 02:37:07,061] [2588:139753512589120] - task_executor.py[line:156]: Run 202011200231350021282 hetero_lr_0 202011200231350021282_hetero_lr_0 guest 10000 task
[INFO] [2020-11-20 02:37:07,062] [2588:139753512589120] - task_executor.py[line:157]: Component parameters on party {'HeteroLogisticParam': {'penalty': 'L2', 'tol': 0.0001, 'alpha': 0.01, 'optimizer': 'rmsprop', 'batch_size': 320, 'learning_rate': 0.15, 'init_param': {'init_method': 'random_uniform', 'init_const': 1, 'fit_intercept': True, 'random_seed': None}, 'max_iter': 3, 'early_stop': 'diff', 'encrypt_param': {'method': 'Paillier', 'key_length': 1024}, 'predict_param': {'threshold': 0.5}, 'cv_param': {'n_splits': 5, 'mode': 'hetero', 'role': 'guest', 'shuffle': True, 'random_seed': 1, 'need_cv': False}, 'decay': 1, 'decay_sqrt': True, 'multi_class': 'ovr', 'validation_freqs': None, 'stepwise_param': {'score_name': 'AIC', 'mode': 'hetero', 'role': 'guest', 'direction': 'both', 'max_step': 10, 'nvmin': 2, 'nvmax': None, 'need_stepwise': False}, 'early_stopping_rounds': None, 'metrics': ['auc', 'ks'], 'use_first_metric_only': False, 'encrypted_mode_calculator_param': {'mode': 'strict', 're_encrypted_rate': 1}, 'sqn_param': {'update_interval_L': 3, 'memory_M': 5, 'sample_size': 5000, 'random_seed': None}}, 'dsl_version': '2', 'initiator': {'role': 'guest', 'party_id': 10000}, 'role': {'guest': [10000], 'host': [9999], 'arbiter': [9999]}, 'job_parameters': {'job_type': 'train', 'work_mode': 1, 'backend': 0, 'computing_engine': 'EGGROLL', 'federation_engine': 'EGGROLL', 'storage_engine': 'EGGROLL', 'engines_address': {'computing': {'cores_per_node': 20, 'nodes': 1}, 'federation': {'host': 'rollsite', 'port': 9370}, 'storage': {'cores_per_node': 20, 'nodes': 1}}, 'federated_mode': 'MULTIPLE', 'task_parallelism': 2, 'computing_partitions': 8, 'federated_status_collect_type': 'PUSH', 'model_id': 'arbiter-9999#guest-10000#host-9999#model', 'model_version': '202011200231350021282', 'eggroll_run': {'eggroll.session.processors.per.node': 2}, 'spark_run': {'num-executors': 1, 'executor-cores': 2}, 'rabbitmq_run': {}, 'adaptation_parameters': {'task_nodes': 1, 'task_cores_per_node': 2, 'task_memory_per_node': 0}}, 'component_parameters': {'common': {'intersect_0': {'intersect_method': 'raw', 'sync_intersect_ids': True, 'only_output_key': False}, 'hetero_lr_0': {'penalty': 'L2', 'optimizer': 'rmsprop', 'alpha': 0.01, 'max_iter': 3, 'batch_size': 320, 'learning_rate': 0.15, 'init_param': {'init_method': 'random_uniform'}}}, 'role': {'guest': {'0': {'reader_0': {'table': {'name': 'breast_hetero_guest', 'namespace': 'experiment'}}, 'dataio_0': {'with_label': True, 'label_name': 'y', 'label_type': 'int', 'output_format': 'dense'}}}, 'host': {'0': {'reader_0': {'table': {'name': 'breast_hetero_host', 'namespace': 'experiment'}}, 'dataio_0': {'with_label': False, 'output_format': 'dense'}}}}}, 'config': '/data/projects/fate/python/fate_flow/examples/test_hetero_lr_job_conf.json', 'dsl': 'examples/test_hetero_lr_job_dsl.json', 'function': 'submit_job', 'local': {'role': 'guest', 'party_id': 10000}, 'CodePath': 'federatedml/linear_model/logistic_regression/hetero_logistic_regression/hetero_lr_guest.py/HeteroLRGuest', 'module': 'HeteroLR', 'output_data_name': ['train']}
[INFO] [2020-11-20 02:37:07,064] [2588:139753512589120] - task_executor.py[line:158]: Task input dsl {'data': {'train_data': ['hetero_feature_selection_0.train']}}
[INFO] [2020-11-20 02:37:07,065] [2588:139753512589120] - tracker_client.py[line:150]: Request read job 202011200231350021282 task None None on guest 10000 data train info
[INFO] [2020-11-20 02:37:07,166] [2588:139753512589120] - task_executor.py[line:260]: load computing table use 8
[INFO] [2020-11-20 02:37:16,820] [2588:139753512589120] - one_vs_rest.py[line:289]: Create one_vs_rest object, role: guest, mode: hetero
[INFO] [2020-11-20 02:37:16,920] [2588:139753512589120] - hetero_lr_guest.py[line:65]: Enter hetero_lr_guest fit
[INFO] [2020-11-20 02:37:25,136] [2588:139753512589120] - linear_model_base.py[line:226]: Check for abnormal value passed
[INFO] [2020-11-20 02:37:25,455] [2588:139753512589120] - hetero_lr_guest.py[line:83]: Enter hetero_lr_guest fit
[INFO] [2020-11-20 02:37:30,896] [2588:139753512589120] - hetero_lr_guest.py[line:91]: Generate mini-batch from input data
[INFO] [2020-11-20 02:37:37,189] [2588:139753512589120] - hetero_lr_guest.py[line:100]: Start initialize model.
[INFO] [2020-11-20 02:37:37,190] [2588:139753512589120] - hetero_lr_guest.py[line:101]: fit_intercept:True
[INFO] [2020-11-20 02:37:37,992] [2588:139753512589120] - hetero_lr_guest.py[line:107]: iter:0
[INFO] [2020-11-20 02:38:23,180] [2588:139753512589120] - hetero_lr_guest.py[line:140]: iter: 0,  is_converged: False
[INFO] [2020-11-20 02:38:23,183] [2588:139753512589120] - hetero_lr_guest.py[line:107]: iter:1
[INFO] [2020-11-20 02:39:00,278] [2588:139753512589120] - hetero_lr_guest.py[line:140]: iter: 1,  is_converged: False
[INFO] [2020-11-20 02:39:00,281] [2588:139753512589120] - hetero_lr_guest.py[line:107]: iter:2
[INFO] [2020-11-20 02:39:34,448] [2588:139753512589120] - hetero_lr_guest.py[line:140]: iter: 2,  is_converged: False
[INFO] [2020-11-20 02:39:34,510] [2588:139753512589120] - hetero_lr_guest.py[line:171]: Start predict is a one_vs_rest task: False
[INFO] [2020-11-20 02:39:36,762] [2588:139753512589120] - hetero_lr_guest.py[line:182]: Get probability from Host
[INFO] [2020-11-20 02:39:42,641] [2588:139753512589120] - tracker_client.py[line:173]: Request save job 202011200231350021282 task 202011200231350021282_hetero_lr_0 0 on guest 10000 component summary
[INFO] [2020-11-20 02:39:45,518] [2588:139753512589120] - profile.py[line:249]: 
Computing:
+----------+----------------------------------------------------+
| function |     function       n    sum(s)   mean(s)   max(s)  |
|          | ----------------- ---- -------- --------- -------- |
|          |       join         47   24.694    0.525    1.909   |
|          |     mapValues      31   17.633    0.569    2.038   |
|          |  applyPartitions   9    13.653    1.517    7.872   |
|          |    parallelize     2    4.516     2.258    2.606   |
|          |       first        9    2.306     0.256    0.715   |
|          |       count        31   2.079     0.067    0.277   |
|          |      reduce        7    0.499     0.071    0.078   |
|          |       load         1    0.292     0.292    0.292   |
|          |      collect       1    0.004     0.004    0.004   |
+----------+----------------------------------------------------+
|  total   |    n=138, sum=65.6755, mean=0.4759, max=7.8720     |
+----------+----------------------------------------------------+

Federation:
+--------+-------------------------------------------------------------------------------------------------------------+
|  get   |                                    name                                    | n | sum(s) | mean(s) | max(s)  |
|        | ---------------------------------------------------------------------------+---+--------+---------+-------- |
|        |  federatedml.transfer_variable.transfer_class.hetero_lr_transfer_variable. | 6 | 36.279 |  6.047  | 6.999   |
|        |                HeteroLRTransferVariable.guest_optim_gradient               |   |        |         |         |
|        | ---------------------------------------------------------------------------+---+--------+---------+-------- |
|        |  federatedml.transfer_variable.transfer_class.hetero_lr_transfer_variable. | 6 | 22.526 |  3.754  | 12.748  |
|        |                 HeteroLRTransferVariable.host_forward_dict                 |   |        |         |         |
|        | ---------------------------------------------------------------------------+---+--------+---------+-------- |
|        |  federatedml.transfer_variable.transfer_class.hetero_lr_transfer_variable. | 3 | 5.627  |  1.876  | 2.079   |
|        |                   HeteroLRTransferVariable.converge_flag                   |   |        |         |         |
|        | ---------------------------------------------------------------------------+---+--------+---------+-------- |
|        |  federatedml.transfer_variable.transfer_class.hetero_lr_transfer_variable. | 1 | 4.873  |  4.873  | 4.873   |
|        |                  HeteroLRTransferVariable.paillier_pubkey                  |   |        |         |         |
|        | ---------------------------------------------------------------------------+---+--------+---------+-------- |
|        |  federatedml.transfer_variable.transfer_class.hetero_lr_transfer_variable. | 6 | 3.938  |  0.656  | 1.384   |
|        |                 HeteroLRTransferVariable.loss_intermediate                 |   |        |         |         |
|        | ---------------------------------------------------------------------------+---+--------+---------+-------- |
|        |  federatedml.transfer_variable.transfer_class.hetero_lr_transfer_variable. | 6 | 2.343  |  0.39   | 0.422   |
|        |                 HeteroLRTransferVariable.host_loss_regular                 |   |        |         |         |
|        | ---------------------------------------------------------------------------+---+--------+---------+-------- |
|        |  federatedml.transfer_variable.transfer_class.hetero_lr_transfer_variable. | 1 |  1.31  |  1.31   |  1.31   |
|        |                     HeteroLRTransferVariable.host_prob                     |   |        |         |         |
+--------+-------------------------------------------------------------------------------------------------------------+
| remote |                                    name                                    | n | sum(s) | mean(s) | max(s)  |
|        | ---------------------------------------------------------------------------+---+--------+---------+-------- |
|        |  federatedml.transfer_variable.transfer_class.hetero_lr_transfer_variable. | 2 | 0.066  |  0.033  | 0.059   |
|        |                  HeteroLRTransferVariable.batch_data_index                 |   |        |         |         |
|        | ---------------------------------------------------------------------------+---+--------+---------+-------- |
|        |  federatedml.transfer_variable.transfer_class.hetero_lr_transfer_variable. | 6 | 0.064  |  0.011  | 0.013   |
|        |                   HeteroLRTransferVariable.fore_gradient                   |   |        |         |         |
|        | ---------------------------------------------------------------------------+---+--------+---------+-------- |
|        |  federatedml.transfer_variable.transfer_class.hetero_lr_transfer_variable. | 6 | 0.055  |  0.009  | 0.029   |
|        |                        HeteroLRTransferVariable.loss                       |   |        |         |         |
|        | ---------------------------------------------------------------------------+---+--------+---------+-------- |
|        |  federatedml.transfer_variable.transfer_class.hetero_lr_transfer_variable. | 2 | 0.044  |  0.022  | 0.028   |
|        |                     HeteroLRTransferVariable.batch_info                    |   |        |         |         |
|        | ---------------------------------------------------------------------------+---+--------+---------+-------- |
|        |  federatedml.transfer_variable.transfer_class.one_vs_rest_transfer_variabl | 2 | 0.031  |  0.015  | 0.022   |
|        |                e.OneVsRestTransferVariable.aggregate_classes               |   |        |         |         |
|        | ---------------------------------------------------------------------------+---+--------+---------+-------- |
|        |  federatedml.transfer_variable.transfer_class.hetero_lr_transfer_variable. | 6 | 0.026  |  0.004  | 0.005   |
|        |                   HeteroLRTransferVariable.guest_gradient                  |   |        |         |         |
+--------+-------------------------------------------------------------------------------------------------------------+
| total  |                                 n=53, sum=77.1816, mean=1.4563, max=12.7480                                 |
+--------+-------------------------------------------------------------------------------------------------------------+

[INFO] [2020-11-20 02:39:47,313] [2588:139753512589120] - pipelined_model.py[line:73]: Save hetero_lr_0 hetero_lr HeteroLogisticRegressionMeta buffer
[INFO] [2020-11-20 02:39:47,314] [2588:139753512589120] - pipelined_model.py[line:73]: Save hetero_lr_0 hetero_lr HeteroLogisticRegressionParam buffer
[INFO] [2020-11-20 02:39:47,352] [2588:139753512589120] - pipelined_model.py[line:78]: Save hetero_lr_0 hetero_lr successfully
[INFO] [2020-11-20 02:39:47,353] [2588:139753512589120] - task_executor.py[line:302]: report task 202011200231350021282_hetero_lr_0 0 guest 10000 to driver
[INFO] [2020-11-20 02:39:47,354] [2588:139753512589120] - control_client.py[line:42]: request update job 202011200231350021282 task 202011200231350021282_hetero_lr_0 0 on guest 10000
[INFO] [2020-11-20 02:39:47,489] [2588:139753512589120] - task_executor.py[line:207]: task 202011200231350021282_hetero_lr_0 guest 10000 start time: 2020-11-20 02:37:01
[INFO] [2020-11-20 02:39:47,490] [2588:139753512589120] - task_executor.py[line:209]: task 202011200231350021282_hetero_lr_0 guest 10000 end time: 2020-11-20 02:39:47
[INFO] [2020-11-20 02:39:47,490] [2588:139753512589120] - task_executor.py[line:211]: task 202011200231350021282_hetero_lr_0 guest 10000 takes 166.108s
[INFO] [2020-11-20 02:39:47,491] [2588:139753512589120] - task_executor.py[line:214]: Finish 202011200231350021282 hetero_lr_0 202011200231350021282_hetero_lr_0 0 guest 10000 task success
[INFO] [2020-11-20 02:39:47,492] [2588:139753512589120] - task_executor.py[line:302]: report task 202011200231350021282_hetero_lr_0 0 guest 10000 to driver
[INFO] [2020-11-20 02:39:47,492] [2588:139753512589120] - control_client.py[line:42]: request update job 202011200231350021282 task 202011200231350021282_hetero_lr_0 0 on guest 10000
[INFO] [2020-11-20 02:40:25,197] [5052:140278284748608] - task_executor.py[line:302]: report task 202011200231350021282_evaluation_0 0 guest 10000 to driver
[INFO] [2020-11-20 02:40:25,199] [5052:140278284748608] - control_client.py[line:42]: request update job 202011200231350021282 task 202011200231350021282_evaluation_0 0 on guest 10000
[INFO] [2020-11-20 02:40:30,973] [5052:140278284748608] - task_executor.py[line:156]: Run 202011200231350021282 evaluation_0 202011200231350021282_evaluation_0 guest 10000 task
[INFO] [2020-11-20 02:40:30,974] [5052:140278284748608] - task_executor.py[line:157]: Component parameters on party {'EvaluateParam': {'eval_type': 'binary', 'pos_label': 1, 'need_run': True, 'metrics': None, 'run_clustering_arbiter_metric': False, 'default_metrics': {'binary': ['auc', 'ks', 'lift', 'gain', 'accuracy', 'precision', 'recall', 'roc', 'confusion_mat', 'psi', 'f1_score', 'quantile_pr'], 'multi': ['accuracy', 'precision', 'recall'], 'regression': ['explained_variance', 'mean_absolute_error', 'mean_squared_error', 'median_absolute_error', 'r2_score', 'root_mean_squared_error'], 'clustering': ['jaccard_similarity_score', 'fowlkes_mallows_score', 'adjusted_rand_score', 'davies_bouldin_index', 'distance_measure', 'contingency_matrix']}, 'allowed_metrics': {'binary': ['auc', 'ks', 'lift', 'gain', 'accuracy', 'precision', 'recall', 'roc', 'confusion_mat', 'psi', 'f1_score', 'quantile_pr'], 'multi': ['accuracy', 'precision', 'recall'], 'regression': ['explained_variance', 'mean_absolute_error', 'mean_squared_error', 'median_absolute_error', 'r2_score', 'root_mean_squared_error'], 'clustering': ['jaccard_similarity_score', 'fowlkes_mallows_score', 'adjusted_rand_score', 'davies_bouldin_index', 'distance_measure', 'contingency_matrix']}}, 'dsl_version': '2', 'initiator': {'role': 'guest', 'party_id': 10000}, 'role': {'guest': [10000], 'host': [9999], 'arbiter': [9999]}, 'job_parameters': {'job_type': 'train', 'work_mode': 1, 'backend': 0, 'computing_engine': 'EGGROLL', 'federation_engine': 'EGGROLL', 'storage_engine': 'EGGROLL', 'engines_address': {'computing': {'cores_per_node': 20, 'nodes': 1}, 'federation': {'host': 'rollsite', 'port': 9370}, 'storage': {'cores_per_node': 20, 'nodes': 1}}, 'federated_mode': 'MULTIPLE', 'task_parallelism': 2, 'computing_partitions': 8, 'federated_status_collect_type': 'PUSH', 'model_id': 'arbiter-9999#guest-10000#host-9999#model', 'model_version': '202011200231350021282', 'eggroll_run': {'eggroll.session.processors.per.node': 2}, 'spark_run': {'num-executors': 1, 'executor-cores': 2}, 'rabbitmq_run': {}, 'adaptation_parameters': {'task_nodes': 1, 'task_cores_per_node': 2, 'task_memory_per_node': 0}}, 'component_parameters': {'common': {'intersect_0': {'intersect_method': 'raw', 'sync_intersect_ids': True, 'only_output_key': False}, 'hetero_lr_0': {'penalty': 'L2', 'optimizer': 'rmsprop', 'alpha': 0.01, 'max_iter': 3, 'batch_size': 320, 'learning_rate': 0.15, 'init_param': {'init_method': 'random_uniform'}}}, 'role': {'guest': {'0': {'reader_0': {'table': {'name': 'breast_hetero_guest', 'namespace': 'experiment'}}, 'dataio_0': {'with_label': True, 'label_name': 'y', 'label_type': 'int', 'output_format': 'dense'}}}, 'host': {'0': {'reader_0': {'table': {'name': 'breast_hetero_host', 'namespace': 'experiment'}}, 'dataio_0': {'with_label': False, 'output_format': 'dense'}}}}}, 'config': '/data/projects/fate/python/fate_flow/examples/test_hetero_lr_job_conf.json', 'dsl': 'examples/test_hetero_lr_job_dsl.json', 'function': 'submit_job', 'local': {'role': 'guest', 'party_id': 10000}, 'CodePath': 'federatedml/evaluation/evaluation.py/Evaluation', 'module': 'Evaluation', 'output_data_name': ['evaluate']}
[INFO] [2020-11-20 02:40:30,975] [5052:140278284748608] - task_executor.py[line:158]: Task input dsl {'data': {'data': ['hetero_lr_0.train']}}
[INFO] [2020-11-20 02:40:30,976] [5052:140278284748608] - tracker_client.py[line:150]: Request read job 202011200231350021282 task None None on guest 10000 data train info
[INFO] [2020-11-20 02:40:31,083] [5052:140278284748608] - task_executor.py[line:260]: load computing table use 8
[WARNING] [2020-11-20 02:40:33,099] [5052:140278284748608] - evaluation_param.py[line:130]: use default metric ['auc', 'ks', 'lift', 'gain', 'accuracy', 'precision', 'recall', 'roc', 'confusion_mat', 'psi', 'f1_score', 'quantile_pr'] for eval type binary
[INFO] [2020-11-20 02:40:33,101] [5052:140278284748608] - evaluation_param.py[line:134]: Finish evaluation parameter check!
[INFO] [2020-11-20 02:40:33,920] [5052:140278284748608] - tracker_client.py[line:70]: Request save job 202011200231350021282 task 202011200231350021282_evaluation_0 0 on guest 10000 metric train hetero_lr_0 data
[INFO] [2020-11-20 02:40:33,986] [5052:140278284748608] - tracker_client.py[line:103]: Request save job 202011200231350021282 task 202011200231350021282_evaluation_0 0 on guest 10000 metric train hetero_lr_0 meta
[INFO] [2020-11-20 02:40:34,053] [5052:140278284748608] - tracker_client.py[line:70]: Request save job 202011200231350021282 task 202011200231350021282_evaluation_0 0 on guest 10000 metric train hetero_lr_0 data
[INFO] [2020-11-20 02:40:34,115] [5052:140278284748608] - tracker_client.py[line:103]: Request save job 202011200231350021282 task 202011200231350021282_evaluation_0 0 on guest 10000 metric train hetero_lr_0 meta
[INFO] [2020-11-20 02:40:34,231] [5052:140278284748608] - tracker_client.py[line:70]: Request save job 202011200231350021282 task 202011200231350021282_evaluation_0 0 on guest 10000 metric train hetero_lr_0_ks_fpr data
[INFO] [2020-11-20 02:40:34,434] [5052:140278284748608] - tracker_client.py[line:103]: Request save job 202011200231350021282 task 202011200231350021282_evaluation_0 0 on guest 10000 metric train hetero_lr_0_ks_fpr meta
[INFO] [2020-11-20 02:40:34,534] [5052:140278284748608] - tracker_client.py[line:70]: Request save job 202011200231350021282 task 202011200231350021282_evaluation_0 0 on guest 10000 metric train hetero_lr_0_ks_tpr data
[INFO] [2020-11-20 02:40:34,811] [5052:140278284748608] - tracker_client.py[line:103]: Request save job 202011200231350021282 task 202011200231350021282_evaluation_0 0 on guest 10000 metric train hetero_lr_0_ks_tpr meta
[INFO] [2020-11-20 02:40:34,913] [5052:140278284748608] - tracker_client.py[line:70]: Request save job 202011200231350021282 task 202011200231350021282_evaluation_0 0 on guest 10000 metric train hetero_lr_0_lift data
[INFO] [2020-11-20 02:40:35,093] [5052:140278284748608] - tracker_client.py[line:103]: Request save job 202011200231350021282 task 202011200231350021282_evaluation_0 0 on guest 10000 metric train hetero_lr_0_lift meta
[INFO] [2020-11-20 02:40:35,156] [5052:140278284748608] - tracker_client.py[line:70]: Request save job 202011200231350021282 task 202011200231350021282_evaluation_0 0 on guest 10000 metric train hetero_lr_0_gain data
[INFO] [2020-11-20 02:40:35,340] [5052:140278284748608] - tracker_client.py[line:103]: Request save job 202011200231350021282 task 202011200231350021282_evaluation_0 0 on guest 10000 metric train hetero_lr_0_gain meta
[INFO] [2020-11-20 02:40:35,405] [5052:140278284748608] - tracker_client.py[line:70]: Request save job 202011200231350021282 task 202011200231350021282_evaluation_0 0 on guest 10000 metric train hetero_lr_0_accuracy data
[INFO] [2020-11-20 02:40:35,605] [5052:140278284748608] - tracker_client.py[line:103]: Request save job 202011200231350021282 task 202011200231350021282_evaluation_0 0 on guest 10000 metric train hetero_lr_0_accuracy meta
[INFO] [2020-11-20 02:40:35,669] [5052:140278284748608] - tracker_client.py[line:70]: Request save job 202011200231350021282 task 202011200231350021282_evaluation_0 0 on guest 10000 metric train hetero_lr_0_precision data
[INFO] [2020-11-20 02:40:35,835] [5052:140278284748608] - tracker_client.py[line:103]: Request save job 202011200231350021282 task 202011200231350021282_evaluation_0 0 on guest 10000 metric train hetero_lr_0_precision meta
[INFO] [2020-11-20 02:40:35,902] [5052:140278284748608] - tracker_client.py[line:70]: Request save job 202011200231350021282 task 202011200231350021282_evaluation_0 0 on guest 10000 metric train hetero_lr_0_recall data
[INFO] [2020-11-20 02:40:36,059] [5052:140278284748608] - tracker_client.py[line:103]: Request save job 202011200231350021282 task 202011200231350021282_evaluation_0 0 on guest 10000 metric train hetero_lr_0_recall meta
[INFO] [2020-11-20 02:40:36,119] [5052:140278284748608] - tracker_client.py[line:70]: Request save job 202011200231350021282 task 202011200231350021282_evaluation_0 0 on guest 10000 metric train hetero_lr_0_roc data
[INFO] [2020-11-20 02:40:36,324] [5052:140278284748608] - tracker_client.py[line:103]: Request save job 202011200231350021282 task 202011200231350021282_evaluation_0 0 on guest 10000 metric train hetero_lr_0_roc meta
[INFO] [2020-11-20 02:40:36,391] [5052:140278284748608] - tracker_client.py[line:103]: Request save job 202011200231350021282 task 202011200231350021282_evaluation_0 0 on guest 10000 metric train hetero_lr_0_confusion_mat meta
[INFO] [2020-11-20 02:40:36,451] [5052:140278284748608] - tracker_client.py[line:103]: Request save job 202011200231350021282 task 202011200231350021282_evaluation_0 0 on guest 10000 metric train hetero_lr_0_f1_score meta
[INFO] [2020-11-20 02:40:36,507] [5052:140278284748608] - tracker_client.py[line:103]: Request save job 202011200231350021282 task 202011200231350021282_evaluation_0 0 on guest 10000 metric train hetero_lr_0_quantile_pr meta
[INFO] [2020-11-20 02:40:36,569] [5052:140278284748608] - tracker_client.py[line:173]: Request save job 202011200231350021282 task 202011200231350021282_evaluation_0 0 on guest 10000 component summary
[INFO] [2020-11-20 02:40:36,832] [5052:140278284748608] - profile.py[line:249]: 
Computing:
+----------+--------------------------------------------+
| function |  function   n   sum(s)   mean(s)   max(s)  |
|          | ---------- --- -------- --------- -------- |
|          |    load     1   0.286     0.286    0.286   |
|          |   count     1   0.062     0.062    0.062   |
|          |  collect    1   0.003     0.003    0.003   |
+----------+--------------------------------------------+
|  total   |  n=3, sum=0.3514, mean=0.1171, max=0.2860  |
+----------+--------------------------------------------+

Federation:
+--------+------------------------------------------+
|  get   |                                          |
+--------+------------------------------------------+
| remote |                                          |
+--------+------------------------------------------+
| total  | n=0, sum=0.0000, mean=0.0000, max=0.0000 |
+--------+------------------------------------------+

[INFO] [2020-11-20 02:40:36,837] [5052:140278284748608] - task_executor.py[line:302]: report task 202011200231350021282_evaluation_0 0 guest 10000 to driver
[INFO] [2020-11-20 02:40:36,838] [5052:140278284748608] - control_client.py[line:42]: request update job 202011200231350021282 task 202011200231350021282_evaluation_0 0 on guest 10000
[INFO] [2020-11-20 02:40:37,029] [5052:140278284748608] - task_executor.py[line:207]: task 202011200231350021282_evaluation_0 guest 10000 start time: 2020-11-20 02:40:24
[INFO] [2020-11-20 02:40:37,030] [5052:140278284748608] - task_executor.py[line:209]: task 202011200231350021282_evaluation_0 guest 10000 end time: 2020-11-20 02:40:36
[INFO] [2020-11-20 02:40:37,030] [5052:140278284748608] - task_executor.py[line:211]: task 202011200231350021282_evaluation_0 guest 10000 takes 11.973s
[INFO] [2020-11-20 02:40:37,031] [5052:140278284748608] - task_executor.py[line:214]: Finish 202011200231350021282 evaluation_0 202011200231350021282_evaluation_0 0 guest 10000 task success
[INFO] [2020-11-20 02:40:37,032] [5052:140278284748608] - task_executor.py[line:302]: report task 202011200231350021282_evaluation_0 0 guest 10000 to driver
[INFO] [2020-11-20 02:40:37,033] [5052:140278284748608] - control_client.py[line:42]: request update job 202011200231350021282 task 202011200231350021282_evaluation_0 0 on guest 10000
