[INFO] [2020-11-20 02:37:05,031] [1888:140512266434368] - control_client.py[line:42]: request update job 202011200231350021282 task 202011200231350021282_hetero_lr_0 0 on host 9999
[DEBUG] [2020-11-20 02:37:16,560] [1888:140512266434368] - _federation.py[line:35]: [federation.eggroll]init federation: rp_session_id=202011200231350021282_hetero_lr_0_0_host_9999, rs_session_id=202011200231350021282_hetero_lr_0_0, party=Party(role=host, party_id=9999), proxy_endpoint=rollsite:9370
[DEBUG] [2020-11-20 02:37:16,564] [1888:140512266434368] - _federation.py[line:45]: [federation.eggroll]init federation context done
[INFO] [2020-11-20 02:37:16,569] [1888:140512266434368] - tracker_client.py[line:150]: Request read job 202011200231350021282 task None None on host 9999 data train info
[INFO] [2020-11-20 02:37:16,710] [1888:140512266434368] - task_executor.py[line:260]: load computing table use 8
[DEBUG] [2020-11-20 02:37:27,803] [1888:140512266434368] - encrypt_param.py[line:71]: Finish encrypt parameter check!
[DEBUG] [2020-11-20 02:37:27,805] [1888:140512266434368] - predict_param.py[line:44]: Finish predict parameter check!
[DEBUG] [2020-11-20 02:37:27,806] [1888:140512266434368] - component_properties.py[line:73]: {'HeteroLogisticParam': {'penalty': 'L2', 'tol': 0.0001, 'alpha': 0.01, 'optimizer': 'rmsprop', 'batch_size': 320, 'learning_rate': 0.15, 'init_param': {'init_method': 'random_uniform', 'init_const': 1, 'fit_intercept': True, 'random_seed': None}, 'max_iter': 3, 'early_stop': 'diff', 'encrypt_param': {'method': 'Paillier', 'key_length': 1024}, 'predict_param': {'threshold': 0.5}, 'cv_param': {'n_splits': 5, 'mode': 'hetero', 'role': 'guest', 'shuffle': True, 'random_seed': 1, 'need_cv': False}, 'decay': 1, 'decay_sqrt': True, 'multi_class': 'ovr', 'validation_freqs': None, 'stepwise_param': {'score_name': 'AIC', 'mode': 'hetero', 'role': 'guest', 'direction': 'both', 'max_step': 10, 'nvmin': 2, 'nvmax': None, 'need_stepwise': False}, 'early_stopping_rounds': None, 'metrics': ['auc', 'ks'], 'use_first_metric_only': False, 'encrypted_mode_calculator_param': {'mode': 'strict', 're_encrypted_rate': 1}, 'sqn_param': {'update_interval_L': 3, 'memory_M': 5, 'sample_size': 5000, 'random_seed': None}}, 'dsl_version': '2', 'initiator': {'role': 'guest', 'party_id': 10000}, 'role': {'guest': [10000], 'host': [9999], 'arbiter': [9999]}, 'job_parameters': {'job_type': 'train', 'work_mode': 1, 'backend': 0, 'computing_engine': 'EGGROLL', 'federation_engine': 'EGGROLL', 'storage_engine': 'EGGROLL', 'engines_address': {'computing': {'cores_per_node': 20, 'nodes': 1}, 'federation': {'host': 'rollsite', 'port': 9370}, 'storage': {'cores_per_node': 20, 'nodes': 1}}, 'federated_mode': 'MULTIPLE', 'task_parallelism': 2, 'computing_partitions': 8, 'federated_status_collect_type': 'PUSH', 'model_id': 'arbiter-9999#guest-10000#host-9999#model', 'model_version': '202011200231350021282', 'eggroll_run': {'eggroll.session.processors.per.node': 2}, 'spark_run': {'num-executors': 1, 'executor-cores': 2}, 'rabbitmq_run': {}, 'adaptation_parameters': {'task_nodes': 1, 'task_cores_per_node': 2, 'task_memory_per_node': 0}}, 'component_parameters': {'common': {'intersect_0': {'intersect_method': 'raw', 'sync_intersect_ids': True, 'only_output_key': False}, 'hetero_lr_0': {'penalty': 'L2', 'optimizer': 'rmsprop', 'alpha': 0.01, 'max_iter': 3, 'batch_size': 320, 'learning_rate': 0.15, 'init_param': {'init_method': 'random_uniform'}}}, 'role': {'guest': {'0': {'reader_0': {'table': {'name': 'breast_hetero_guest', 'namespace': 'experiment'}}, 'dataio_0': {'with_label': True, 'label_name': 'y', 'label_type': 'int', 'output_format': 'dense'}}}, 'host': {'0': {'reader_0': {'table': {'name': 'breast_hetero_host', 'namespace': 'experiment'}}, 'dataio_0': {'with_label': False, 'output_format': 'dense'}}}}}, 'config': '/data/projects/fate/python/fate_flow/examples/test_hetero_lr_job_conf.json', 'dsl': 'examples/test_hetero_lr_job_dsl.json', 'function': 'submit_job', 'local': {'role': 'host', 'party_id': 9999}, 'CodePath': 'federatedml/linear_model/logistic_regression/hetero_logistic_regression/hetero_lr_host.py/HeteroLRHost', 'module': 'HeteroLR', 'output_data_name': ['train']}
[DEBUG] [2020-11-20 02:37:27,809] [1888:140512266434368] - component_properties.py[line:80]: need_run: True, need_cv: False
[DEBUG] [2020-11-20 02:37:27,810] [1888:140512266434368] - optimizer.py[line:316]: in optimizer_factory, optimizer_type: rmsprop, learning_rate: 0.15, alpha: 0.01, penalty: L2,decay: 1, decay_sqrt: True
[INFO] [2020-11-20 02:37:27,811] [1888:140512266434368] - one_vs_rest.py[line:289]: Create one_vs_rest object, role: host, mode: hetero
[DEBUG] [2020-11-20 02:37:27,863] [1888:140512266434368] - component_properties.py[line:102]: parse_dsl_args data_sets: {'hetero_feature_selection_0': {'train_data': [<fate_arch.computing.eggroll._table.Table object at 0x7fcb7c2659e8>]}}
[DEBUG] [2020-11-20 02:37:27,864] [1888:140512266434368] - component_properties.py[line:112]: [Data Parser], has_train_data: True
[DEBUG] [2020-11-20 02:37:27,865] [1888:140512266434368] - component_properties.py[line:112]: [Data Parser], has_eval_data: False
[DEBUG] [2020-11-20 02:37:27,866] [1888:140512266434368] - component_properties.py[line:112]: [Data Parser], has_validate_data: False
[DEBUG] [2020-11-20 02:37:27,867] [1888:140512266434368] - component_properties.py[line:112]: [Data Parser], has_test_data: False
[DEBUG] [2020-11-20 02:37:27,868] [1888:140512266434368] - component_properties.py[line:118]: [Data Parser], has_normal_data: False
[DEBUG] [2020-11-20 02:37:27,869] [1888:140512266434368] - component_properties.py[line:179]: Input data_sets: {'hetero_feature_selection_0': {'train_data': [<fate_arch.computing.eggroll._table.Table object at 0x7fcb7c2659e8>]}}
[DEBUG] [2020-11-20 02:37:28,052] [1888:140512266434368] - component_properties.py[line:231]: train_data: <fate_arch.computing.eggroll._table.Table object at 0x7fcb7c2659e8>, validate_data: None, test_data: None, data: {}
[DEBUG] [2020-11-20 02:37:28,053] [1888:140512266434368] - model_base.py[line:88]: running_funcs: [<bound method ModelBase.set_flowid of <federatedml.linear_model.logistic_regression.hetero_logistic_regression.hetero_lr_host.HeteroLRHost object at 0x7fcb7ef79240>>, <bound method HeteroLRHost.fit of <federatedml.linear_model.logistic_regression.hetero_logistic_regression.hetero_lr_host.HeteroLRHost object at 0x7fcb7ef79240>>, <bound method ModelBase.set_flowid of <federatedml.linear_model.logistic_regression.hetero_logistic_regression.hetero_lr_host.HeteroLRHost object at 0x7fcb7ef79240>>, <bound method HeteroLRHost.predict of <federatedml.linear_model.logistic_regression.hetero_logistic_regression.hetero_lr_host.HeteroLRHost object at 0x7fcb7ef79240>>, <function ComponentProperties.union_data at 0x7fcaa3f96e18>, <function ModelBase.set_predict_data_schema at 0x7fcaa3faa048>]
[DEBUG] [2020-11-20 02:37:28,054] [1888:140512266434368] - model_base.py[line:162]: set flowid to transfer_variable, flowid: fit
[INFO] [2020-11-20 02:37:28,055] [1888:140512266434368] - hetero_lr_host.py[line:79]: Enter hetero_logistic_regression host
[DEBUG] [2020-11-20 02:37:28,057] [1888:140512266434368] - one_vs_rest.py[line:279]: Start to get aggregate classes
[DEBUG] [2020-11-20 02:37:28,973] [1888:140512266434368] - _federation.py[line:196]: [federation.eggroll.get.hash.3d96675b1eea17c6e404.aggregate_classes.fit] got object with type: <class 'int'>
[DEBUG] [2020-11-20 02:37:29,608] [1888:140512266434368] - abnormal_detection.py[line:81]: schema is {'header': ['x0', 'x1', 'x2', 'x3', 'x4', 'x5', 'x6', 'x7', 'x8', 'x9', 'x10', 'x11', 'x12', 'x13', 'x14', 'x15', 'x16', 'x17', 'x18', 'x19'], 'sid_name': 'id', 'label_name': 'y'}
[DEBUG] [2020-11-20 02:37:29,610] [1888:140512266434368] - abnormal_detection.py[line:85]: header is ['x0', 'x1', 'x2', 'x3', 'x4', 'x5', 'x6', 'x7', 'x8', 'x9', 'x10', 'x11', 'x12', 'x13', 'x14', 'x15', 'x16', 'x17', 'x18', 'x19']
[DEBUG] [2020-11-20 02:37:29,611] [1888:140512266434368] - abnormal_detection.py[line:95]: sid_name is id
[DEBUG] [2020-11-20 02:37:29,612] [1888:140512266434368] - abnormal_detection.py[line:100]: label_name is y
[INFO] [2020-11-20 02:37:44,844] [1888:140512266434368] - linear_model_base.py[line:226]: Check for abnormal value passed
[DEBUG] [2020-11-20 02:37:44,846] [1888:140512266434368] - validation_strategy.py[line:85]: end to init validation_strategy, freqs is None
[DEBUG] [2020-11-20 02:37:45,009] [1888:140512266434368] - hetero_lr_host.py[line:97]: MODEL_STEP Start fin_binary, data count: 569
[DEBUG] [2020-11-20 02:37:45,678] [1888:140512266434368] - _federation.py[line:196]: [federation.eggroll.get.hash.abc35afa62e3dcd13123.paillier_pubkey.fit] got object with type: <class 'federatedml.secureprotol.fate_paillier.PaillierPublicKey'>
[DEBUG] [2020-11-20 02:37:45,681] [1888:140512266434368] - batch_info_sync.py[line:53]: In sync_batch_info, suffix is :()
[DEBUG] [2020-11-20 02:37:46,652] [1888:140512266434368] - _federation.py[line:196]: [federation.eggroll.get.hash.0070dd77bf0bfd66eff9.batch_info.fit] got object with type: <class 'dict'>
[DEBUG] [2020-11-20 02:37:47,249] [1888:140512266434368] - _federation.py[line:176]: [federation.eggroll.get.hash.43903e08f367aa82b031.batch_data_index.fit.0] got RollPair(namespace=202011200231350021282_hetero_lr_0_0, name=__rsk#202011200231350021282_hetero_lr_0_0#hash.43903e08f367aa82b031.batch_data_index#fit.0#guest#10000#host#9999, partitions=8)
[DEBUG] [2020-11-20 02:37:48,183] [1888:140512266434368] - _federation.py[line:176]: [federation.eggroll.get.hash.43903e08f367aa82b031.batch_data_index.fit.1] got RollPair(namespace=202011200231350021282_hetero_lr_0_0, name=__rsk#202011200231350021282_hetero_lr_0_0#hash.43903e08f367aa82b031.batch_data_index#fit.1#guest#10000#host#9999, partitions=8)
[INFO] [2020-11-20 02:37:48,872] [1888:140512266434368] - hetero_lr_host.py[line:110]: Start initialize model.
[INFO] [2020-11-20 02:37:49,155] [1888:140512266434368] - hetero_lr_host.py[line:119]: iter:0
[INFO] [2020-11-20 02:37:49,340] [1888:140512266434368] - batch_generator.py[line:75]: batch_num: 0, batch_data_inst size:320
[DEBUG] [2020-11-20 02:37:49,473] [1888:140512266434368] - hetero_lr_host.py[line:126]: MODEL_STEP In Batch 0, batch data count: 320
[DEBUG] [2020-11-20 02:37:51,142] [1888:140512266434368] - _federation.py[line:69]: [federation.eggroll.remote.hash.00a30a2a72565a288a67.host_forward_dict.fit.0.0[('guest', '10000')])]remote RollPair(namespace=202011200231350021282_hetero_lr_0_0, name=__rsk#202011200231350021282_hetero_lr_0_0#hash.43903e08f367aa82b031.batch_data_20201120.023750.128917.1, partitions=8)
[DEBUG] [2020-11-20 02:37:53,479] [1888:140508127319808] - _federation.py[line:133]: [federation.eggroll.remote.hash.00a30a2a72565a288a67.host_forward_dict.fit.0.0]future to remote to party: ('guest', '10000') done
[DEBUG] [2020-11-20 02:37:58,969] [1888:140512266434368] - _federation.py[line:176]: [federation.eggroll.get.hash.9a10870c31f51169ce5c.fore_gradient.fit.0.0] got RollPair(namespace=202011200231350021282_hetero_lr_0_0, name=__rsk#202011200231350021282_hetero_lr_0_0#hash.9a10870c31f51169ce5c.fore_gradient#fit.0.0#guest#10000#host#9999, partitions=8)
[DEBUG] [2020-11-20 02:38:01,402] [1888:140512266434368] - _federation.py[line:86]: [federation.eggroll.remote.hash.142c909de54cf5a0f6e8.host_gradient.fit.0.0[('arbiter', '9999')])]remote object with type: <class 'numpy.ndarray'>
[DEBUG] [2020-11-20 02:38:01,892] [1888:140508144367360] - _federation.py[line:133]: [federation.eggroll.remote.hash.142c909de54cf5a0f6e8.host_gradient.fit.0.0]future to remote to party: ('arbiter', '9999') done
[DEBUG] [2020-11-20 02:38:04,343] [1888:140512266434368] - _federation.py[line:196]: [federation.eggroll.get.hash.0bc82cee0c5d2fb6809d.host_optim_gradient.fit.0.0] got object with type: <class 'numpy.ndarray'>
[DEBUG] [2020-11-20 02:38:05,294] [1888:140512266434368] - _federation.py[line:86]: [federation.eggroll.remote.hash.d42ecffd1ff807680fee.loss_intermediate.fit.0.0[('guest', '10000')])]remote object with type: <class 'federatedml.secureprotol.fate_paillier.PaillierEncryptedNumber'>
[DEBUG] [2020-11-20 02:38:05,320] [1888:140512266434368] - _federation.py[line:86]: [federation.eggroll.remote.hash.043dea479730978df565.host_loss_regular.fit.0.0[('guest', '10000')])]remote object with type: <class 'federatedml.secureprotol.fate_paillier.PaillierEncryptedNumber'>
[INFO] [2020-11-20 02:38:05,473] [1888:140512266434368] - batch_generator.py[line:75]: batch_num: 1, batch_data_inst size:249
[DEBUG] [2020-11-20 02:38:05,677] [1888:140508153022208] - _federation.py[line:133]: [federation.eggroll.remote.hash.d42ecffd1ff807680fee.loss_intermediate.fit.0.0]future to remote to party: ('guest', '10000') done
[DEBUG] [2020-11-20 02:38:05,696] [1888:140508127319808] - _federation.py[line:133]: [federation.eggroll.remote.hash.043dea479730978df565.host_loss_regular.fit.0.0]future to remote to party: ('guest', '10000') done
[DEBUG] [2020-11-20 02:38:05,758] [1888:140512266434368] - hetero_lr_host.py[line:126]: MODEL_STEP In Batch 1, batch data count: 249
[DEBUG] [2020-11-20 02:38:07,267] [1888:140512266434368] - _federation.py[line:69]: [federation.eggroll.remote.hash.00a30a2a72565a288a67.host_forward_dict.fit.0.1[('guest', '10000')])]remote RollPair(namespace=202011200231350021282_hetero_lr_0_0, name=__rsk#202011200231350021282_hetero_lr_0_0#hash.43903e08f367aa82b031.batch_data_20201120.023806.241378.1, partitions=8)
[DEBUG] [2020-11-20 02:38:09,129] [1888:140508102141696] - _federation.py[line:133]: [federation.eggroll.remote.hash.00a30a2a72565a288a67.host_forward_dict.fit.0.1]future to remote to party: ('guest', '10000') done
[DEBUG] [2020-11-20 02:38:13,131] [1888:140512266434368] - _federation.py[line:176]: [federation.eggroll.get.hash.9a10870c31f51169ce5c.fore_gradient.fit.0.1] got RollPair(namespace=202011200231350021282_hetero_lr_0_0, name=__rsk#202011200231350021282_hetero_lr_0_0#hash.9a10870c31f51169ce5c.fore_gradient#fit.0.1#guest#10000#host#9999, partitions=8)
[DEBUG] [2020-11-20 02:38:15,716] [1888:140512266434368] - _federation.py[line:86]: [federation.eggroll.remote.hash.142c909de54cf5a0f6e8.host_gradient.fit.0.1[('arbiter', '9999')])]remote object with type: <class 'numpy.ndarray'>
[DEBUG] [2020-11-20 02:38:15,929] [1888:140508144367360] - _federation.py[line:133]: [federation.eggroll.remote.hash.142c909de54cf5a0f6e8.host_gradient.fit.0.1]future to remote to party: ('arbiter', '9999') done
[DEBUG] [2020-11-20 02:38:18,164] [1888:140512266434368] - _federation.py[line:196]: [federation.eggroll.get.hash.0bc82cee0c5d2fb6809d.host_optim_gradient.fit.0.1] got object with type: <class 'numpy.ndarray'>
[DEBUG] [2020-11-20 02:38:18,658] [1888:140512266434368] - _federation.py[line:86]: [federation.eggroll.remote.hash.d42ecffd1ff807680fee.loss_intermediate.fit.0.1[('guest', '10000')])]remote object with type: <class 'federatedml.secureprotol.fate_paillier.PaillierEncryptedNumber'>
[DEBUG] [2020-11-20 02:38:18,671] [1888:140512266434368] - _federation.py[line:86]: [federation.eggroll.remote.hash.043dea479730978df565.host_loss_regular.fit.0.1[('guest', '10000')])]remote object with type: <class 'federatedml.secureprotol.fate_paillier.PaillierEncryptedNumber'>
[DEBUG] [2020-11-20 02:38:19,061] [1888:140508135712512] - _federation.py[line:133]: [federation.eggroll.remote.hash.043dea479730978df565.host_loss_regular.fit.0.1]future to remote to party: ('guest', '10000') done
[DEBUG] [2020-11-20 02:38:19,134] [1888:140508118927104] - _federation.py[line:133]: [federation.eggroll.remote.hash.d42ecffd1ff807680fee.loss_intermediate.fit.0.1]future to remote to party: ('guest', '10000') done
[DEBUG] [2020-11-20 02:38:23,398] [1888:140512266434368] - _federation.py[line:196]: [federation.eggroll.get.hash.0059169e5a2aef195221.converge_flag.fit.0] got object with type: <class 'bool'>
[INFO] [2020-11-20 02:38:23,401] [1888:140512266434368] - hetero_lr_host.py[line:144]: Get is_converged flag from arbiter:False
[INFO] [2020-11-20 02:38:23,402] [1888:140512266434368] - hetero_lr_host.py[line:145]: iter: 0, is_converged: False
[DEBUG] [2020-11-20 02:38:23,402] [1888:140512266434368] - hetero_lr_host.py[line:148]: LR host running validation
[DEBUG] [2020-11-20 02:38:23,403] [1888:140512266434368] - validation_strategy.py[line:99]: validation_freqs is None
[DEBUG] [2020-11-20 02:38:23,403] [1888:140512266434368] - validation_strategy.py[line:278]: begin to check validate status, need_run_validation is False
[DEBUG] [2020-11-20 02:38:23,404] [1888:140512266434368] - validation_strategy.py[line:99]: validation_freqs is None
[INFO] [2020-11-20 02:38:23,404] [1888:140512266434368] - hetero_lr_host.py[line:119]: iter:1
[INFO] [2020-11-20 02:38:23,751] [1888:140512266434368] - batch_generator.py[line:75]: batch_num: 0, batch_data_inst size:320
[DEBUG] [2020-11-20 02:38:23,949] [1888:140512266434368] - hetero_lr_host.py[line:126]: MODEL_STEP In Batch 0, batch data count: 320
[DEBUG] [2020-11-20 02:38:25,650] [1888:140512266434368] - _federation.py[line:69]: [federation.eggroll.remote.hash.00a30a2a72565a288a67.host_forward_dict.fit.1.0[('guest', '10000')])]remote RollPair(namespace=202011200231350021282_hetero_lr_0_0, name=__rsk#202011200231350021282_hetero_lr_0_0#hash.43903e08f367aa82b031.batch_data_20201120.023824.574505.1, partitions=8)
[DEBUG] [2020-11-20 02:38:25,659] [1888:140512266434368] - _cleaner.py[line:62]: [CLEAN]deleting <RollPair(_store=<ErStore(store_locator=<ErStoreLocator(id=0, store_type=LMDB, namespace=202011200231350021282_hetero_lr_0_0, name=__rsk#202011200231350021282_hetero_lr_0_0#hash.43903e08f367aa82b031.batch_data_20201120.023750.128917.1, path=, total_partitions=8, partitioner=BYTESTRING_HASH, serdes=PICKLE) at 0x7fca9a0893c8>, partitions=[***, len=8], options=[{'eggroll.session.deploy.mode': 'cluster', 'eggroll.session.processors.per.node': '2', 'eggroll.session.id': '202011200231350021282_hetero_lr_0_0_host_9999'}]) at 0x7fca9a089438>) at 0x7fca9a905470>, destroy, {}
[DEBUG] [2020-11-20 02:38:28,014] [1888:140508153022208] - _federation.py[line:133]: [federation.eggroll.remote.hash.00a30a2a72565a288a67.host_forward_dict.fit.1.0]future to remote to party: ('guest', '10000') done
[DEBUG] [2020-11-20 02:38:31,621] [1888:140512266434368] - _federation.py[line:176]: [federation.eggroll.get.hash.9a10870c31f51169ce5c.fore_gradient.fit.1.0] got RollPair(namespace=202011200231350021282_hetero_lr_0_0, name=__rsk#202011200231350021282_hetero_lr_0_0#hash.9a10870c31f51169ce5c.fore_gradient#fit.1.0#guest#10000#host#9999, partitions=8)
[DEBUG] [2020-11-20 02:38:31,625] [1888:140512266434368] - _cleaner.py[line:62]: [CLEAN]deleting <RollPair(_store=<ErStore(store_locator=<ErStoreLocator(id=0, store_type=LMDB, namespace=202011200231350021282_hetero_lr_0_0, name=__rsk#202011200231350021282_hetero_lr_0_0#hash.9a10870c31f51169ce5c.fore_gradient#fit.0.0#guest#10000#host#9999, path=, total_partitions=8, partitioner=BYTESTRING_HASH, serdes=PICKLE) at 0x7fca9a0a0e10>, partitions=[***, len=8], options=[{'eggroll.session.deploy.mode': 'cluster', 'eggroll.session.processors.per.node': '2', 'eggroll.session.id': '202011200231350021282_hetero_lr_0_0_host_9999'}]) at 0x7fca9a8d2cf8>) at 0x7fca9a0a0be0>, destroy, {}
[DEBUG] [2020-11-20 02:38:35,305] [1888:140512266434368] - _federation.py[line:86]: [federation.eggroll.remote.hash.142c909de54cf5a0f6e8.host_gradient.fit.1.0[('arbiter', '9999')])]remote object with type: <class 'numpy.ndarray'>
[DEBUG] [2020-11-20 02:38:35,600] [1888:140508153022208] - _federation.py[line:133]: [federation.eggroll.remote.hash.142c909de54cf5a0f6e8.host_gradient.fit.1.0]future to remote to party: ('arbiter', '9999') done
[DEBUG] [2020-11-20 02:38:38,017] [1888:140512266434368] - _federation.py[line:196]: [federation.eggroll.get.hash.0bc82cee0c5d2fb6809d.host_optim_gradient.fit.1.0] got object with type: <class 'numpy.ndarray'>
[DEBUG] [2020-11-20 02:38:39,503] [1888:140512266434368] - _federation.py[line:86]: [federation.eggroll.remote.hash.d42ecffd1ff807680fee.loss_intermediate.fit.1.0[('guest', '10000')])]remote object with type: <class 'federatedml.secureprotol.fate_paillier.PaillierEncryptedNumber'>
[DEBUG] [2020-11-20 02:38:39,532] [1888:140512266434368] - _federation.py[line:86]: [federation.eggroll.remote.hash.043dea479730978df565.host_loss_regular.fit.1.0[('guest', '10000')])]remote object with type: <class 'federatedml.secureprotol.fate_paillier.PaillierEncryptedNumber'>
[INFO] [2020-11-20 02:38:39,782] [1888:140512266434368] - batch_generator.py[line:75]: batch_num: 1, batch_data_inst size:249
[DEBUG] [2020-11-20 02:38:39,891] [1888:140508127319808] - _federation.py[line:133]: [federation.eggroll.remote.hash.043dea479730978df565.host_loss_regular.fit.1.0]future to remote to party: ('guest', '10000') done
[DEBUG] [2020-11-20 02:38:39,909] [1888:140512266434368] - hetero_lr_host.py[line:126]: MODEL_STEP In Batch 1, batch data count: 249
[DEBUG] [2020-11-20 02:38:39,921] [1888:140508153022208] - _federation.py[line:133]: [federation.eggroll.remote.hash.d42ecffd1ff807680fee.loss_intermediate.fit.1.0]future to remote to party: ('guest', '10000') done
[DEBUG] [2020-11-20 02:38:41,665] [1888:140512266434368] - _federation.py[line:69]: [federation.eggroll.remote.hash.00a30a2a72565a288a67.host_forward_dict.fit.1.1[('guest', '10000')])]remote RollPair(namespace=202011200231350021282_hetero_lr_0_0, name=__rsk#202011200231350021282_hetero_lr_0_0#hash.43903e08f367aa82b031.batch_data_20201120.023840.299373.1, partitions=8)
[DEBUG] [2020-11-20 02:38:41,676] [1888:140512266434368] - _cleaner.py[line:62]: [CLEAN]deleting <RollPair(_store=<ErStore(store_locator=<ErStoreLocator(id=0, store_type=LMDB, namespace=202011200231350021282_hetero_lr_0_0, name=__rsk#202011200231350021282_hetero_lr_0_0#hash.43903e08f367aa82b031.batch_data_20201120.023806.241378.1, path=, total_partitions=8, partitioner=BYTESTRING_HASH, serdes=PICKLE) at 0x7fca9a0a4748>, partitions=[***, len=8], options=[{'eggroll.session.deploy.mode': 'cluster', 'eggroll.session.processors.per.node': '2', 'eggroll.session.id': '202011200231350021282_hetero_lr_0_0_host_9999'}]) at 0x7fca9a0a47b8>) at 0x7fca9a0b6710>, destroy, {}
[DEBUG] [2020-11-20 02:38:44,720] [1888:140508102141696] - _federation.py[line:133]: [federation.eggroll.remote.hash.00a30a2a72565a288a67.host_forward_dict.fit.1.1]future to remote to party: ('guest', '10000') done
[DEBUG] [2020-11-20 02:38:48,070] [1888:140512266434368] - _federation.py[line:176]: [federation.eggroll.get.hash.9a10870c31f51169ce5c.fore_gradient.fit.1.1] got RollPair(namespace=202011200231350021282_hetero_lr_0_0, name=__rsk#202011200231350021282_hetero_lr_0_0#hash.9a10870c31f51169ce5c.fore_gradient#fit.1.1#guest#10000#host#9999, partitions=8)
[DEBUG] [2020-11-20 02:38:48,072] [1888:140512266434368] - _cleaner.py[line:62]: [CLEAN]deleting <RollPair(_store=<ErStore(store_locator=<ErStoreLocator(id=0, store_type=LMDB, namespace=202011200231350021282_hetero_lr_0_0, name=__rsk#202011200231350021282_hetero_lr_0_0#hash.9a10870c31f51169ce5c.fore_gradient#fit.0.1#guest#10000#host#9999, path=, total_partitions=8, partitioner=BYTESTRING_HASH, serdes=PICKLE) at 0x7fca99876160>, partitions=[***, len=8], options=[{'eggroll.session.id': '202011200231350021282_hetero_lr_0_0_host_9999', 'eggroll.session.deploy.mode': 'cluster', 'eggroll.session.processors.per.node': '2'}]) at 0x7fca998760f0>) at 0x7fca998765f8>, destroy, {}
[DEBUG] [2020-11-20 02:38:50,964] [1888:140512266434368] - _federation.py[line:86]: [federation.eggroll.remote.hash.142c909de54cf5a0f6e8.host_gradient.fit.1.1[('arbiter', '9999')])]remote object with type: <class 'numpy.ndarray'>
[DEBUG] [2020-11-20 02:38:51,216] [1888:140508127319808] - _federation.py[line:133]: [federation.eggroll.remote.hash.142c909de54cf5a0f6e8.host_gradient.fit.1.1]future to remote to party: ('arbiter', '9999') done
[DEBUG] [2020-11-20 02:38:54,168] [1888:140512266434368] - _federation.py[line:196]: [federation.eggroll.get.hash.0bc82cee0c5d2fb6809d.host_optim_gradient.fit.1.1] got object with type: <class 'numpy.ndarray'>
[DEBUG] [2020-11-20 02:38:55,017] [1888:140512266434368] - _federation.py[line:86]: [federation.eggroll.remote.hash.d42ecffd1ff807680fee.loss_intermediate.fit.1.1[('guest', '10000')])]remote object with type: <class 'federatedml.secureprotol.fate_paillier.PaillierEncryptedNumber'>
[DEBUG] [2020-11-20 02:38:55,035] [1888:140512266434368] - _federation.py[line:86]: [federation.eggroll.remote.hash.043dea479730978df565.host_loss_regular.fit.1.1[('guest', '10000')])]remote object with type: <class 'federatedml.secureprotol.fate_paillier.PaillierEncryptedNumber'>
[DEBUG] [2020-11-20 02:38:55,355] [1888:140508135712512] - _federation.py[line:133]: [federation.eggroll.remote.hash.043dea479730978df565.host_loss_regular.fit.1.1]future to remote to party: ('guest', '10000') done
[DEBUG] [2020-11-20 02:38:55,433] [1888:140508144367360] - _federation.py[line:133]: [federation.eggroll.remote.hash.d42ecffd1ff807680fee.loss_intermediate.fit.1.1]future to remote to party: ('guest', '10000') done
[DEBUG] [2020-11-20 02:39:00,457] [1888:140512266434368] - _federation.py[line:196]: [federation.eggroll.get.hash.0059169e5a2aef195221.converge_flag.fit.1] got object with type: <class 'bool'>
[INFO] [2020-11-20 02:39:00,460] [1888:140512266434368] - hetero_lr_host.py[line:144]: Get is_converged flag from arbiter:False
[INFO] [2020-11-20 02:39:00,460] [1888:140512266434368] - hetero_lr_host.py[line:145]: iter: 1, is_converged: False
[DEBUG] [2020-11-20 02:39:00,461] [1888:140512266434368] - hetero_lr_host.py[line:148]: LR host running validation
[DEBUG] [2020-11-20 02:39:00,462] [1888:140512266434368] - validation_strategy.py[line:99]: validation_freqs is None
[DEBUG] [2020-11-20 02:39:00,462] [1888:140512266434368] - validation_strategy.py[line:278]: begin to check validate status, need_run_validation is False
[DEBUG] [2020-11-20 02:39:00,463] [1888:140512266434368] - validation_strategy.py[line:99]: validation_freqs is None
[INFO] [2020-11-20 02:39:00,464] [1888:140512266434368] - hetero_lr_host.py[line:119]: iter:2
[INFO] [2020-11-20 02:39:00,761] [1888:140512266434368] - batch_generator.py[line:75]: batch_num: 0, batch_data_inst size:320
[DEBUG] [2020-11-20 02:39:00,907] [1888:140512266434368] - hetero_lr_host.py[line:126]: MODEL_STEP In Batch 0, batch data count: 320
[DEBUG] [2020-11-20 02:39:02,275] [1888:140512266434368] - _federation.py[line:69]: [federation.eggroll.remote.hash.00a30a2a72565a288a67.host_forward_dict.fit.2.0[('guest', '10000')])]remote RollPair(namespace=202011200231350021282_hetero_lr_0_0, name=__rsk#202011200231350021282_hetero_lr_0_0#hash.43903e08f367aa82b031.batch_data_20201120.023901.233669.1, partitions=8)
[DEBUG] [2020-11-20 02:39:02,291] [1888:140512266434368] - _cleaner.py[line:62]: [CLEAN]deleting <RollPair(_store=<ErStore(store_locator=<ErStoreLocator(id=0, store_type=LMDB, namespace=202011200231350021282_hetero_lr_0_0, name=__rsk#202011200231350021282_hetero_lr_0_0#hash.43903e08f367aa82b031.batch_data_20201120.023824.574505.1, path=, total_partitions=8, partitioner=BYTESTRING_HASH, serdes=PICKLE) at 0x7fca9a0bdd30>, partitions=[***, len=8], options=[{'eggroll.session.deploy.mode': 'cluster', 'eggroll.session.processors.per.node': '2', 'eggroll.session.id': '202011200231350021282_hetero_lr_0_0_host_9999'}]) at 0x7fca9a0bdda0>) at 0x7fca998766d8>, destroy, {}
[DEBUG] [2020-11-20 02:39:05,066] [1888:140508110534400] - _federation.py[line:133]: [federation.eggroll.remote.hash.00a30a2a72565a288a67.host_forward_dict.fit.2.0]future to remote to party: ('guest', '10000') done
[DEBUG] [2020-11-20 02:39:09,035] [1888:140512266434368] - _federation.py[line:176]: [federation.eggroll.get.hash.9a10870c31f51169ce5c.fore_gradient.fit.2.0] got RollPair(namespace=202011200231350021282_hetero_lr_0_0, name=__rsk#202011200231350021282_hetero_lr_0_0#hash.9a10870c31f51169ce5c.fore_gradient#fit.2.0#guest#10000#host#9999, partitions=8)
[DEBUG] [2020-11-20 02:39:09,037] [1888:140512266434368] - _cleaner.py[line:62]: [CLEAN]deleting <RollPair(_store=<ErStore(store_locator=<ErStoreLocator(id=0, store_type=LMDB, namespace=202011200231350021282_hetero_lr_0_0, name=__rsk#202011200231350021282_hetero_lr_0_0#hash.9a10870c31f51169ce5c.fore_gradient#fit.1.0#guest#10000#host#9999, path=, total_partitions=8, partitioner=BYTESTRING_HASH, serdes=PICKLE) at 0x7fca9a0b50f0>, partitions=[***, len=8], options=[{'eggroll.session.id': '202011200231350021282_hetero_lr_0_0_host_9999', 'eggroll.session.deploy.mode': 'cluster', 'eggroll.session.processors.per.node': '2'}]) at 0x7fca9a8fc550>) at 0x7fca9a0b52e8>, destroy, {}
[DEBUG] [2020-11-20 02:39:13,052] [1888:140512266434368] - _federation.py[line:86]: [federation.eggroll.remote.hash.142c909de54cf5a0f6e8.host_gradient.fit.2.0[('arbiter', '9999')])]remote object with type: <class 'numpy.ndarray'>
[DEBUG] [2020-11-20 02:39:13,382] [1888:140508102141696] - _federation.py[line:133]: [federation.eggroll.remote.hash.142c909de54cf5a0f6e8.host_gradient.fit.2.0]future to remote to party: ('arbiter', '9999') done
[DEBUG] [2020-11-20 02:39:15,350] [1888:140512266434368] - _federation.py[line:196]: [federation.eggroll.get.hash.0bc82cee0c5d2fb6809d.host_optim_gradient.fit.2.0] got object with type: <class 'numpy.ndarray'>
[DEBUG] [2020-11-20 02:39:15,894] [1888:140512266434368] - _federation.py[line:86]: [federation.eggroll.remote.hash.d42ecffd1ff807680fee.loss_intermediate.fit.2.0[('guest', '10000')])]remote object with type: <class 'federatedml.secureprotol.fate_paillier.PaillierEncryptedNumber'>
[DEBUG] [2020-11-20 02:39:15,913] [1888:140512266434368] - _federation.py[line:86]: [federation.eggroll.remote.hash.043dea479730978df565.host_loss_regular.fit.2.0[('guest', '10000')])]remote object with type: <class 'federatedml.secureprotol.fate_paillier.PaillierEncryptedNumber'>
[INFO] [2020-11-20 02:39:16,125] [1888:140512266434368] - batch_generator.py[line:75]: batch_num: 1, batch_data_inst size:249
[DEBUG] [2020-11-20 02:39:16,197] [1888:140508118927104] - _federation.py[line:133]: [federation.eggroll.remote.hash.d42ecffd1ff807680fee.loss_intermediate.fit.2.0]future to remote to party: ('guest', '10000') done
[DEBUG] [2020-11-20 02:39:16,338] [1888:140508127319808] - _federation.py[line:133]: [federation.eggroll.remote.hash.043dea479730978df565.host_loss_regular.fit.2.0]future to remote to party: ('guest', '10000') done
[DEBUG] [2020-11-20 02:39:16,386] [1888:140512266434368] - hetero_lr_host.py[line:126]: MODEL_STEP In Batch 1, batch data count: 249
[DEBUG] [2020-11-20 02:39:18,079] [1888:140512266434368] - _federation.py[line:69]: [federation.eggroll.remote.hash.00a30a2a72565a288a67.host_forward_dict.fit.2.1[('guest', '10000')])]remote RollPair(namespace=202011200231350021282_hetero_lr_0_0, name=__rsk#202011200231350021282_hetero_lr_0_0#hash.43903e08f367aa82b031.batch_data_20201120.023917.046121.1, partitions=8)
[DEBUG] [2020-11-20 02:39:18,089] [1888:140512266434368] - _cleaner.py[line:62]: [CLEAN]deleting <RollPair(_store=<ErStore(store_locator=<ErStoreLocator(id=0, store_type=LMDB, namespace=202011200231350021282_hetero_lr_0_0, name=__rsk#202011200231350021282_hetero_lr_0_0#hash.43903e08f367aa82b031.batch_data_20201120.023840.299373.1, path=, total_partitions=8, partitioner=BYTESTRING_HASH, serdes=PICKLE) at 0x7fca9b10b400>, partitions=[***, len=8], options=[{'eggroll.session.id': '202011200231350021282_hetero_lr_0_0_host_9999', 'eggroll.session.deploy.mode': 'cluster', 'eggroll.session.processors.per.node': '2'}]) at 0x7fca9b10b470>) at 0x7fca9985a8d0>, destroy, {}
[DEBUG] [2020-11-20 02:39:19,918] [1888:140508110534400] - _federation.py[line:133]: [federation.eggroll.remote.hash.00a30a2a72565a288a67.host_forward_dict.fit.2.1]future to remote to party: ('guest', '10000') done
[DEBUG] [2020-11-20 02:39:23,401] [1888:140512266434368] - _federation.py[line:176]: [federation.eggroll.get.hash.9a10870c31f51169ce5c.fore_gradient.fit.2.1] got RollPair(namespace=202011200231350021282_hetero_lr_0_0, name=__rsk#202011200231350021282_hetero_lr_0_0#hash.9a10870c31f51169ce5c.fore_gradient#fit.2.1#guest#10000#host#9999, partitions=8)
[DEBUG] [2020-11-20 02:39:23,405] [1888:140512266434368] - _cleaner.py[line:62]: [CLEAN]deleting <RollPair(_store=<ErStore(store_locator=<ErStoreLocator(id=0, store_type=LMDB, namespace=202011200231350021282_hetero_lr_0_0, name=__rsk#202011200231350021282_hetero_lr_0_0#hash.9a10870c31f51169ce5c.fore_gradient#fit.1.1#guest#10000#host#9999, path=, total_partitions=8, partitioner=BYTESTRING_HASH, serdes=PICKLE) at 0x7fca9b130dd8>, partitions=[***, len=8], options=[{'eggroll.session.id': '202011200231350021282_hetero_lr_0_0_host_9999', 'eggroll.session.deploy.mode': 'cluster', 'eggroll.session.processors.per.node': '2'}]) at 0x7fca9a8e2710>) at 0x7fca9b130eb8>, destroy, {}
[DEBUG] [2020-11-20 02:39:27,484] [1888:140512266434368] - _federation.py[line:86]: [federation.eggroll.remote.hash.142c909de54cf5a0f6e8.host_gradient.fit.2.1[('arbiter', '9999')])]remote object with type: <class 'numpy.ndarray'>
[DEBUG] [2020-11-20 02:39:27,771] [1888:140508144367360] - _federation.py[line:133]: [federation.eggroll.remote.hash.142c909de54cf5a0f6e8.host_gradient.fit.2.1]future to remote to party: ('arbiter', '9999') done
[DEBUG] [2020-11-20 02:39:30,179] [1888:140512266434368] - _federation.py[line:196]: [federation.eggroll.get.hash.0bc82cee0c5d2fb6809d.host_optim_gradient.fit.2.1] got object with type: <class 'numpy.ndarray'>
[DEBUG] [2020-11-20 02:39:31,008] [1888:140512266434368] - _federation.py[line:86]: [federation.eggroll.remote.hash.d42ecffd1ff807680fee.loss_intermediate.fit.2.1[('guest', '10000')])]remote object with type: <class 'federatedml.secureprotol.fate_paillier.PaillierEncryptedNumber'>
[DEBUG] [2020-11-20 02:39:31,032] [1888:140512266434368] - _federation.py[line:86]: [federation.eggroll.remote.hash.043dea479730978df565.host_loss_regular.fit.2.1[('guest', '10000')])]remote object with type: <class 'federatedml.secureprotol.fate_paillier.PaillierEncryptedNumber'>
[DEBUG] [2020-11-20 02:39:31,281] [1888:140508135712512] - _federation.py[line:133]: [federation.eggroll.remote.hash.d42ecffd1ff807680fee.loss_intermediate.fit.2.1]future to remote to party: ('guest', '10000') done
[DEBUG] [2020-11-20 02:39:31,345] [1888:140508118927104] - _federation.py[line:133]: [federation.eggroll.remote.hash.043dea479730978df565.host_loss_regular.fit.2.1]future to remote to party: ('guest', '10000') done
[DEBUG] [2020-11-20 02:39:34,903] [1888:140512266434368] - _federation.py[line:196]: [federation.eggroll.get.hash.0059169e5a2aef195221.converge_flag.fit.2] got object with type: <class 'bool'>
[INFO] [2020-11-20 02:39:34,906] [1888:140512266434368] - hetero_lr_host.py[line:144]: Get is_converged flag from arbiter:False
[INFO] [2020-11-20 02:39:34,907] [1888:140512266434368] - hetero_lr_host.py[line:145]: iter: 2, is_converged: False
[DEBUG] [2020-11-20 02:39:34,908] [1888:140512266434368] - hetero_lr_host.py[line:148]: LR host running validation
[DEBUG] [2020-11-20 02:39:34,908] [1888:140512266434368] - validation_strategy.py[line:99]: validation_freqs is None
[DEBUG] [2020-11-20 02:39:34,909] [1888:140512266434368] - validation_strategy.py[line:278]: begin to check validate status, need_run_validation is False
[DEBUG] [2020-11-20 02:39:34,910] [1888:140512266434368] - validation_strategy.py[line:99]: validation_freqs is None
[DEBUG] [2020-11-20 02:39:34,913] [1888:140512266434368] - model_base.py[line:162]: set flowid to transfer_variable, flowid: validate
[INFO] [2020-11-20 02:39:34,914] [1888:140512266434368] - hetero_lr_host.py[line:164]: Start predict ...
[DEBUG] [2020-11-20 02:39:35,377] [1888:140512266434368] - abnormal_detection.py[line:81]: schema is {'header': ['x0', 'x1', 'x2', 'x3', 'x4', 'x5', 'x6', 'x7', 'x8', 'x9', 'x10', 'x11', 'x12', 'x13', 'x14', 'x15', 'x16', 'x17', 'x18', 'x19'], 'sid_name': 'id', 'label_name': 'y'}
[DEBUG] [2020-11-20 02:39:35,378] [1888:140512266434368] - abnormal_detection.py[line:85]: header is ['x0', 'x1', 'x2', 'x3', 'x4', 'x5', 'x6', 'x7', 'x8', 'x9', 'x10', 'x11', 'x12', 'x13', 'x14', 'x15', 'x16', 'x17', 'x18', 'x19']
[DEBUG] [2020-11-20 02:39:35,378] [1888:140512266434368] - abnormal_detection.py[line:95]: sid_name is id
[DEBUG] [2020-11-20 02:39:35,379] [1888:140512266434368] - abnormal_detection.py[line:100]: label_name is y
[DEBUG] [2020-11-20 02:39:35,954] [1888:140512266434368] - _federation.py[line:69]: [federation.eggroll.remote.hash.5db2b1314b4f4256ac56.host_prob.validate[('guest', '10000')])]remote RollPair(namespace=202011200231350021282_hetero_lr_0_0_host_9999, name=330a67742ad911eb94f93ea3df35c0a6_20201120.023935.390530.2, partitions=8)
[INFO] [2020-11-20 02:39:35,964] [1888:140512266434368] - hetero_lr_host.py[line:175]: Remote probability to Guest
[DEBUG] [2020-11-20 02:39:35,965] [1888:140512266434368] - model_base.py[line:97]: func: <function ComponentProperties.union_data at 0x7fcaa3f96e18>
[DEBUG] [2020-11-20 02:39:35,966] [1888:140512266434368] - model_base.py[line:97]: func: <function ModelBase.set_predict_data_schema at 0x7fcaa3faa048>
[DEBUG] [2020-11-20 02:39:35,966] [1888:140512266434368] - model_base.py[line:109]: saved_result is : [None], data_output: None
[INFO] [2020-11-20 02:39:35,967] [1888:140512266434368] - tracker_client.py[line:173]: Request save job 202011200231350021282 task 202011200231350021282_hetero_lr_0 0 on host 9999 component summary
[DEBUG] [2020-11-20 02:39:36,806] [1888:140508118927104] - _federation.py[line:133]: [federation.eggroll.remote.hash.5db2b1314b4f4256ac56.host_prob.validate]future to remote to party: ('guest', '10000') done
[DEBUG] [2020-11-20 02:39:38,584] [1888:140512266434368] - base_logistic_regression.py[line:74]: In get_param, header: ['x0', 'x1', 'x2', 'x3', 'x4', 'x5', 'x6', 'x7', 'x8', 'x9', 'x10', 'x11', 'x12', 'x13', 'x14', 'x15', 'x16', 'x17', 'x18', 'x19']
[INFO] [2020-11-20 02:39:38,656] [1888:140512266434368] - control_client.py[line:42]: request update job 202011200231350021282 task 202011200231350021282_hetero_lr_0 0 on host 9999
[INFO] [2020-11-20 02:39:39,888] [1888:140512266434368] - control_client.py[line:42]: request update job 202011200231350021282 task 202011200231350021282_hetero_lr_0 0 on host 9999
