[INFO] [2020-11-20 07:09:09,172] [19507:140606740244288] - control_client.py[line:42]: request update job 202011200707112994524 task 202011200707112994524_dataio_0 0 on host 9999
[DEBUG] [2020-11-20 07:09:22,392] [19507:140606740244288] - _federation.py[line:35]: [federation.eggroll]init federation: rp_session_id=202011200707112994524_dataio_0_0_host_9999, rs_session_id=202011200707112994524_dataio_0_0, party=Party(role=host, party_id=9999), proxy_endpoint=rollsite:9370
[DEBUG] [2020-11-20 07:09:22,395] [19507:140606740244288] - _federation.py[line:45]: [federation.eggroll]init federation context done
[INFO] [2020-11-20 07:09:22,402] [19507:140606740244288] - tracker_client.py[line:150]: Request read job 202011200707112994524 task None None on host 9999 data data info
[INFO] [2020-11-20 07:09:22,563] [19507:140606740244288] - task_executor.py[line:260]: load computing table use 4
[DEBUG] [2020-11-20 07:09:29,225] [19507:140606740244288] - component_properties.py[line:73]: {'DataIOParam': {'input_format': 'dense', 'delimitor': ',', 'data_type': 'float64', 'exclusive_data_type': None, 'tag_with_value': False, 'tag_value_delimitor': ':', 'missing_fill': False, 'default_value': 0, 'missing_fill_method': None, 'missing_impute': None, 'outlier_replace': False, 'outlier_replace_method': None, 'outlier_impute': None, 'outlier_replace_value': 0, 'with_label': False, 'label_name': 'y', 'label_type': 'int', 'output_format': 'dense', 'need_run': True}, 'dsl_version': 2, 'initiator': {'role': 'guest', 'party_id': 10000}, 'role': {'host': [9999], 'guest': [10000]}, 'job_parameters': {'job_type': 'train', 'work_mode': 1, 'backend': 0, 'computing_engine': 'EGGROLL', 'federation_engine': 'EGGROLL', 'storage_engine': 'EGGROLL', 'engines_address': {'computing': {'cores_per_node': 20, 'nodes': 1}, 'federation': {'host': 'rollsite', 'port': 9370}, 'storage': {'cores_per_node': 20, 'nodes': 1}}, 'federated_mode': 'MULTIPLE', 'task_parallelism': 1, 'computing_partitions': 4, 'federated_status_collect_type': 'PUSH', 'model_id': 'guest-10000#host-9999#model', 'model_version': '202011200707112994524', 'eggroll_run': {'eggroll.session.processors.per.node': 4}, 'spark_run': {}, 'rabbitmq_run': {}, 'adaptation_parameters': {'task_nodes': 1, 'task_cores_per_node': 4, 'task_memory_per_node': 0}}, 'component_parameters': {'common': {'hetero_secure_boost_0': {'task_type': 'classification', 'objective_param': {'objective': 'cross_entropy'}, 'num_trees': 3, 'validation_freqs': 1, 'encrypt_param': {'method': 'iterativeAffine'}, 'tree_param': {'max_depth': 3}}, 'evaluation_0': {'eval_type': 'binary'}}, 'role': {'guest': {'0': {'reader_1': {'table': {'name': 'breast_hetero_guest', 'namespace': 'experiment'}}, 'reader_0': {'table': {'name': 'breast_hetero_guest', 'namespace': 'experiment'}}, 'dataio_0': {'with_label': True, 'output_format': 'dense'}, 'dataio_1': {'with_label': True, 'output_format': 'dense'}}}, 'host': {'0': {'reader_1': {'table': {'name': 'breast_hetero_host', 'namespace': 'experiment'}}, 'reader_0': {'table': {'name': 'breast_hetero_host', 'namespace': 'experiment'}}, 'dataio_0': {'with_label': False}, 'dataio_1': {'with_label': False}}}}}, 'config': '/data/projects/fate/python/fate_flow/examples/hetero_secureboost_conf.json', 'dsl': 'examples/hetero_secureboost_dsl.json', 'function': 'submit_job', 'local': {'role': 'host', 'party_id': 9999}, 'CodePath': 'federatedml/util/data_io.py/DataIO', 'module': 'DataIO', 'output_data_name': ['data']}
[DEBUG] [2020-11-20 07:09:29,229] [19507:140606740244288] - component_properties.py[line:80]: need_run: True, need_cv: False
[DEBUG] [2020-11-20 07:09:29,230] [19507:140606740244288] - component_properties.py[line:102]: parse_dsl_args data_sets: {'reader_0': {'data': [<fate_arch.computing.eggroll._table.Table object at 0x7fe175366e10>]}}
[DEBUG] [2020-11-20 07:09:29,231] [19507:140606740244288] - component_properties.py[line:112]: [Data Parser], has_train_data: False
[DEBUG] [2020-11-20 07:09:29,232] [19507:140606740244288] - component_properties.py[line:112]: [Data Parser], has_eval_data: False
[DEBUG] [2020-11-20 07:09:29,233] [19507:140606740244288] - component_properties.py[line:112]: [Data Parser], has_validate_data: False
[DEBUG] [2020-11-20 07:09:29,234] [19507:140606740244288] - component_properties.py[line:112]: [Data Parser], has_test_data: False
[DEBUG] [2020-11-20 07:09:29,235] [19507:140606740244288] - component_properties.py[line:118]: [Data Parser], has_normal_data: True
[DEBUG] [2020-11-20 07:09:29,237] [19507:140606740244288] - component_properties.py[line:179]: Input data_sets: {'reader_0': {'data': [<fate_arch.computing.eggroll._table.Table object at 0x7fe175366e10>]}}
[DEBUG] [2020-11-20 07:09:29,238] [19507:140606740244288] - component_properties.py[line:189]: data_dict: {'data': [<fate_arch.computing.eggroll._table.Table object at 0x7fe175366e10>]}
[DEBUG] [2020-11-20 07:09:29,238] [19507:140606740244288] - component_properties.py[line:192]: data_list: <fate_arch.computing.eggroll._table.Table object at 0x7fe175366e10>
[DEBUG] [2020-11-20 07:09:29,745] [19507:140606740244288] - component_properties.py[line:231]: train_data: None, validate_data: None, test_data: None, data: {'reader_0.data': <fate_arch.computing.eggroll._table.Table object at 0x7fe175366e10>}
[DEBUG] [2020-11-20 07:09:29,745] [19507:140606740244288] - model_base.py[line:88]: running_funcs: [<function ModelBase.extract_data at 0x7fe1753479d8>, <bound method ModelBase.set_flowid of <federatedml.util.data_io.DataIO object at 0x7fe17c0724a8>>, <bound method DataIO.fit of <federatedml.util.data_io.DataIO object at 0x7fe17c0724a8>>]
[DEBUG] [2020-11-20 07:09:29,746] [19507:140606740244288] - model_base.py[line:340]: In extract_data, data input: {'reader_0.data': <fate_arch.computing.eggroll._table.Table object at 0x7fe175366e10>}
[DEBUG] [2020-11-20 07:09:29,747] [19507:140606740244288] - model_base.py[line:97]: func: <bound method DataIO.fit of <federatedml.util.data_io.DataIO object at 0x7fe17c0724a8>>
[INFO] [2020-11-20 07:09:29,747] [19507:140606740244288] - data_io.py[line:118]: start to read dense data and change data to instance
[DEBUG] [2020-11-20 07:09:29,809] [19507:140606740244288] - data_io.py[line:75]: header is x0,x1,x2,x3,x4,x5,x6,x7,x8,x9,x10,x11,x12,x13,x14,x15,x16,x17,x18,x19
[DEBUG] [2020-11-20 07:09:29,809] [19507:140606740244288] - data_io.py[line:76]: sid_name is id
[DEBUG] [2020-11-20 07:09:31,348] [19507:140606740244288] - abnormal_detection.py[line:81]: schema is {'header': ['x0', 'x1', 'x2', 'x3', 'x4', 'x5', 'x6', 'x7', 'x8', 'x9', 'x10', 'x11', 'x12', 'x13', 'x14', 'x15', 'x16', 'x17', 'x18', 'x19'], 'sid_name': 'id', 'label_name': 'y'}
[DEBUG] [2020-11-20 07:09:31,350] [19507:140606740244288] - abnormal_detection.py[line:85]: header is ['x0', 'x1', 'x2', 'x3', 'x4', 'x5', 'x6', 'x7', 'x8', 'x9', 'x10', 'x11', 'x12', 'x13', 'x14', 'x15', 'x16', 'x17', 'x18', 'x19']
[DEBUG] [2020-11-20 07:09:31,352] [19507:140606740244288] - abnormal_detection.py[line:95]: sid_name is id
[DEBUG] [2020-11-20 07:09:31,352] [19507:140606740244288] - abnormal_detection.py[line:100]: label_name is y
[DEBUG] [2020-11-20 07:09:31,899] [19507:140606740244288] - model_base.py[line:109]: saved_result is : [<fate_arch.computing.eggroll._table.Table object at 0x7fe17532a240>], data_output: <fate_arch.computing.eggroll._table.Table object at 0x7fe17532a240>
[INFO] [2020-11-20 07:09:31,900] [19507:140606740244288] - tracker_client.py[line:173]: Request save job 202011200707112994524 task 202011200707112994524_dataio_0 0 on host 9999 component summary
[INFO] [2020-11-20 07:09:33,557] [19507:140606740244288] - control_client.py[line:42]: request update job 202011200707112994524 task 202011200707112994524_dataio_0 0 on host 9999
[INFO] [2020-11-20 07:09:34,688] [19507:140606740244288] - control_client.py[line:42]: request update job 202011200707112994524 task 202011200707112994524_dataio_0 0 on host 9999
