[INFO] [2020-11-20 07:10:51,952] [19973:139632274605888] - control_client.py[line:42]: request update job 202011200707112994524 task 202011200707112994524_intersection_1 0 on host 9999
[DEBUG] [2020-11-20 07:11:03,645] [19973:139632274605888] - _federation.py[line:35]: [federation.eggroll]init federation: rp_session_id=202011200707112994524_intersection_1_0_host_9999, rs_session_id=202011200707112994524_intersection_1_0, party=Party(role=host, party_id=9999), proxy_endpoint=rollsite:9370
[DEBUG] [2020-11-20 07:11:03,649] [19973:139632274605888] - _federation.py[line:45]: [federation.eggroll]init federation context done
[INFO] [2020-11-20 07:11:03,656] [19973:139632274605888] - tracker_client.py[line:150]: Request read job 202011200707112994524 task None None on host 9999 data data info
[INFO] [2020-11-20 07:11:03,842] [19973:139632274605888] - task_executor.py[line:260]: load computing table use 4
[DEBUG] [2020-11-20 07:11:09,656] [19973:139632274605888] - intersect_param.py[line:61]: Finish encode parameter check!
[DEBUG] [2020-11-20 07:11:09,659] [19973:139632274605888] - intersect_param.py[line:184]: Finish intersect parameter check!
[DEBUG] [2020-11-20 07:11:09,659] [19973:139632274605888] - component_properties.py[line:73]: {'IntersectParam': {'intersect_method': 'raw', 'random_bit': 128, 'sync_intersect_ids': True, 'join_role': 'guest', 'with_encode': False, 'encode_params': {'salt': '', 'encode_method': 'none', 'base64': False}, 'only_output_key': False, 'intersect_cache_param': {'use_cache': False, 'id_type': 'phone', 'encrypt_type': 'sha256'}, 'repeated_id_process': False, 'repeated_id_owner': 'guest', 'allow_info_share': False, 'info_owner': 'guest'}, 'dsl_version': 2, 'initiator': {'role': 'guest', 'party_id': 10000}, 'role': {'host': [9999], 'guest': [10000]}, 'job_parameters': {'job_type': 'train', 'work_mode': 1, 'backend': 0, 'computing_engine': 'EGGROLL', 'federation_engine': 'EGGROLL', 'storage_engine': 'EGGROLL', 'engines_address': {'computing': {'cores_per_node': 20, 'nodes': 1}, 'federation': {'host': 'rollsite', 'port': 9370}, 'storage': {'cores_per_node': 20, 'nodes': 1}}, 'federated_mode': 'MULTIPLE', 'task_parallelism': 1, 'computing_partitions': 4, 'federated_status_collect_type': 'PUSH', 'model_id': 'guest-10000#host-9999#model', 'model_version': '202011200707112994524', 'eggroll_run': {'eggroll.session.processors.per.node': 4}, 'spark_run': {}, 'rabbitmq_run': {}, 'adaptation_parameters': {'task_nodes': 1, 'task_cores_per_node': 4, 'task_memory_per_node': 0}}, 'component_parameters': {'common': {'hetero_secure_boost_0': {'task_type': 'classification', 'objective_param': {'objective': 'cross_entropy'}, 'num_trees': 3, 'validation_freqs': 1, 'encrypt_param': {'method': 'iterativeAffine'}, 'tree_param': {'max_depth': 3}}, 'evaluation_0': {'eval_type': 'binary'}}, 'role': {'guest': {'0': {'reader_1': {'table': {'name': 'breast_hetero_guest', 'namespace': 'experiment'}}, 'reader_0': {'table': {'name': 'breast_hetero_guest', 'namespace': 'experiment'}}, 'dataio_0': {'with_label': True, 'output_format': 'dense'}, 'dataio_1': {'with_label': True, 'output_format': 'dense'}}}, 'host': {'0': {'reader_1': {'table': {'name': 'breast_hetero_host', 'namespace': 'experiment'}}, 'reader_0': {'table': {'name': 'breast_hetero_host', 'namespace': 'experiment'}}, 'dataio_0': {'with_label': False}, 'dataio_1': {'with_label': False}}}}}, 'config': '/data/projects/fate/python/fate_flow/examples/hetero_secureboost_conf.json', 'dsl': 'examples/hetero_secureboost_dsl.json', 'function': 'submit_job', 'local': {'role': 'host', 'party_id': 9999}, 'CodePath': 'federatedml/statistic/intersect/intersect_model.py/IntersectHost', 'module': 'Intersection', 'output_data_name': ['data']}
[DEBUG] [2020-11-20 07:11:09,663] [19973:139632274605888] - component_properties.py[line:80]: need_run: True, need_cv: False
[DEBUG] [2020-11-20 07:11:09,665] [19973:139632274605888] - component_properties.py[line:102]: parse_dsl_args data_sets: {'dataio_1': {'data': [<fate_arch.computing.eggroll._table.Table object at 0x7efe9e960e10>]}}
[DEBUG] [2020-11-20 07:11:09,666] [19973:139632274605888] - component_properties.py[line:112]: [Data Parser], has_train_data: False
[DEBUG] [2020-11-20 07:11:09,668] [19973:139632274605888] - component_properties.py[line:112]: [Data Parser], has_eval_data: False
[DEBUG] [2020-11-20 07:11:09,669] [19973:139632274605888] - component_properties.py[line:112]: [Data Parser], has_validate_data: False
[DEBUG] [2020-11-20 07:11:09,670] [19973:139632274605888] - component_properties.py[line:112]: [Data Parser], has_test_data: False
[DEBUG] [2020-11-20 07:11:09,670] [19973:139632274605888] - component_properties.py[line:118]: [Data Parser], has_normal_data: True
[DEBUG] [2020-11-20 07:11:09,671] [19973:139632274605888] - component_properties.py[line:179]: Input data_sets: {'dataio_1': {'data': [<fate_arch.computing.eggroll._table.Table object at 0x7efe9e960e10>]}}
[DEBUG] [2020-11-20 07:11:09,672] [19973:139632274605888] - component_properties.py[line:189]: data_dict: {'data': [<fate_arch.computing.eggroll._table.Table object at 0x7efe9e960e10>]}
[DEBUG] [2020-11-20 07:11:09,673] [19973:139632274605888] - component_properties.py[line:192]: data_list: <fate_arch.computing.eggroll._table.Table object at 0x7efe9e960e10>
[DEBUG] [2020-11-20 07:11:09,780] [19973:139632274605888] - component_properties.py[line:231]: train_data: None, validate_data: None, test_data: None, data: {'dataio_1.data': <fate_arch.computing.eggroll._table.Table object at 0x7efe9e960e10>}
[DEBUG] [2020-11-20 07:11:09,781] [19973:139632274605888] - model_base.py[line:88]: running_funcs: [<function ModelBase.extract_data at 0x7efe9bb4c950>, <bound method ModelBase.set_flowid of <federatedml.statistic.intersect.intersect_model.IntersectHost object at 0x7efe9f5ef470>>, <bound method IntersectModelBase.fit of <federatedml.statistic.intersect.intersect_model.IntersectHost object at 0x7efe9f5ef470>>]
[DEBUG] [2020-11-20 07:11:09,782] [19973:139632274605888] - model_base.py[line:340]: In extract_data, data input: {'dataio_1.data': <fate_arch.computing.eggroll._table.Table object at 0x7efe9e960e10>}
[DEBUG] [2020-11-20 07:11:09,783] [19973:139632274605888] - model_base.py[line:162]: set flowid to transfer_variable, flowid: fit
[DEBUG] [2020-11-20 07:11:09,783] [19973:139632274605888] - model_base.py[line:97]: func: <bound method IntersectModelBase.fit of <federatedml.statistic.intersect.intersect_model.IntersectHost object at 0x7efe9f5ef470>>
[INFO] [2020-11-20 07:11:09,784] [19973:139632274605888] - intersect_model.py[line:50]: Using raw intersection, role is host
[INFO] [2020-11-20 07:11:09,786] [19973:139632274605888] - intersect_host.py[line:220]: Start raw intersection
[INFO] [2020-11-20 07:11:16,772] [19973:139632274605888] - intersect.py[line:134]: Send id role is host
[DEBUG] [2020-11-20 07:11:16,775] [19973:139632274605888] - _federation.py[line:69]: [federation.eggroll.remote.hash.9c2acfde96e52e8ed947.send_ids_host.fit[('guest', '10000')])]remote RollPair(namespace=202011200707112994524_intersection_1_0_host_9999, name=74b9bfd22aff11eb8dc13ea3df35c0a6_20201120.071109.802169.1, partitions=4)
[INFO] [2020-11-20 07:11:16,791] [19973:139632274605888] - intersect.py[line:149]: Remote data_sid to role-join
[DEBUG] [2020-11-20 07:11:17,274] [19973:139631755527936] - _federation.py[line:133]: [federation.eggroll.remote.hash.9c2acfde96e52e8ed947.send_ids_host.fit]future to remote to party: ('guest', '10000') done
[DEBUG] [2020-11-20 07:11:18,447] [19973:139632274605888] - _federation.py[line:176]: [federation.eggroll.get.hash.fb553fba83149a742f66.intersect_ids_guest.fit] got RollPair(namespace=202011200707112994524_intersection_1_0, name=__rsk#202011200707112994524_intersection_1_0#hash.fb553fba83149a742f66.intersect_ids_guest#fit#guest#10000#host#9999, partitions=4)
[INFO] [2020-11-20 07:11:18,450] [19973:139632274605888] - intersect.py[line:160]: Get intersect ids from role-join!
[INFO] [2020-11-20 07:11:18,452] [19973:139632274605888] - intersect.py[line:163]: recv_intersect_ids_list's size is 1
[INFO] [2020-11-20 07:11:18,775] [19973:139632274605888] - intersect.py[line:82]: get intersect data_instances!
[INFO] [2020-11-20 07:11:18,777] [19973:139632274605888] - intersect_model.py[line:150]: Finish intersection
[INFO] [2020-11-20 07:11:18,955] [19973:139632274605888] - tracker_client.py[line:70]: Request save job 202011200707112994524 task 202011200707112994524_intersection_1 0 on host 9999 metric train intersection data
[INFO] [2020-11-20 07:11:19,044] [19973:139632274605888] - tracker_client.py[line:103]: Request save job 202011200707112994524 task 202011200707112994524_intersection_1 0 on host 9999 metric train intersection meta
[DEBUG] [2020-11-20 07:11:19,123] [19973:139632274605888] - model_base.py[line:109]: saved_result is : [None], data_output: None
[INFO] [2020-11-20 07:11:19,124] [19973:139632274605888] - tracker_client.py[line:173]: Request save job 202011200707112994524 task 202011200707112994524_intersection_1 0 on host 9999 component summary
[INFO] [2020-11-20 07:11:19,896] [19973:139632274605888] - intersect_model.py[line:168]: intersect_ids count:569
[INFO] [2020-11-20 07:11:19,898] [19973:139632274605888] - intersect_model.py[line:169]: intersect_ids header schema:{'header': ['x0', 'x1', 'x2', 'x3', 'x4', 'x5', 'x6', 'x7', 'x8', 'x9', 'x10', 'x11', 'x12', 'x13', 'x14', 'x15', 'x16', 'x17', 'x18', 'x19'], 'sid_name': 'id', 'label_name': 'y'}
[INFO] [2020-11-20 07:11:21,172] [19973:139632274605888] - control_client.py[line:42]: request update job 202011200707112994524 task 202011200707112994524_intersection_1 0 on host 9999
[INFO] [2020-11-20 07:11:22,133] [19973:139632274605888] - control_client.py[line:42]: request update job 202011200707112994524 task 202011200707112994524_intersection_1 0 on host 9999
