[INFO] [2020-11-20 07:10:50,500] [6627:140060433749824] - task_executor.py[line:302]: report task 202011200707112994524_intersection_1 0 guest 10000 to driver
[INFO] [2020-11-20 07:10:50,502] [6627:140060433749824] - control_client.py[line:42]: request update job 202011200707112994524 task 202011200707112994524_intersection_1 0 on guest 10000
[INFO] [2020-11-20 07:10:56,255] [6627:140060433749824] - task_executor.py[line:156]: Run 202011200707112994524 intersection_1 202011200707112994524_intersection_1 guest 10000 task
[INFO] [2020-11-20 07:10:56,257] [6627:140060433749824] - task_executor.py[line:157]: Component parameters on party {'IntersectParam': {'intersect_method': 'raw', 'random_bit': 128, 'sync_intersect_ids': True, 'join_role': 'guest', 'with_encode': False, 'encode_params': {'salt': '', 'encode_method': 'none', 'base64': False}, 'only_output_key': False, 'intersect_cache_param': {'use_cache': False, 'id_type': 'phone', 'encrypt_type': 'sha256'}, 'repeated_id_process': False, 'repeated_id_owner': 'guest', 'allow_info_share': False, 'info_owner': 'guest'}, 'dsl_version': 2, 'initiator': {'role': 'guest', 'party_id': 10000}, 'role': {'host': [9999], 'guest': [10000]}, 'job_parameters': {'job_type': 'train', 'work_mode': 1, 'backend': 0, 'computing_engine': 'EGGROLL', 'federation_engine': 'EGGROLL', 'storage_engine': 'EGGROLL', 'engines_address': {'computing': {'cores_per_node': 20, 'nodes': 1}, 'federation': {'host': 'rollsite', 'port': 9370}, 'storage': {'cores_per_node': 20, 'nodes': 1}}, 'federated_mode': 'MULTIPLE', 'task_parallelism': 1, 'computing_partitions': 4, 'federated_status_collect_type': 'PUSH', 'model_id': 'guest-10000#host-9999#model', 'model_version': '202011200707112994524', 'eggroll_run': {'eggroll.session.processors.per.node': 4}, 'spark_run': {}, 'rabbitmq_run': {}, 'adaptation_parameters': {'task_nodes': 1, 'task_cores_per_node': 4, 'task_memory_per_node': 0}}, 'component_parameters': {'common': {'hetero_secure_boost_0': {'task_type': 'classification', 'objective_param': {'objective': 'cross_entropy'}, 'num_trees': 3, 'validation_freqs': 1, 'encrypt_param': {'method': 'iterativeAffine'}, 'tree_param': {'max_depth': 3}}, 'evaluation_0': {'eval_type': 'binary'}}, 'role': {'guest': {'0': {'reader_1': {'table': {'name': 'breast_hetero_guest', 'namespace': 'experiment'}}, 'reader_0': {'table': {'name': 'breast_hetero_guest', 'namespace': 'experiment'}}, 'dataio_0': {'with_label': True, 'output_format': 'dense'}, 'dataio_1': {'with_label': True, 'output_format': 'dense'}}}, 'host': {'0': {'reader_1': {'table': {'name': 'breast_hetero_host', 'namespace': 'experiment'}}, 'reader_0': {'table': {'name': 'breast_hetero_host', 'namespace': 'experiment'}}, 'dataio_0': {'with_label': False}, 'dataio_1': {'with_label': False}}}}}, 'config': '/data/projects/fate/python/fate_flow/examples/hetero_secureboost_conf.json', 'dsl': 'examples/hetero_secureboost_dsl.json', 'function': 'submit_job', 'local': {'role': 'guest', 'party_id': 10000}, 'CodePath': 'federatedml/statistic/intersect/intersect_model.py/IntersectGuest', 'module': 'Intersection', 'output_data_name': ['data']}
[INFO] [2020-11-20 07:10:56,258] [6627:140060433749824] - task_executor.py[line:158]: Task input dsl {'data': {'data': ['dataio_1.data']}}
[INFO] [2020-11-20 07:10:56,259] [6627:140060433749824] - tracker_client.py[line:150]: Request read job 202011200707112994524 task None None on guest 10000 data data info
[INFO] [2020-11-20 07:10:56,370] [6627:140060433749824] - task_executor.py[line:260]: load computing table use 4
[INFO] [2020-11-20 07:10:59,875] [6627:140060433749824] - intersect_model.py[line:50]: Using raw intersection, role is guest
[INFO] [2020-11-20 07:10:59,876] [6627:140060433749824] - intersect_guest.py[line:215]: Start raw intersection
[INFO] [2020-11-20 07:10:59,877] [6627:140060433749824] - intersect.py[line:189]: Join id role is guest
[INFO] [2020-11-20 07:11:17,289] [6627:140060433749824] - intersect.py[line:213]: Get ids_list from role-send, ids_list size is 1
[INFO] [2020-11-20 07:11:17,449] [6627:140060433749824] - intersect.py[line:224]: Finish intersect_ids computing
[INFO] [2020-11-20 07:11:17,462] [6627:140060433749824] - intersect.py[line:239]: Remote intersect ids to role-send
[INFO] [2020-11-20 07:11:17,689] [6627:140060433749824] - intersect.py[line:82]: get intersect data_instances!
[INFO] [2020-11-20 07:11:18,018] [6627:140060433749824] - intersect.py[line:261]: save guest_0's id in name:202011200707112994524_intersection_1_0_0, namespace:10000#None#mountain
[INFO] [2020-11-20 07:11:18,019] [6627:140060433749824] - intersect_model.py[line:150]: Finish intersection
[INFO] [2020-11-20 07:11:18,076] [6627:140060433749824] - tracker_client.py[line:70]: Request save job 202011200707112994524 task 202011200707112994524_intersection_1 0 on guest 10000 metric train intersection data
[INFO] [2020-11-20 07:11:18,128] [6627:140060433749824] - tracker_client.py[line:103]: Request save job 202011200707112994524 task 202011200707112994524_intersection_1 0 on guest 10000 metric train intersection meta
[INFO] [2020-11-20 07:11:18,168] [6627:140060433749824] - tracker_client.py[line:173]: Request save job 202011200707112994524 task 202011200707112994524_intersection_1 0 on guest 10000 component summary
[INFO] [2020-11-20 07:11:18,916] [6627:140060433749824] - profile.py[line:249]: 
Computing:
+----------+---------------------------------------------+
| function |  function    n   sum(s)   mean(s)   max(s)  |
|          | ----------- --- -------- --------- -------- |
|          |  mapValues   1   4.871     4.871    4.871   |
|          |    join      2   0.364     0.182    0.208   |
|          |    load      1   0.202     0.202    0.202   |
|          |    save      1   0.145     0.145    0.145   |
|          |    count     4   0.114     0.028    0.035   |
|          |   collect    1   0.004     0.004    0.004   |
+----------+---------------------------------------------+
|  total   |  n=10, sum=5.6991, mean=0.5699, max=4.8707  |
+----------+---------------------------------------------+

Federation:
+--------+-------------------------------------------------------------------------------------------------------------+
|  get   |                                    name                                    | n | sum(s) | mean(s) | max(s)  |
|        | ---------------------------------------------------------------------------+---+--------+---------+-------- |
|        |  federatedml.transfer_variable.transfer_class.raw_intersect_transfer_varia | 1 | 12.535 | 12.535  | 12.535  |
|        |               ble.RawIntersectTransferVariable.send_ids_host               |   |        |         |         |
+--------+-------------------------------------------------------------------------------------------------------------+
| remote |                                    name                                    | n | sum(s) | mean(s) | max(s)  |
|        | ---------------------------------------------------------------------------+---+--------+---------+-------- |
|        |  federatedml.transfer_variable.transfer_class.raw_intersect_transfer_varia | 1 | 0.008  |  0.008  | 0.008   |
|        |            ble.RawIntersectTransferVariable.intersect_ids_guest            |   |        |         |         |
+--------+-------------------------------------------------------------------------------------------------------------+
| total  |                                 n=2, sum=12.5431, mean=6.2715, max=12.5354                                  |
+--------+-------------------------------------------------------------------------------------------------------------+

[INFO] [2020-11-20 07:11:18,954] [6627:140060433749824] - intersect_model.py[line:168]: intersect_ids count:569
[INFO] [2020-11-20 07:11:18,955] [6627:140060433749824] - intersect_model.py[line:169]: intersect_ids header schema:{'header': ['x0', 'x1', 'x2', 'x3', 'x4', 'x5', 'x6', 'x7', 'x8', 'x9'], 'sid_name': 'id', 'label_name': 'y'}
[INFO] [2020-11-20 07:11:19,371] [6627:140060433749824] - task_executor.py[line:302]: report task 202011200707112994524_intersection_1 0 guest 10000 to driver
[INFO] [2020-11-20 07:11:19,373] [6627:140060433749824] - control_client.py[line:42]: request update job 202011200707112994524 task 202011200707112994524_intersection_1 0 on guest 10000
[INFO] [2020-11-20 07:11:19,542] [6627:140060433749824] - task_executor.py[line:207]: task 202011200707112994524_intersection_1 guest 10000 start time: 2020-11-20 07:10:50
[INFO] [2020-11-20 07:11:19,543] [6627:140060433749824] - task_executor.py[line:209]: task 202011200707112994524_intersection_1 guest 10000 end time: 2020-11-20 07:11:19
[INFO] [2020-11-20 07:11:19,544] [6627:140060433749824] - task_executor.py[line:211]: task 202011200707112994524_intersection_1 guest 10000 takes 29.174s
[INFO] [2020-11-20 07:11:19,544] [6627:140060433749824] - task_executor.py[line:214]: Finish 202011200707112994524 intersection_1 202011200707112994524_intersection_1 0 guest 10000 task success
[INFO] [2020-11-20 07:11:19,549] [6627:140060433749824] - task_executor.py[line:302]: report task 202011200707112994524_intersection_1 0 guest 10000 to driver
[INFO] [2020-11-20 07:11:19,551] [6627:140060433749824] - control_client.py[line:42]: request update job 202011200707112994524 task 202011200707112994524_intersection_1 0 on guest 10000
