[DEBUG] [2020-11-20 07:10:59,836] [6627:140060433749824] - profile.py[line:84]: [computing#41d092c3c4]function_stack: [component_properties.py:225]extract_input_data <-[component_properties.py:238]extract_running_rules <-[model_base.py:87]run
[DEBUG] [2020-11-20 07:10:59,837] [6627:140060433749824] - profile.py[line:87]: [computing#41d092c3c4]start
[DEBUG] [2020-11-20 07:10:59,871] [6627:140060433749824] - profile.py[line:93]: [computing#41d092c3c4]done, elapse: 0.03508186340332031, function: count(self: Table(partition=4)) -> int
[DEBUG] [2020-11-20 07:10:59,880] [6627:140060433749824] - profile.py[line:84]: [computing#9ee073bdb2]function_stack: [intersect.py:201]intersect_join_id <-[intersect_guest.py:220]run <-[intersect_model.py:145]fit <-[model_base.py:98]run
[DEBUG] [2020-11-20 07:10:59,881] [6627:140060433749824] - profile.py[line:87]: [computing#9ee073bdb2]start
[DEBUG] [2020-11-20 07:11:04,751] [6627:140060433749824] - profile.py[line:93]: [computing#9ee073bdb2]done, elapse: 4.870729684829712, function: mapValues(self: Table(partition=4), func: function) -> Table(partition=4)
[DEBUG] [2020-11-20 07:11:04,752] [6627:140060433749824] - profile.py[line:237]: [federation.get.federatedml.transfer_variable.transfer_class.raw_intersect_transfer_variable.RawIntersectTransferVariable.send_ids_host.fit]guest<-[Party(role=host, party_id=9999)] start
[DEBUG] [2020-11-20 07:11:17,288] [6627:140060433749824] - profile.py[line:216]: [federation.get.federatedml.transfer_variable.transfer_class.raw_intersect_transfer_variable.RawIntersectTransferVariable.send_ids_host.fit]guest<-[Party(role=host, party_id=9999)] done
[DEBUG] [2020-11-20 07:11:17,292] [6627:140060433749824] - profile.py[line:84]: [computing#6690ff27a9]function_stack: [intersect.py:216]intersect_join_id <-[intersect_guest.py:220]run <-[intersect_model.py:145]fit <-[model_base.py:98]run
[DEBUG] [2020-11-20 07:11:17,292] [6627:140060433749824] - profile.py[line:87]: [computing#6690ff27a9]start
[DEBUG] [2020-11-20 07:11:17,448] [6627:140060433749824] - profile.py[line:93]: [computing#6690ff27a9]done, elapse: 0.1563091278076172, function: join(self: Table(partition=4), other: Table(partition=4), func: function) -> Table(partition=4)
[DEBUG] [2020-11-20 07:11:17,450] [6627:140060433749824] - profile.py[line:232]: [federation.remote.federatedml.transfer_variable.transfer_class.raw_intersect_transfer_variable.RawIntersectTransferVariable.intersect_ids_guest.fit]guest->[Party(role=host, party_id=9999)] start
[DEBUG] [2020-11-20 07:11:17,458] [6627:140060433749824] - profile.py[line:185]: [federation.remote.federatedml.transfer_variable.transfer_class.raw_intersect_transfer_variable.RawIntersectTransferVariable.intersect_ids_guest.fit]guest->[Party(role=host, party_id=9999)] done
[DEBUG] [2020-11-20 07:11:17,480] [6627:140060433749824] - profile.py[line:84]: [computing#bef03bf925]function_stack: [intersect.py:80]_get_value_from_data <-[intersect.py:254]intersect_join_id <-[intersect_guest.py:220]run <-[intersect_model.py:145]fit <-[model_base.py:98]run
[DEBUG] [2020-11-20 07:11:17,481] [6627:140060433749824] - profile.py[line:87]: [computing#bef03bf925]start
[DEBUG] [2020-11-20 07:11:17,688] [6627:140060433749824] - profile.py[line:93]: [computing#bef03bf925]done, elapse: 0.20777058601379395, function: join(self: Table(partition=4), other: Table(partition=4), func: function) -> Table(partition=4)
[DEBUG] [2020-11-20 07:11:17,694] [6627:140060433749824] - profile.py[line:84]: [computing#1c2db2698f]function_stack: [job_tracker.py:139]save_output_data <-[job_tracker.py:332]save_as_table <-[intersect.py:260]intersect_join_id <-[intersect_guest.py:220]run <-[intersect_model.py:145]fit <-[model_base.py:98]run
[DEBUG] [2020-11-20 07:11:17,694] [6627:140060433749824] - profile.py[line:87]: [computing#1c2db2698f]start
[DEBUG] [2020-11-20 07:11:17,839] [6627:140060433749824] - profile.py[line:93]: [computing#1c2db2698f]done, elapse: 0.1452007293701172, function: save(self: Table(partition=4), address: EggRollAddress, partitions: int, schema: dict) -> NoneType
[DEBUG] [2020-11-20 07:11:17,842] [6627:140060433749824] - profile.py[line:84]: [computing#1553218c0e]function_stack: [job_tracker.py:142]save_output_data <-[job_tracker.py:332]save_as_table <-[intersect.py:260]intersect_join_id <-[intersect_guest.py:220]run <-[intersect_model.py:145]fit <-[model_base.py:98]run
[DEBUG] [2020-11-20 07:11:17,842] [6627:140060433749824] - profile.py[line:87]: [computing#1553218c0e]start
[DEBUG] [2020-11-20 07:11:17,845] [6627:140060433749824] - profile.py[line:93]: [computing#1553218c0e]done, elapse: 0.003606557846069336, function: collect(self: Table(partition=4)) -> generator
[DEBUG] [2020-11-20 07:11:17,958] [6627:140060433749824] - profile.py[line:84]: [computing#5f87c2d62c]function_stack: [job_tracker.py:147]save_output_data <-[job_tracker.py:332]save_as_table <-[intersect.py:260]intersect_join_id <-[intersect_guest.py:220]run <-[intersect_model.py:145]fit <-[model_base.py:98]run
[DEBUG] [2020-11-20 07:11:17,959] [6627:140060433749824] - profile.py[line:87]: [computing#5f87c2d62c]start
[DEBUG] [2020-11-20 07:11:17,984] [6627:140060433749824] - profile.py[line:93]: [computing#5f87c2d62c]done, elapse: 0.026586532592773438, function: count(self: Table(partition=4)) -> int
[DEBUG] [2020-11-20 07:11:18,021] [6627:140060433749824] - profile.py[line:84]: [computing#5655dc08fa]function_stack: [intersect_model.py:153]fit <-[model_base.py:98]run
[DEBUG] [2020-11-20 07:11:18,021] [6627:140060433749824] - profile.py[line:87]: [computing#5655dc08fa]start
[DEBUG] [2020-11-20 07:11:18,048] [6627:140060433749824] - profile.py[line:93]: [computing#5655dc08fa]done, elapse: 0.027699708938598633, function: count(self: Table(partition=4)) -> int
[DEBUG] [2020-11-20 07:11:18,050] [6627:140060433749824] - profile.py[line:84]: [computing#529d4dedac]function_stack: [intersect_model.py:154]fit <-[model_base.py:98]run
[DEBUG] [2020-11-20 07:11:18,051] [6627:140060433749824] - profile.py[line:87]: [computing#529d4dedac]start
[DEBUG] [2020-11-20 07:11:18,075] [6627:140060433749824] - profile.py[line:93]: [computing#529d4dedac]done, elapse: 0.024320602416992188, function: count(self: Table(partition=4)) -> int
[INFO] [2020-11-20 07:11:18,916] [6627:140060433749824] - profile.py[line:249]: 
Computing:
+----------+---------------------------------------------+
| function |  function    n   sum(s)   mean(s)   max(s)  |
|          | ----------- --- -------- --------- -------- |
|          |  mapValues   1   4.871     4.871    4.871   |
|          |    join      2   0.364     0.182    0.208   |
|          |    load      1   0.202     0.202    0.202   |
|          |    save      1   0.145     0.145    0.145   |
|          |    count     4   0.114     0.028    0.035   |
|          |   collect    1   0.004     0.004    0.004   |
+----------+---------------------------------------------+
|  total   |  n=10, sum=5.6991, mean=0.5699, max=4.8707  |
+----------+---------------------------------------------+

Federation:
+--------+-------------------------------------------------------------------------------------------------------------+
|  get   |                                    name                                    | n | sum(s) | mean(s) | max(s)  |
|        | ---------------------------------------------------------------------------+---+--------+---------+-------- |
|        |  federatedml.transfer_variable.transfer_class.raw_intersect_transfer_varia | 1 | 12.535 | 12.535  | 12.535  |
|        |               ble.RawIntersectTransferVariable.send_ids_host               |   |        |         |         |
+--------+-------------------------------------------------------------------------------------------------------------+
| remote |                                    name                                    | n | sum(s) | mean(s) | max(s)  |
|        | ---------------------------------------------------------------------------+---+--------+---------+-------- |
|        |  federatedml.transfer_variable.transfer_class.raw_intersect_transfer_varia | 1 | 0.008  |  0.008  | 0.008   |
|        |            ble.RawIntersectTransferVariable.intersect_ids_guest            |   |        |         |         |
+--------+-------------------------------------------------------------------------------------------------------------+
| total  |                                 n=2, sum=12.5431, mean=6.2715, max=12.5354                                  |
+--------+-------------------------------------------------------------------------------------------------------------+

