[INFO] [2020-11-20 02:37:06,363] [1896:140260009703232] - task_executor.py[line:302]: report task 202011200231350021282_hetero_lr_0 0 arbiter 9999 to driver
[INFO] [2020-11-20 02:37:06,366] [1896:140260009703232] - control_client.py[line:42]: request update job 202011200231350021282 task 202011200231350021282_hetero_lr_0 0 on arbiter 9999
[DEBUG] [2020-11-20 02:37:18,425] [1896:140260009703232] - _federation.py[line:35]: [federation.eggroll]init federation: rp_session_id=202011200231350021282_hetero_lr_0_0_arbiter_9999, rs_session_id=202011200231350021282_hetero_lr_0_0, party=Party(role=arbiter, party_id=9999), proxy_endpoint=rollsite:9370
[DEBUG] [2020-11-20 02:37:18,429] [1896:140260009703232] - _federation.py[line:45]: [federation.eggroll]init federation context done
[INFO] [2020-11-20 02:37:18,430] [1896:140260009703232] - task_executor.py[line:156]: Run 202011200231350021282 hetero_lr_0 202011200231350021282_hetero_lr_0 arbiter 9999 task
[INFO] [2020-11-20 02:37:18,432] [1896:140260009703232] - task_executor.py[line:157]: Component parameters on party {'HeteroLogisticParam': {'penalty': 'L2', 'tol': 0.0001, 'alpha': 0.01, 'optimizer': 'rmsprop', 'batch_size': 320, 'learning_rate': 0.15, 'init_param': {'init_method': 'random_uniform', 'init_const': 1, 'fit_intercept': True, 'random_seed': None}, 'max_iter': 3, 'early_stop': 'diff', 'encrypt_param': {'method': 'Paillier', 'key_length': 1024}, 'predict_param': {'threshold': 0.5}, 'cv_param': {'n_splits': 5, 'mode': 'hetero', 'role': 'guest', 'shuffle': True, 'random_seed': 1, 'need_cv': False}, 'decay': 1, 'decay_sqrt': True, 'multi_class': 'ovr', 'validation_freqs': None, 'stepwise_param': {'score_name': 'AIC', 'mode': 'hetero', 'role': 'guest', 'direction': 'both', 'max_step': 10, 'nvmin': 2, 'nvmax': None, 'need_stepwise': False}, 'early_stopping_rounds': None, 'metrics': ['auc', 'ks'], 'use_first_metric_only': False, 'encrypted_mode_calculator_param': {'mode': 'strict', 're_encrypted_rate': 1}, 'sqn_param': {'update_interval_L': 3, 'memory_M': 5, 'sample_size': 5000, 'random_seed': None}}, 'dsl_version': '2', 'initiator': {'role': 'guest', 'party_id': 10000}, 'role': {'guest': [10000], 'host': [9999], 'arbiter': [9999]}, 'job_parameters': {'job_type': 'train', 'work_mode': 1, 'backend': 0, 'computing_engine': 'EGGROLL', 'federation_engine': 'EGGROLL', 'storage_engine': 'EGGROLL', 'engines_address': {'computing': {'cores_per_node': 20, 'nodes': 1}, 'federation': {'host': 'rollsite', 'port': 9370}, 'storage': {'cores_per_node': 20, 'nodes': 1}}, 'federated_mode': 'MULTIPLE', 'task_parallelism': 2, 'computing_partitions': 8, 'federated_status_collect_type': 'PUSH', 'model_id': 'arbiter-9999#guest-10000#host-9999#model', 'model_version': '202011200231350021282', 'eggroll_run': {'eggroll.session.processors.per.node': 2}, 'spark_run': {'num-executors': 1, 'executor-cores': 2}, 'rabbitmq_run': {}, 'adaptation_parameters': {'task_nodes': 1, 'task_cores_per_node': 2, 'task_memory_per_node': 0}}, 'component_parameters': {'common': {'intersect_0': {'intersect_method': 'raw', 'sync_intersect_ids': True, 'only_output_key': False}, 'hetero_lr_0': {'penalty': 'L2', 'optimizer': 'rmsprop', 'alpha': 0.01, 'max_iter': 3, 'batch_size': 320, 'learning_rate': 0.15, 'init_param': {'init_method': 'random_uniform'}}}, 'role': {'guest': {'0': {'reader_0': {'table': {'name': 'breast_hetero_guest', 'namespace': 'experiment'}}, 'dataio_0': {'with_label': True, 'label_name': 'y', 'label_type': 'int', 'output_format': 'dense'}}}, 'host': {'0': {'reader_0': {'table': {'name': 'breast_hetero_host', 'namespace': 'experiment'}}, 'dataio_0': {'with_label': False, 'output_format': 'dense'}}}}}, 'config': '/data/projects/fate/python/fate_flow/examples/test_hetero_lr_job_conf.json', 'dsl': 'examples/test_hetero_lr_job_dsl.json', 'function': 'submit_job', 'local': {'role': 'arbiter', 'party_id': 9999}, 'CodePath': 'federatedml/linear_model/logistic_regression/hetero_logistic_regression/hetero_lr_arbiter.py/HeteroLRArbiter', 'module': 'HeteroLR', 'output_data_name': ['train']}
[INFO] [2020-11-20 02:37:18,434] [1896:140260009703232] - task_executor.py[line:158]: Task input dsl {'data': {'train_data': ['hetero_feature_selection_0.train']}}
[INFO] [2020-11-20 02:37:18,435] [1896:140260009703232] - tracker_client.py[line:150]: Request read job 202011200231350021282 task None None on arbiter 9999 data train info
[DEBUG] [2020-11-20 02:37:28,967] [1896:140260009703232] - encrypt_param.py[line:71]: Finish encrypt parameter check!
[DEBUG] [2020-11-20 02:37:28,970] [1896:140260009703232] - predict_param.py[line:44]: Finish predict parameter check!
[DEBUG] [2020-11-20 02:37:28,972] [1896:140260009703232] - component_properties.py[line:73]: {'HeteroLogisticParam': {'penalty': 'L2', 'tol': 0.0001, 'alpha': 0.01, 'optimizer': 'rmsprop', 'batch_size': 320, 'learning_rate': 0.15, 'init_param': {'init_method': 'random_uniform', 'init_const': 1, 'fit_intercept': True, 'random_seed': None}, 'max_iter': 3, 'early_stop': 'diff', 'encrypt_param': {'method': 'Paillier', 'key_length': 1024}, 'predict_param': {'threshold': 0.5}, 'cv_param': {'n_splits': 5, 'mode': 'hetero', 'role': 'guest', 'shuffle': True, 'random_seed': 1, 'need_cv': False}, 'decay': 1, 'decay_sqrt': True, 'multi_class': 'ovr', 'validation_freqs': None, 'stepwise_param': {'score_name': 'AIC', 'mode': 'hetero', 'role': 'guest', 'direction': 'both', 'max_step': 10, 'nvmin': 2, 'nvmax': None, 'need_stepwise': False}, 'early_stopping_rounds': None, 'metrics': ['auc', 'ks'], 'use_first_metric_only': False, 'encrypted_mode_calculator_param': {'mode': 'strict', 're_encrypted_rate': 1}, 'sqn_param': {'update_interval_L': 3, 'memory_M': 5, 'sample_size': 5000, 'random_seed': None}}, 'dsl_version': '2', 'initiator': {'role': 'guest', 'party_id': 10000}, 'role': {'guest': [10000], 'host': [9999], 'arbiter': [9999]}, 'job_parameters': {'job_type': 'train', 'work_mode': 1, 'backend': 0, 'computing_engine': 'EGGROLL', 'federation_engine': 'EGGROLL', 'storage_engine': 'EGGROLL', 'engines_address': {'computing': {'cores_per_node': 20, 'nodes': 1}, 'federation': {'host': 'rollsite', 'port': 9370}, 'storage': {'cores_per_node': 20, 'nodes': 1}}, 'federated_mode': 'MULTIPLE', 'task_parallelism': 2, 'computing_partitions': 8, 'federated_status_collect_type': 'PUSH', 'model_id': 'arbiter-9999#guest-10000#host-9999#model', 'model_version': '202011200231350021282', 'eggroll_run': {'eggroll.session.processors.per.node': 2}, 'spark_run': {'num-executors': 1, 'executor-cores': 2}, 'rabbitmq_run': {}, 'adaptation_parameters': {'task_nodes': 1, 'task_cores_per_node': 2, 'task_memory_per_node': 0}}, 'component_parameters': {'common': {'intersect_0': {'intersect_method': 'raw', 'sync_intersect_ids': True, 'only_output_key': False}, 'hetero_lr_0': {'penalty': 'L2', 'optimizer': 'rmsprop', 'alpha': 0.01, 'max_iter': 3, 'batch_size': 320, 'learning_rate': 0.15, 'init_param': {'init_method': 'random_uniform'}}}, 'role': {'guest': {'0': {'reader_0': {'table': {'name': 'breast_hetero_guest', 'namespace': 'experiment'}}, 'dataio_0': {'with_label': True, 'label_name': 'y', 'label_type': 'int', 'output_format': 'dense'}}}, 'host': {'0': {'reader_0': {'table': {'name': 'breast_hetero_host', 'namespace': 'experiment'}}, 'dataio_0': {'with_label': False, 'output_format': 'dense'}}}}}, 'config': '/data/projects/fate/python/fate_flow/examples/test_hetero_lr_job_conf.json', 'dsl': 'examples/test_hetero_lr_job_dsl.json', 'function': 'submit_job', 'local': {'role': 'arbiter', 'party_id': 9999}, 'CodePath': 'federatedml/linear_model/logistic_regression/hetero_logistic_regression/hetero_lr_arbiter.py/HeteroLRArbiter', 'module': 'HeteroLR', 'output_data_name': ['train']}
[DEBUG] [2020-11-20 02:37:28,974] [1896:140260009703232] - component_properties.py[line:80]: need_run: True, need_cv: False
[DEBUG] [2020-11-20 02:37:28,975] [1896:140260009703232] - optimizer.py[line:316]: in optimizer_factory, optimizer_type: rmsprop, learning_rate: 0.15, alpha: 0.01, penalty: L2,decay: 1, decay_sqrt: True
[INFO] [2020-11-20 02:37:28,976] [1896:140260009703232] - one_vs_rest.py[line:289]: Create one_vs_rest object, role: arbiter, mode: hetero
[DEBUG] [2020-11-20 02:37:29,025] [1896:140260009703232] - component_properties.py[line:102]: parse_dsl_args data_sets: {'hetero_feature_selection_0': {'train_data': [None]}}
[DEBUG] [2020-11-20 02:37:29,026] [1896:140260009703232] - component_properties.py[line:112]: [Data Parser], has_train_data: True
[DEBUG] [2020-11-20 02:37:29,027] [1896:140260009703232] - component_properties.py[line:112]: [Data Parser], has_eval_data: False
[DEBUG] [2020-11-20 02:37:29,027] [1896:140260009703232] - component_properties.py[line:112]: [Data Parser], has_validate_data: False
[DEBUG] [2020-11-20 02:37:29,028] [1896:140260009703232] - component_properties.py[line:112]: [Data Parser], has_test_data: False
[DEBUG] [2020-11-20 02:37:29,029] [1896:140260009703232] - component_properties.py[line:118]: [Data Parser], has_normal_data: False
[DEBUG] [2020-11-20 02:37:29,029] [1896:140260009703232] - component_properties.py[line:179]: Input data_sets: {'hetero_feature_selection_0': {'train_data': [None]}}
[DEBUG] [2020-11-20 02:37:29,030] [1896:140260009703232] - component_properties.py[line:231]: train_data: None, validate_data: None, test_data: None, data: {}
[DEBUG] [2020-11-20 02:37:29,032] [1896:140260009703232] - model_base.py[line:88]: running_funcs: [<bound method ModelBase.set_flowid of <federatedml.linear_model.logistic_regression.hetero_logistic_regression.hetero_lr_arbiter.HeteroLRArbiter object at 0x7f90c1479240>>, <bound method HeteroLRArbiter.fit of <federatedml.linear_model.logistic_regression.hetero_logistic_regression.hetero_lr_arbiter.HeteroLRArbiter object at 0x7f90c1479240>>, <bound method ModelBase.set_flowid of <federatedml.linear_model.logistic_regression.hetero_logistic_regression.hetero_lr_arbiter.HeteroLRArbiter object at 0x7f90c1479240>>, <bound method ModelBase.predict of <federatedml.linear_model.logistic_regression.hetero_logistic_regression.hetero_lr_arbiter.HeteroLRArbiter object at 0x7f90c1479240>>, <function ComponentProperties.union_data at 0x7f9008ac8840>, <function ModelBase.set_predict_data_schema at 0x7f9008acd9d8>]
[DEBUG] [2020-11-20 02:37:29,033] [1896:140260009703232] - model_base.py[line:162]: set flowid to transfer_variable, flowid: fit
[DEBUG] [2020-11-20 02:37:29,033] [1896:140260009703232] - hetero_lr_arbiter.py[line:41]: Has loss_history: True
[DEBUG] [2020-11-20 02:37:29,034] [1896:140260009703232] - hetero_lr_arbiter.py[line:42]: Need one_vs_rest: None
[DEBUG] [2020-11-20 02:37:29,035] [1896:140260009703232] - profile.py[line:237]: [federation.get.federatedml.transfer_variable.transfer_class.one_vs_rest_transfer_variable.OneVsRestTransferVariable.aggregate_classes.fit]arbiter<-[Party(role=guest, party_id=10000)] start
[DEBUG] [2020-11-20 02:37:30,166] [1896:140260009703232] - _federation.py[line:196]: [federation.eggroll.get.hash.3d96675b1eea17c6e404.aggregate_classes.fit] got object with type: <class 'int'>
[DEBUG] [2020-11-20 02:37:30,168] [1896:140260009703232] - profile.py[line:216]: [federation.get.federatedml.transfer_variable.transfer_class.one_vs_rest_transfer_variable.OneVsRestTransferVariable.aggregate_classes.fit]arbiter<-[Party(role=guest, party_id=10000)] done
[INFO] [2020-11-20 02:37:30,169] [1896:140260009703232] - base_linear_model_arbiter.py[line:70]: Enter hetero linear model arbiter fit
[DEBUG] [2020-11-20 02:37:30,227] [1896:140260009703232] - profile.py[line:232]: [federation.remote.federatedml.transfer_variable.transfer_class.hetero_lr_transfer_variable.HeteroLRTransferVariable.paillier_pubkey.fit]arbiter->[Party(role=host, party_id=9999)] start
[DEBUG] [2020-11-20 02:37:30,230] [1896:140260009703232] - _federation.py[line:86]: [federation.eggroll.remote.hash.abc35afa62e3dcd13123.paillier_pubkey.fit[('host', '9999')])]remote object with type: <class 'federatedml.secureprotol.fate_paillier.PaillierPublicKey'>
[DEBUG] [2020-11-20 02:37:30,258] [1896:140260009703232] - profile.py[line:185]: [federation.remote.federatedml.transfer_variable.transfer_class.hetero_lr_transfer_variable.HeteroLRTransferVariable.paillier_pubkey.fit]arbiter->[Party(role=host, party_id=9999)] done
[DEBUG] [2020-11-20 02:37:30,259] [1896:140260009703232] - profile.py[line:232]: [federation.remote.federatedml.transfer_variable.transfer_class.hetero_lr_transfer_variable.HeteroLRTransferVariable.paillier_pubkey.fit]arbiter->[Party(role=guest, party_id=10000)] start
[DEBUG] [2020-11-20 02:37:30,260] [1896:140260009703232] - _federation.py[line:86]: [federation.eggroll.remote.hash.abc35afa62e3dcd13123.paillier_pubkey.fit[('guest', '10000')])]remote object with type: <class 'federatedml.secureprotol.fate_paillier.PaillierPublicKey'>
[DEBUG] [2020-11-20 02:37:30,283] [1896:140260009703232] - profile.py[line:185]: [federation.remote.federatedml.transfer_variable.transfer_class.hetero_lr_transfer_variable.HeteroLRTransferVariable.paillier_pubkey.fit]arbiter->[Party(role=guest, party_id=10000)] done
[DEBUG] [2020-11-20 02:37:30,284] [1896:140260009703232] - profile.py[line:237]: [federation.get.federatedml.transfer_variable.transfer_class.hetero_lr_transfer_variable.HeteroLRTransferVariable.batch_info.fit]arbiter<-[Party(role=guest, party_id=10000)] start
[DEBUG] [2020-11-20 02:37:30,484] [1896:140256447002368] - _federation.py[line:133]: [federation.eggroll.remote.hash.abc35afa62e3dcd13123.paillier_pubkey.fit]future to remote to party: ('host', '9999') done
[DEBUG] [2020-11-20 02:37:30,603] [1896:140256438609664] - _federation.py[line:133]: [federation.eggroll.remote.hash.abc35afa62e3dcd13123.paillier_pubkey.fit]future to remote to party: ('guest', '10000') done
[DEBUG] [2020-11-20 02:37:43,052] [1896:140260009703232] - _federation.py[line:196]: [federation.eggroll.get.hash.0070dd77bf0bfd66eff9.batch_info.fit] got object with type: <class 'dict'>
[DEBUG] [2020-11-20 02:37:43,053] [1896:140260009703232] - profile.py[line:216]: [federation.get.federatedml.transfer_variable.transfer_class.hetero_lr_transfer_variable.HeteroLRTransferVariable.batch_info.fit]arbiter<-[Party(role=guest, party_id=10000)] done
[DEBUG] [2020-11-20 02:37:43,055] [1896:140260009703232] - validation_strategy.py[line:85]: end to init validation_strategy, freqs is None
[DEBUG] [2020-11-20 02:37:43,056] [1896:140260009703232] - profile.py[line:237]: [federation.get.federatedml.transfer_variable.transfer_class.hetero_lr_transfer_variable.HeteroLRTransferVariable.host_gradient.fit.0.0]arbiter<-[Party(role=host, party_id=9999)] start
[DEBUG] [2020-11-20 02:38:02,367] [1896:140260009703232] - _federation.py[line:196]: [federation.eggroll.get.hash.142c909de54cf5a0f6e8.host_gradient.fit.0.0] got object with type: <class 'numpy.ndarray'>
[DEBUG] [2020-11-20 02:38:02,369] [1896:140260009703232] - profile.py[line:216]: [federation.get.federatedml.transfer_variable.transfer_class.hetero_lr_transfer_variable.HeteroLRTransferVariable.host_gradient.fit.0.0]arbiter<-[Party(role=host, party_id=9999)] done
[INFO] [2020-11-20 02:38:02,370] [1896:140260009703232] - hetero_linear_model_gradient.py[line:363]: Get host_gradient from Host
[DEBUG] [2020-11-20 02:38:02,371] [1896:140260009703232] - profile.py[line:237]: [federation.get.federatedml.transfer_variable.transfer_class.hetero_lr_transfer_variable.HeteroLRTransferVariable.guest_gradient.fit.0.0]arbiter<-[Party(role=guest, party_id=10000)] start
[DEBUG] [2020-11-20 02:38:03,296] [1896:140260009703232] - _federation.py[line:196]: [federation.eggroll.get.hash.b3ae681e69012f6a4a9f.guest_gradient.fit.0.0] got object with type: <class 'numpy.ndarray'>
[DEBUG] [2020-11-20 02:38:03,297] [1896:140260009703232] - profile.py[line:216]: [federation.get.federatedml.transfer_variable.transfer_class.hetero_lr_transfer_variable.HeteroLRTransferVariable.guest_gradient.fit.0.0]arbiter<-[Party(role=guest, party_id=10000)] done
[INFO] [2020-11-20 02:38:03,297] [1896:140260009703232] - hetero_linear_model_gradient.py[line:366]: Get guest_gradient from Guest
[DEBUG] [2020-11-20 02:38:03,369] [1896:140260009703232] - profile.py[line:232]: [federation.remote.federatedml.transfer_variable.transfer_class.hetero_lr_transfer_variable.HeteroLRTransferVariable.host_optim_gradient.fit.0.0]arbiter->[Party(role=host, party_id=9999)] start
[DEBUG] [2020-11-20 02:38:03,370] [1896:140260009703232] - _federation.py[line:86]: [federation.eggroll.remote.hash.0bc82cee0c5d2fb6809d.host_optim_gradient.fit.0.0[('host', '9999')])]remote object with type: <class 'numpy.ndarray'>
[DEBUG] [2020-11-20 02:38:03,381] [1896:140260009703232] - profile.py[line:185]: [federation.remote.federatedml.transfer_variable.transfer_class.hetero_lr_transfer_variable.HeteroLRTransferVariable.host_optim_gradient.fit.0.0]arbiter->[Party(role=host, party_id=9999)] done
[DEBUG] [2020-11-20 02:38:03,382] [1896:140260009703232] - profile.py[line:232]: [federation.remote.federatedml.transfer_variable.transfer_class.hetero_lr_transfer_variable.HeteroLRTransferVariable.guest_optim_gradient.fit.0.0]arbiter->[Party(role=guest, party_id=10000)] start
[DEBUG] [2020-11-20 02:38:03,384] [1896:140260009703232] - _federation.py[line:86]: [federation.eggroll.remote.hash.2df54bc222e591e1ba88.guest_optim_gradient.fit.0.0[('guest', '10000')])]remote object with type: <class 'numpy.ndarray'>
[DEBUG] [2020-11-20 02:38:03,399] [1896:140260009703232] - profile.py[line:185]: [federation.remote.federatedml.transfer_variable.transfer_class.hetero_lr_transfer_variable.HeteroLRTransferVariable.guest_optim_gradient.fit.0.0]arbiter->[Party(role=guest, party_id=10000)] done
[DEBUG] [2020-11-20 02:38:03,407] [1896:140260009703232] - profile.py[line:237]: [federation.get.federatedml.transfer_variable.transfer_class.hetero_lr_transfer_variable.HeteroLRTransferVariable.loss.fit.0.0]arbiter<-[Party(role=guest, party_id=10000)] start
[DEBUG] [2020-11-20 02:38:03,702] [1896:140256421562112] - _federation.py[line:133]: [federation.eggroll.remote.hash.2df54bc222e591e1ba88.guest_optim_gradient.fit.0.0]future to remote to party: ('guest', '10000') done
[DEBUG] [2020-11-20 02:38:03,970] [1896:140256413169408] - _federation.py[line:133]: [federation.eggroll.remote.hash.0bc82cee0c5d2fb6809d.host_optim_gradient.fit.0.0]future to remote to party: ('host', '9999') done
[DEBUG] [2020-11-20 02:38:08,212] [1896:140260009703232] - _federation.py[line:196]: [federation.eggroll.get.hash.6bdba664eb46ccb05563.loss.fit.0.0] got object with type: <class 'list'>
[DEBUG] [2020-11-20 02:38:08,214] [1896:140260009703232] - profile.py[line:216]: [federation.get.federatedml.transfer_variable.transfer_class.hetero_lr_transfer_variable.HeteroLRTransferVariable.loss.fit.0.0]arbiter<-[Party(role=guest, party_id=10000)] done
[DEBUG] [2020-11-20 02:38:08,218] [1896:140260009703232] - profile.py[line:237]: [federation.get.federatedml.transfer_variable.transfer_class.hetero_lr_transfer_variable.HeteroLRTransferVariable.host_gradient.fit.0.1]arbiter<-[Party(role=host, party_id=9999)] start
[DEBUG] [2020-11-20 02:38:16,671] [1896:140260009703232] - _federation.py[line:196]: [federation.eggroll.get.hash.142c909de54cf5a0f6e8.host_gradient.fit.0.1] got object with type: <class 'numpy.ndarray'>
[DEBUG] [2020-11-20 02:38:16,673] [1896:140260009703232] - profile.py[line:216]: [federation.get.federatedml.transfer_variable.transfer_class.hetero_lr_transfer_variable.HeteroLRTransferVariable.host_gradient.fit.0.1]arbiter<-[Party(role=host, party_id=9999)] done
[INFO] [2020-11-20 02:38:16,674] [1896:140260009703232] - hetero_linear_model_gradient.py[line:363]: Get host_gradient from Host
[DEBUG] [2020-11-20 02:38:16,675] [1896:140260009703232] - profile.py[line:237]: [federation.get.federatedml.transfer_variable.transfer_class.hetero_lr_transfer_variable.HeteroLRTransferVariable.guest_gradient.fit.0.1]arbiter<-[Party(role=guest, party_id=10000)] start
[DEBUG] [2020-11-20 02:38:17,248] [1896:140260009703232] - _federation.py[line:196]: [federation.eggroll.get.hash.b3ae681e69012f6a4a9f.guest_gradient.fit.0.1] got object with type: <class 'numpy.ndarray'>
[DEBUG] [2020-11-20 02:38:17,250] [1896:140260009703232] - profile.py[line:216]: [federation.get.federatedml.transfer_variable.transfer_class.hetero_lr_transfer_variable.HeteroLRTransferVariable.guest_gradient.fit.0.1]arbiter<-[Party(role=guest, party_id=10000)] done
[INFO] [2020-11-20 02:38:17,251] [1896:140260009703232] - hetero_linear_model_gradient.py[line:366]: Get guest_gradient from Guest
[DEBUG] [2020-11-20 02:38:17,306] [1896:140260009703232] - profile.py[line:232]: [federation.remote.federatedml.transfer_variable.transfer_class.hetero_lr_transfer_variable.HeteroLRTransferVariable.host_optim_gradient.fit.0.1]arbiter->[Party(role=host, party_id=9999)] start
[DEBUG] [2020-11-20 02:38:17,308] [1896:140260009703232] - _federation.py[line:86]: [federation.eggroll.remote.hash.0bc82cee0c5d2fb6809d.host_optim_gradient.fit.0.1[('host', '9999')])]remote object with type: <class 'numpy.ndarray'>
[DEBUG] [2020-11-20 02:38:17,317] [1896:140260009703232] - profile.py[line:185]: [federation.remote.federatedml.transfer_variable.transfer_class.hetero_lr_transfer_variable.HeteroLRTransferVariable.host_optim_gradient.fit.0.1]arbiter->[Party(role=host, party_id=9999)] done
[DEBUG] [2020-11-20 02:38:17,318] [1896:140260009703232] - profile.py[line:232]: [federation.remote.federatedml.transfer_variable.transfer_class.hetero_lr_transfer_variable.HeteroLRTransferVariable.guest_optim_gradient.fit.0.1]arbiter->[Party(role=guest, party_id=10000)] start
[DEBUG] [2020-11-20 02:38:17,319] [1896:140260009703232] - _federation.py[line:86]: [federation.eggroll.remote.hash.2df54bc222e591e1ba88.guest_optim_gradient.fit.0.1[('guest', '10000')])]remote object with type: <class 'numpy.ndarray'>
[DEBUG] [2020-11-20 02:38:17,322] [1896:140260009703232] - profile.py[line:185]: [federation.remote.federatedml.transfer_variable.transfer_class.hetero_lr_transfer_variable.HeteroLRTransferVariable.guest_optim_gradient.fit.0.1]arbiter->[Party(role=guest, party_id=10000)] done
[DEBUG] [2020-11-20 02:38:17,322] [1896:140260009703232] - profile.py[line:237]: [federation.get.federatedml.transfer_variable.transfer_class.hetero_lr_transfer_variable.HeteroLRTransferVariable.loss.fit.0.1]arbiter<-[Party(role=guest, party_id=10000)] start
[DEBUG] [2020-11-20 02:38:17,564] [1896:140256447002368] - _federation.py[line:133]: [federation.eggroll.remote.hash.0bc82cee0c5d2fb6809d.host_optim_gradient.fit.0.1]future to remote to party: ('host', '9999') done
[DEBUG] [2020-11-20 02:38:17,677] [1896:140256429954816] - _federation.py[line:133]: [federation.eggroll.remote.hash.2df54bc222e591e1ba88.guest_optim_gradient.fit.0.1]future to remote to party: ('guest', '10000') done
[DEBUG] [2020-11-20 02:38:22,416] [1896:140260009703232] - _federation.py[line:196]: [federation.eggroll.get.hash.6bdba664eb46ccb05563.loss.fit.0.1] got object with type: <class 'list'>
[DEBUG] [2020-11-20 02:38:22,417] [1896:140260009703232] - profile.py[line:216]: [federation.get.federatedml.transfer_variable.transfer_class.hetero_lr_transfer_variable.HeteroLRTransferVariable.loss.fit.0.1]arbiter<-[Party(role=guest, party_id=10000)] done
[INFO] [2020-11-20 02:38:22,421] [1896:140260009703232] - tracker_client.py[line:103]: Request save job 202011200231350021282 task 202011200231350021282_hetero_lr_0 0 on arbiter 9999 metric train loss meta
[INFO] [2020-11-20 02:38:22,497] [1896:140260009703232] - tracker_client.py[line:70]: Request save job 202011200231350021282 task 202011200231350021282_hetero_lr_0 0 on arbiter 9999 metric train loss data
[DEBUG] [2020-11-20 02:38:22,556] [1896:140260009703232] - convergence.py[line:41]: In diff converge function, pre_loss: None, current_loss: 758.3778898493679
[INFO] [2020-11-20 02:38:22,557] [1896:140260009703232] - base_linear_model_arbiter.py[line:124]: iter: 0,  loss:758.3778898493679, is_converged: False
[DEBUG] [2020-11-20 02:38:22,558] [1896:140260009703232] - profile.py[line:232]: [federation.remote.federatedml.transfer_variable.transfer_class.hetero_lr_transfer_variable.HeteroLRTransferVariable.converge_flag.fit.0]arbiter->[Party(role=host, party_id=9999)] start
[DEBUG] [2020-11-20 02:38:22,559] [1896:140260009703232] - _federation.py[line:86]: [federation.eggroll.remote.hash.0059169e5a2aef195221.converge_flag.fit.0[('host', '9999')])]remote object with type: <class 'bool'>
[DEBUG] [2020-11-20 02:38:22,565] [1896:140260009703232] - profile.py[line:185]: [federation.remote.federatedml.transfer_variable.transfer_class.hetero_lr_transfer_variable.HeteroLRTransferVariable.converge_flag.fit.0]arbiter->[Party(role=host, party_id=9999)] done
[DEBUG] [2020-11-20 02:38:22,570] [1896:140260009703232] - profile.py[line:232]: [federation.remote.federatedml.transfer_variable.transfer_class.hetero_lr_transfer_variable.HeteroLRTransferVariable.converge_flag.fit.0]arbiter->[Party(role=guest, party_id=10000)] start
[DEBUG] [2020-11-20 02:38:22,571] [1896:140260009703232] - _federation.py[line:86]: [federation.eggroll.remote.hash.0059169e5a2aef195221.converge_flag.fit.0[('guest', '10000')])]remote object with type: <class 'bool'>
[DEBUG] [2020-11-20 02:38:22,575] [1896:140260009703232] - profile.py[line:185]: [federation.remote.federatedml.transfer_variable.transfer_class.hetero_lr_transfer_variable.HeteroLRTransferVariable.converge_flag.fit.0]arbiter->[Party(role=guest, party_id=10000)] done
[DEBUG] [2020-11-20 02:38:22,579] [1896:140260009703232] - base_linear_model_arbiter.py[line:129]: Linear Arbiter running validation
[DEBUG] [2020-11-20 02:38:22,580] [1896:140260009703232] - validation_strategy.py[line:99]: validation_freqs is None
[DEBUG] [2020-11-20 02:38:22,581] [1896:140260009703232] - validation_strategy.py[line:278]: begin to check validate status, need_run_validation is False
[DEBUG] [2020-11-20 02:38:22,581] [1896:140260009703232] - validation_strategy.py[line:99]: validation_freqs is None
[DEBUG] [2020-11-20 02:38:22,583] [1896:140260009703232] - profile.py[line:237]: [federation.get.federatedml.transfer_variable.transfer_class.hetero_lr_transfer_variable.HeteroLRTransferVariable.host_gradient.fit.1.0]arbiter<-[Party(role=host, party_id=9999)] start
[DEBUG] [2020-11-20 02:38:22,759] [1896:140256413169408] - _federation.py[line:133]: [federation.eggroll.remote.hash.0059169e5a2aef195221.converge_flag.fit.0]future to remote to party: ('host', '9999') done
[DEBUG] [2020-11-20 02:38:22,859] [1896:140256429954816] - _federation.py[line:133]: [federation.eggroll.remote.hash.0059169e5a2aef195221.converge_flag.fit.0]future to remote to party: ('guest', '10000') done
[DEBUG] [2020-11-20 02:38:36,218] [1896:140260009703232] - _federation.py[line:196]: [federation.eggroll.get.hash.142c909de54cf5a0f6e8.host_gradient.fit.1.0] got object with type: <class 'numpy.ndarray'>
[DEBUG] [2020-11-20 02:38:36,220] [1896:140260009703232] - profile.py[line:216]: [federation.get.federatedml.transfer_variable.transfer_class.hetero_lr_transfer_variable.HeteroLRTransferVariable.host_gradient.fit.1.0]arbiter<-[Party(role=host, party_id=9999)] done
[INFO] [2020-11-20 02:38:36,221] [1896:140260009703232] - hetero_linear_model_gradient.py[line:363]: Get host_gradient from Host
[DEBUG] [2020-11-20 02:38:36,222] [1896:140260009703232] - profile.py[line:237]: [federation.get.federatedml.transfer_variable.transfer_class.hetero_lr_transfer_variable.HeteroLRTransferVariable.guest_gradient.fit.1.0]arbiter<-[Party(role=guest, party_id=10000)] start
[DEBUG] [2020-11-20 02:38:36,873] [1896:140260009703232] - _federation.py[line:196]: [federation.eggroll.get.hash.b3ae681e69012f6a4a9f.guest_gradient.fit.1.0] got object with type: <class 'numpy.ndarray'>
[DEBUG] [2020-11-20 02:38:36,875] [1896:140260009703232] - profile.py[line:216]: [federation.get.federatedml.transfer_variable.transfer_class.hetero_lr_transfer_variable.HeteroLRTransferVariable.guest_gradient.fit.1.0]arbiter<-[Party(role=guest, party_id=10000)] done
[INFO] [2020-11-20 02:38:36,876] [1896:140260009703232] - hetero_linear_model_gradient.py[line:366]: Get guest_gradient from Guest
[DEBUG] [2020-11-20 02:38:36,951] [1896:140260009703232] - profile.py[line:232]: [federation.remote.federatedml.transfer_variable.transfer_class.hetero_lr_transfer_variable.HeteroLRTransferVariable.host_optim_gradient.fit.1.0]arbiter->[Party(role=host, party_id=9999)] start
[DEBUG] [2020-11-20 02:38:36,953] [1896:140260009703232] - _federation.py[line:86]: [federation.eggroll.remote.hash.0bc82cee0c5d2fb6809d.host_optim_gradient.fit.1.0[('host', '9999')])]remote object with type: <class 'numpy.ndarray'>
[DEBUG] [2020-11-20 02:38:36,963] [1896:140260009703232] - profile.py[line:185]: [federation.remote.federatedml.transfer_variable.transfer_class.hetero_lr_transfer_variable.HeteroLRTransferVariable.host_optim_gradient.fit.1.0]arbiter->[Party(role=host, party_id=9999)] done
[DEBUG] [2020-11-20 02:38:36,964] [1896:140260009703232] - profile.py[line:232]: [federation.remote.federatedml.transfer_variable.transfer_class.hetero_lr_transfer_variable.HeteroLRTransferVariable.guest_optim_gradient.fit.1.0]arbiter->[Party(role=guest, party_id=10000)] start
[DEBUG] [2020-11-20 02:38:36,965] [1896:140260009703232] - _federation.py[line:86]: [federation.eggroll.remote.hash.2df54bc222e591e1ba88.guest_optim_gradient.fit.1.0[('guest', '10000')])]remote object with type: <class 'numpy.ndarray'>
[DEBUG] [2020-11-20 02:38:36,973] [1896:140260009703232] - profile.py[line:185]: [federation.remote.federatedml.transfer_variable.transfer_class.hetero_lr_transfer_variable.HeteroLRTransferVariable.guest_optim_gradient.fit.1.0]arbiter->[Party(role=guest, party_id=10000)] done
[DEBUG] [2020-11-20 02:38:36,974] [1896:140260009703232] - profile.py[line:237]: [federation.get.federatedml.transfer_variable.transfer_class.hetero_lr_transfer_variable.HeteroLRTransferVariable.loss.fit.1.0]arbiter<-[Party(role=guest, party_id=10000)] start
[DEBUG] [2020-11-20 02:38:37,276] [1896:140256447002368] - _federation.py[line:133]: [federation.eggroll.remote.hash.2df54bc222e591e1ba88.guest_optim_gradient.fit.1.0]future to remote to party: ('guest', '10000') done
[DEBUG] [2020-11-20 02:38:37,515] [1896:140256438609664] - _federation.py[line:133]: [federation.eggroll.remote.hash.0bc82cee0c5d2fb6809d.host_optim_gradient.fit.1.0]future to remote to party: ('host', '9999') done
[DEBUG] [2020-11-20 02:38:42,333] [1896:140260009703232] - _federation.py[line:196]: [federation.eggroll.get.hash.6bdba664eb46ccb05563.loss.fit.1.0] got object with type: <class 'list'>
[DEBUG] [2020-11-20 02:38:42,335] [1896:140260009703232] - profile.py[line:216]: [federation.get.federatedml.transfer_variable.transfer_class.hetero_lr_transfer_variable.HeteroLRTransferVariable.loss.fit.1.0]arbiter<-[Party(role=guest, party_id=10000)] done
[DEBUG] [2020-11-20 02:38:42,339] [1896:140260009703232] - profile.py[line:237]: [federation.get.federatedml.transfer_variable.transfer_class.hetero_lr_transfer_variable.HeteroLRTransferVariable.host_gradient.fit.1.1]arbiter<-[Party(role=host, party_id=9999)] start
[DEBUG] [2020-11-20 02:38:52,393] [1896:140260009703232] - _federation.py[line:196]: [federation.eggroll.get.hash.142c909de54cf5a0f6e8.host_gradient.fit.1.1] got object with type: <class 'numpy.ndarray'>
[DEBUG] [2020-11-20 02:38:52,394] [1896:140260009703232] - profile.py[line:216]: [federation.get.federatedml.transfer_variable.transfer_class.hetero_lr_transfer_variable.HeteroLRTransferVariable.host_gradient.fit.1.1]arbiter<-[Party(role=host, party_id=9999)] done
[INFO] [2020-11-20 02:38:52,396] [1896:140260009703232] - hetero_linear_model_gradient.py[line:363]: Get host_gradient from Host
[DEBUG] [2020-11-20 02:38:52,397] [1896:140260009703232] - profile.py[line:237]: [federation.get.federatedml.transfer_variable.transfer_class.hetero_lr_transfer_variable.HeteroLRTransferVariable.guest_gradient.fit.1.1]arbiter<-[Party(role=guest, party_id=10000)] start
[DEBUG] [2020-11-20 02:38:53,110] [1896:140260009703232] - _federation.py[line:196]: [federation.eggroll.get.hash.b3ae681e69012f6a4a9f.guest_gradient.fit.1.1] got object with type: <class 'numpy.ndarray'>
[DEBUG] [2020-11-20 02:38:53,112] [1896:140260009703232] - profile.py[line:216]: [federation.get.federatedml.transfer_variable.transfer_class.hetero_lr_transfer_variable.HeteroLRTransferVariable.guest_gradient.fit.1.1]arbiter<-[Party(role=guest, party_id=10000)] done
[INFO] [2020-11-20 02:38:53,113] [1896:140260009703232] - hetero_linear_model_gradient.py[line:366]: Get guest_gradient from Guest
[DEBUG] [2020-11-20 02:38:53,213] [1896:140260009703232] - profile.py[line:232]: [federation.remote.federatedml.transfer_variable.transfer_class.hetero_lr_transfer_variable.HeteroLRTransferVariable.host_optim_gradient.fit.1.1]arbiter->[Party(role=host, party_id=9999)] start
[DEBUG] [2020-11-20 02:38:53,215] [1896:140260009703232] - _federation.py[line:86]: [federation.eggroll.remote.hash.0bc82cee0c5d2fb6809d.host_optim_gradient.fit.1.1[('host', '9999')])]remote object with type: <class 'numpy.ndarray'>
[DEBUG] [2020-11-20 02:38:53,261] [1896:140260009703232] - profile.py[line:185]: [federation.remote.federatedml.transfer_variable.transfer_class.hetero_lr_transfer_variable.HeteroLRTransferVariable.host_optim_gradient.fit.1.1]arbiter->[Party(role=host, party_id=9999)] done
[DEBUG] [2020-11-20 02:38:53,264] [1896:140260009703232] - profile.py[line:232]: [federation.remote.federatedml.transfer_variable.transfer_class.hetero_lr_transfer_variable.HeteroLRTransferVariable.guest_optim_gradient.fit.1.1]arbiter->[Party(role=guest, party_id=10000)] start
[DEBUG] [2020-11-20 02:38:53,265] [1896:140260009703232] - _federation.py[line:86]: [federation.eggroll.remote.hash.2df54bc222e591e1ba88.guest_optim_gradient.fit.1.1[('guest', '10000')])]remote object with type: <class 'numpy.ndarray'>
[DEBUG] [2020-11-20 02:38:53,288] [1896:140260009703232] - profile.py[line:185]: [federation.remote.federatedml.transfer_variable.transfer_class.hetero_lr_transfer_variable.HeteroLRTransferVariable.guest_optim_gradient.fit.1.1]arbiter->[Party(role=guest, party_id=10000)] done
[DEBUG] [2020-11-20 02:38:53,290] [1896:140260009703232] - profile.py[line:237]: [federation.get.federatedml.transfer_variable.transfer_class.hetero_lr_transfer_variable.HeteroLRTransferVariable.loss.fit.1.1]arbiter<-[Party(role=guest, party_id=10000)] start
[DEBUG] [2020-11-20 02:38:53,636] [1896:140256413169408] - _federation.py[line:133]: [federation.eggroll.remote.hash.0bc82cee0c5d2fb6809d.host_optim_gradient.fit.1.1]future to remote to party: ('host', '9999') done
[DEBUG] [2020-11-20 02:38:53,690] [1896:140256404776704] - _federation.py[line:133]: [federation.eggroll.remote.hash.2df54bc222e591e1ba88.guest_optim_gradient.fit.1.1]future to remote to party: ('guest', '10000') done
[DEBUG] [2020-11-20 02:38:59,439] [1896:140260009703232] - _federation.py[line:196]: [federation.eggroll.get.hash.6bdba664eb46ccb05563.loss.fit.1.1] got object with type: <class 'list'>
[DEBUG] [2020-11-20 02:38:59,441] [1896:140260009703232] - profile.py[line:216]: [federation.get.federatedml.transfer_variable.transfer_class.hetero_lr_transfer_variable.HeteroLRTransferVariable.loss.fit.1.1]arbiter<-[Party(role=guest, party_id=10000)] done
[INFO] [2020-11-20 02:38:59,445] [1896:140260009703232] - tracker_client.py[line:103]: Request save job 202011200231350021282 task 202011200231350021282_hetero_lr_0 0 on arbiter 9999 metric train loss meta
[INFO] [2020-11-20 02:38:59,593] [1896:140260009703232] - tracker_client.py[line:70]: Request save job 202011200231350021282 task 202011200231350021282_hetero_lr_0 0 on arbiter 9999 metric train loss data
[DEBUG] [2020-11-20 02:38:59,691] [1896:140260009703232] - convergence.py[line:41]: In diff converge function, pre_loss: 758.3778898493679, current_loss: 83.02836063462648
[INFO] [2020-11-20 02:38:59,692] [1896:140260009703232] - base_linear_model_arbiter.py[line:124]: iter: 1,  loss:83.02836063462648, is_converged: False
[DEBUG] [2020-11-20 02:38:59,693] [1896:140260009703232] - profile.py[line:232]: [federation.remote.federatedml.transfer_variable.transfer_class.hetero_lr_transfer_variable.HeteroLRTransferVariable.converge_flag.fit.1]arbiter->[Party(role=host, party_id=9999)] start
[DEBUG] [2020-11-20 02:38:59,694] [1896:140260009703232] - _federation.py[line:86]: [federation.eggroll.remote.hash.0059169e5a2aef195221.converge_flag.fit.1[('host', '9999')])]remote object with type: <class 'bool'>
[DEBUG] [2020-11-20 02:38:59,700] [1896:140260009703232] - profile.py[line:185]: [federation.remote.federatedml.transfer_variable.transfer_class.hetero_lr_transfer_variable.HeteroLRTransferVariable.converge_flag.fit.1]arbiter->[Party(role=host, party_id=9999)] done
[DEBUG] [2020-11-20 02:38:59,703] [1896:140260009703232] - profile.py[line:232]: [federation.remote.federatedml.transfer_variable.transfer_class.hetero_lr_transfer_variable.HeteroLRTransferVariable.converge_flag.fit.1]arbiter->[Party(role=guest, party_id=10000)] start
[DEBUG] [2020-11-20 02:38:59,705] [1896:140260009703232] - _federation.py[line:86]: [federation.eggroll.remote.hash.0059169e5a2aef195221.converge_flag.fit.1[('guest', '10000')])]remote object with type: <class 'bool'>
[DEBUG] [2020-11-20 02:38:59,711] [1896:140260009703232] - profile.py[line:185]: [federation.remote.federatedml.transfer_variable.transfer_class.hetero_lr_transfer_variable.HeteroLRTransferVariable.converge_flag.fit.1]arbiter->[Party(role=guest, party_id=10000)] done
[DEBUG] [2020-11-20 02:38:59,712] [1896:140260009703232] - base_linear_model_arbiter.py[line:129]: Linear Arbiter running validation
[DEBUG] [2020-11-20 02:38:59,712] [1896:140260009703232] - validation_strategy.py[line:99]: validation_freqs is None
[DEBUG] [2020-11-20 02:38:59,712] [1896:140260009703232] - validation_strategy.py[line:278]: begin to check validate status, need_run_validation is False
[DEBUG] [2020-11-20 02:38:59,713] [1896:140260009703232] - validation_strategy.py[line:99]: validation_freqs is None
[DEBUG] [2020-11-20 02:38:59,714] [1896:140260009703232] - profile.py[line:237]: [federation.get.federatedml.transfer_variable.transfer_class.hetero_lr_transfer_variable.HeteroLRTransferVariable.host_gradient.fit.2.0]arbiter<-[Party(role=host, party_id=9999)] start
[DEBUG] [2020-11-20 02:38:59,952] [1896:140256438609664] - _federation.py[line:133]: [federation.eggroll.remote.hash.0059169e5a2aef195221.converge_flag.fit.1]future to remote to party: ('host', '9999') done
[DEBUG] [2020-11-20 02:39:00,040] [1896:140256404776704] - _federation.py[line:133]: [federation.eggroll.remote.hash.0059169e5a2aef195221.converge_flag.fit.1]future to remote to party: ('guest', '10000') done
[DEBUG] [2020-11-20 02:39:13,894] [1896:140260009703232] - _federation.py[line:196]: [federation.eggroll.get.hash.142c909de54cf5a0f6e8.host_gradient.fit.2.0] got object with type: <class 'numpy.ndarray'>
[DEBUG] [2020-11-20 02:39:13,896] [1896:140260009703232] - profile.py[line:216]: [federation.get.federatedml.transfer_variable.transfer_class.hetero_lr_transfer_variable.HeteroLRTransferVariable.host_gradient.fit.2.0]arbiter<-[Party(role=host, party_id=9999)] done
[INFO] [2020-11-20 02:39:13,896] [1896:140260009703232] - hetero_linear_model_gradient.py[line:363]: Get host_gradient from Host
[DEBUG] [2020-11-20 02:39:13,897] [1896:140260009703232] - profile.py[line:237]: [federation.get.federatedml.transfer_variable.transfer_class.hetero_lr_transfer_variable.HeteroLRTransferVariable.guest_gradient.fit.2.0]arbiter<-[Party(role=guest, party_id=10000)] start
[DEBUG] [2020-11-20 02:39:14,611] [1896:140260009703232] - _federation.py[line:196]: [federation.eggroll.get.hash.b3ae681e69012f6a4a9f.guest_gradient.fit.2.0] got object with type: <class 'numpy.ndarray'>
[DEBUG] [2020-11-20 02:39:14,613] [1896:140260009703232] - profile.py[line:216]: [federation.get.federatedml.transfer_variable.transfer_class.hetero_lr_transfer_variable.HeteroLRTransferVariable.guest_gradient.fit.2.0]arbiter<-[Party(role=guest, party_id=10000)] done
[INFO] [2020-11-20 02:39:14,614] [1896:140260009703232] - hetero_linear_model_gradient.py[line:366]: Get guest_gradient from Guest
[DEBUG] [2020-11-20 02:39:14,678] [1896:140260009703232] - profile.py[line:232]: [federation.remote.federatedml.transfer_variable.transfer_class.hetero_lr_transfer_variable.HeteroLRTransferVariable.host_optim_gradient.fit.2.0]arbiter->[Party(role=host, party_id=9999)] start
[DEBUG] [2020-11-20 02:39:14,680] [1896:140260009703232] - _federation.py[line:86]: [federation.eggroll.remote.hash.0bc82cee0c5d2fb6809d.host_optim_gradient.fit.2.0[('host', '9999')])]remote object with type: <class 'numpy.ndarray'>
[DEBUG] [2020-11-20 02:39:14,687] [1896:140260009703232] - profile.py[line:185]: [federation.remote.federatedml.transfer_variable.transfer_class.hetero_lr_transfer_variable.HeteroLRTransferVariable.host_optim_gradient.fit.2.0]arbiter->[Party(role=host, party_id=9999)] done
[DEBUG] [2020-11-20 02:39:14,688] [1896:140260009703232] - profile.py[line:232]: [federation.remote.federatedml.transfer_variable.transfer_class.hetero_lr_transfer_variable.HeteroLRTransferVariable.guest_optim_gradient.fit.2.0]arbiter->[Party(role=guest, party_id=10000)] start
[DEBUG] [2020-11-20 02:39:14,690] [1896:140260009703232] - _federation.py[line:86]: [federation.eggroll.remote.hash.2df54bc222e591e1ba88.guest_optim_gradient.fit.2.0[('guest', '10000')])]remote object with type: <class 'numpy.ndarray'>
[DEBUG] [2020-11-20 02:39:14,696] [1896:140260009703232] - profile.py[line:185]: [federation.remote.federatedml.transfer_variable.transfer_class.hetero_lr_transfer_variable.HeteroLRTransferVariable.guest_optim_gradient.fit.2.0]arbiter->[Party(role=guest, party_id=10000)] done
[DEBUG] [2020-11-20 02:39:14,699] [1896:140260009703232] - profile.py[line:237]: [federation.get.federatedml.transfer_variable.transfer_class.hetero_lr_transfer_variable.HeteroLRTransferVariable.loss.fit.2.0]arbiter<-[Party(role=guest, party_id=10000)] start
[DEBUG] [2020-11-20 02:39:14,959] [1896:140256429954816] - _federation.py[line:133]: [federation.eggroll.remote.hash.0bc82cee0c5d2fb6809d.host_optim_gradient.fit.2.0]future to remote to party: ('host', '9999') done
[DEBUG] [2020-11-20 02:39:14,995] [1896:140256404776704] - _federation.py[line:133]: [federation.eggroll.remote.hash.2df54bc222e591e1ba88.guest_optim_gradient.fit.2.0]future to remote to party: ('guest', '10000') done
[DEBUG] [2020-11-20 02:39:20,256] [1896:140260009703232] - _federation.py[line:196]: [federation.eggroll.get.hash.6bdba664eb46ccb05563.loss.fit.2.0] got object with type: <class 'list'>
[DEBUG] [2020-11-20 02:39:20,257] [1896:140260009703232] - profile.py[line:216]: [federation.get.federatedml.transfer_variable.transfer_class.hetero_lr_transfer_variable.HeteroLRTransferVariable.loss.fit.2.0]arbiter<-[Party(role=guest, party_id=10000)] done
[DEBUG] [2020-11-20 02:39:20,260] [1896:140260009703232] - profile.py[line:237]: [federation.get.federatedml.transfer_variable.transfer_class.hetero_lr_transfer_variable.HeteroLRTransferVariable.host_gradient.fit.2.1]arbiter<-[Party(role=host, party_id=9999)] start
[DEBUG] [2020-11-20 02:39:28,418] [1896:140260009703232] - _federation.py[line:196]: [federation.eggroll.get.hash.142c909de54cf5a0f6e8.host_gradient.fit.2.1] got object with type: <class 'numpy.ndarray'>
[DEBUG] [2020-11-20 02:39:28,420] [1896:140260009703232] - profile.py[line:216]: [federation.get.federatedml.transfer_variable.transfer_class.hetero_lr_transfer_variable.HeteroLRTransferVariable.host_gradient.fit.2.1]arbiter<-[Party(role=host, party_id=9999)] done
[INFO] [2020-11-20 02:39:28,421] [1896:140260009703232] - hetero_linear_model_gradient.py[line:363]: Get host_gradient from Host
[DEBUG] [2020-11-20 02:39:28,423] [1896:140260009703232] - profile.py[line:237]: [federation.get.federatedml.transfer_variable.transfer_class.hetero_lr_transfer_variable.HeteroLRTransferVariable.guest_gradient.fit.2.1]arbiter<-[Party(role=guest, party_id=10000)] start
[DEBUG] [2020-11-20 02:39:29,123] [1896:140260009703232] - _federation.py[line:196]: [federation.eggroll.get.hash.b3ae681e69012f6a4a9f.guest_gradient.fit.2.1] got object with type: <class 'numpy.ndarray'>
[DEBUG] [2020-11-20 02:39:29,125] [1896:140260009703232] - profile.py[line:216]: [federation.get.federatedml.transfer_variable.transfer_class.hetero_lr_transfer_variable.HeteroLRTransferVariable.guest_gradient.fit.2.1]arbiter<-[Party(role=guest, party_id=10000)] done
[INFO] [2020-11-20 02:39:29,126] [1896:140260009703232] - hetero_linear_model_gradient.py[line:366]: Get guest_gradient from Guest
[DEBUG] [2020-11-20 02:39:29,197] [1896:140260009703232] - profile.py[line:232]: [federation.remote.federatedml.transfer_variable.transfer_class.hetero_lr_transfer_variable.HeteroLRTransferVariable.host_optim_gradient.fit.2.1]arbiter->[Party(role=host, party_id=9999)] start
[DEBUG] [2020-11-20 02:39:29,199] [1896:140260009703232] - _federation.py[line:86]: [federation.eggroll.remote.hash.0bc82cee0c5d2fb6809d.host_optim_gradient.fit.2.1[('host', '9999')])]remote object with type: <class 'numpy.ndarray'>
[DEBUG] [2020-11-20 02:39:29,208] [1896:140260009703232] - profile.py[line:185]: [federation.remote.federatedml.transfer_variable.transfer_class.hetero_lr_transfer_variable.HeteroLRTransferVariable.host_optim_gradient.fit.2.1]arbiter->[Party(role=host, party_id=9999)] done
[DEBUG] [2020-11-20 02:39:29,209] [1896:140260009703232] - profile.py[line:232]: [federation.remote.federatedml.transfer_variable.transfer_class.hetero_lr_transfer_variable.HeteroLRTransferVariable.guest_optim_gradient.fit.2.1]arbiter->[Party(role=guest, party_id=10000)] start
[DEBUG] [2020-11-20 02:39:29,210] [1896:140260009703232] - _federation.py[line:86]: [federation.eggroll.remote.hash.2df54bc222e591e1ba88.guest_optim_gradient.fit.2.1[('guest', '10000')])]remote object with type: <class 'numpy.ndarray'>
[DEBUG] [2020-11-20 02:39:29,226] [1896:140260009703232] - profile.py[line:185]: [federation.remote.federatedml.transfer_variable.transfer_class.hetero_lr_transfer_variable.HeteroLRTransferVariable.guest_optim_gradient.fit.2.1]arbiter->[Party(role=guest, party_id=10000)] done
[DEBUG] [2020-11-20 02:39:29,234] [1896:140260009703232] - profile.py[line:237]: [federation.get.federatedml.transfer_variable.transfer_class.hetero_lr_transfer_variable.HeteroLRTransferVariable.loss.fit.2.1]arbiter<-[Party(role=guest, party_id=10000)] start
[DEBUG] [2020-11-20 02:39:29,607] [1896:140256447002368] - _federation.py[line:133]: [federation.eggroll.remote.hash.2df54bc222e591e1ba88.guest_optim_gradient.fit.2.1]future to remote to party: ('guest', '10000') done
[DEBUG] [2020-11-20 02:39:29,674] [1896:140256438609664] - _federation.py[line:133]: [federation.eggroll.remote.hash.0bc82cee0c5d2fb6809d.host_optim_gradient.fit.2.1]future to remote to party: ('host', '9999') done
[DEBUG] [2020-11-20 02:39:33,584] [1896:140260009703232] - _federation.py[line:196]: [federation.eggroll.get.hash.6bdba664eb46ccb05563.loss.fit.2.1] got object with type: <class 'list'>
[DEBUG] [2020-11-20 02:39:33,587] [1896:140260009703232] - profile.py[line:216]: [federation.get.federatedml.transfer_variable.transfer_class.hetero_lr_transfer_variable.HeteroLRTransferVariable.loss.fit.2.1]arbiter<-[Party(role=guest, party_id=10000)] done
[INFO] [2020-11-20 02:39:33,591] [1896:140260009703232] - tracker_client.py[line:103]: Request save job 202011200231350021282 task 202011200231350021282_hetero_lr_0 0 on arbiter 9999 metric train loss meta
[INFO] [2020-11-20 02:39:33,680] [1896:140260009703232] - tracker_client.py[line:70]: Request save job 202011200231350021282 task 202011200231350021282_hetero_lr_0 0 on arbiter 9999 metric train loss data
[DEBUG] [2020-11-20 02:39:33,788] [1896:140260009703232] - convergence.py[line:41]: In diff converge function, pre_loss: 83.02836063462648, current_loss: 1.540999235769277
[INFO] [2020-11-20 02:39:33,789] [1896:140260009703232] - base_linear_model_arbiter.py[line:124]: iter: 2,  loss:1.540999235769277, is_converged: False
[DEBUG] [2020-11-20 02:39:33,790] [1896:140260009703232] - profile.py[line:232]: [federation.remote.federatedml.transfer_variable.transfer_class.hetero_lr_transfer_variable.HeteroLRTransferVariable.converge_flag.fit.2]arbiter->[Party(role=host, party_id=9999)] start
[DEBUG] [2020-11-20 02:39:33,791] [1896:140260009703232] - _federation.py[line:86]: [federation.eggroll.remote.hash.0059169e5a2aef195221.converge_flag.fit.2[('host', '9999')])]remote object with type: <class 'bool'>
[DEBUG] [2020-11-20 02:39:33,916] [1896:140260009703232] - profile.py[line:185]: [federation.remote.federatedml.transfer_variable.transfer_class.hetero_lr_transfer_variable.HeteroLRTransferVariable.converge_flag.fit.2]arbiter->[Party(role=host, party_id=9999)] done
[DEBUG] [2020-11-20 02:39:33,919] [1896:140260009703232] - profile.py[line:232]: [federation.remote.federatedml.transfer_variable.transfer_class.hetero_lr_transfer_variable.HeteroLRTransferVariable.converge_flag.fit.2]arbiter->[Party(role=guest, party_id=10000)] start
[DEBUG] [2020-11-20 02:39:33,920] [1896:140260009703232] - _federation.py[line:86]: [federation.eggroll.remote.hash.0059169e5a2aef195221.converge_flag.fit.2[('guest', '10000')])]remote object with type: <class 'bool'>
[DEBUG] [2020-11-20 02:39:33,926] [1896:140260009703232] - profile.py[line:185]: [federation.remote.federatedml.transfer_variable.transfer_class.hetero_lr_transfer_variable.HeteroLRTransferVariable.converge_flag.fit.2]arbiter->[Party(role=guest, party_id=10000)] done
[DEBUG] [2020-11-20 02:39:33,927] [1896:140260009703232] - base_linear_model_arbiter.py[line:129]: Linear Arbiter running validation
[DEBUG] [2020-11-20 02:39:33,928] [1896:140260009703232] - validation_strategy.py[line:99]: validation_freqs is None
[DEBUG] [2020-11-20 02:39:33,929] [1896:140260009703232] - validation_strategy.py[line:278]: begin to check validate status, need_run_validation is False
[DEBUG] [2020-11-20 02:39:33,930] [1896:140260009703232] - validation_strategy.py[line:99]: validation_freqs is None
[DEBUG] [2020-11-20 02:39:33,932] [1896:140260009703232] - base_linear_model_arbiter.py[line:148]: finish running linear model arbiter
[DEBUG] [2020-11-20 02:39:33,933] [1896:140260009703232] - model_base.py[line:162]: set flowid to transfer_variable, flowid: validate
[DEBUG] [2020-11-20 02:39:33,933] [1896:140260009703232] - model_base.py[line:97]: func: <function ComponentProperties.union_data at 0x7f9008ac8840>
[DEBUG] [2020-11-20 02:39:33,934] [1896:140260009703232] - model_base.py[line:97]: func: <function ModelBase.set_predict_data_schema at 0x7f9008acd9d8>
[DEBUG] [2020-11-20 02:39:33,935] [1896:140260009703232] - model_base.py[line:109]: saved_result is : [None], data_output: None
[INFO] [2020-11-20 02:39:33,936] [1896:140260009703232] - tracker_client.py[line:173]: Request save job 202011200231350021282 task 202011200231350021282_hetero_lr_0 0 on arbiter 9999 component summary
[DEBUG] [2020-11-20 02:39:34,163] [1896:140256421299968] - _federation.py[line:133]: [federation.eggroll.remote.hash.0059169e5a2aef195221.converge_flag.fit.2]future to remote to party: ('host', '9999') done
[DEBUG] [2020-11-20 02:39:34,206] [1896:140256404776704] - _federation.py[line:133]: [federation.eggroll.remote.hash.0059169e5a2aef195221.converge_flag.fit.2]future to remote to party: ('guest', '10000') done
[INFO] [2020-11-20 02:39:34,445] [1896:140260009703232] - profile.py[line:249]: 
Computing:
+----------+------------------------------------------+
| function |                                          |
+----------+------------------------------------------+
|  total   | n=0, sum=0.0000, mean=0.0000, max=0.0000 |
+----------+------------------------------------------+

Federation:
+--------+-------------------------------------------------------------------------------------------------------------+
|  get   |                                    name                                    | n | sum(s) | mean(s) | max(s)  |
|        | ---------------------------------------------------------------------------+---+--------+---------+-------- |
|        |  federatedml.transfer_variable.transfer_class.hetero_lr_transfer_variable. | 6 | 73.798 |  12.3   | 19.312  |
|        |                   HeteroLRTransferVariable.host_gradient                   |   |        |         |         |
|        | ---------------------------------------------------------------------------+---+--------+---------+-------- |
|        |  federatedml.transfer_variable.transfer_class.hetero_lr_transfer_variable. | 6 | 31.316 |  5.219  |  6.15   |
|        |                        HeteroLRTransferVariable.loss                       |   |        |         |         |
|        | ---------------------------------------------------------------------------+---+--------+---------+-------- |
|        |  federatedml.transfer_variable.transfer_class.hetero_lr_transfer_variable. | 1 | 12.768 | 12.768  | 12.768  |
|        |                     HeteroLRTransferVariable.batch_info                    |   |        |         |         |
|        | ---------------------------------------------------------------------------+---+--------+---------+-------- |
|        |  federatedml.transfer_variable.transfer_class.hetero_lr_transfer_variable. | 6 |  4.28  |  0.713  | 0.924   |
|        |                   HeteroLRTransferVariable.guest_gradient                  |   |        |         |         |
|        | ---------------------------------------------------------------------------+---+--------+---------+-------- |
|        |  federatedml.transfer_variable.transfer_class.one_vs_rest_transfer_variabl | 1 | 1.132  |  1.132  | 1.132   |
|        |                e.OneVsRestTransferVariable.aggregate_classes               |   |        |         |         |
+--------+-------------------------------------------------------------------------------------------------------------+
| remote |                                    name                                    | n | sum(s) | mean(s) | max(s)  |
|        | ---------------------------------------------------------------------------+---+--------+---------+-------- |
|        |  federatedml.transfer_variable.transfer_class.hetero_lr_transfer_variable. | 6 | 0.155  |  0.026  | 0.125   |
|        |                   HeteroLRTransferVariable.converge_flag                   |   |        |         |         |
|        | ---------------------------------------------------------------------------+---+--------+---------+-------- |
|        |  federatedml.transfer_variable.transfer_class.hetero_lr_transfer_variable. | 6 | 0.094  |  0.016  | 0.046   |
|        |                HeteroLRTransferVariable.host_optim_gradient                |   |        |         |         |
|        | ---------------------------------------------------------------------------+---+--------+---------+-------- |
|        |  federatedml.transfer_variable.transfer_class.hetero_lr_transfer_variable. | 6 |  0.07  |  0.012  | 0.023   |
|        |                HeteroLRTransferVariable.guest_optim_gradient               |   |        |         |         |
|        | ---------------------------------------------------------------------------+---+--------+---------+-------- |
|        |  federatedml.transfer_variable.transfer_class.hetero_lr_transfer_variable. | 2 | 0.051  |  0.026  | 0.028   |
|        |                  HeteroLRTransferVariable.paillier_pubkey                  |   |        |         |         |
+--------+-------------------------------------------------------------------------------------------------------------+
| total  |                                n=40, sum=123.6639, mean=3.0916, max=19.3119                                 |
+--------+-------------------------------------------------------------------------------------------------------------+

[DEBUG] [2020-11-20 02:39:34,447] [1896:140260009703232] - profile.py[line:250]: 
Detailed Computing:
+-------+------------------------------------------+
| stack |                                          |
+-------+------------------------------------------+
| total | n=0, sum=0.0000, mean=0.0000, max=0.0000 |
+-------+------------------------------------------+

[DEBUG] [2020-11-20 02:39:34,449] [1896:140260009703232] - base_logistic_regression.py[line:74]: In get_param, header: None
[INFO] [2020-11-20 02:39:34,452] [1896:140260009703232] - pipelined_model.py[line:73]: Save hetero_lr_0 hetero_lr HeteroLogisticRegressionMeta buffer
[INFO] [2020-11-20 02:39:34,455] [1896:140260009703232] - pipelined_model.py[line:73]: Save hetero_lr_0 hetero_lr HeteroLogisticRegressionParam buffer
[INFO] [2020-11-20 02:39:34,476] [1896:140260009703232] - pipelined_model.py[line:78]: Save hetero_lr_0 hetero_lr successfully
[INFO] [2020-11-20 02:39:34,479] [1896:140260009703232] - task_executor.py[line:302]: report task 202011200231350021282_hetero_lr_0 0 arbiter 9999 to driver
[INFO] [2020-11-20 02:39:34,481] [1896:140260009703232] - control_client.py[line:42]: request update job 202011200231350021282 task 202011200231350021282_hetero_lr_0 0 on arbiter 9999
[INFO] [2020-11-20 02:39:35,595] [1896:140260009703232] - task_executor.py[line:207]: task 202011200231350021282_hetero_lr_0 arbiter 9999 start time: 2020-11-20 02:37:05
[INFO] [2020-11-20 02:39:35,596] [1896:140260009703232] - task_executor.py[line:209]: task 202011200231350021282_hetero_lr_0 arbiter 9999 end time: 2020-11-20 02:39:34
[INFO] [2020-11-20 02:39:35,596] [1896:140260009703232] - task_executor.py[line:211]: task 202011200231350021282_hetero_lr_0 arbiter 9999 takes 148.606s
[INFO] [2020-11-20 02:39:35,598] [1896:140260009703232] - task_executor.py[line:214]: Finish 202011200231350021282 hetero_lr_0 202011200231350021282_hetero_lr_0 0 arbiter 9999 task success
[INFO] [2020-11-20 02:39:35,600] [1896:140260009703232] - task_executor.py[line:302]: report task 202011200231350021282_hetero_lr_0 0 arbiter 9999 to driver
[INFO] [2020-11-20 02:39:35,601] [1896:140260009703232] - control_client.py[line:42]: request update job 202011200231350021282 task 202011200231350021282_hetero_lr_0 0 on arbiter 9999
