[INFO] [2020-11-20 02:31:49,574] [977:140399604672320] - task_executor.py[line:302]: report task 202011200231350021282_reader_0 0 host 9999 to driver
[INFO] [2020-11-20 02:31:49,579] [977:140399604672320] - control_client.py[line:42]: request update job 202011200231350021282 task 202011200231350021282_reader_0 0 on host 9999
[INFO] [2020-11-20 02:32:00,914] [977:140399604672320] - task_executor.py[line:156]: Run 202011200231350021282 reader_0 202011200231350021282_reader_0 host 9999 task
[INFO] [2020-11-20 02:32:00,915] [977:140399604672320] - task_executor.py[line:157]: Component parameters on party {'ReaderParam': {'table': {'name': 'breast_hetero_host', 'namespace': 'experiment'}}, 'dsl_version': '2', 'initiator': {'role': 'guest', 'party_id': 10000}, 'role': {'guest': [10000], 'host': [9999], 'arbiter': [9999]}, 'job_parameters': {'job_type': 'train', 'work_mode': 1, 'backend': 0, 'computing_engine': 'EGGROLL', 'federation_engine': 'EGGROLL', 'storage_engine': 'EGGROLL', 'engines_address': {'computing': {'cores_per_node': 20, 'nodes': 1}, 'federation': {'host': 'rollsite', 'port': 9370}, 'storage': {'cores_per_node': 20, 'nodes': 1}}, 'federated_mode': 'MULTIPLE', 'task_parallelism': 2, 'computing_partitions': 8, 'federated_status_collect_type': 'PUSH', 'model_id': 'arbiter-9999#guest-10000#host-9999#model', 'model_version': '202011200231350021282', 'eggroll_run': {'eggroll.session.processors.per.node': 2}, 'spark_run': {'num-executors': 1, 'executor-cores': 2}, 'rabbitmq_run': {}, 'adaptation_parameters': {'task_nodes': 1, 'task_cores_per_node': 2, 'task_memory_per_node': 0}}, 'component_parameters': {'common': {'intersect_0': {'intersect_method': 'raw', 'sync_intersect_ids': True, 'only_output_key': False}, 'hetero_lr_0': {'penalty': 'L2', 'optimizer': 'rmsprop', 'alpha': 0.01, 'max_iter': 3, 'batch_size': 320, 'learning_rate': 0.15, 'init_param': {'init_method': 'random_uniform'}}}, 'role': {'guest': {'0': {'reader_0': {'table': {'name': 'breast_hetero_guest', 'namespace': 'experiment'}}, 'dataio_0': {'with_label': True, 'label_name': 'y', 'label_type': 'int', 'output_format': 'dense'}}}, 'host': {'0': {'reader_0': {'table': {'name': 'breast_hetero_host', 'namespace': 'experiment'}}, 'dataio_0': {'with_label': False, 'output_format': 'dense'}}}}}, 'config': '/data/projects/fate/python/fate_flow/examples/test_hetero_lr_job_conf.json', 'dsl': 'examples/test_hetero_lr_job_dsl.json', 'function': 'submit_job', 'local': {'role': 'host', 'party_id': 9999}, 'CodePath': 'fate_flow/components/reader.py/Reader', 'module': 'Reader', 'output_data_name': ['table']}
[INFO] [2020-11-20 02:32:00,915] [977:140399604672320] - task_executor.py[line:158]: Task input dsl {}
[INFO] [2020-11-20 02:32:08,332] [977:140399604672320] - reader.py[line:84]: the EGGROLL engine input table does not require conversion to support computing engine EGGROLL
[INFO] [2020-11-20 02:32:10,260] [977:140399604672320] - tracker_client.py[line:127]: Request save job 202011200231350021282 task 202011200231350021282_reader_0 0 on host 9999 data table info
[INFO] [2020-11-20 02:32:10,369] [977:140399604672320] - tracker_client.py[line:103]: Request save job 202011200231350021282 task 202011200231350021282_reader_0 0 on host 9999 metric reader_namespace reader_name meta
[INFO] [2020-11-20 02:32:10,505] [977:140399604672320] - profile.py[line:249]: 
Computing:
+----------+------------------------------------------+
| function |                                          |
+----------+------------------------------------------+
|  total   | n=0, sum=0.0000, mean=0.0000, max=0.0000 |
+----------+------------------------------------------+

Federation:
+--------+------------------------------------------+
|  get   |                                          |
+--------+------------------------------------------+
| remote |                                          |
+--------+------------------------------------------+
| total  | n=0, sum=0.0000, mean=0.0000, max=0.0000 |
+--------+------------------------------------------+

[INFO] [2020-11-20 02:32:10,511] [977:140399604672320] - task_executor.py[line:302]: report task 202011200231350021282_reader_0 0 host 9999 to driver
[INFO] [2020-11-20 02:32:10,512] [977:140399604672320] - control_client.py[line:42]: request update job 202011200231350021282 task 202011200231350021282_reader_0 0 on host 9999
[INFO] [2020-11-20 02:32:11,528] [977:140399604672320] - task_executor.py[line:207]: task 202011200231350021282_reader_0 host 9999 start time: 2020-11-20 02:31:49
[INFO] [2020-11-20 02:32:11,530] [977:140399604672320] - task_executor.py[line:209]: task 202011200231350021282_reader_0 host 9999 end time: 2020-11-20 02:32:10
[INFO] [2020-11-20 02:32:11,531] [977:140399604672320] - task_executor.py[line:211]: task 202011200231350021282_reader_0 host 9999 takes 21.382s
[INFO] [2020-11-20 02:32:11,533] [977:140399604672320] - task_executor.py[line:214]: Finish 202011200231350021282 reader_0 202011200231350021282_reader_0 0 host 9999 task success
[INFO] [2020-11-20 02:32:11,535] [977:140399604672320] - task_executor.py[line:302]: report task 202011200231350021282_reader_0 0 host 9999 to driver
[INFO] [2020-11-20 02:32:11,536] [977:140399604672320] - control_client.py[line:42]: request update job 202011200231350021282 task 202011200231350021282_reader_0 0 on host 9999
[INFO] [2020-11-20 02:32:38,204] [1045:140161495037760] - task_executor.py[line:302]: report task 202011200231350021282_dataio_0 0 host 9999 to driver
[INFO] [2020-11-20 02:32:38,208] [1045:140161495037760] - control_client.py[line:42]: request update job 202011200231350021282 task 202011200231350021282_dataio_0 0 on host 9999
[INFO] [2020-11-20 02:32:49,205] [1045:140161495037760] - task_executor.py[line:156]: Run 202011200231350021282 dataio_0 202011200231350021282_dataio_0 host 9999 task
[INFO] [2020-11-20 02:32:49,206] [1045:140161495037760] - task_executor.py[line:157]: Component parameters on party {'DataIOParam': {'input_format': 'dense', 'delimitor': ',', 'data_type': 'float64', 'exclusive_data_type': None, 'tag_with_value': False, 'tag_value_delimitor': ':', 'missing_fill': False, 'default_value': 0, 'missing_fill_method': None, 'missing_impute': None, 'outlier_replace': False, 'outlier_replace_method': None, 'outlier_impute': None, 'outlier_replace_value': 0, 'with_label': False, 'label_name': 'y', 'label_type': 'int', 'output_format': 'dense', 'need_run': True}, 'dsl_version': '2', 'initiator': {'role': 'guest', 'party_id': 10000}, 'role': {'guest': [10000], 'host': [9999], 'arbiter': [9999]}, 'job_parameters': {'job_type': 'train', 'work_mode': 1, 'backend': 0, 'computing_engine': 'EGGROLL', 'federation_engine': 'EGGROLL', 'storage_engine': 'EGGROLL', 'engines_address': {'computing': {'cores_per_node': 20, 'nodes': 1}, 'federation': {'host': 'rollsite', 'port': 9370}, 'storage': {'cores_per_node': 20, 'nodes': 1}}, 'federated_mode': 'MULTIPLE', 'task_parallelism': 2, 'computing_partitions': 8, 'federated_status_collect_type': 'PUSH', 'model_id': 'arbiter-9999#guest-10000#host-9999#model', 'model_version': '202011200231350021282', 'eggroll_run': {'eggroll.session.processors.per.node': 2}, 'spark_run': {'num-executors': 1, 'executor-cores': 2}, 'rabbitmq_run': {}, 'adaptation_parameters': {'task_nodes': 1, 'task_cores_per_node': 2, 'task_memory_per_node': 0}}, 'component_parameters': {'common': {'intersect_0': {'intersect_method': 'raw', 'sync_intersect_ids': True, 'only_output_key': False}, 'hetero_lr_0': {'penalty': 'L2', 'optimizer': 'rmsprop', 'alpha': 0.01, 'max_iter': 3, 'batch_size': 320, 'learning_rate': 0.15, 'init_param': {'init_method': 'random_uniform'}}}, 'role': {'guest': {'0': {'reader_0': {'table': {'name': 'breast_hetero_guest', 'namespace': 'experiment'}}, 'dataio_0': {'with_label': True, 'label_name': 'y', 'label_type': 'int', 'output_format': 'dense'}}}, 'host': {'0': {'reader_0': {'table': {'name': 'breast_hetero_host', 'namespace': 'experiment'}}, 'dataio_0': {'with_label': False, 'output_format': 'dense'}}}}}, 'config': '/data/projects/fate/python/fate_flow/examples/test_hetero_lr_job_conf.json', 'dsl': 'examples/test_hetero_lr_job_dsl.json', 'function': 'submit_job', 'local': {'role': 'host', 'party_id': 9999}, 'CodePath': 'federatedml/util/data_io.py/DataIO', 'module': 'DataIO', 'output_data_name': ['train']}
[INFO] [2020-11-20 02:32:49,208] [1045:140161495037760] - task_executor.py[line:158]: Task input dsl {'data': {'data': ['reader_0.table']}}
[INFO] [2020-11-20 02:32:49,209] [1045:140161495037760] - tracker_client.py[line:150]: Request read job 202011200231350021282 task None None on host 9999 data table info
[INFO] [2020-11-20 02:32:49,339] [1045:140161495037760] - task_executor.py[line:260]: load computing table use 8
[INFO] [2020-11-20 02:33:01,979] [1045:140161495037760] - data_io.py[line:118]: start to read dense data and change data to instance
[INFO] [2020-11-20 02:33:04,632] [1045:140161495037760] - tracker_client.py[line:173]: Request save job 202011200231350021282 task 202011200231350021282_dataio_0 0 on host 9999 component summary
[INFO] [2020-11-20 02:33:05,812] [1045:140161495037760] - profile.py[line:249]: 
Computing:
+----------+---------------------------------------------+
| function |  function    n   sum(s)   mean(s)   max(s)  |
|          | ----------- --- -------- --------- -------- |
|          |    load      1   12.414   12.414    12.414  |
|          |  mapValues   2   2.489     1.244    1.988   |
|          |    count     2   0.245     0.123    0.144   |
+----------+---------------------------------------------+
|  total   | n=5, sum=15.1482, mean=3.0296, max=12.4138  |
+----------+---------------------------------------------+

Federation:
+--------+------------------------------------------+
|  get   |                                          |
+--------+------------------------------------------+
| remote |                                          |
+--------+------------------------------------------+
| total  | n=0, sum=0.0000, mean=0.0000, max=0.0000 |
+--------+------------------------------------------+

[INFO] [2020-11-20 02:33:07,343] [1045:140161495037760] - pipelined_model.py[line:73]: Save dataio_0 dataio DataIOMeta buffer
[INFO] [2020-11-20 02:33:07,346] [1045:140161495037760] - pipelined_model.py[line:73]: Save dataio_0 dataio DataIOParam buffer
[INFO] [2020-11-20 02:33:07,366] [1045:140161495037760] - pipelined_model.py[line:78]: Save dataio_0 dataio successfully
[INFO] [2020-11-20 02:33:07,368] [1045:140161495037760] - task_executor.py[line:302]: report task 202011200231350021282_dataio_0 0 host 9999 to driver
[INFO] [2020-11-20 02:33:07,369] [1045:140161495037760] - control_client.py[line:42]: request update job 202011200231350021282 task 202011200231350021282_dataio_0 0 on host 9999
[INFO] [2020-11-20 02:33:08,789] [1045:140161495037760] - task_executor.py[line:207]: task 202011200231350021282_dataio_0 host 9999 start time: 2020-11-20 02:32:37
[INFO] [2020-11-20 02:33:08,792] [1045:140161495037760] - task_executor.py[line:209]: task 202011200231350021282_dataio_0 host 9999 end time: 2020-11-20 02:33:07
[INFO] [2020-11-20 02:33:08,795] [1045:140161495037760] - task_executor.py[line:211]: task 202011200231350021282_dataio_0 host 9999 takes 29.638s
[INFO] [2020-11-20 02:33:08,797] [1045:140161495037760] - task_executor.py[line:214]: Finish 202011200231350021282 dataio_0 202011200231350021282_dataio_0 0 host 9999 task success
[INFO] [2020-11-20 02:33:08,798] [1045:140161495037760] - task_executor.py[line:302]: report task 202011200231350021282_dataio_0 0 host 9999 to driver
[INFO] [2020-11-20 02:33:08,799] [1045:140161495037760] - control_client.py[line:42]: request update job 202011200231350021282 task 202011200231350021282_dataio_0 0 on host 9999
[INFO] [2020-11-20 02:33:36,315] [1195:140262246930240] - task_executor.py[line:302]: report task 202011200231350021282_intersect_0 0 host 9999 to driver
[INFO] [2020-11-20 02:33:36,318] [1195:140262246930240] - control_client.py[line:42]: request update job 202011200231350021282 task 202011200231350021282_intersect_0 0 on host 9999
[INFO] [2020-11-20 02:33:48,118] [1195:140262246930240] - task_executor.py[line:156]: Run 202011200231350021282 intersect_0 202011200231350021282_intersect_0 host 9999 task
[INFO] [2020-11-20 02:33:48,121] [1195:140262246930240] - task_executor.py[line:157]: Component parameters on party {'IntersectParam': {'intersect_method': 'raw', 'random_bit': 128, 'sync_intersect_ids': True, 'join_role': 'guest', 'with_encode': False, 'encode_params': {'salt': '', 'encode_method': 'none', 'base64': False}, 'only_output_key': False, 'intersect_cache_param': {'use_cache': False, 'id_type': 'phone', 'encrypt_type': 'sha256'}, 'repeated_id_process': False, 'repeated_id_owner': 'guest', 'allow_info_share': False, 'info_owner': 'guest'}, 'dsl_version': '2', 'initiator': {'role': 'guest', 'party_id': 10000}, 'role': {'guest': [10000], 'host': [9999], 'arbiter': [9999]}, 'job_parameters': {'job_type': 'train', 'work_mode': 1, 'backend': 0, 'computing_engine': 'EGGROLL', 'federation_engine': 'EGGROLL', 'storage_engine': 'EGGROLL', 'engines_address': {'computing': {'cores_per_node': 20, 'nodes': 1}, 'federation': {'host': 'rollsite', 'port': 9370}, 'storage': {'cores_per_node': 20, 'nodes': 1}}, 'federated_mode': 'MULTIPLE', 'task_parallelism': 2, 'computing_partitions': 8, 'federated_status_collect_type': 'PUSH', 'model_id': 'arbiter-9999#guest-10000#host-9999#model', 'model_version': '202011200231350021282', 'eggroll_run': {'eggroll.session.processors.per.node': 2}, 'spark_run': {'num-executors': 1, 'executor-cores': 2}, 'rabbitmq_run': {}, 'adaptation_parameters': {'task_nodes': 1, 'task_cores_per_node': 2, 'task_memory_per_node': 0}}, 'component_parameters': {'common': {'intersect_0': {'intersect_method': 'raw', 'sync_intersect_ids': True, 'only_output_key': False}, 'hetero_lr_0': {'penalty': 'L2', 'optimizer': 'rmsprop', 'alpha': 0.01, 'max_iter': 3, 'batch_size': 320, 'learning_rate': 0.15, 'init_param': {'init_method': 'random_uniform'}}}, 'role': {'guest': {'0': {'reader_0': {'table': {'name': 'breast_hetero_guest', 'namespace': 'experiment'}}, 'dataio_0': {'with_label': True, 'label_name': 'y', 'label_type': 'int', 'output_format': 'dense'}}}, 'host': {'0': {'reader_0': {'table': {'name': 'breast_hetero_host', 'namespace': 'experiment'}}, 'dataio_0': {'with_label': False, 'output_format': 'dense'}}}}}, 'config': '/data/projects/fate/python/fate_flow/examples/test_hetero_lr_job_conf.json', 'dsl': 'examples/test_hetero_lr_job_dsl.json', 'function': 'submit_job', 'local': {'role': 'host', 'party_id': 9999}, 'CodePath': 'federatedml/statistic/intersect/intersect_model.py/IntersectHost', 'module': 'Intersection', 'output_data_name': ['train']}
[INFO] [2020-11-20 02:33:48,122] [1195:140262246930240] - task_executor.py[line:158]: Task input dsl {'data': {'data': ['dataio_0.train']}}
[INFO] [2020-11-20 02:33:48,123] [1195:140262246930240] - tracker_client.py[line:150]: Request read job 202011200231350021282 task None None on host 9999 data train info
[INFO] [2020-11-20 02:33:48,259] [1195:140262246930240] - task_executor.py[line:260]: load computing table use 8
[INFO] [2020-11-20 02:33:54,665] [1195:140262246930240] - intersect_model.py[line:50]: Using raw intersection, role is host
[INFO] [2020-11-20 02:33:54,668] [1195:140262246930240] - intersect_host.py[line:220]: Start raw intersection
[INFO] [2020-11-20 02:34:01,892] [1195:140262246930240] - intersect.py[line:134]: Send id role is host
[INFO] [2020-11-20 02:34:01,908] [1195:140262246930240] - intersect.py[line:149]: Remote data_sid to role-join
[INFO] [2020-11-20 02:34:04,921] [1195:140262246930240] - intersect.py[line:160]: Get intersect ids from role-join!
[INFO] [2020-11-20 02:34:04,923] [1195:140262246930240] - intersect.py[line:163]: recv_intersect_ids_list's size is 1
[INFO] [2020-11-20 02:34:05,653] [1195:140262246930240] - intersect.py[line:82]: get intersect data_instances!
[INFO] [2020-11-20 02:34:05,655] [1195:140262246930240] - intersect_model.py[line:150]: Finish intersection
[INFO] [2020-11-20 02:34:05,994] [1195:140262246930240] - tracker_client.py[line:70]: Request save job 202011200231350021282 task 202011200231350021282_intersect_0 0 on host 9999 metric train intersection data
[INFO] [2020-11-20 02:34:06,072] [1195:140262246930240] - tracker_client.py[line:103]: Request save job 202011200231350021282 task 202011200231350021282_intersect_0 0 on host 9999 metric train intersection meta
[INFO] [2020-11-20 02:34:06,185] [1195:140262246930240] - tracker_client.py[line:173]: Request save job 202011200231350021282 task 202011200231350021282_intersect_0 0 on host 9999 component summary
[INFO] [2020-11-20 02:34:06,920] [1195:140262246930240] - profile.py[line:249]: 
Computing:
+----------+---------------------------------------------+
| function |  function    n   sum(s)   mean(s)   max(s)  |
|          | ----------- --- -------- --------- -------- |
|          |  mapValues   1   7.215     7.215    7.215   |
|          |    load      1   1.043     1.043    1.043   |
|          |    join      1   0.726     0.726    0.726   |
|          |    count     3   0.489     0.163    0.225   |
+----------+---------------------------------------------+
|  total   |  n=6, sum=9.4740, mean=1.5790, max=7.2154   |
+----------+---------------------------------------------+

Federation:
+--------+-------------------------------------------------------------------------------------------------------------+
|  get   |                                    name                                    | n | sum(s) | mean(s) | max(s)  |
|        | ---------------------------------------------------------------------------+---+--------+---------+-------- |
|        |  federatedml.transfer_variable.transfer_class.raw_intersect_transfer_varia | 1 | 3.008  |  3.008  | 3.008   |
|        |            ble.RawIntersectTransferVariable.intersect_ids_guest            |   |        |         |         |
+--------+-------------------------------------------------------------------------------------------------------------+
| remote |                                    name                                    | n | sum(s) | mean(s) | max(s)  |
|        | ---------------------------------------------------------------------------+---+--------+---------+-------- |
|        |  federatedml.transfer_variable.transfer_class.raw_intersect_transfer_varia | 1 | 0.012  |  0.012  | 0.012   |
|        |               ble.RawIntersectTransferVariable.send_ids_host               |   |        |         |         |
+--------+-------------------------------------------------------------------------------------------------------------+
| total  |                                  n=2, sum=3.0205, mean=1.5103, max=3.0082                                   |
+--------+-------------------------------------------------------------------------------------------------------------+

[INFO] [2020-11-20 02:34:07,004] [1195:140262246930240] - intersect_model.py[line:168]: intersect_ids count:569
[INFO] [2020-11-20 02:34:07,005] [1195:140262246930240] - intersect_model.py[line:169]: intersect_ids header schema:{'header': ['x0', 'x1', 'x2', 'x3', 'x4', 'x5', 'x6', 'x7', 'x8', 'x9', 'x10', 'x11', 'x12', 'x13', 'x14', 'x15', 'x16', 'x17', 'x18', 'x19'], 'sid_name': 'id', 'label_name': 'y'}
[INFO] [2020-11-20 02:34:08,236] [1195:140262246930240] - task_executor.py[line:302]: report task 202011200231350021282_intersect_0 0 host 9999 to driver
[INFO] [2020-11-20 02:34:08,238] [1195:140262246930240] - control_client.py[line:42]: request update job 202011200231350021282 task 202011200231350021282_intersect_0 0 on host 9999
[INFO] [2020-11-20 02:34:10,249] [1195:140262246930240] - task_executor.py[line:207]: task 202011200231350021282_intersect_0 host 9999 start time: 2020-11-20 02:33:35
[INFO] [2020-11-20 02:34:10,251] [1195:140262246930240] - task_executor.py[line:209]: task 202011200231350021282_intersect_0 host 9999 end time: 2020-11-20 02:34:08
[INFO] [2020-11-20 02:34:10,252] [1195:140262246930240] - task_executor.py[line:211]: task 202011200231350021282_intersect_0 host 9999 takes 32.411s
[INFO] [2020-11-20 02:34:10,253] [1195:140262246930240] - task_executor.py[line:214]: Finish 202011200231350021282 intersect_0 202011200231350021282_intersect_0 0 host 9999 task success
[INFO] [2020-11-20 02:34:10,254] [1195:140262246930240] - task_executor.py[line:302]: report task 202011200231350021282_intersect_0 0 host 9999 to driver
[INFO] [2020-11-20 02:34:10,255] [1195:140262246930240] - control_client.py[line:42]: request update job 202011200231350021282 task 202011200231350021282_intersect_0 0 on host 9999
[INFO] [2020-11-20 02:34:39,238] [1392:140407779477312] - task_executor.py[line:302]: report task 202011200231350021282_hetero_feature_binning_0 0 host 9999 to driver
[INFO] [2020-11-20 02:34:39,241] [1392:140407779477312] - control_client.py[line:42]: request update job 202011200231350021282 task 202011200231350021282_hetero_feature_binning_0 0 on host 9999
[INFO] [2020-11-20 02:34:50,151] [1392:140407779477312] - task_executor.py[line:156]: Run 202011200231350021282 hetero_feature_binning_0 202011200231350021282_hetero_feature_binning_0 host 9999 task
[INFO] [2020-11-20 02:34:50,152] [1392:140407779477312] - task_executor.py[line:157]: Component parameters on party {'FeatureBinningParam': {'method': 'quantile', 'compress_thres': 10000, 'head_size': 10000, 'error': 0.001, 'adjustment_factor': 0.5, 'bin_num': 10, 'bin_indexes': -1, 'bin_names': None, 'category_indexes': None, 'category_names': None, 'local_only': False, 'transform_param': {'transform_cols': -1, 'transform_names': None, 'transform_type': 'bin_num'}, 'optimal_binning_param': {'init_bucket_method': 'quantile', 'metric_method': 'iv', 'max_bin': None, 'mixture': True, 'max_bin_pct': 1.0, 'min_bin_pct': 0.05, 'init_bin_nums': 1000, 'adjustment_factor': None}, 'need_run': True, 'skip_static': False}, 'dsl_version': '2', 'initiator': {'role': 'guest', 'party_id': 10000}, 'role': {'guest': [10000], 'host': [9999], 'arbiter': [9999]}, 'job_parameters': {'job_type': 'train', 'work_mode': 1, 'backend': 0, 'computing_engine': 'EGGROLL', 'federation_engine': 'EGGROLL', 'storage_engine': 'EGGROLL', 'engines_address': {'computing': {'cores_per_node': 20, 'nodes': 1}, 'federation': {'host': 'rollsite', 'port': 9370}, 'storage': {'cores_per_node': 20, 'nodes': 1}}, 'federated_mode': 'MULTIPLE', 'task_parallelism': 2, 'computing_partitions': 8, 'federated_status_collect_type': 'PUSH', 'model_id': 'arbiter-9999#guest-10000#host-9999#model', 'model_version': '202011200231350021282', 'eggroll_run': {'eggroll.session.processors.per.node': 2}, 'spark_run': {'num-executors': 1, 'executor-cores': 2}, 'rabbitmq_run': {}, 'adaptation_parameters': {'task_nodes': 1, 'task_cores_per_node': 2, 'task_memory_per_node': 0}}, 'component_parameters': {'common': {'intersect_0': {'intersect_method': 'raw', 'sync_intersect_ids': True, 'only_output_key': False}, 'hetero_lr_0': {'penalty': 'L2', 'optimizer': 'rmsprop', 'alpha': 0.01, 'max_iter': 3, 'batch_size': 320, 'learning_rate': 0.15, 'init_param': {'init_method': 'random_uniform'}}}, 'role': {'guest': {'0': {'reader_0': {'table': {'name': 'breast_hetero_guest', 'namespace': 'experiment'}}, 'dataio_0': {'with_label': True, 'label_name': 'y', 'label_type': 'int', 'output_format': 'dense'}}}, 'host': {'0': {'reader_0': {'table': {'name': 'breast_hetero_host', 'namespace': 'experiment'}}, 'dataio_0': {'with_label': False, 'output_format': 'dense'}}}}}, 'config': '/data/projects/fate/python/fate_flow/examples/test_hetero_lr_job_conf.json', 'dsl': 'examples/test_hetero_lr_job_dsl.json', 'function': 'submit_job', 'local': {'role': 'host', 'party_id': 9999}, 'CodePath': 'federatedml/feature/hetero_feature_binning/hetero_binning_host.py/HeteroFeatureBinningHost', 'module': 'HeteroFeatureBinning', 'output_data_name': ['train']}
[INFO] [2020-11-20 02:34:50,153] [1392:140407779477312] - task_executor.py[line:158]: Task input dsl {'data': {'data': ['intersect_0.train']}}
[INFO] [2020-11-20 02:34:50,154] [1392:140407779477312] - tracker_client.py[line:150]: Request read job 202011200231350021282 task None None on host 9999 data train info
[INFO] [2020-11-20 02:34:50,271] [1392:140407779477312] - task_executor.py[line:260]: load computing table use 8
[INFO] [2020-11-20 02:35:14,475] [1392:140407779477312] - hetero_binning_host.py[line:66]: Get encrypted_label_table from guest
[INFO] [2020-11-20 02:35:28,750] [1392:140407779477312] - tracker_client.py[line:173]: Request save job 202011200231350021282 task 202011200231350021282_hetero_feature_binning_0 0 on host 9999 component summary
[INFO] [2020-11-20 02:35:30,691] [1392:140407779477312] - profile.py[line:249]: 
Computing:
+----------+-------------------------------------------------------+
| function |       function         n   sum(s)   mean(s)   max(s)  |
|          | --------------------- --- -------- --------- -------- |
|          |  mapReducePartitions   1   15.872   15.872    15.872  |
|          |         join           1   7.931     7.931    7.931   |
|          |        reduce          1    3.65     3.65      3.65   |
|          |         first          5   2.389     0.478    0.974   |
|          |         count          6   2.229     0.371    0.849   |
|          |       mapValues        2   1.188     0.594    0.644   |
|          |         load           1   0.988     0.988    0.988   |
|          |    applyPartitions     1    0.83     0.83      0.83   |
|          |        collect         1   0.003     0.003    0.003   |
+----------+-------------------------------------------------------+
|  total   |      n=19, sum=35.0802, mean=1.8463, max=15.8723      |
+----------+-------------------------------------------------------+

Federation:
+--------+-------------------------------------------------------------------------------------------------------------+
|  get   |                                    name                                    | n | sum(s) | mean(s) | max(s)  |
|        | ---------------------------------------------------------------------------+---+--------+---------+-------- |
|        |  federatedml.transfer_variable.transfer_class.hetero_feature_binning_trans | 1 | 0.455  |  0.455  | 0.455   |
|        |      fer_variable.HeteroFeatureBinningTransferVariable.encrypted_label     |   |        |         |         |
+--------+-------------------------------------------------------------------------------------------------------------+
| remote |                                    name                                    | n | sum(s) | mean(s) | max(s)  |
|        | ---------------------------------------------------------------------------+---+--------+---------+-------- |
|        |  federatedml.transfer_variable.transfer_class.hetero_feature_binning_trans | 1 | 0.023  |  0.023  | 0.023   |
|        |     fer_variable.HeteroFeatureBinningTransferVariable.encrypted_bin_sum    |   |        |         |         |
+--------+-------------------------------------------------------------------------------------------------------------+
| total  |                                  n=2, sum=0.4783, mean=0.2392, max=0.4554                                   |
+--------+-------------------------------------------------------------------------------------------------------------+

[INFO] [2020-11-20 02:35:33,278] [1392:140407779477312] - pipelined_model.py[line:73]: Save hetero_feature_binning_0 hetero_feature_binning FeatureBinningMeta buffer
[INFO] [2020-11-20 02:35:33,280] [1392:140407779477312] - pipelined_model.py[line:73]: Save hetero_feature_binning_0 hetero_feature_binning FeatureBinningParam buffer
[INFO] [2020-11-20 02:35:33,314] [1392:140407779477312] - pipelined_model.py[line:78]: Save hetero_feature_binning_0 hetero_feature_binning successfully
[INFO] [2020-11-20 02:35:33,316] [1392:140407779477312] - task_executor.py[line:302]: report task 202011200231350021282_hetero_feature_binning_0 0 host 9999 to driver
[INFO] [2020-11-20 02:35:33,317] [1392:140407779477312] - control_client.py[line:42]: request update job 202011200231350021282 task 202011200231350021282_hetero_feature_binning_0 0 on host 9999
[INFO] [2020-11-20 02:35:34,619] [1392:140407779477312] - task_executor.py[line:207]: task 202011200231350021282_hetero_feature_binning_0 host 9999 start time: 2020-11-20 02:34:38
[INFO] [2020-11-20 02:35:34,620] [1392:140407779477312] - task_executor.py[line:209]: task 202011200231350021282_hetero_feature_binning_0 host 9999 end time: 2020-11-20 02:35:33
[INFO] [2020-11-20 02:35:34,622] [1392:140407779477312] - task_executor.py[line:211]: task 202011200231350021282_hetero_feature_binning_0 host 9999 takes 54.536s
[INFO] [2020-11-20 02:35:34,623] [1392:140407779477312] - task_executor.py[line:214]: Finish 202011200231350021282 hetero_feature_binning_0 202011200231350021282_hetero_feature_binning_0 0 host 9999 task success
[INFO] [2020-11-20 02:35:34,625] [1392:140407779477312] - task_executor.py[line:302]: report task 202011200231350021282_hetero_feature_binning_0 0 host 9999 to driver
[INFO] [2020-11-20 02:35:34,627] [1392:140407779477312] - control_client.py[line:42]: request update job 202011200231350021282 task 202011200231350021282_hetero_feature_binning_0 0 on host 9999
[INFO] [2020-11-20 02:36:03,302] [1708:140062557472576] - task_executor.py[line:302]: report task 202011200231350021282_hetero_feature_selection_0 0 host 9999 to driver
[INFO] [2020-11-20 02:36:03,305] [1708:140062557472576] - control_client.py[line:42]: request update job 202011200231350021282 task 202011200231350021282_hetero_feature_selection_0 0 on host 9999
[INFO] [2020-11-20 02:36:15,059] [1708:140062557472576] - task_executor.py[line:156]: Run 202011200231350021282 hetero_feature_selection_0 202011200231350021282_hetero_feature_selection_0 host 9999 task
[INFO] [2020-11-20 02:36:15,061] [1708:140062557472576] - task_executor.py[line:157]: Component parameters on party {'FeatureSelectionParam': {'select_col_indexes': -1, 'select_names': [], 'filter_methods': ['manually'], 'unique_param': {'eps': 1e-05}, 'iv_value_param': {'value_threshold': 0.0, 'host_thresholds': None, 'local_only': False}, 'iv_percentile_param': {'percentile_threshold': 1.0, 'local_only': False}, 'iv_top_k_param': {'k': 10, 'local_only': False}, 'variance_coe_param': {'value_threshold': 1.0}, 'outlier_param': {'percentile': 1.0, 'upper_threshold': 1.0}, 'percentage_value_param': {'upper_pct': 1.0}, 'manually_param': {'filter_out_indexes': None, 'filter_out_names': None, 'left_col_indexes': None, 'left_col_names': None}, 'iv_param': {'metrics': 'iv', 'filter_type': 'threshold', 'take_high': True, 'threshold': 1, 'host_thresholds': None, 'select_federated': True}, 'statistic_param': {'metrics': 'mean', 'filter_type': 'threshold', 'take_high': True, 'threshold': 1, 'host_thresholds': None, 'select_federated': True}, 'psi_param': {'metrics': 'psi', 'filter_type': 'threshold', 'take_high': False, 'threshold': 1, 'host_thresholds': None, 'select_federated': True}, 'sbt_param': {'metrics': 'feature_importance', 'filter_type': 'threshold', 'take_high': True, 'threshold': 1, 'host_thresholds': None, 'select_federated': True}, 'need_run': True}, 'dsl_version': '2', 'initiator': {'role': 'guest', 'party_id': 10000}, 'role': {'guest': [10000], 'host': [9999], 'arbiter': [9999]}, 'job_parameters': {'job_type': 'train', 'work_mode': 1, 'backend': 0, 'computing_engine': 'EGGROLL', 'federation_engine': 'EGGROLL', 'storage_engine': 'EGGROLL', 'engines_address': {'computing': {'cores_per_node': 20, 'nodes': 1}, 'federation': {'host': 'rollsite', 'port': 9370}, 'storage': {'cores_per_node': 20, 'nodes': 1}}, 'federated_mode': 'MULTIPLE', 'task_parallelism': 2, 'computing_partitions': 8, 'federated_status_collect_type': 'PUSH', 'model_id': 'arbiter-9999#guest-10000#host-9999#model', 'model_version': '202011200231350021282', 'eggroll_run': {'eggroll.session.processors.per.node': 2}, 'spark_run': {'num-executors': 1, 'executor-cores': 2}, 'rabbitmq_run': {}, 'adaptation_parameters': {'task_nodes': 1, 'task_cores_per_node': 2, 'task_memory_per_node': 0}}, 'component_parameters': {'common': {'intersect_0': {'intersect_method': 'raw', 'sync_intersect_ids': True, 'only_output_key': False}, 'hetero_lr_0': {'penalty': 'L2', 'optimizer': 'rmsprop', 'alpha': 0.01, 'max_iter': 3, 'batch_size': 320, 'learning_rate': 0.15, 'init_param': {'init_method': 'random_uniform'}}}, 'role': {'guest': {'0': {'reader_0': {'table': {'name': 'breast_hetero_guest', 'namespace': 'experiment'}}, 'dataio_0': {'with_label': True, 'label_name': 'y', 'label_type': 'int', 'output_format': 'dense'}}}, 'host': {'0': {'reader_0': {'table': {'name': 'breast_hetero_host', 'namespace': 'experiment'}}, 'dataio_0': {'with_label': False, 'output_format': 'dense'}}}}}, 'config': '/data/projects/fate/python/fate_flow/examples/test_hetero_lr_job_conf.json', 'dsl': 'examples/test_hetero_lr_job_dsl.json', 'function': 'submit_job', 'local': {'role': 'host', 'party_id': 9999}, 'CodePath': 'federatedml/feature/hetero_feature_selection/feature_selection_host.py/HeteroFeatureSelectionHost', 'module': 'HeteroFeatureSelection', 'output_data_name': ['train']}
[INFO] [2020-11-20 02:36:15,062] [1708:140062557472576] - task_executor.py[line:158]: Task input dsl {'data': {'data': ['hetero_feature_binning_0.train']}, 'isometric_model': ['hetero_feature_binning_0.hetero_feature_binning']}
[INFO] [2020-11-20 02:36:15,065] [1708:140062557472576] - tracker_client.py[line:150]: Request read job 202011200231350021282 task None None on host 9999 data train info
[INFO] [2020-11-20 02:36:15,219] [1708:140062557472576] - task_executor.py[line:260]: load computing table use 8
[INFO] [2020-11-20 02:36:15,992] [1708:140062557472576] - pipelined_model.py[line:185]: parse FeatureBinningMeta proto object normal
[INFO] [2020-11-20 02:36:16,005] [1708:140062557472576] - pipelined_model.py[line:185]: parse FeatureBinningParam proto object normal
[INFO] [2020-11-20 02:36:21,817] [1708:140062557472576] - base_feature_selection.py[line:301]: Start Hetero Selection Fit and transform.
[INFO] [2020-11-20 02:36:30,817] [1708:140062557472576] - base_feature_selection.py[line:339]: Finish Hetero Selection Fit and transform.
[INFO] [2020-11-20 02:36:30,819] [1708:140062557472576] - tracker_client.py[line:173]: Request save job 202011200231350021282 task 202011200231350021282_hetero_feature_selection_0 0 on host 9999 component summary
[INFO] [2020-11-20 02:36:31,738] [1708:140062557472576] - profile.py[line:249]: 
Computing:
+----------+---------------------------------------------+
| function |  function    n   sum(s)   mean(s)   max(s)  |
|          | ----------- --- -------- --------- -------- |
|          |  mapValues   1   7.129     7.129    7.129   |
|          |    first     3   1.674     0.558    0.676   |
|          |    load      1   0.694     0.694    0.694   |
|          |    count     2   0.268     0.134    0.137   |
+----------+---------------------------------------------+
|  total   |  n=7, sum=9.7652, mean=1.3950, max=7.1293   |
+----------+---------------------------------------------+

Federation:
+--------+------------------------------------------+
|  get   |                                          |
+--------+------------------------------------------+
| remote |                                          |
+--------+------------------------------------------+
| total  | n=0, sum=0.0000, mean=0.0000, max=0.0000 |
+--------+------------------------------------------+

[INFO] [2020-11-20 02:36:33,375] [1708:140062557472576] - pipelined_model.py[line:73]: Save hetero_feature_selection_0 selected FeatureSelectionMeta buffer
[INFO] [2020-11-20 02:36:33,377] [1708:140062557472576] - pipelined_model.py[line:73]: Save hetero_feature_selection_0 selected FeatureSelectionParam buffer
[INFO] [2020-11-20 02:36:33,427] [1708:140062557472576] - pipelined_model.py[line:78]: Save hetero_feature_selection_0 selected successfully
[INFO] [2020-11-20 02:36:33,430] [1708:140062557472576] - task_executor.py[line:302]: report task 202011200231350021282_hetero_feature_selection_0 0 host 9999 to driver
[INFO] [2020-11-20 02:36:33,433] [1708:140062557472576] - control_client.py[line:42]: request update job 202011200231350021282 task 202011200231350021282_hetero_feature_selection_0 0 on host 9999
[INFO] [2020-11-20 02:36:34,677] [1708:140062557472576] - task_executor.py[line:207]: task 202011200231350021282_hetero_feature_selection_0 host 9999 start time: 2020-11-20 02:36:02
[INFO] [2020-11-20 02:36:34,678] [1708:140062557472576] - task_executor.py[line:209]: task 202011200231350021282_hetero_feature_selection_0 host 9999 end time: 2020-11-20 02:36:33
[INFO] [2020-11-20 02:36:34,679] [1708:140062557472576] - task_executor.py[line:211]: task 202011200231350021282_hetero_feature_selection_0 host 9999 takes 30.643s
[INFO] [2020-11-20 02:36:34,680] [1708:140062557472576] - task_executor.py[line:214]: Finish 202011200231350021282 hetero_feature_selection_0 202011200231350021282_hetero_feature_selection_0 0 host 9999 task success
[INFO] [2020-11-20 02:36:34,681] [1708:140062557472576] - task_executor.py[line:302]: report task 202011200231350021282_hetero_feature_selection_0 0 host 9999 to driver
[INFO] [2020-11-20 02:36:34,682] [1708:140062557472576] - control_client.py[line:42]: request update job 202011200231350021282 task 202011200231350021282_hetero_feature_selection_0 0 on host 9999
[INFO] [2020-11-20 02:37:05,028] [1888:140512266434368] - task_executor.py[line:302]: report task 202011200231350021282_hetero_lr_0 0 host 9999 to driver
[INFO] [2020-11-20 02:37:05,031] [1888:140512266434368] - control_client.py[line:42]: request update job 202011200231350021282 task 202011200231350021282_hetero_lr_0 0 on host 9999
[INFO] [2020-11-20 02:37:16,565] [1888:140512266434368] - task_executor.py[line:156]: Run 202011200231350021282 hetero_lr_0 202011200231350021282_hetero_lr_0 host 9999 task
[INFO] [2020-11-20 02:37:16,566] [1888:140512266434368] - task_executor.py[line:157]: Component parameters on party {'HeteroLogisticParam': {'penalty': 'L2', 'tol': 0.0001, 'alpha': 0.01, 'optimizer': 'rmsprop', 'batch_size': 320, 'learning_rate': 0.15, 'init_param': {'init_method': 'random_uniform', 'init_const': 1, 'fit_intercept': True, 'random_seed': None}, 'max_iter': 3, 'early_stop': 'diff', 'encrypt_param': {'method': 'Paillier', 'key_length': 1024}, 'predict_param': {'threshold': 0.5}, 'cv_param': {'n_splits': 5, 'mode': 'hetero', 'role': 'guest', 'shuffle': True, 'random_seed': 1, 'need_cv': False}, 'decay': 1, 'decay_sqrt': True, 'multi_class': 'ovr', 'validation_freqs': None, 'stepwise_param': {'score_name': 'AIC', 'mode': 'hetero', 'role': 'guest', 'direction': 'both', 'max_step': 10, 'nvmin': 2, 'nvmax': None, 'need_stepwise': False}, 'early_stopping_rounds': None, 'metrics': ['auc', 'ks'], 'use_first_metric_only': False, 'encrypted_mode_calculator_param': {'mode': 'strict', 're_encrypted_rate': 1}, 'sqn_param': {'update_interval_L': 3, 'memory_M': 5, 'sample_size': 5000, 'random_seed': None}}, 'dsl_version': '2', 'initiator': {'role': 'guest', 'party_id': 10000}, 'role': {'guest': [10000], 'host': [9999], 'arbiter': [9999]}, 'job_parameters': {'job_type': 'train', 'work_mode': 1, 'backend': 0, 'computing_engine': 'EGGROLL', 'federation_engine': 'EGGROLL', 'storage_engine': 'EGGROLL', 'engines_address': {'computing': {'cores_per_node': 20, 'nodes': 1}, 'federation': {'host': 'rollsite', 'port': 9370}, 'storage': {'cores_per_node': 20, 'nodes': 1}}, 'federated_mode': 'MULTIPLE', 'task_parallelism': 2, 'computing_partitions': 8, 'federated_status_collect_type': 'PUSH', 'model_id': 'arbiter-9999#guest-10000#host-9999#model', 'model_version': '202011200231350021282', 'eggroll_run': {'eggroll.session.processors.per.node': 2}, 'spark_run': {'num-executors': 1, 'executor-cores': 2}, 'rabbitmq_run': {}, 'adaptation_parameters': {'task_nodes': 1, 'task_cores_per_node': 2, 'task_memory_per_node': 0}}, 'component_parameters': {'common': {'intersect_0': {'intersect_method': 'raw', 'sync_intersect_ids': True, 'only_output_key': False}, 'hetero_lr_0': {'penalty': 'L2', 'optimizer': 'rmsprop', 'alpha': 0.01, 'max_iter': 3, 'batch_size': 320, 'learning_rate': 0.15, 'init_param': {'init_method': 'random_uniform'}}}, 'role': {'guest': {'0': {'reader_0': {'table': {'name': 'breast_hetero_guest', 'namespace': 'experiment'}}, 'dataio_0': {'with_label': True, 'label_name': 'y', 'label_type': 'int', 'output_format': 'dense'}}}, 'host': {'0': {'reader_0': {'table': {'name': 'breast_hetero_host', 'namespace': 'experiment'}}, 'dataio_0': {'with_label': False, 'output_format': 'dense'}}}}}, 'config': '/data/projects/fate/python/fate_flow/examples/test_hetero_lr_job_conf.json', 'dsl': 'examples/test_hetero_lr_job_dsl.json', 'function': 'submit_job', 'local': {'role': 'host', 'party_id': 9999}, 'CodePath': 'federatedml/linear_model/logistic_regression/hetero_logistic_regression/hetero_lr_host.py/HeteroLRHost', 'module': 'HeteroLR', 'output_data_name': ['train']}
[INFO] [2020-11-20 02:37:16,568] [1888:140512266434368] - task_executor.py[line:158]: Task input dsl {'data': {'train_data': ['hetero_feature_selection_0.train']}}
[INFO] [2020-11-20 02:37:16,569] [1888:140512266434368] - tracker_client.py[line:150]: Request read job 202011200231350021282 task None None on host 9999 data train info
[INFO] [2020-11-20 02:37:16,710] [1888:140512266434368] - task_executor.py[line:260]: load computing table use 8
[INFO] [2020-11-20 02:37:27,811] [1888:140512266434368] - one_vs_rest.py[line:289]: Create one_vs_rest object, role: host, mode: hetero
[INFO] [2020-11-20 02:37:28,055] [1888:140512266434368] - hetero_lr_host.py[line:79]: Enter hetero_logistic_regression host
[INFO] [2020-11-20 02:37:44,844] [1888:140512266434368] - linear_model_base.py[line:226]: Check for abnormal value passed
[INFO] [2020-11-20 02:37:48,872] [1888:140512266434368] - hetero_lr_host.py[line:110]: Start initialize model.
[INFO] [2020-11-20 02:37:49,155] [1888:140512266434368] - hetero_lr_host.py[line:119]: iter:0
[INFO] [2020-11-20 02:37:49,340] [1888:140512266434368] - batch_generator.py[line:75]: batch_num: 0, batch_data_inst size:320
[INFO] [2020-11-20 02:38:05,473] [1888:140512266434368] - batch_generator.py[line:75]: batch_num: 1, batch_data_inst size:249
[INFO] [2020-11-20 02:38:23,401] [1888:140512266434368] - hetero_lr_host.py[line:144]: Get is_converged flag from arbiter:False
[INFO] [2020-11-20 02:38:23,402] [1888:140512266434368] - hetero_lr_host.py[line:145]: iter: 0, is_converged: False
[INFO] [2020-11-20 02:38:23,404] [1888:140512266434368] - hetero_lr_host.py[line:119]: iter:1
[INFO] [2020-11-20 02:38:23,751] [1888:140512266434368] - batch_generator.py[line:75]: batch_num: 0, batch_data_inst size:320
[INFO] [2020-11-20 02:38:39,782] [1888:140512266434368] - batch_generator.py[line:75]: batch_num: 1, batch_data_inst size:249
[INFO] [2020-11-20 02:39:00,460] [1888:140512266434368] - hetero_lr_host.py[line:144]: Get is_converged flag from arbiter:False
[INFO] [2020-11-20 02:39:00,460] [1888:140512266434368] - hetero_lr_host.py[line:145]: iter: 1, is_converged: False
[INFO] [2020-11-20 02:39:00,464] [1888:140512266434368] - hetero_lr_host.py[line:119]: iter:2
[INFO] [2020-11-20 02:39:00,761] [1888:140512266434368] - batch_generator.py[line:75]: batch_num: 0, batch_data_inst size:320
[INFO] [2020-11-20 02:39:16,125] [1888:140512266434368] - batch_generator.py[line:75]: batch_num: 1, batch_data_inst size:249
[INFO] [2020-11-20 02:39:34,906] [1888:140512266434368] - hetero_lr_host.py[line:144]: Get is_converged flag from arbiter:False
[INFO] [2020-11-20 02:39:34,907] [1888:140512266434368] - hetero_lr_host.py[line:145]: iter: 2, is_converged: False
[INFO] [2020-11-20 02:39:34,914] [1888:140512266434368] - hetero_lr_host.py[line:164]: Start predict ...
[INFO] [2020-11-20 02:39:35,964] [1888:140512266434368] - hetero_lr_host.py[line:175]: Remote probability to Guest
[INFO] [2020-11-20 02:39:35,967] [1888:140512266434368] - tracker_client.py[line:173]: Request save job 202011200231350021282 task 202011200231350021282_hetero_lr_0 0 on host 9999 component summary
[INFO] [2020-11-20 02:39:38,569] [1888:140512266434368] - profile.py[line:249]: 
Computing:
+----------+----------------------------------------------------+
| function |     function       n    sum(s)   mean(s)   max(s)  |
|          | ----------------- ---- -------- --------- -------- |
|          |  applyPartitions   7    24.313    3.473    15.086  |
|          |     mapValues      25   15.237    0.609    1.368   |
|          |       join         8    4.293     0.537    0.759   |
|          |       count        22   4.275     0.194    0.343   |
|          |       first        9     3.33     0.37     0.549   |
|          |      reduce        7    1.942     0.277    0.565   |
|          |       load         1    0.612     0.612    0.612   |
+----------+----------------------------------------------------+
|  total   |    n=79, sum=54.0026, mean=0.6836, max=15.0859     |
+----------+----------------------------------------------------+

Federation:
+--------+-------------------------------------------------------------------------------------------------------------+
|  get   |                                    name                                    | n | sum(s) | mean(s) | max(s)  |
|        | ---------------------------------------------------------------------------+---+--------+---------+-------- |
|        |  federatedml.transfer_variable.transfer_class.hetero_lr_transfer_variable. | 6 | 35.141 |  5.857  | 7.817   |
|        |                   HeteroLRTransferVariable.fore_gradient                   |   |        |         |         |
|        | ---------------------------------------------------------------------------+---+--------+---------+-------- |
|        |  federatedml.transfer_variable.transfer_class.hetero_lr_transfer_variable. | 6 | 16.221 |  2.704  | 3.191   |
|        |                HeteroLRTransferVariable.host_optim_gradient                |   |        |         |         |
|        | ---------------------------------------------------------------------------+---+--------+---------+-------- |
|        |  federatedml.transfer_variable.transfer_class.hetero_lr_transfer_variable. | 3 | 13.984 |  4.661  | 5.411   |
|        |                   HeteroLRTransferVariable.converge_flag                   |   |        |         |         |
|        | ---------------------------------------------------------------------------+---+--------+---------+-------- |
|        |  federatedml.transfer_variable.transfer_class.hetero_lr_transfer_variable. | 2 | 0.983  |  0.491  | 0.596   |
|        |                  HeteroLRTransferVariable.batch_data_index                 |   |        |         |         |
|        | ---------------------------------------------------------------------------+---+--------+---------+-------- |
|        |  federatedml.transfer_variable.transfer_class.hetero_lr_transfer_variable. | 1 | 0.969  |  0.969  | 0.969   |
|        |                     HeteroLRTransferVariable.batch_info                    |   |        |         |         |
|        | ---------------------------------------------------------------------------+---+--------+---------+-------- |
|        |  federatedml.transfer_variable.transfer_class.one_vs_rest_transfer_variabl | 1 | 0.915  |  0.915  | 0.915   |
|        |                e.OneVsRestTransferVariable.aggregate_classes               |   |        |         |         |
|        | ---------------------------------------------------------------------------+---+--------+---------+-------- |
|        |  federatedml.transfer_variable.transfer_class.hetero_lr_transfer_variable. | 1 | 0.669  |  0.669  | 0.669   |
|        |                  HeteroLRTransferVariable.paillier_pubkey                  |   |        |         |         |
+--------+-------------------------------------------------------------------------------------------------------------+
| remote |                                    name                                    | n | sum(s) | mean(s) | max(s)  |
|        | ---------------------------------------------------------------------------+---+--------+---------+-------- |
|        |  federatedml.transfer_variable.transfer_class.hetero_lr_transfer_variable. | 6 | 0.071  |  0.012  | 0.013   |
|        |                   HeteroLRTransferVariable.host_gradient                   |   |        |         |         |
|        | ---------------------------------------------------------------------------+---+--------+---------+-------- |
|        |  federatedml.transfer_variable.transfer_class.hetero_lr_transfer_variable. | 6 | 0.065  |  0.011  | 0.014   |
|        |                 HeteroLRTransferVariable.host_forward_dict                 |   |        |         |         |
|        | ---------------------------------------------------------------------------+---+--------+---------+-------- |
|        |  federatedml.transfer_variable.transfer_class.hetero_lr_transfer_variable. | 6 | 0.065  |  0.011  | 0.018   |
|        |                 HeteroLRTransferVariable.host_loss_regular                 |   |        |         |         |
|        | ---------------------------------------------------------------------------+---+--------+---------+-------- |
|        |  federatedml.transfer_variable.transfer_class.hetero_lr_transfer_variable. | 6 | 0.063  |  0.01   | 0.017   |
|        |                 HeteroLRTransferVariable.loss_intermediate                 |   |        |         |         |
|        | ---------------------------------------------------------------------------+---+--------+---------+-------- |
|        |  federatedml.transfer_variable.transfer_class.hetero_lr_transfer_variable. | 1 | 0.009  |  0.009  | 0.009   |
|        |                     HeteroLRTransferVariable.host_prob                     |   |        |         |         |
+--------+-------------------------------------------------------------------------------------------------------------+
| total  |                                 n=45, sum=69.1561, mean=1.5368, max=7.8169                                  |
+--------+-------------------------------------------------------------------------------------------------------------+

[INFO] [2020-11-20 02:39:38,588] [1888:140512266434368] - pipelined_model.py[line:73]: Save hetero_lr_0 hetero_lr HeteroLogisticRegressionMeta buffer
[INFO] [2020-11-20 02:39:38,590] [1888:140512266434368] - pipelined_model.py[line:73]: Save hetero_lr_0 hetero_lr HeteroLogisticRegressionParam buffer
[INFO] [2020-11-20 02:39:38,651] [1888:140512266434368] - pipelined_model.py[line:78]: Save hetero_lr_0 hetero_lr successfully
[INFO] [2020-11-20 02:39:38,654] [1888:140512266434368] - task_executor.py[line:302]: report task 202011200231350021282_hetero_lr_0 0 host 9999 to driver
[INFO] [2020-11-20 02:39:38,656] [1888:140512266434368] - control_client.py[line:42]: request update job 202011200231350021282 task 202011200231350021282_hetero_lr_0 0 on host 9999
[INFO] [2020-11-20 02:39:39,883] [1888:140512266434368] - task_executor.py[line:207]: task 202011200231350021282_hetero_lr_0 host 9999 start time: 2020-11-20 02:37:04
[INFO] [2020-11-20 02:39:39,884] [1888:140512266434368] - task_executor.py[line:209]: task 202011200231350021282_hetero_lr_0 host 9999 end time: 2020-11-20 02:39:38
[INFO] [2020-11-20 02:39:39,885] [1888:140512266434368] - task_executor.py[line:211]: task 202011200231350021282_hetero_lr_0 host 9999 takes 154.106s
[INFO] [2020-11-20 02:39:39,886] [1888:140512266434368] - task_executor.py[line:214]: Finish 202011200231350021282 hetero_lr_0 202011200231350021282_hetero_lr_0 0 host 9999 task success
[INFO] [2020-11-20 02:39:39,887] [1888:140512266434368] - task_executor.py[line:302]: report task 202011200231350021282_hetero_lr_0 0 host 9999 to driver
[INFO] [2020-11-20 02:39:39,888] [1888:140512266434368] - control_client.py[line:42]: request update job 202011200231350021282 task 202011200231350021282_hetero_lr_0 0 on host 9999
[INFO] [2020-11-20 02:40:28,453] [3281:139724769032000] - task_executor.py[line:302]: report task 202011200231350021282_evaluation_0 0 host 9999 to driver
[INFO] [2020-11-20 02:40:28,456] [3281:139724769032000] - control_client.py[line:42]: request update job 202011200231350021282 task 202011200231350021282_evaluation_0 0 on host 9999
[INFO] [2020-11-20 02:40:39,549] [3281:139724769032000] - task_executor.py[line:156]: Run 202011200231350021282 evaluation_0 202011200231350021282_evaluation_0 host 9999 task
[INFO] [2020-11-20 02:40:39,551] [3281:139724769032000] - task_executor.py[line:157]: Component parameters on party {'EvaluateParam': {'eval_type': 'binary', 'pos_label': 1, 'need_run': True, 'metrics': None, 'run_clustering_arbiter_metric': False, 'default_metrics': {'binary': ['auc', 'ks', 'lift', 'gain', 'accuracy', 'precision', 'recall', 'roc', 'confusion_mat', 'psi', 'f1_score', 'quantile_pr'], 'multi': ['accuracy', 'precision', 'recall'], 'regression': ['explained_variance', 'mean_absolute_error', 'mean_squared_error', 'median_absolute_error', 'r2_score', 'root_mean_squared_error'], 'clustering': ['jaccard_similarity_score', 'fowlkes_mallows_score', 'adjusted_rand_score', 'davies_bouldin_index', 'distance_measure', 'contingency_matrix']}, 'allowed_metrics': {'binary': ['auc', 'ks', 'lift', 'gain', 'accuracy', 'precision', 'recall', 'roc', 'confusion_mat', 'psi', 'f1_score', 'quantile_pr'], 'multi': ['accuracy', 'precision', 'recall'], 'regression': ['explained_variance', 'mean_absolute_error', 'mean_squared_error', 'median_absolute_error', 'r2_score', 'root_mean_squared_error'], 'clustering': ['jaccard_similarity_score', 'fowlkes_mallows_score', 'adjusted_rand_score', 'davies_bouldin_index', 'distance_measure', 'contingency_matrix']}}, 'dsl_version': '2', 'initiator': {'role': 'guest', 'party_id': 10000}, 'role': {'guest': [10000], 'host': [9999], 'arbiter': [9999]}, 'job_parameters': {'job_type': 'train', 'work_mode': 1, 'backend': 0, 'computing_engine': 'EGGROLL', 'federation_engine': 'EGGROLL', 'storage_engine': 'EGGROLL', 'engines_address': {'computing': {'cores_per_node': 20, 'nodes': 1}, 'federation': {'host': 'rollsite', 'port': 9370}, 'storage': {'cores_per_node': 20, 'nodes': 1}}, 'federated_mode': 'MULTIPLE', 'task_parallelism': 2, 'computing_partitions': 8, 'federated_status_collect_type': 'PUSH', 'model_id': 'arbiter-9999#guest-10000#host-9999#model', 'model_version': '202011200231350021282', 'eggroll_run': {'eggroll.session.processors.per.node': 2}, 'spark_run': {'num-executors': 1, 'executor-cores': 2}, 'rabbitmq_run': {}, 'adaptation_parameters': {'task_nodes': 1, 'task_cores_per_node': 2, 'task_memory_per_node': 0}}, 'component_parameters': {'common': {'intersect_0': {'intersect_method': 'raw', 'sync_intersect_ids': True, 'only_output_key': False}, 'hetero_lr_0': {'penalty': 'L2', 'optimizer': 'rmsprop', 'alpha': 0.01, 'max_iter': 3, 'batch_size': 320, 'learning_rate': 0.15, 'init_param': {'init_method': 'random_uniform'}}}, 'role': {'guest': {'0': {'reader_0': {'table': {'name': 'breast_hetero_guest', 'namespace': 'experiment'}}, 'dataio_0': {'with_label': True, 'label_name': 'y', 'label_type': 'int', 'output_format': 'dense'}}}, 'host': {'0': {'reader_0': {'table': {'name': 'breast_hetero_host', 'namespace': 'experiment'}}, 'dataio_0': {'with_label': False, 'output_format': 'dense'}}}}}, 'config': '/data/projects/fate/python/fate_flow/examples/test_hetero_lr_job_conf.json', 'dsl': 'examples/test_hetero_lr_job_dsl.json', 'function': 'submit_job', 'local': {'role': 'host', 'party_id': 9999}, 'CodePath': 'federatedml/evaluation/evaluation.py/Evaluation', 'module': 'Evaluation', 'output_data_name': ['evaluate']}
[INFO] [2020-11-20 02:40:39,552] [3281:139724769032000] - task_executor.py[line:158]: Task input dsl {'data': {'data': ['hetero_lr_0.train']}}
[INFO] [2020-11-20 02:40:39,553] [3281:139724769032000] - tracker_client.py[line:150]: Request read job 202011200231350021282 task None None on host 9999 data train info
[WARNING] [2020-11-20 02:40:42,700] [3281:139724769032000] - evaluation_param.py[line:130]: use default metric ['auc', 'ks', 'lift', 'gain', 'accuracy', 'precision', 'recall', 'roc', 'confusion_mat', 'psi', 'f1_score', 'quantile_pr'] for eval type binary
[INFO] [2020-11-20 02:40:42,707] [3281:139724769032000] - evaluation_param.py[line:134]: Finish evaluation parameter check!
[INFO] [2020-11-20 02:40:42,724] [3281:139724769032000] - tracker_client.py[line:173]: Request save job 202011200231350021282 task 202011200231350021282_evaluation_0 0 on host 9999 component summary
[INFO] [2020-11-20 02:40:42,971] [3281:139724769032000] - profile.py[line:249]: 
Computing:
+----------+------------------------------------------+
| function |                                          |
+----------+------------------------------------------+
|  total   | n=0, sum=0.0000, mean=0.0000, max=0.0000 |
+----------+------------------------------------------+

Federation:
+--------+------------------------------------------+
|  get   |                                          |
+--------+------------------------------------------+
| remote |                                          |
+--------+------------------------------------------+
| total  | n=0, sum=0.0000, mean=0.0000, max=0.0000 |
+--------+------------------------------------------+

[INFO] [2020-11-20 02:40:42,977] [3281:139724769032000] - task_executor.py[line:302]: report task 202011200231350021282_evaluation_0 0 host 9999 to driver
[INFO] [2020-11-20 02:40:42,978] [3281:139724769032000] - control_client.py[line:42]: request update job 202011200231350021282 task 202011200231350021282_evaluation_0 0 on host 9999
[INFO] [2020-11-20 02:40:44,093] [3281:139724769032000] - task_executor.py[line:207]: task 202011200231350021282_evaluation_0 host 9999 start time: 2020-11-20 02:40:27
[INFO] [2020-11-20 02:40:44,094] [3281:139724769032000] - task_executor.py[line:209]: task 202011200231350021282_evaluation_0 host 9999 end time: 2020-11-20 02:40:42
[INFO] [2020-11-20 02:40:44,095] [3281:139724769032000] - task_executor.py[line:211]: task 202011200231350021282_evaluation_0 host 9999 takes 15.015s
[INFO] [2020-11-20 02:40:44,097] [3281:139724769032000] - task_executor.py[line:214]: Finish 202011200231350021282 evaluation_0 202011200231350021282_evaluation_0 0 host 9999 task success
[INFO] [2020-11-20 02:40:44,099] [3281:139724769032000] - task_executor.py[line:302]: report task 202011200231350021282_evaluation_0 0 host 9999 to driver
[INFO] [2020-11-20 02:40:44,100] [3281:139724769032000] - control_client.py[line:42]: request update job 202011200231350021282 task 202011200231350021282_evaluation_0 0 on host 9999
