[INFO] [2020-11-20 07:07:24,166] [5700:139847706072896] - task_executor.py[line:302]: report task 202011200707112994524_reader_1 0 guest 10000 to driver
[INFO] [2020-11-20 07:07:24,169] [5700:139847706072896] - control_client.py[line:42]: request update job 202011200707112994524 task 202011200707112994524_reader_1 0 on guest 10000
[DEBUG] [2020-11-20 07:07:30,618] [5700:139847706072896] - _federation.py[line:35]: [federation.eggroll]init federation: rp_session_id=202011200707112994524_reader_1_0_guest_10000, rs_session_id=202011200707112994524_reader_1_0, party=Party(role=guest, party_id=10000), proxy_endpoint=rollsite:9370
[DEBUG] [2020-11-20 07:07:30,621] [5700:139847706072896] - _federation.py[line:45]: [federation.eggroll]init federation context done
[INFO] [2020-11-20 07:07:30,621] [5700:139847706072896] - task_executor.py[line:156]: Run 202011200707112994524 reader_1 202011200707112994524_reader_1 guest 10000 task
[INFO] [2020-11-20 07:07:30,623] [5700:139847706072896] - task_executor.py[line:157]: Component parameters on party {'ReaderParam': {'table': {'name': 'breast_hetero_guest', 'namespace': 'experiment'}}, 'dsl_version': 2, 'initiator': {'role': 'guest', 'party_id': 10000}, 'role': {'host': [9999], 'guest': [10000]}, 'job_parameters': {'job_type': 'train', 'work_mode': 1, 'backend': 0, 'computing_engine': 'EGGROLL', 'federation_engine': 'EGGROLL', 'storage_engine': 'EGGROLL', 'engines_address': {'computing': {'cores_per_node': 20, 'nodes': 1}, 'federation': {'host': 'rollsite', 'port': 9370}, 'storage': {'cores_per_node': 20, 'nodes': 1}}, 'federated_mode': 'MULTIPLE', 'task_parallelism': 1, 'computing_partitions': 4, 'federated_status_collect_type': 'PUSH', 'model_id': 'guest-10000#host-9999#model', 'model_version': '202011200707112994524', 'eggroll_run': {'eggroll.session.processors.per.node': 4}, 'spark_run': {}, 'rabbitmq_run': {}, 'adaptation_parameters': {'task_nodes': 1, 'task_cores_per_node': 4, 'task_memory_per_node': 0}}, 'component_parameters': {'common': {'hetero_secure_boost_0': {'task_type': 'classification', 'objective_param': {'objective': 'cross_entropy'}, 'num_trees': 3, 'validation_freqs': 1, 'encrypt_param': {'method': 'iterativeAffine'}, 'tree_param': {'max_depth': 3}}, 'evaluation_0': {'eval_type': 'binary'}}, 'role': {'guest': {'0': {'reader_1': {'table': {'name': 'breast_hetero_guest', 'namespace': 'experiment'}}, 'reader_0': {'table': {'name': 'breast_hetero_guest', 'namespace': 'experiment'}}, 'dataio_0': {'with_label': True, 'output_format': 'dense'}, 'dataio_1': {'with_label': True, 'output_format': 'dense'}}}, 'host': {'0': {'reader_1': {'table': {'name': 'breast_hetero_host', 'namespace': 'experiment'}}, 'reader_0': {'table': {'name': 'breast_hetero_host', 'namespace': 'experiment'}}, 'dataio_0': {'with_label': False}, 'dataio_1': {'with_label': False}}}}}, 'config': '/data/projects/fate/python/fate_flow/examples/hetero_secureboost_conf.json', 'dsl': 'examples/hetero_secureboost_dsl.json', 'function': 'submit_job', 'local': {'role': 'guest', 'party_id': 10000}, 'CodePath': 'fate_flow/components/reader.py/Reader', 'module': 'Reader', 'output_data_name': ['data']}
[INFO] [2020-11-20 07:07:30,623] [5700:139847706072896] - task_executor.py[line:158]: Task input dsl {}
[DEBUG] [2020-11-20 07:07:30,828] [5700:139847706072896] - pool.py[line:129]: No connection available in pool.
[DEBUG] [2020-11-20 07:07:30,845] [5700:139847706072896] - pool.py[line:158]: Created new connection 139847095725584.
[DEBUG] [2020-11-20 07:07:30,853] [5700:139847706072896] - peewee.py[line:2863]: ('SELECT `t1`.`f_create_date`, `t1`.`f_update_date`, `t1`.`f_name`, `t1`.`f_namespace`, `t1`.`f_address`, `t1`.`f_engine`, `t1`.`f_type`, `t1`.`f_options`, `t1`.`f_partitions`, `t1`.`f_id_delimiter`, `t1`.`f_in_serialized`, `t1`.`f_have_head`, `t1`.`f_schema`, `t1`.`f_count`, `t1`.`f_part_of_data`, `t1`.`f_description`, `t1`.`f_create_time`, `t1`.`f_update_time` FROM `t_storage_table_meta` AS `t1` WHERE ((`t1`.`f_name` = %s) AND (`t1`.`f_namespace` = %s))', ['breast_hetero_guest', 'experiment'])
[DEBUG] [2020-11-20 07:07:30,864] [5700:139847706072896] - pool.py[line:185]: Returning 139847095725584 to pool.
[DEBUG] [2020-11-20 07:07:30,886] [5700:139847706072896] - peewee.py[line:2863]: ('INSERT INTO `t_session_record` (`f_session_id`, `f_create_date`, `f_update_time`, `f_update_date`, `f_engine_name`, `f_engine_type`, `f_engine_address`, `f_create_time`) VALUES (%s, %s, %s, %s, %s, %s, %s, %s)', ['202011200707112994524_reader_1_0_guest_10000_storage_0e3a4a062aff11ebbed54e9ecd9d57e8', datetime.datetime(2020, 11, 20, 7, 7, 30), 1605856050871, datetime.datetime(2020, 11, 20, 7, 7, 30), 'EGGROLL', 'storage', '{}', 1605856050871])
[DEBUG] [2020-11-20 07:07:30,896] [5700:139847706072896] - _session.py[line:144]: save session 202011200707112994524_reader_1_0_guest_10000_storage_0e3a4a062aff11ebbed54e9ecd9d57e8 record
[DEBUG] [2020-11-20 07:07:30,896] [5700:139847706072896] - pool.py[line:185]: Returning 139847095725584 to pool.
[DEBUG] [2020-11-20 07:07:34,429] [5700:139847706072896] - peewee.py[line:2863]: ('SELECT `t1`.`f_create_date`, `t1`.`f_update_date`, `t1`.`f_name`, `t1`.`f_namespace`, `t1`.`f_address`, `t1`.`f_engine`, `t1`.`f_type`, `t1`.`f_options`, `t1`.`f_partitions`, `t1`.`f_id_delimiter`, `t1`.`f_in_serialized`, `t1`.`f_have_head`, `t1`.`f_schema`, `t1`.`f_count`, `t1`.`f_part_of_data`, `t1`.`f_description`, `t1`.`f_create_time`, `t1`.`f_update_time` FROM `t_storage_table_meta` AS `t1` WHERE ((`t1`.`f_name` = %s) AND (`t1`.`f_namespace` = %s))', ['breast_hetero_guest', 'experiment'])
[DEBUG] [2020-11-20 07:07:34,438] [5700:139847706072896] - pool.py[line:185]: Returning 139847095725584 to pool.
[DEBUG] [2020-11-20 07:07:34,541] [5700:139847706072896] - peewee.py[line:2863]: ('UPDATE `t_storage_table_meta` SET `f_count` = %s WHERE ((`t_storage_table_meta`.`f_name` = %s) AND (`t_storage_table_meta`.`f_namespace` = %s))', [569, 'breast_hetero_guest', 'experiment'])
[DEBUG] [2020-11-20 07:07:34,548] [5700:139847706072896] - pool.py[line:185]: Returning 139847095725584 to pool.
[INFO] [2020-11-20 07:07:34,549] [5700:139847706072896] - reader.py[line:84]: the EGGROLL engine input table does not require conversion to support computing engine EGGROLL
[DEBUG] [2020-11-20 07:07:35,507] [5700:139847706072896] - peewee.py[line:2863]: ('DELETE FROM `t_session_record` WHERE (`t_session_record`.`f_session_id` = %s)', ['202011200707112994524_reader_1_0_guest_10000_storage_0e3a4a062aff11ebbed54e9ecd9d57e8'])
[DEBUG] [2020-11-20 07:07:35,521] [5700:139847706072896] - _session.py[line:153]: delete session 202011200707112994524_reader_1_0_guest_10000_storage_0e3a4a062aff11ebbed54e9ecd9d57e8 record
[DEBUG] [2020-11-20 07:07:35,522] [5700:139847706072896] - pool.py[line:185]: Returning 139847095725584 to pool.
[INFO] [2020-11-20 07:07:35,523] [5700:139847706072896] - tracker_client.py[line:127]: Request save job 202011200707112994524 task 202011200707112994524_reader_1 0 on guest 10000 data data info
[INFO] [2020-11-20 07:07:35,581] [5700:139847706072896] - tracker_client.py[line:103]: Request save job 202011200707112994524 task 202011200707112994524_reader_1 0 on guest 10000 metric reader_namespace reader_name meta
[INFO] [2020-11-20 07:07:35,669] [5700:139847706072896] - profile.py[line:249]: 
Computing:
+----------+------------------------------------------+
| function |                                          |
+----------+------------------------------------------+
|  total   | n=0, sum=0.0000, mean=0.0000, max=0.0000 |
+----------+------------------------------------------+

Federation:
+--------+------------------------------------------+
|  get   |                                          |
+--------+------------------------------------------+
| remote |                                          |
+--------+------------------------------------------+
| total  | n=0, sum=0.0000, mean=0.0000, max=0.0000 |
+--------+------------------------------------------+

[DEBUG] [2020-11-20 07:07:35,672] [5700:139847706072896] - profile.py[line:250]: 
Detailed Computing:
+-------+------------------------------------------+
| stack |                                          |
+-------+------------------------------------------+
| total | n=0, sum=0.0000, mean=0.0000, max=0.0000 |
+-------+------------------------------------------+

[INFO] [2020-11-20 07:07:35,673] [5700:139847706072896] - task_executor.py[line:302]: report task 202011200707112994524_reader_1 0 guest 10000 to driver
[INFO] [2020-11-20 07:07:35,674] [5700:139847706072896] - control_client.py[line:42]: request update job 202011200707112994524 task 202011200707112994524_reader_1 0 on guest 10000
[INFO] [2020-11-20 07:07:35,855] [5700:139847706072896] - task_executor.py[line:207]: task 202011200707112994524_reader_1 guest 10000 start time: 2020-11-20 07:07:23
[INFO] [2020-11-20 07:07:35,856] [5700:139847706072896] - task_executor.py[line:209]: task 202011200707112994524_reader_1 guest 10000 end time: 2020-11-20 07:07:35
[INFO] [2020-11-20 07:07:35,856] [5700:139847706072896] - task_executor.py[line:211]: task 202011200707112994524_reader_1 guest 10000 takes 11.796s
[INFO] [2020-11-20 07:07:35,857] [5700:139847706072896] - task_executor.py[line:214]: Finish 202011200707112994524 reader_1 202011200707112994524_reader_1 0 guest 10000 task success
[INFO] [2020-11-20 07:07:35,858] [5700:139847706072896] - task_executor.py[line:302]: report task 202011200707112994524_reader_1 0 guest 10000 to driver
[INFO] [2020-11-20 07:07:35,859] [5700:139847706072896] - control_client.py[line:42]: request update job 202011200707112994524 task 202011200707112994524_reader_1 0 on guest 10000
